Picked Local content provider.
Using local repo /tmp/r2d-test-2020-07-17T10.348biqm51j/github.com/krisrogers/scraping.
Using PythonBuildPack builder
Step 1/51 : FROM buildpack-deps:bionic
 ---> 5d109dc6d8a0
Step 2/51 : ENV DEBIAN_FRONTEND=noninteractive
 ---> Using cache
 ---> 84875aa039ff
Step 3/51 : RUN apt-get -qq update &&     apt-get -qq install --yes --no-install-recommends locales > /dev/null &&     apt-get -qq purge &&     apt-get -qq clean &&     rm -rf /var/lib/apt/lists/*
 ---> Using cache
 ---> 2c6f3445209c
Step 4/51 : RUN echo "en_US.UTF-8 UTF-8" > /etc/locale.gen &&     locale-gen
 ---> Using cache
 ---> 5ac40a1069ef
Step 5/51 : ENV LC_ALL en_US.UTF-8
 ---> Using cache
 ---> 0569ecd6efb3
Step 6/51 : ENV LANG en_US.UTF-8
 ---> Using cache
 ---> bd3372a8f400
Step 7/51 : ENV LANGUAGE en_US.UTF-8
 ---> Using cache
 ---> ab87a637d837
Step 8/51 : ENV SHELL /bin/bash
 ---> Using cache
 ---> 50ed7363eaf5
Step 9/51 : ARG NB_USER
 ---> Using cache
 ---> 0b8893bd6422
Step 10/51 : ARG NB_UID
 ---> Using cache
 ---> b9e6fa4ea16e
Step 11/51 : ENV USER ${NB_USER}
 ---> Using cache
 ---> b142a4c01942
Step 12/51 : ENV HOME /home/${NB_USER}
 ---> Using cache
 ---> e11d5723ab90
Step 13/51 : RUN groupadd         --gid ${NB_UID}         ${NB_USER} &&     useradd         --comment "Default user"         --create-home         --gid ${NB_UID}         --no-log-init         --shell /bin/bash         --uid ${NB_UID}         ${NB_USER}
 ---> Using cache
 ---> e20a5903ae77
Step 14/51 : RUN wget --quiet -O - https://deb.nodesource.com/gpgkey/nodesource.gpg.key |  apt-key add - &&     DISTRO="bionic" &&     echo "deb https://deb.nodesource.com/node_10.x $DISTRO main" >> /etc/apt/sources.list.d/nodesource.list &&     echo "deb-src https://deb.nodesource.com/node_10.x $DISTRO main" >> /etc/apt/sources.list.d/nodesource.list
 ---> Using cache
 ---> 730bb79c819d
Step 15/51 : RUN apt-get -qq update &&     apt-get -qq install --yes --no-install-recommends        less        nodejs        unzip        > /dev/null &&     apt-get -qq purge &&     apt-get -qq clean &&     rm -rf /var/lib/apt/lists/*
 ---> Using cache
 ---> 2be5b9d2edc7
Step 16/51 : EXPOSE 8888
 ---> Using cache
 ---> 7fcdbaf0fe40
Step 17/51 : ENV APP_BASE /srv
 ---> Using cache
 ---> ee51ea8ec11a
Step 18/51 : ENV NPM_DIR ${APP_BASE}/npm
 ---> Using cache
 ---> f34fdbe18446
Step 19/51 : ENV NPM_CONFIG_GLOBALCONFIG ${NPM_DIR}/npmrc
 ---> Using cache
 ---> 833e25d9d235
Step 20/51 : ENV CONDA_DIR ${APP_BASE}/conda
 ---> Using cache
 ---> 8ee468f15616
Step 21/51 : ENV NB_PYTHON_PREFIX ${CONDA_DIR}/envs/notebook
 ---> Using cache
 ---> 971c9391c0ab
Step 22/51 : ENV KERNEL_PYTHON_PREFIX ${NB_PYTHON_PREFIX}
 ---> Using cache
 ---> 7fa50abe8e21
Step 23/51 : ENV PATH ${NB_PYTHON_PREFIX}/bin:${CONDA_DIR}/bin:${NPM_DIR}/bin:${PATH}
 ---> Using cache
 ---> eaa621b5d97f
Step 24/51 : COPY build_script_files/-2fusr-2flocal-2flib-2fpython3-2e8-2fdist-2dpackages-2frepo2docker-2fbuildpacks-2fconda-2factivate-2dconda-2esh-1be18e /etc/profile.d/activate-conda.sh
 ---> Using cache
 ---> 9ffab983afa0
Step 25/51 : COPY build_script_files/-2fusr-2flocal-2flib-2fpython3-2e8-2fdist-2dpackages-2frepo2docker-2fbuildpacks-2fconda-2fenvironment-2epy-2d3-2e7-2efrozen-2eyml-26bd38 /tmp/environment.yml
 ---> Using cache
 ---> 9b3e6c528ba6
Step 26/51 : COPY build_script_files/-2fusr-2flocal-2flib-2fpython3-2e8-2fdist-2dpackages-2frepo2docker-2fbuildpacks-2fconda-2finstall-2dminiconda-2ebash-813f10 /tmp/install-miniconda.bash
 ---> Using cache
 ---> e52d3b4016a9
Step 27/51 : RUN mkdir -p ${NPM_DIR} && chown -R ${NB_USER}:${NB_USER} ${NPM_DIR}
 ---> Using cache
 ---> 0a8f7bcc0bd7
Step 28/51 : USER ${NB_USER}
 ---> Using cache
 ---> e295fca18e9d
Step 29/51 : RUN npm config --global set prefix ${NPM_DIR}
 ---> Using cache
 ---> b3629329dd8f
Step 30/51 : USER root
 ---> Using cache
 ---> 5ba3698f0957
Step 31/51 : RUN bash /tmp/install-miniconda.bash && rm /tmp/install-miniconda.bash /tmp/environment.yml
 ---> Using cache
 ---> ecb18ec9bb2f
Step 32/51 : ARG REPO_DIR=${HOME}
 ---> Using cache
 ---> 8f78500beba3
Step 33/51 : ENV REPO_DIR ${REPO_DIR}
 ---> Using cache
 ---> 300bfe3eb940
Step 34/51 : WORKDIR ${REPO_DIR}
 ---> Using cache
 ---> ab56d4c94aaf
Step 35/51 : ENV PATH ${HOME}/.local/bin:${REPO_DIR}/.local/bin:${PATH}
 ---> Using cache
 ---> 26a826700420
Step 36/51 : ENV CONDA_DEFAULT_ENV ${KERNEL_PYTHON_PREFIX}
 ---> Using cache
 ---> ebb7f28a23e9
Step 37/51 : COPY src/requirements.txt ${REPO_DIR}/requirements.txt
 ---> 52304d8ee2fd
Step 38/51 : USER root
 ---> Running in da7e9f6aa0ee
Removing intermediate container da7e9f6aa0ee
 ---> 7842f5172c61
Step 39/51 : RUN chown -R ${NB_USER}:${NB_USER} ${REPO_DIR}
 ---> Running in 21c4034ddf08
Removing intermediate container 21c4034ddf08
 ---> dea5a7a83d3d
Step 40/51 : USER ${NB_USER}
 ---> Running in 9f1b3804e60f
Removing intermediate container 9f1b3804e60f
 ---> 5fca12f51b62
Step 41/51 : RUN ${KERNEL_PYTHON_PREFIX}/bin/pip install --no-cache-dir -r "requirements.txt"
 ---> Running in 78322f9aec5c
[91mWARNING: pip is being invoked by an old script wrapper. This will fail in a future version of pip.
Please see https://github.com/pypa/pip/issues/5599 for advice on fixing the underlying issue.
To avoid this problem you can invoke Python with '-m pip' instead of running pip directly.
[0mCollecting lxml==3.8.0
  Downloading lxml-3.8.0.tar.gz (3.8 MB)
Collecting requests==2.18.4
  Downloading requests-2.18.4-py2.py3-none-any.whl (88 kB)
Requirement already satisfied: chardet<3.1.0,>=3.0.2 in /srv/conda/envs/notebook/lib/python3.7/site-packages (from requests==2.18.4->-r requirements.txt (line 2)) (3.0.4)
Requirement already satisfied: certifi>=2017.4.17 in /srv/conda/envs/notebook/lib/python3.7/site-packages (from requests==2.18.4->-r requirements.txt (line 2)) (2019.11.28)
Collecting idna<2.7,>=2.5
  Downloading idna-2.6-py2.py3-none-any.whl (56 kB)
Collecting urllib3<1.23,>=1.21.1
  Downloading urllib3-1.22-py2.py3-none-any.whl (132 kB)
Building wheels for collected packages: lxml
  Building wheel for lxml (setup.py): started
  Building wheel for lxml (setup.py): finished with status 'error'
[91m  ERROR: Command errored out with exit status 1:
   command: /srv/conda/envs/notebook/bin/python -u -c 'import sys, setuptools, tokenize; sys.argv[0] = '"'"'/tmp/pip-install-3unxrobz/lxml/setup.py'"'"'; __file__='"'"'/tmp/pip-install-3unxrobz/lxml/setup.py'"'"';f=getattr(tokenize, '"'"'open'"'"', open)(__file__);code=f.read().replace('"'"'\r\n'"'"', '"'"'\n'"'"');f.close();exec(compile(code, __file__, '"'"'exec'"'"'))' bdist_wheel -d /tmp/pip-wheel-j6ei39hr
       cwd: /tmp/pip-install-3unxrobz/lxml/
  Complete output (192 lines):
  Building lxml version 3.8.0.
  Building without Cython.
  Using build configuration of libxslt 1.1.29
  running bdist_wheel
  running build
  running build_py
  creating build
  creating build/lib.linux-x86_64-3.7
  creating build/lib.linux-x86_64-3.7/lxml
  copying src/lxml/ElementInclude.py -> build/lib.linux-x86_64-3.7/lxml
  copying src/lxml/builder.py -> build/lib.linux-x86_64-3.7/lxml
  copying src/lxml/__init__.py -> build/lib.linux-x86_64-3.7/lxml
  copying src/lxml/doctestcompare.py -> build/lib.linux-x86_64-3.7/lxml
  copying src/lxml/cssselect.py -> build/lib.linux-x86_64-3.7/lxml
  copying src/lxml/pyclasslookup.py -> build/lib.linux-x86_64-3.7/lxml
  copying src/lxml/usedoctest.py -> build/lib.linux-x86_64-3.7/lxml
  copying src/lxml/_elementpath.py -> build/lib.linux-x86_64-3.7/lxml
  copying src/lxml/sax.py -> build/lib.linux-x86_64-3.7/lxml
  creating build/lib.linux-x86_64-3.7/lxml/includes
  copying src/lxml/includes/__init__.py -> build/lib.linux-x86_64-3.7/lxml/includes
  creating build/lib.linux-x86_64-3.7/lxml/html
  copying src/lxml/html/_setmixin.py -> build/lib.linux-x86_64-3.7/lxml/html
  copying src/lxml/html/_diffcommand.py -> build/lib.linux-x86_64-3.7/lxml/html
  copying src/lxml/html/builder.py -> build/lib.linux-x86_64-3.7/lxml/html
  copying src/lxml/html/__init__.py -> build/lib.linux-x86_64-3.7/lxml/html
  copying src/lxml/html/soupparser.py -> build/lib.linux-x86_64-3.7/lxml/html
  copying src/lxml/html/clean.py -> build/lib.linux-x86_64-3.7/lxml/html
  copying src/lxml/html/_html5builder.py -> build/lib.linux-x86_64-3.7/lxml/html
  copying src/lxml/html/formfill.py -> build/lib.linux-x86_64-3.7/lxml/html
  copying src/lxml/html/usedoctest.py -> build/lib.linux-x86_64-3.7/lxml/html
  copying src/lxml/html/ElementSoup.py -> build/lib.linux-x86_64-3.7/lxml/html
  copying src/lxml/html/html5parser.py -> build/lib.linux-x86_64-3.7/lxml/html
  copying src/lxml/html/diff.py -> build/lib.linux-x86_64-3.7/lxml/html
  copying src/lxml/html/defs.py -> build/lib.linux-x86_64-3.7/lxml/html
  creating build/lib.linux-x86_64-3.7/lxml/isoschematron
  copying src/lxml/isoschematron/__init__.py -> build/lib.linux-x86_64-3.7/lxml/isoschematron
  copying src/lxml/lxml.etree.h -> build/lib.linux-x86_64-3.7/lxml
  copying src/lxml/lxml.etree_api.h -> build/lib.linux-x86_64-3.7/lxml
  copying src/lxml/includes/xmlerror.pxd -> build/lib.linux-x86_64-3.7/lxml/includes
  copying src/lxml/includes/config.pxd -> build/lib.linux-x86_64-3.7/lxml/includes
  copying src/lxml/includes/htmlparser.pxd -> build/lib.linux-x86_64-3.7/lxml/includes
  copying src/lxml/includes/schematron.pxd -> build/lib.linux-x86_64-3.7/lxml/includes
  copying src/lxml/includes/etreepublic.pxd -> build/lib.linux-x86_64-3.7/lxml/includes
  copying src/lxml/includes/relaxng.pxd -> build/lib.linux-x86_64-3.7/lxml/includes
  copying src/lxml/includes/xpath.pxd -> build/lib.linux-x86_64-3.7/lxml/includes
  copying src/lxml/includes/xinclude.pxd -> build/lib.linux-x86_64-3.7/lxml/includes
  copying src/lxml/includes/xmlparser.pxd -> build/lib.linux-x86_64-3.7/lxml/includes
  copying src/lxml/includes/tree.pxd -> build/lib.linux-x86_64-3.7/lxml/includes
  copying src/lxml/includes/xmlschema.pxd -> build/lib.linux-x86_64-3.7/lxml/includes
  copying src/lxml/includes/uri.pxd -> build/lib.linux-x86_64-3.7/lxml/includes
  copying src/lxml/includes/xslt.pxd -> build/lib.linux-x86_64-3.7/lxml/includes
  copying src/lxml/includes/c14n.pxd -> build/lib.linux-x86_64-3.7/lxml/includes
  copying src/lxml/includes/dtdvalid.pxd -> build/lib.linux-x86_64-3.7/lxml/includes
  copying src/lxml/includes/lxml-version.h -> build/lib.linux-x86_64-3.7/lxml/includes
  copying src/lxml/includes/etree_defs.h -> build/lib.linux-x86_64-3.7/lxml/includes
  creating build/lib.linux-x86_64-3.7/lxml/isoschematron/resources
  creating build/lib.linux-x86_64-3.7/lxml/isoschematron/resources/rng
  copying src/lxml/isoschematron/resources/rng/iso-schematron.rng -> build/lib.linux-x86_64-3.7/lxml/isoschematron/resources/rng
  creating build/lib.linux-x86_64-3.7/lxml/isoschematron/resources/xsl
  copying src/lxml/isoschematron/resources/xsl/XSD2Schtrn.xsl -> build/lib.linux-x86_64-3.7/lxml/isoschematron/resources/xsl
  copying src/lxml/isoschematron/resources/xsl/RNG2Schtrn.xsl -> build/lib.linux-x86_64-3.7/lxml/isoschematron/resources/xsl
  creating build/lib.linux-x86_64-3.7/lxml/isoschematron/resources/xsl/iso-schematron-xslt1
  copying src/lxml/isoschematron/resources/xsl/iso-schematron-xslt1/iso_schematron_skeleton_for_xslt1.xsl -> build/lib.linux-x86_64-3.7/lxml/isoschematron/resources/xsl/iso-schematron-xslt1
  copying src/lxml/isoschematron/resources/xsl/iso-schematron-xslt1/iso_svrl_for_xslt1.xsl -> build/lib.linux-x86_64-3.7/lxml/isoschematron/resources/xsl/iso-schematron-xslt1
  copying src/lxml/isoschematron/resources/xsl/iso-schematron-xslt1/iso_abstract_expand.xsl -> build/lib.linux-x86_64-3.7/lxml/isoschematron/resources/xsl/iso-schematron-xslt1
  copying src/lxml/isoschematron/resources/xsl/iso-schematron-xslt1/iso_dsdl_include.xsl -> build/lib.linux-x86_64-3.7/lxml/isoschematron/resources/xsl/iso-schematron-xslt1
  copying src/lxml/isoschematron/resources/xsl/iso-schematron-xslt1/iso_schematron_message.xsl -> build/lib.linux-x86_64-3.7/lxml/isoschematron/resources/xsl/iso-schematron-xslt1
  copying src/lxml/isoschematron/resources/xsl/iso-schematron-xslt1/readme.txt -> build/lib.linux-x86_64-3.7/lxml/isoschematron/resources/xsl/iso-schematron-xslt1
  running build_ext
  building 'lxml.etree' extension
  creating build/temp.linux-x86_64-3.7
  creating build/temp.linux-x86_64-3.7/src
  creating build/temp.linux-x86_64-3.7/src/lxml
  gcc -pthread -B /srv/conda/envs/notebook/compiler_compat -Wl,--sysroot=/ -Wsign-compare -DNDEBUG -g -fwrapv -O3 -Wall -Wstrict-prototypes -fPIC -I/usr/include/libxml2 -Isrc/lxml/includes -I/srv/conda/envs/notebook/include/python3.7m -c src/lxml/lxml.etree.c -o build/temp.linux-x86_64-3.7/src/lxml/lxml.etree.o -w
  src/lxml/lxml.etree.c: In function â€˜__Pyx_PyCFunction_FastCallâ€™:
  src/lxml/lxml.etree.c:233279:13: error: too many arguments to function â€˜(PyObject * (*)(PyObject *, PyObject * const*, Py_ssize_t))methâ€™
       return (*((__Pyx_PyCFunctionFast)meth)) (self, args, nargs, NULL);
              ~^~~~~~~~~~~~~~~~~~~~~~~~~~~~~~~
  src/lxml/lxml.etree.c: In function â€˜__Pyx_PyDict_Itemsâ€™:
  src/lxml/lxml.etree.c:4532:83: error: too many arguments to function â€˜(PyObject * (*)(PyObject *, PyObject * const*, Py_ssize_t))__pyx_umethod_PyDict_Type_items.funcâ€™
                 (PY_VERSION_HEX >= 0x030600B1 && (cfunc)->flag == METH_FASTCALL ?  (*(__Pyx_PyCFunctionFast)(cfunc)->func)(self, &PyTuple_GET_ITEM(__pyx_empty_tuple, 0), 0, NULL) :\
                                                                                    ~^~~~~~~~~~~~~~~~~~~~~~~~~~~~~~~~~~~~~~
  src/lxml/lxml.etree.c:233529:16: note: in expansion of macro â€˜__Pyx_CallUnboundCMethod0â€™
           return __Pyx_CallUnboundCMethod0(&__pyx_umethod_PyDict_Type_items, d);
                  ^
  src/lxml/lxml.etree.c: In function â€˜__Pyx__ExceptionSaveâ€™:
  src/lxml/lxml.etree.c:233753:21: error: â€˜PyThreadState {aka struct _ts}â€™ has no member named â€˜exc_typeâ€™; did you mean â€˜curexc_typeâ€™?
       *type = tstate->exc_type;
                       ^~~~~~~~
                       curexc_type
  src/lxml/lxml.etree.c:233754:22: error: â€˜PyThreadState {aka struct _ts}â€™ has no member named â€˜exc_valueâ€™; did you mean â€˜curexc_valueâ€™?
       *value = tstate->exc_value;
                        ^~~~~~~~~
                        curexc_value
  src/lxml/lxml.etree.c:233755:19: error: â€˜PyThreadState {aka struct _ts}â€™ has no member named â€˜exc_tracebackâ€™; did you mean â€˜curexc_tracebackâ€™?
       *tb = tstate->exc_traceback;
                     ^~~~~~~~~~~~~
                     curexc_traceback
  src/lxml/lxml.etree.c: In function â€˜__Pyx__ExceptionResetâ€™:
  src/lxml/lxml.etree.c:233762:24: error: â€˜PyThreadState {aka struct _ts}â€™ has no member named â€˜exc_typeâ€™; did you mean â€˜curexc_typeâ€™?
       tmp_type = tstate->exc_type;
                          ^~~~~~~~
                          curexc_type
  src/lxml/lxml.etree.c:233763:25: error: â€˜PyThreadState {aka struct _ts}â€™ has no member named â€˜exc_valueâ€™; did you mean â€˜curexc_valueâ€™?
       tmp_value = tstate->exc_value;
                           ^~~~~~~~~
                           curexc_value
  src/lxml/lxml.etree.c:233764:22: error: â€˜PyThreadState {aka struct _ts}â€™ has no member named â€˜exc_tracebackâ€™; did you mean â€˜curexc_tracebackâ€™?
       tmp_tb = tstate->exc_traceback;
                        ^~~~~~~~~~~~~
                        curexc_traceback
  src/lxml/lxml.etree.c:233765:13: error: â€˜PyThreadState {aka struct _ts}â€™ has no member named â€˜exc_typeâ€™; did you mean â€˜curexc_typeâ€™?
       tstate->exc_type = type;
               ^~~~~~~~
               curexc_type
  src/lxml/lxml.etree.c:233766:13: error: â€˜PyThreadState {aka struct _ts}â€™ has no member named â€˜exc_valueâ€™; did you mean â€˜curexc_valueâ€™?
       tstate->exc_value = value;
               ^~~~~~~~~
               curexc_value
  src/lxml/lxml.etree.c:233767:13: error: â€˜PyThreadState {aka struct _ts}â€™ has no member named â€˜exc_tracebackâ€™; did you mean â€˜curexc_tracebackâ€™?
       tstate->exc_traceback = tb;
               ^~~~~~~~~~~~~
               curexc_traceback
  src/lxml/lxml.etree.c: In function â€˜__Pyx__GetExceptionâ€™:
  src/lxml/lxml.etree.c:233822:24: error: â€˜PyThreadState {aka struct _ts}â€™ has no member named â€˜exc_typeâ€™; did you mean â€˜curexc_typeâ€™?
       tmp_type = tstate->exc_type;
                          ^~~~~~~~
                          curexc_type
  src/lxml/lxml.etree.c:233823:25: error: â€˜PyThreadState {aka struct _ts}â€™ has no member named â€˜exc_valueâ€™; did you mean â€˜curexc_valueâ€™?
       tmp_value = tstate->exc_value;
                           ^~~~~~~~~
                           curexc_value
  src/lxml/lxml.etree.c:233824:22: error: â€˜PyThreadState {aka struct _ts}â€™ has no member named â€˜exc_tracebackâ€™; did you mean â€˜curexc_tracebackâ€™?
       tmp_tb = tstate->exc_traceback;
                        ^~~~~~~~~~~~~
                        curexc_traceback
  src/lxml/lxml.etree.c:233825:13: error: â€˜PyThreadState {aka struct _ts}â€™ has no member named â€˜exc_typeâ€™; did you mean â€˜curexc_typeâ€™?
       tstate->exc_type = local_type;
               ^~~~~~~~
               curexc_type
  src/lxml/lxml.etree.c:233826:13: error: â€˜PyThreadState {aka struct _ts}â€™ has no member named â€˜exc_valueâ€™; did you mean â€˜curexc_valueâ€™?
       tstate->exc_value = local_value;
               ^~~~~~~~~
               curexc_value
  src/lxml/lxml.etree.c:233827:13: error: â€˜PyThreadState {aka struct _ts}â€™ has no member named â€˜exc_tracebackâ€™; did you mean â€˜curexc_tracebackâ€™?
       tstate->exc_traceback = local_tb;
               ^~~~~~~~~~~~~
               curexc_traceback
  src/lxml/lxml.etree.c: In function â€˜__Pyx__ExceptionSwapâ€™:
  src/lxml/lxml.etree.c:234160:24: error: â€˜PyThreadState {aka struct _ts}â€™ has no member named â€˜exc_typeâ€™; did you mean â€˜curexc_typeâ€™?
       tmp_type = tstate->exc_type;
                          ^~~~~~~~
                          curexc_type
  src/lxml/lxml.etree.c:234161:25: error: â€˜PyThreadState {aka struct _ts}â€™ has no member named â€˜exc_valueâ€™; did you mean â€˜curexc_valueâ€™?
       tmp_value = tstate->exc_value;
                           ^~~~~~~~~
                           curexc_value
  src/lxml/lxml.etree.c:234162:22: error: â€˜PyThreadState {aka struct _ts}â€™ has no member named â€˜exc_tracebackâ€™; did you mean â€˜curexc_tracebackâ€™?
       tmp_tb = tstate->exc_traceback;
                        ^~~~~~~~~~~~~
                        curexc_traceback
  src/lxml/lxml.etree.c:234163:13: error: â€˜PyThreadState {aka struct _ts}â€™ has no member named â€˜exc_typeâ€™; did you mean â€˜curexc_typeâ€™?
       tstate->exc_type = *type;
               ^~~~~~~~
               curexc_type
  src/lxml/lxml.etree.c:234164:13: error: â€˜PyThreadState {aka struct _ts}â€™ has no member named â€˜exc_valueâ€™; did you mean â€˜curexc_valueâ€™?
       tstate->exc_value = *value;
               ^~~~~~~~~
               curexc_value
  src/lxml/lxml.etree.c:234165:13: error: â€˜PyThreadState {aka struct _ts}â€™ has no member named â€˜exc_tracebackâ€™; did you mean â€˜curexc_tracebackâ€™?
       tstate->exc_traceback = *tb;
               ^~~~~~~~~~~~~
               curexc_traceback
  src/lxml/lxml.etree.c: In function â€˜__Pyx_PyList_Popâ€™:
  src/lxml/lxml.etree.c:4532:83: error: too many arguments to function â€˜(PyObject * (*)(PyObject *, PyObject * const*, Py_ssize_t))__pyx_umethod_PyList_Type_pop.funcâ€™
                 (PY_VERSION_HEX >= 0x030600B1 && (cfunc)->flag == METH_FASTCALL ?  (*(__Pyx_PyCFunctionFast)(cfunc)->func)(self, &PyTuple_GET_ITEM(__pyx_empty_tuple, 0), 0, NULL) :\
                                                                                    ~^~~~~~~~~~~~~~~~~~~~~~~~~~~~~~~~~~~~~~
  src/lxml/lxml.etree.c:234476:12: note: in expansion of macro â€˜__Pyx_CallUnboundCMethod0â€™
       return __Pyx_CallUnboundCMethod0(&__pyx_umethod_PyList_Type_pop, L);
              ^
  src/lxml/lxml.etree.c: In function â€˜__Pyx_PyDict_Valuesâ€™:
  src/lxml/lxml.etree.c:4532:83: error: too many arguments to function â€˜(PyObject * (*)(PyObject *, PyObject * const*, Py_ssize_t))__pyx_umethod_PyDict_Type_values.funcâ€™
                 (PY_VERSION_HEX >= 0x030600B1 && (cfunc)->flag == METH_FASTCALL ?  (*(__Pyx_PyCFunctionFast)(cfunc)->func)(self, &PyTuple_GET_ITEM(__pyx_empty_tuple, 0), 0, NULL) :\
                                                                                    ~^~~~~~~~~~~~~~~~~~~~~~~~~~~~~~~~~~~~~~
  src/lxml/lxml.etree.c:235119:16: note: in expansion of macro â€˜__Pyx_CallUnboundCMethod0â€™
           return __Pyx_CallUnboundCMethod0(&__pyx_umethod_PyDict_Type_values, d);
                  ^
  Compile failed: command 'gcc' failed with exit status 1
  creating tmp
  cc -I/usr/include/libxml2 -I/usr/include/libxml2 -c /tmp/xmlXPathInit5dakghui.c -o tmp/xmlXPathInit5dakghui.o
  cc tmp/xmlXPathInit5dakghui.o -lxml2 -o a.out
  error: command 'gcc' failed with exit status 1
  ----------------------------------------
[0m[91m  ERROR: Failed building wheel for lxml
[0m  Running setup.py clean for lxml
Failed to build lxml
Installing collected packages: lxml, idna, urllib3, requests
    Running setup.py install for lxml: started
    Running setup.py install for lxml: finished with status 'error'
[91m    ERROR: Command errored out with exit status 1:
     command: /srv/conda/envs/notebook/bin/python -u -c 'import sys, setuptools, tokenize; sys.argv[0] = '"'"'/tmp/pip-install-3unxrobz/lxml/setup.py'"'"'; __file__='"'"'/tmp/pip-install-3unxrobz/lxml/setup.py'"'"';f=getattr(tokenize, '"'"'open'"'"', open)(__file__);code=f.read().replace('"'"'\r\n'"'"', '"'"'\n'"'"');f.close();exec(compile(code, __file__, '"'"'exec'"'"'))' install --record /tmp/pip-record-xkmnpn2i/install-record.txt --single-version-externally-managed --compile --install-headers /srv/conda/envs/notebook/include/python3.7m/lxml
         cwd: /tmp/pip-install-3unxrobz/lxml/
    Complete output (191 lines):
    Building lxml version 3.8.0.
    Building without Cython.
    Using build configuration of libxslt 1.1.29
    running install
    running build
    running build_py
    creating build
    creating build/lib.linux-x86_64-3.7
    creating build/lib.linux-x86_64-3.7/lxml
    copying src/lxml/ElementInclude.py -> build/lib.linux-x86_64-3.7/lxml
    copying src/lxml/builder.py -> build/lib.linux-x86_64-3.7/lxml
    copying src/lxml/__init__.py -> build/lib.linux-x86_64-3.7/lxml
    copying src/lxml/doctestcompare.py -> build/lib.linux-x86_64-3.7/lxml
    copying src/lxml/cssselect.py -> build/lib.linux-x86_64-3.7/lxml
    copying src/lxml/pyclasslookup.py -> build/lib.linux-x86_64-3.7/lxml
    copying src/lxml/usedoctest.py -> build/lib.linux-x86_64-3.7/lxml
    copying src/lxml/_elementpath.py -> build/lib.linux-x86_64-3.7/lxml
    copying src/lxml/sax.py -> build/lib.linux-x86_64-3.7/lxml
    creating build/lib.linux-x86_64-3.7/lxml/includes
    copying src/lxml/includes/__init__.py -> build/lib.linux-x86_64-3.7/lxml/includes
    creating build/lib.linux-x86_64-3.7/lxml/html
    copying src/lxml/html/_setmixin.py -> build/lib.linux-x86_64-3.7/lxml/html
    copying src/lxml/html/_diffcommand.py -> build/lib.linux-x86_64-3.7/lxml/html
    copying src/lxml/html/builder.py -> build/lib.linux-x86_64-3.7/lxml/html
    copying src/lxml/html/__init__.py -> build/lib.linux-x86_64-3.7/lxml/html
    copying src/lxml/html/soupparser.py -> build/lib.linux-x86_64-3.7/lxml/html
    copying src/lxml/html/clean.py -> build/lib.linux-x86_64-3.7/lxml/html
    copying src/lxml/html/_html5builder.py -> build/lib.linux-x86_64-3.7/lxml/html
    copying src/lxml/html/formfill.py -> build/lib.linux-x86_64-3.7/lxml/html
    copying src/lxml/html/usedoctest.py -> build/lib.linux-x86_64-3.7/lxml/html
    copying src/lxml/html/ElementSoup.py -> build/lib.linux-x86_64-3.7/lxml/html
    copying src/lxml/html/html5parser.py -> build/lib.linux-x86_64-3.7/lxml/html
    copying src/lxml/html/diff.py -> build/lib.linux-x86_64-3.7/lxml/html
    copying src/lxml/html/defs.py -> build/lib.linux-x86_64-3.7/lxml/html
    creating build/lib.linux-x86_64-3.7/lxml/isoschematron
    copying src/lxml/isoschematron/__init__.py -> build/lib.linux-x86_64-3.7/lxml/isoschematron
    copying src/lxml/lxml.etree.h -> build/lib.linux-x86_64-3.7/lxml
    copying src/lxml/lxml.etree_api.h -> build/lib.linux-x86_64-3.7/lxml
    copying src/lxml/includes/xmlerror.pxd -> build/lib.linux-x86_64-3.7/lxml/includes
    copying src/lxml/includes/config.pxd -> build/lib.linux-x86_64-3.7/lxml/includes
    copying src/lxml/includes/htmlparser.pxd -> build/lib.linux-x86_64-3.7/lxml/includes
    copying src/lxml/includes/schematron.pxd -> build/lib.linux-x86_64-3.7/lxml/includes
    copying src/lxml/includes/etreepublic.pxd -> build/lib.linux-x86_64-3.7/lxml/includes
    copying src/lxml/includes/relaxng.pxd -> build/lib.linux-x86_64-3.7/lxml/includes
    copying src/lxml/includes/xpath.pxd -> build/lib.linux-x86_64-3.7/lxml/includes
    copying src/lxml/includes/xinclude.pxd -> build/lib.linux-x86_64-3.7/lxml/includes
    copying src/lxml/includes/xmlparser.pxd -> build/lib.linux-x86_64-3.7/lxml/includes
    copying src/lxml/includes/tree.pxd -> build/lib.linux-x86_64-3.7/lxml/includes
    copying src/lxml/includes/xmlschema.pxd -> build/lib.linux-x86_64-3.7/lxml/includes
    copying src/lxml/includes/uri.pxd -> build/lib.linux-x86_64-3.7/lxml/includes
    copying src/lxml/includes/xslt.pxd -> build/lib.linux-x86_64-3.7/lxml/includes
    copying src/lxml/includes/c14n.pxd -> build/lib.linux-x86_64-3.7/lxml/includes
    copying src/lxml/includes/dtdvalid.pxd -> build/lib.linux-x86_64-3.7/lxml/includes
    copying src/lxml/includes/lxml-version.h -> build/lib.linux-x86_64-3.7/lxml/includes
    copying src/lxml/includes/etree_defs.h -> build/lib.linux-x86_64-3.7/lxml/includes
    creating build/lib.linux-x86_64-3.7/lxml/isoschematron/resources
    creating build/lib.linux-x86_64-3.7/lxml/isoschematron/resources/rng
    copying src/lxml/isoschematron/resources/rng/iso-schematron.rng -> build/lib.linux-x86_64-3.7/lxml/isoschematron/resources/rng
    creating build/lib.linux-x86_64-3.7/lxml/isoschematron/resources/xsl
    copying src/lxml/isoschematron/resources/xsl/XSD2Schtrn.xsl -> build/lib.linux-x86_64-3.7/lxml/isoschematron/resources/xsl
    copying src/lxml/isoschematron/resources/xsl/RNG2Schtrn.xsl -> build/lib.linux-x86_64-3.7/lxml/isoschematron/resources/xsl
    creating build/lib.linux-x86_64-3.7/lxml/isoschematron/resources/xsl/iso-schematron-xslt1
    copying src/lxml/isoschematron/resources/xsl/iso-schematron-xslt1/iso_schematron_skeleton_for_xslt1.xsl -> build/lib.linux-x86_64-3.7/lxml/isoschematron/resources/xsl/iso-schematron-xslt1
    copying src/lxml/isoschematron/resources/xsl/iso-schematron-xslt1/iso_svrl_for_xslt1.xsl -> build/lib.linux-x86_64-3.7/lxml/isoschematron/resources/xsl/iso-schematron-xslt1
    copying src/lxml/isoschematron/resources/xsl/iso-schematron-xslt1/iso_abstract_expand.xsl -> build/lib.linux-x86_64-3.7/lxml/isoschematron/resources/xsl/iso-schematron-xslt1
    copying src/lxml/isoschematron/resources/xsl/iso-schematron-xslt1/iso_dsdl_include.xsl -> build/lib.linux-x86_64-3.7/lxml/isoschematron/resources/xsl/iso-schematron-xslt1
    copying src/lxml/isoschematron/resources/xsl/iso-schematron-xslt1/iso_schematron_message.xsl -> build/lib.linux-x86_64-3.7/lxml/isoschematron/resources/xsl/iso-schematron-xslt1
    copying src/lxml/isoschematron/resources/xsl/iso-schematron-xslt1/readme.txt -> build/lib.linux-x86_64-3.7/lxml/isoschematron/resources/xsl/iso-schematron-xslt1
    running build_ext
    building 'lxml.etree' extension
    creating build/temp.linux-x86_64-3.7
    creating build/temp.linux-x86_64-3.7/src
    creating build/temp.linux-x86_64-3.7/src/lxml
    gcc -pthread -B /srv/conda/envs/notebook/compiler_compat -Wl,--sysroot=/ -Wsign-compare -DNDEBUG -g -fwrapv -O3 -Wall -Wstrict-prototypes -fPIC -I/usr/include/libxml2 -Isrc/lxml/includes -I/srv/conda/envs/notebook/include/python3.7m -c src/lxml/lxml.etree.c -o build/temp.linux-x86_64-3.7/src/lxml/lxml.etree.o -w
    src/lxml/lxml.etree.c: In function â€˜__Pyx_PyCFunction_FastCallâ€™:
    src/lxml/lxml.etree.c:233279:13: error: too many arguments to function â€˜(PyObject * (*)(PyObject *, PyObject * const*, Py_ssize_t))methâ€™
         return (*((__Pyx_PyCFunctionFast)meth)) (self, args, nargs, NULL);
                ~^~~~~~~~~~~~~~~~~~~~~~~~~~~~~~~
    src/lxml/lxml.etree.c: In function â€˜__Pyx_PyDict_Itemsâ€™:
    src/lxml/lxml.etree.c:4532:83: error: too many arguments to function â€˜(PyObject * (*)(PyObject *, PyObject * const*, Py_ssize_t))__pyx_umethod_PyDict_Type_items.funcâ€™
                   (PY_VERSION_HEX >= 0x030600B1 && (cfunc)->flag == METH_FASTCALL ?  (*(__Pyx_PyCFunctionFast)(cfunc)->func)(self, &PyTuple_GET_ITEM(__pyx_empty_tuple, 0), 0, NULL) :\
                                                                                      ~^~~~~~~~~~~~~~~~~~~~~~~~~~~~~~~~~~~~~~
    src/lxml/lxml.etree.c:233529:16: note: in expansion of macro â€˜__Pyx_CallUnboundCMethod0â€™
             return __Pyx_CallUnboundCMethod0(&__pyx_umethod_PyDict_Type_items, d);
                    ^
    src/lxml/lxml.etree.c: In function â€˜__Pyx__ExceptionSaveâ€™:
    src/lxml/lxml.etree.c:233753:21: error: â€˜PyThreadState {aka struct _ts}â€™ has no member named â€˜exc_typeâ€™; did you mean â€˜curexc_typeâ€™?
         *type = tstate->exc_type;
                         ^~~~~~~~
                         curexc_type
    src/lxml/lxml.etree.c:233754:22: error: â€˜PyThreadState {aka struct _ts}â€™ has no member named â€˜exc_valueâ€™; did you mean â€˜curexc_valueâ€™?
         *value = tstate->exc_value;
                          ^~~~~~~~~
                          curexc_value
    src/lxml/lxml.etree.c:233755:19: error: â€˜PyThreadState {aka struct _ts}â€™ has no member named â€˜exc_tracebackâ€™; did you mean â€˜curexc_tracebackâ€™?
         *tb = tstate->exc_traceback;
                       ^~~~~~~~~~~~~
                       curexc_traceback
    src/lxml/lxml.etree.c: In function â€˜__Pyx__ExceptionResetâ€™:
    src/lxml/lxml.etree.c:233762:24: error: â€˜PyThreadState {aka struct _ts}â€™ has no member named â€˜exc_typeâ€™; did you mean â€˜curexc_typeâ€™?
         tmp_type = tstate->exc_type;
                            ^~~~~~~~
                            curexc_type
    src/lxml/lxml.etree.c:233763:25: error: â€˜PyThreadState {aka struct _ts}â€™ has no member named â€˜exc_valueâ€™; did you mean â€˜curexc_valueâ€™?
         tmp_value = tstate->exc_value;
                             ^~~~~~~~~
                             curexc_value
    src/lxml/lxml.etree.c:233764:22: error: â€˜PyThreadState {aka struct _ts}â€™ has no member named â€˜exc_tracebackâ€™; did you mean â€˜curexc_tracebackâ€™?
         tmp_tb = tstate->exc_traceback;
                          ^~~~~~~~~~~~~
                          curexc_traceback
    src/lxml/lxml.etree.c:233765:13: error: â€˜PyThreadState {aka struct _ts}â€™ has no member named â€˜exc_typeâ€™; did you mean â€˜curexc_typeâ€™?
         tstate->exc_type = type;
                 ^~~~~~~~
                 curexc_type
    src/lxml/lxml.etree.c:233766:13: error: â€˜PyThreadState {aka struct _ts}â€™ has no member named â€˜exc_valueâ€™; did you mean â€˜curexc_valueâ€™?
         tstate->exc_value = value;
                 ^~~~~~~~~
                 curexc_value
    src/lxml/lxml.etree.c:233767:13: error: â€˜PyThreadState {aka struct _ts}â€™ has no member named â€˜exc_tracebackâ€™; did you mean â€˜curexc_tracebackâ€™?
         tstate->exc_traceback = tb;
                 ^~~~~~~~~~~~~
                 curexc_traceback
    src/lxml/lxml.etree.c: In function â€˜__Pyx__GetExceptionâ€™:
    src/lxml/lxml.etree.c:233822:24: error: â€˜PyThreadState {aka struct _ts}â€™ has no member named â€˜exc_typeâ€™; did you mean â€˜curexc_typeâ€™?
         tmp_type = tstate->exc_type;
                            ^~~~~~~~
                            curexc_type
    src/lxml/lxml.etree.c:233823:25: error: â€˜PyThreadState {aka struct _ts}â€™ has no member named â€˜exc_valueâ€™; did you mean â€˜curexc_valueâ€™?
         tmp_value = tstate->exc_value;
                             ^~~~~~~~~
                             curexc_value
    src/lxml/lxml.etree.c:233824:22: error: â€˜PyThreadState {aka struct _ts}â€™ has no member named â€˜exc_tracebackâ€™; did you mean â€˜curexc_tracebackâ€™?
         tmp_tb = tstate->exc_traceback;
                          ^~~~~~~~~~~~~
                          curexc_traceback
    src/lxml/lxml.etree.c:233825:13: error: â€˜PyThreadState {aka struct _ts}â€™ has no member named â€˜exc_typeâ€™; did you mean â€˜curexc_typeâ€™?
         tstate->exc_type = local_type;
                 ^~~~~~~~
                 curexc_type
    src/lxml/lxml.etree.c:233826:13: error: â€˜PyThreadState {aka struct _ts}â€™ has no member named â€˜exc_valueâ€™; did you mean â€˜curexc_valueâ€™?
         tstate->exc_value = local_value;
                 ^~~~~~~~~
                 curexc_value
    src/lxml/lxml.etree.c:233827:13: error: â€˜PyThreadState {aka struct _ts}â€™ has no member named â€˜exc_tracebackâ€™; did you mean â€˜curexc_tracebackâ€™?
         tstate->exc_traceback = local_tb;
                 ^~~~~~~~~~~~~
                 curexc_traceback
    src/lxml/lxml.etree.c: In function â€˜__Pyx__ExceptionSwapâ€™:
    src/lxml/lxml.etree.c:234160:24: error: â€˜PyThreadState {aka struct _ts}â€™ has no member named â€˜exc_typeâ€™; did you mean â€˜curexc_typeâ€™?
         tmp_type = tstate->exc_type;
                            ^~~~~~~~
                            curexc_type
    src/lxml/lxml.etree.c:234161:25: error: â€˜PyThreadState {aka struct _ts}â€™ has no member named â€˜exc_valueâ€™; did you mean â€˜curexc_valueâ€™?
         tmp_value = tstate->exc_value;
                             ^~~~~~~~~
                             curexc_value
    src/lxml/lxml.etree.c:234162:22: error: â€˜PyThreadState {aka struct _ts}â€™ has no member named â€˜exc_tracebackâ€™; did you mean â€˜curexc_tracebackâ€™?
         tmp_tb = tstate->exc_traceback;
                          ^~~~~~~~~~~~~
                          curexc_traceback
    src/lxml/lxml.etree.c:234163:13: error: â€˜PyThreadState {aka struct _ts}â€™ has no member named â€˜exc_typeâ€™; did you mean â€˜curexc_typeâ€™?
         tstate->exc_type = *type;
                 ^~~~~~~~
                 curexc_type
    src/lxml/lxml.etree.c:234164:13: error: â€˜PyThreadState {aka struct _ts}â€™ has no member named â€˜exc_valueâ€™; did you mean â€˜curexc_valueâ€™?
         tstate->exc_value = *value;
                 ^~~~~~~~~
                 curexc_value
    src/lxml/lxml.etree.c:234165:13: error: â€˜PyThreadState {aka struct _ts}â€™ has no member named â€˜exc_tracebackâ€™; did you mean â€˜curexc_tracebackâ€™?
         tstate->exc_traceback = *tb;
                 ^~~~~~~~~~~~~
                 curexc_traceback
    src/lxml/lxml.etree.c: In function â€˜__Pyx_PyList_Popâ€™:
    src/lxml/lxml.etree.c:4532:83: error: too many arguments to function â€˜(PyObject * (*)(PyObject *, PyObject * const*, Py_ssize_t))__pyx_umethod_PyList_Type_pop.funcâ€™
                   (PY_VERSION_HEX >= 0x030600B1 && (cfunc)->flag == METH_FASTCALL ?  (*(__Pyx_PyCFunctionFast)(cfunc)->func)(self, &PyTuple_GET_ITEM(__pyx_empty_tuple, 0), 0, NULL) :\
                                                                                      ~^~~~~~~~~~~~~~~~~~~~~~~~~~~~~~~~~~~~~~
    src/lxml/lxml.etree.c:234476:12: note: in expansion of macro â€˜__Pyx_CallUnboundCMethod0â€™
         return __Pyx_CallUnboundCMethod0(&__pyx_umethod_PyList_Type_pop, L);
                ^
    src/lxml/lxml.etree.c: In function â€˜__Pyx_PyDict_Valuesâ€™:
    src/lxml/lxml.etree.c:4532:83: error: too many arguments to function â€˜(PyObject * (*)(PyObject *, PyObject * const*, Py_ssize_t))__pyx_umethod_PyDict_Type_values.funcâ€™
                   (PY_VERSION_HEX >= 0x030600B1 && (cfunc)->flag == METH_FASTCALL ?  (*(__Pyx_PyCFunctionFast)(cfunc)->func)(self, &PyTuple_GET_ITEM(__pyx_empty_tuple, 0), 0, NULL) :\
                                                                                      ~^~~~~~~~~~~~~~~~~~~~~~~~~~~~~~~~~~~~~~
    src/lxml/lxml.etree.c:235119:16: note: in expansion of macro â€˜__Pyx_CallUnboundCMethod0â€™
             return __Pyx_CallUnboundCMethod0(&__pyx_umethod_PyDict_Type_values, d);
                    ^
    Compile failed: command 'gcc' failed with exit status 1
    cc -I/usr/include/libxml2 -I/usr/include/libxml2 -c /tmp/xmlXPathInitqq3v5max.c -o tmp/xmlXPathInitqq3v5max.o
    cc tmp/xmlXPathInitqq3v5max.o -lxml2 -o a.out
    error: command 'gcc' failed with exit status 1
    ----------------------------------------
[0m[91mERROR: Command errored out with exit status 1: /srv/conda/envs/notebook/bin/python -u -c 'import sys, setuptools, tokenize; sys.argv[0] = '"'"'/tmp/pip-install-3unxrobz/lxml/setup.py'"'"'; __file__='"'"'/tmp/pip-install-3unxrobz/lxml/setup.py'"'"';f=getattr(tokenize, '"'"'open'"'"', open)(__file__);code=f.read().replace('"'"'\r\n'"'"', '"'"'\n'"'"');f.close();exec(compile(code, __file__, '"'"'exec'"'"'))' install --record /tmp/pip-record-xkmnpn2i/install-record.txt --single-version-externally-managed --compile --install-headers /srv/conda/envs/notebook/include/python3.7m/lxml Check the logs for full command output.
[0mRemoving intermediate container 78322f9aec5c
The command '/bin/sh -c ${KERNEL_PYTHON_PREFIX}/bin/pip install --no-cache-dir -r "requirements.txt"' returned a non-zero code: 1Traceback (most recent call last):
  File "/usr/local/lib/python3.8/dist-packages/repo2docker_checker/checker.py", line 318, in test_one_repo
    image, checkout_path = build_repo(
  File "/usr/local/lib/python3.8/dist-packages/repo2docker_checker/checker.py", line 128, in build_repo
    run(
  File "/usr/lib/python3.8/subprocess.py", line 512, in run
    raise CalledProcessError(retcode, process.args,
subprocess.CalledProcessError: Command '['jupyter-repo2docker', '--no-run', '--no-clean', '--image-name', 'r2d-test-github.com-krisrogers-scraping:22b6748', '/tmp/r2d-test-2020-07-17T10.348biqm51j/github.com/krisrogers/scraping']' returned non-zero exit status 1.
