Picked Local content provider.
Using local repo /tmp/r2d-test-2020-07-20T07.12vkxshuve/github.com/luqmanhakim/first-neural-network.
Using PythonBuildPack builder
Step 1/51 : FROM buildpack-deps:bionic
 ---> 5d109dc6d8a0
Step 2/51 : ENV DEBIAN_FRONTEND=noninteractive
 ---> Using cache
 ---> 84875aa039ff
Step 3/51 : RUN apt-get -qq update &&     apt-get -qq install --yes --no-install-recommends locales > /dev/null &&     apt-get -qq purge &&     apt-get -qq clean &&     rm -rf /var/lib/apt/lists/*
 ---> Using cache
 ---> 2c6f3445209c
Step 4/51 : RUN echo "en_US.UTF-8 UTF-8" > /etc/locale.gen &&     locale-gen
 ---> Using cache
 ---> 5ac40a1069ef
Step 5/51 : ENV LC_ALL en_US.UTF-8
 ---> Using cache
 ---> 0569ecd6efb3
Step 6/51 : ENV LANG en_US.UTF-8
 ---> Using cache
 ---> bd3372a8f400
Step 7/51 : ENV LANGUAGE en_US.UTF-8
 ---> Using cache
 ---> ab87a637d837
Step 8/51 : ENV SHELL /bin/bash
 ---> Using cache
 ---> 50ed7363eaf5
Step 9/51 : ARG NB_USER
 ---> Using cache
 ---> 0b8893bd6422
Step 10/51 : ARG NB_UID
 ---> Using cache
 ---> b9e6fa4ea16e
Step 11/51 : ENV USER ${NB_USER}
 ---> Using cache
 ---> b142a4c01942
Step 12/51 : ENV HOME /home/${NB_USER}
 ---> Using cache
 ---> e11d5723ab90
Step 13/51 : RUN groupadd         --gid ${NB_UID}         ${NB_USER} &&     useradd         --comment "Default user"         --create-home         --gid ${NB_UID}         --no-log-init         --shell /bin/bash         --uid ${NB_UID}         ${NB_USER}
 ---> Using cache
 ---> e20a5903ae77
Step 14/51 : RUN wget --quiet -O - https://deb.nodesource.com/gpgkey/nodesource.gpg.key |  apt-key add - &&     DISTRO="bionic" &&     echo "deb https://deb.nodesource.com/node_10.x $DISTRO main" >> /etc/apt/sources.list.d/nodesource.list &&     echo "deb-src https://deb.nodesource.com/node_10.x $DISTRO main" >> /etc/apt/sources.list.d/nodesource.list
 ---> Using cache
 ---> 730bb79c819d
Step 15/51 : RUN apt-get -qq update &&     apt-get -qq install --yes --no-install-recommends        less        nodejs        unzip        > /dev/null &&     apt-get -qq purge &&     apt-get -qq clean &&     rm -rf /var/lib/apt/lists/*
 ---> Using cache
 ---> 2be5b9d2edc7
Step 16/51 : EXPOSE 8888
 ---> Using cache
 ---> 7fcdbaf0fe40
Step 17/51 : ENV APP_BASE /srv
 ---> Using cache
 ---> ee51ea8ec11a
Step 18/51 : ENV NPM_DIR ${APP_BASE}/npm
 ---> Using cache
 ---> f34fdbe18446
Step 19/51 : ENV NPM_CONFIG_GLOBALCONFIG ${NPM_DIR}/npmrc
 ---> Using cache
 ---> 833e25d9d235
Step 20/51 : ENV CONDA_DIR ${APP_BASE}/conda
 ---> Using cache
 ---> 8ee468f15616
Step 21/51 : ENV NB_PYTHON_PREFIX ${CONDA_DIR}/envs/notebook
 ---> Using cache
 ---> 971c9391c0ab
Step 22/51 : ENV KERNEL_PYTHON_PREFIX ${NB_PYTHON_PREFIX}
 ---> Using cache
 ---> 7fa50abe8e21
Step 23/51 : ENV PATH ${NB_PYTHON_PREFIX}/bin:${CONDA_DIR}/bin:${NPM_DIR}/bin:${PATH}
 ---> Using cache
 ---> eaa621b5d97f
Step 24/51 : COPY build_script_files/-2fusr-2flocal-2flib-2fpython3-2e8-2fdist-2dpackages-2frepo2docker-2fbuildpacks-2fconda-2factivate-2dconda-2esh-1be18e /etc/profile.d/activate-conda.sh
 ---> Using cache
 ---> 9ffab983afa0
Step 25/51 : COPY build_script_files/-2fusr-2flocal-2flib-2fpython3-2e8-2fdist-2dpackages-2frepo2docker-2fbuildpacks-2fconda-2fenvironment-2epy-2d3-2e7-2efrozen-2eyml-26bd38 /tmp/environment.yml
 ---> Using cache
 ---> 9b3e6c528ba6
Step 26/51 : COPY build_script_files/-2fusr-2flocal-2flib-2fpython3-2e8-2fdist-2dpackages-2frepo2docker-2fbuildpacks-2fconda-2finstall-2dminiconda-2ebash-813f10 /tmp/install-miniconda.bash
 ---> Using cache
 ---> e52d3b4016a9
Step 27/51 : RUN mkdir -p ${NPM_DIR} && chown -R ${NB_USER}:${NB_USER} ${NPM_DIR}
 ---> Using cache
 ---> 0a8f7bcc0bd7
Step 28/51 : USER ${NB_USER}
 ---> Using cache
 ---> e295fca18e9d
Step 29/51 : RUN npm config --global set prefix ${NPM_DIR}
 ---> Using cache
 ---> b3629329dd8f
Step 30/51 : USER root
 ---> Using cache
 ---> 5ba3698f0957
Step 31/51 : RUN bash /tmp/install-miniconda.bash && rm /tmp/install-miniconda.bash /tmp/environment.yml
 ---> Using cache
 ---> ecb18ec9bb2f
Step 32/51 : ARG REPO_DIR=${HOME}
 ---> Using cache
 ---> 8f78500beba3
Step 33/51 : ENV REPO_DIR ${REPO_DIR}
 ---> Using cache
 ---> 300bfe3eb940
Step 34/51 : WORKDIR ${REPO_DIR}
 ---> Using cache
 ---> ab56d4c94aaf
Step 35/51 : ENV PATH ${HOME}/.local/bin:${REPO_DIR}/.local/bin:${PATH}
 ---> Using cache
 ---> 26a826700420
Step 36/51 : ENV CONDA_DEFAULT_ENV ${KERNEL_PYTHON_PREFIX}
 ---> Using cache
 ---> ebb7f28a23e9
Step 37/51 : COPY src/requirements.txt ${REPO_DIR}/requirements.txt
 ---> Using cache
 ---> dbfe47a4477b
Step 38/51 : USER root
 ---> Using cache
 ---> ebcb3e705c90
Step 39/51 : RUN chown -R ${NB_USER}:${NB_USER} ${REPO_DIR}
 ---> Using cache
 ---> 92978e69a90a
Step 40/51 : USER ${NB_USER}
 ---> Using cache
 ---> 8d59784b8c83
Step 41/51 : RUN ${KERNEL_PYTHON_PREFIX}/bin/pip install --no-cache-dir -r "requirements.txt"
 ---> Running in fcbb74332bee
[91mWARNING: pip is being invoked by an old script wrapper. This will fail in a future version of pip.
Please see https://github.com/pypa/pip/issues/5599 for advice on fixing the underlying issue.
To avoid this problem you can invoke Python with '-m pip' instead of running pip directly.
[0mCollecting appdirs==1.4.3
  Downloading appdirs-1.4.3-py2.py3-none-any.whl (12 kB)
Collecting appnope==0.1.0
  Downloading appnope-0.1.0-py2.py3-none-any.whl (4.0 kB)
Collecting bleach==2.0.0
  Downloading bleach-2.0.0-py2.py3-none-any.whl (23 kB)
Collecting cycler==0.10.0
  Downloading cycler-0.10.0-py2.py3-none-any.whl (6.5 kB)
Collecting decorator==4.0.11
  Downloading decorator-4.0.11-py2.py3-none-any.whl (8.9 kB)
Collecting entrypoints==0.2.2
  Downloading entrypoints-0.2.2-py2.py3-none-any.whl (3.2 kB)
Collecting html5lib==0.999999999
  Downloading html5lib-0.999999999-py2.py3-none-any.whl (112 kB)
Collecting ipykernel==4.5.2
  Downloading ipykernel-4.5.2-py2.py3-none-any.whl (98 kB)
Collecting ipython==5.3.0
  Downloading ipython-5.3.0-py3-none-any.whl (750 kB)
Requirement already satisfied: ipython-genutils==0.2.0 in /srv/conda/envs/notebook/lib/python3.7/site-packages (from -r requirements.txt (line 10)) (0.2.0)
Collecting ipywidgets==6.0.0
  Downloading ipywidgets-6.0.0-py2.py3-none-any.whl (46 kB)
Collecting Jinja2==2.9.5
  Downloading Jinja2-2.9.5-py2.py3-none-any.whl (340 kB)
Collecting jsonschema==2.6.0
  Downloading jsonschema-2.6.0-py2.py3-none-any.whl (39 kB)
Collecting jupyter==1.0.0
  Downloading jupyter-1.0.0-py2.py3-none-any.whl (2.7 kB)
Collecting jupyter-client==5.0.0
  Downloading jupyter_client-5.0.0-py2.py3-none-any.whl (83 kB)
Collecting jupyter-console==5.1.0
  Downloading jupyter_console-5.1.0-py2.py3-none-any.whl (20 kB)
Collecting jupyter-core==4.3.0
  Downloading jupyter_core-4.3.0-py2.py3-none-any.whl (76 kB)
Collecting MarkupSafe==1.0
  Downloading MarkupSafe-1.0.tar.gz (14 kB)
Collecting matplotlib==2.0.0
  Downloading matplotlib-2.0.0.tar.gz (53.2 MB)
Collecting mistune==0.7.4
  Downloading mistune-0.7.4-py2.py3-none-any.whl (24 kB)
Collecting nbconvert==5.1.1
  Downloading nbconvert-5.1.1-py2.py3-none-any.whl (372 kB)
Collecting nbformat==4.3.0
  Downloading nbformat-4.3.0-py2.py3-none-any.whl (154 kB)
Collecting notebook==4.4.1
  Downloading notebook-4.4.1-py2.py3-none-any.whl (6.9 MB)
Collecting numpy==1.12.1
  Downloading numpy-1.12.1.zip (4.8 MB)
Collecting packaging==16.8
  Downloading packaging-16.8-py2.py3-none-any.whl (23 kB)
Collecting pandas==0.19.2
  Downloading pandas-0.19.2.tar.gz (9.2 MB)
Collecting pandocfilters==1.4.1
  Downloading pandocfilters-1.4.1.tar.gz (14 kB)
Collecting pexpect==4.2.1
  Downloading pexpect-4.2.1-py2.py3-none-any.whl (55 kB)
Collecting pickleshare==0.7.4
  Downloading pickleshare-0.7.4-py2.py3-none-any.whl (6.9 kB)
Collecting prompt-toolkit==1.0.14
  Downloading prompt_toolkit-1.0.14-py3-none-any.whl (248 kB)
Collecting ptyprocess==0.5.1
  Downloading ptyprocess-0.5.1-py2.py3-none-any.whl (12 kB)
Collecting Pygments==2.2.0
  Downloading Pygments-2.2.0-py2.py3-none-any.whl (841 kB)
Collecting pyparsing==2.2.0
  Downloading pyparsing-2.2.0-py2.py3-none-any.whl (56 kB)
Collecting python-dateutil==2.6.0
  Downloading python_dateutil-2.6.0-py2.py3-none-any.whl (194 kB)
Collecting pytz==2017.2
  Downloading pytz-2017.2-py2.py3-none-any.whl (484 kB)
Collecting pyzmq==16.0.2
  Downloading pyzmq-16.0.2.tar.gz (1.0 MB)
Collecting qtconsole==4.3.0
  Downloading qtconsole-4.3.0-py2.py3-none-any.whl (108 kB)
Collecting simplegeneric==0.8.1
  Downloading simplegeneric-0.8.1.zip (12 kB)
Collecting six==1.10.0
  Downloading six-1.10.0-py2.py3-none-any.whl (10 kB)
Collecting terminado==0.6
  Downloading terminado-0.6.tar.gz (10 kB)
Collecting testpath==0.3
  Downloading testpath-0.3-py2.py3-none-any.whl (82 kB)
Collecting tornado==4.4.3
  Downloading tornado-4.4.3.tar.gz (463 kB)
Collecting traitlets==4.3.2
  Downloading traitlets-4.3.2-py2.py3-none-any.whl (74 kB)
Collecting wcwidth==0.1.7
  Downloading wcwidth-0.1.7-py2.py3-none-any.whl (21 kB)
Collecting webencodings==0.5
  Downloading webencodings-0.5.tar.gz (9.5 kB)
Collecting widgetsnbextension==2.0.0
  Downloading widgetsnbextension-2.0.0-py2.py3-none-any.whl (1.1 MB)
Requirement already satisfied: setuptools>=18.5 in /srv/conda/envs/notebook/lib/python3.7/site-packages (from html5lib==0.999999999->-r requirements.txt (line 7)) (45.1.0.post20200119)
Building wheels for collected packages: MarkupSafe, matplotlib, numpy, pandas, pandocfilters, pyzmq, simplegeneric, terminado, tornado, webencodings
  Building wheel for MarkupSafe (setup.py): started
  Building wheel for MarkupSafe (setup.py): finished with status 'done'
  Created wheel for MarkupSafe: filename=MarkupSafe-1.0-cp37-cp37m-linux_x86_64.whl size=30617 sha256=827a7b66077342a15989864723ae783de85a65f31d42998709cb743606d51ce6
  Stored in directory: /tmp/pip-ephem-wheel-cache-ziv6ww6e/wheels/8f/73/61/ad4c803fb36f6f2225882a6557fa2fbf5cf24fbe4be3f20b24
  Building wheel for matplotlib (setup.py): started
  Building wheel for matplotlib (setup.py): finished with status 'done'
  Created wheel for matplotlib: filename=matplotlib-2.0.0-cp37-cp37m-linux_x86_64.whl size=11322219 sha256=582715db077426fdc15da17691addf8f18e15fa311408b396a8e96b48b817669
  Stored in directory: /tmp/pip-ephem-wheel-cache-ziv6ww6e/wheels/4c/b4/87/9b99b67a71111498af7c91a7bdd0e252112b2be41fd8873575
  Building wheel for numpy (setup.py): started
  Building wheel for numpy (setup.py): still running...
  Building wheel for numpy (setup.py): finished with status 'error'
[91m  ERROR: Command errored out with exit status 1:
   command: /srv/conda/envs/notebook/bin/python -u -c 'import sys, setuptools, tokenize; sys.argv[0] = '"'"'/tmp/pip-install-pg0w6ihm/numpy/setup.py'"'"'; __file__='"'"'/tmp/pip-install-pg0w6ihm/numpy/setup.py'"'"';f=getattr(tokenize, '"'"'open'"'"', open)(__file__);code=f.read().replace('"'"'\r\n'"'"', '"'"'\n'"'"');f.close();exec(compile(code, __file__, '"'"'exec'"'"'))' bdist_wheel -d /tmp/pip-wheel-qz0f4h1u
       cwd: /tmp/pip-install-pg0w6ihm/numpy/
  Complete output (2393 lines):
  Running from numpy source directory.
  blas_opt_info:
  blas_mkl_info:
    libraries mkl_rt not found in ['/srv/conda/envs/notebook/lib', '/usr/local/lib', '/usr/lib', '/usr/lib/x86_64-linux-gnu']
    NOT AVAILABLE
  
  blis_info:
    libraries blis not found in ['/srv/conda/envs/notebook/lib', '/usr/local/lib', '/usr/lib', '/usr/lib/x86_64-linux-gnu']
    NOT AVAILABLE
  
  openblas_info:
    libraries openblas not found in ['/srv/conda/envs/notebook/lib', '/usr/local/lib', '/usr/lib', '/usr/lib/x86_64-linux-gnu']
    NOT AVAILABLE
  
  atlas_3_10_blas_threads_info:
  Setting PTATLAS=ATLAS
    libraries tatlas not found in ['/srv/conda/envs/notebook/lib', '/usr/local/lib', '/usr/lib', '/usr/lib/x86_64-linux-gnu']
    NOT AVAILABLE
  
  atlas_3_10_blas_info:
    libraries satlas not found in ['/srv/conda/envs/notebook/lib', '/usr/local/lib', '/usr/lib', '/usr/lib/x86_64-linux-gnu']
    NOT AVAILABLE
  
  atlas_blas_threads_info:
  Setting PTATLAS=ATLAS
    libraries ptf77blas,ptcblas,atlas not found in ['/srv/conda/envs/notebook/lib', '/usr/local/lib', '/usr/lib', '/usr/lib/x86_64-linux-gnu']
    NOT AVAILABLE
  
  atlas_blas_info:
    libraries f77blas,cblas,atlas not found in ['/srv/conda/envs/notebook/lib', '/usr/local/lib', '/usr/lib', '/usr/lib/x86_64-linux-gnu']
    NOT AVAILABLE
  
  /tmp/pip-install-pg0w6ihm/numpy/numpy/distutils/system_info.py:572: UserWarning:
      Atlas (http://math-atlas.sourceforge.net/) libraries not found.
      Directories to search for the libraries can be specified in the
      numpy/distutils/site.cfg file (section [atlas]) or by setting
      the ATLAS environment variable.
    self.calc_info()
  blas_info:
    libraries blas not found in ['/srv/conda/envs/notebook/lib', '/usr/local/lib', '/usr/lib', '/usr/lib/x86_64-linux-gnu']
    NOT AVAILABLE
  
  /tmp/pip-install-pg0w6ihm/numpy/numpy/distutils/system_info.py:572: UserWarning:
      Blas (http://www.netlib.org/blas/) libraries not found.
      Directories to search for the libraries can be specified in the
      numpy/distutils/site.cfg file (section [blas]) or by setting
      the BLAS environment variable.
    self.calc_info()
  blas_src_info:
    NOT AVAILABLE
  
  /tmp/pip-install-pg0w6ihm/numpy/numpy/distutils/system_info.py:572: UserWarning:
      Blas (http://www.netlib.org/blas/) sources not found.
      Directories to search for the sources can be specified in the
      numpy/distutils/site.cfg file (section [blas_src]) or by setting
      the BLAS_SRC environment variable.
    self.calc_info()
    NOT AVAILABLE
  
  non-existing path in 'numpy/distutils': 'site.cfg'
  F2PY Version 2
  lapack_opt_info:
  lapack_mkl_info:
    libraries mkl_rt not found in ['/srv/conda/envs/notebook/lib', '/usr/local/lib', '/usr/lib', '/usr/lib/x86_64-linux-gnu']
    NOT AVAILABLE
  
  openblas_lapack_info:
    libraries openblas not found in ['/srv/conda/envs/notebook/lib', '/usr/local/lib', '/usr/lib', '/usr/lib/x86_64-linux-gnu']
    NOT AVAILABLE
  
  atlas_3_10_threads_info:
  Setting PTATLAS=ATLAS
    libraries tatlas,tatlas not found in /srv/conda/envs/notebook/lib
    libraries lapack_atlas not found in /srv/conda/envs/notebook/lib
    libraries tatlas,tatlas not found in /usr/local/lib
    libraries lapack_atlas not found in /usr/local/lib
    libraries tatlas,tatlas not found in /usr/lib
    libraries lapack_atlas not found in /usr/lib
    libraries tatlas,tatlas not found in /usr/lib/x86_64-linux-gnu
    libraries lapack_atlas not found in /usr/lib/x86_64-linux-gnu
  <class 'numpy.distutils.system_info.atlas_3_10_threads_info'>
    NOT AVAILABLE
  
  atlas_3_10_info:
    libraries satlas,satlas not found in /srv/conda/envs/notebook/lib
    libraries lapack_atlas not found in /srv/conda/envs/notebook/lib
    libraries satlas,satlas not found in /usr/local/lib
    libraries lapack_atlas not found in /usr/local/lib
    libraries satlas,satlas not found in /usr/lib
    libraries lapack_atlas not found in /usr/lib
    libraries satlas,satlas not found in /usr/lib/x86_64-linux-gnu
    libraries lapack_atlas not found in /usr/lib/x86_64-linux-gnu
  <class 'numpy.distutils.system_info.atlas_3_10_info'>
    NOT AVAILABLE
  
  atlas_threads_info:
  Setting PTATLAS=ATLAS
    libraries ptf77blas,ptcblas,atlas not found in /srv/conda/envs/notebook/lib
    libraries lapack_atlas not found in /srv/conda/envs/notebook/lib
    libraries ptf77blas,ptcblas,atlas not found in /usr/local/lib
    libraries lapack_atlas not found in /usr/local/lib
    libraries ptf77blas,ptcblas,atlas not found in /usr/lib
    libraries lapack_atlas not found in /usr/lib
    libraries ptf77blas,ptcblas,atlas not found in /usr/lib/x86_64-linux-gnu
    libraries lapack_atlas not found in /usr/lib/x86_64-linux-gnu
  <class 'numpy.distutils.system_info.atlas_threads_info'>
    NOT AVAILABLE
  
  atlas_info:
    libraries f77blas,cblas,atlas not found in /srv/conda/envs/notebook/lib
    libraries lapack_atlas not found in /srv/conda/envs/notebook/lib
    libraries f77blas,cblas,atlas not found in /usr/local/lib
    libraries lapack_atlas not found in /usr/local/lib
    libraries f77blas,cblas,atlas not found in /usr/lib
    libraries lapack_atlas not found in /usr/lib
    libraries f77blas,cblas,atlas not found in /usr/lib/x86_64-linux-gnu
    libraries lapack_atlas not found in /usr/lib/x86_64-linux-gnu
  <class 'numpy.distutils.system_info.atlas_info'>
    NOT AVAILABLE
  
  lapack_info:
    libraries lapack not found in ['/srv/conda/envs/notebook/lib', '/usr/local/lib', '/usr/lib', '/usr/lib/x86_64-linux-gnu']
    NOT AVAILABLE
  
  /tmp/pip-install-pg0w6ihm/numpy/numpy/distutils/system_info.py:572: UserWarning:
      Lapack (http://www.netlib.org/lapack/) libraries not found.
      Directories to search for the libraries can be specified in the
      numpy/distutils/site.cfg file (section [lapack]) or by setting
      the LAPACK environment variable.
    self.calc_info()
  lapack_src_info:
    NOT AVAILABLE
  
  /tmp/pip-install-pg0w6ihm/numpy/numpy/distutils/system_info.py:572: UserWarning:
      Lapack (http://www.netlib.org/lapack/) sources not found.
      Directories to search for the sources can be specified in the
      numpy/distutils/site.cfg file (section [lapack_src]) or by setting
      the LAPACK_SRC environment variable.
    self.calc_info()
    NOT AVAILABLE
  
  /srv/conda/envs/notebook/lib/python3.7/distutils/dist.py:274: UserWarning: Unknown distribution option: 'define_macros'
    warnings.warn(msg)
  running bdist_wheel
  running build
  running config_cc
  unifing config_cc, config, build_clib, build_ext, build commands --compiler options
  running config_fc
  unifing config_fc, config, build_clib, build_ext, build commands --fcompiler options
  running build_src
  build_src
  building py_modules sources
  creating build
  creating build/src.linux-x86_64-3.7
  creating build/src.linux-x86_64-3.7/numpy
  creating build/src.linux-x86_64-3.7/numpy/distutils
  building library "npymath" sources
  customize Gnu95FCompiler
  Could not locate executable gfortran
  Could not locate executable f95
  customize IntelFCompiler
  Could not locate executable ifort
  Could not locate executable ifc
  customize LaheyFCompiler
  Could not locate executable lf95
  customize PGroupFCompiler
  Could not locate executable pgfortran
  customize AbsoftFCompiler
  Could not locate executable f90
  Could not locate executable f77
  customize NAGFCompiler
  customize VastFCompiler
  customize CompaqFCompiler
  Could not locate executable fort
  customize IntelItaniumFCompiler
  Could not locate executable efort
  Could not locate executable efc
  customize IntelEM64TFCompiler
  customize GnuFCompiler
  Could not locate executable g77
  customize G95FCompiler
  Could not locate executable g95
  customize PathScaleFCompiler
  Could not locate executable pathf95
  don't know how to compile Fortran code on platform 'posix'
  C compiler: gcc -pthread -B /srv/conda/envs/notebook/compiler_compat -Wl,--sysroot=/ -Wsign-compare -DNDEBUG -g -fwrapv -O3 -Wall -Wstrict-prototypes -fPIC
  
  compile options: '-Inumpy/core/src/private -Inumpy/core/src -Inumpy/core -Inumpy/core/src/npymath -Inumpy/core/src/multiarray -Inumpy/core/src/umath -Inumpy/core/src/npysort -I/srv/conda/envs/notebook/include/python3.7m -c'
  gcc: _configtest.c
  gcc -pthread -B /srv/conda/envs/notebook/compiler_compat -Wl,--sysroot=/ _configtest.o -o _configtest
  success!
  removing: _configtest.c _configtest.o _configtest
  C compiler: gcc -pthread -B /srv/conda/envs/notebook/compiler_compat -Wl,--sysroot=/ -Wsign-compare -DNDEBUG -g -fwrapv -O3 -Wall -Wstrict-prototypes -fPIC
  
  compile options: '-Inumpy/core/src/private -Inumpy/core/src -Inumpy/core -Inumpy/core/src/npymath -Inumpy/core/src/multiarray -Inumpy/core/src/umath -Inumpy/core/src/npysort -I/srv/conda/envs/notebook/include/python3.7m -c'
  gcc: _configtest.c
  _configtest.c:1:5: warning: conflicting types for built-in function â€˜expâ€™ [-Wbuiltin-declaration-mismatch]
   int exp (void);
       ^~~
  gcc -pthread -B /srv/conda/envs/notebook/compiler_compat -Wl,--sysroot=/ _configtest.o -o _configtest
  /srv/conda/envs/notebook/compiler_compat/ld: _configtest.o: in function `main':
  /tmp/pip-install-pg0w6ihm/numpy/_configtest.c:6: undefined reference to `exp'
  collect2: error: ld returned 1 exit status
  /srv/conda/envs/notebook/compiler_compat/ld: _configtest.o: in function `main':
  /tmp/pip-install-pg0w6ihm/numpy/_configtest.c:6: undefined reference to `exp'
  collect2: error: ld returned 1 exit status
  failure.
  removing: _configtest.c _configtest.o
  C compiler: gcc -pthread -B /srv/conda/envs/notebook/compiler_compat -Wl,--sysroot=/ -Wsign-compare -DNDEBUG -g -fwrapv -O3 -Wall -Wstrict-prototypes -fPIC
  
  compile options: '-Inumpy/core/src/private -Inumpy/core/src -Inumpy/core -Inumpy/core/src/npymath -Inumpy/core/src/multiarray -Inumpy/core/src/umath -Inumpy/core/src/npysort -I/srv/conda/envs/notebook/include/python3.7m -c'
  gcc: _configtest.c
  _configtest.c:1:5: warning: conflicting types for built-in function â€˜expâ€™ [-Wbuiltin-declaration-mismatch]
   int exp (void);
       ^~~
  gcc -pthread -B /srv/conda/envs/notebook/compiler_compat -Wl,--sysroot=/ _configtest.o -lm -o _configtest
  success!
  removing: _configtest.c _configtest.o _configtest
  creating build/src.linux-x86_64-3.7/numpy/core
  creating build/src.linux-x86_64-3.7/numpy/core/src
  creating build/src.linux-x86_64-3.7/numpy/core/src/npymath
  conv_template:> build/src.linux-x86_64-3.7/numpy/core/src/npymath/npy_math.c
  conv_template:> build/src.linux-x86_64-3.7/numpy/core/src/npymath/ieee754.c
  conv_template:> build/src.linux-x86_64-3.7/numpy/core/src/npymath/npy_math_complex.c
  building library "npysort" sources
  creating build/src.linux-x86_64-3.7/numpy/core/src/npysort
  conv_template:> build/src.linux-x86_64-3.7/numpy/core/src/npysort/quicksort.c
  conv_template:> build/src.linux-x86_64-3.7/numpy/core/src/npysort/mergesort.c
  conv_template:> build/src.linux-x86_64-3.7/numpy/core/src/npysort/heapsort.c
  creating build/src.linux-x86_64-3.7/numpy/core/src/private
  conv_template:> build/src.linux-x86_64-3.7/numpy/core/src/private/npy_partition.h
    adding 'build/src.linux-x86_64-3.7/numpy/core/src/private' to include_dirs.
  conv_template:> build/src.linux-x86_64-3.7/numpy/core/src/npysort/selection.c
  conv_template:> build/src.linux-x86_64-3.7/numpy/core/src/private/npy_binsearch.h
  conv_template:> build/src.linux-x86_64-3.7/numpy/core/src/npysort/binsearch.c
  None - nothing done with h_files = ['build/src.linux-x86_64-3.7/numpy/core/src/private/npy_partition.h', 'build/src.linux-x86_64-3.7/numpy/core/src/private/npy_binsearch.h']
  building extension "numpy.core._dummy" sources
  Generating build/src.linux-x86_64-3.7/numpy/core/include/numpy/config.h
  C compiler: gcc -pthread -B /srv/conda/envs/notebook/compiler_compat -Wl,--sysroot=/ -Wsign-compare -DNDEBUG -g -fwrapv -O3 -Wall -Wstrict-prototypes -fPIC
  
  compile options: '-Inumpy/core/src/private -Inumpy/core/src -Inumpy/core -Inumpy/core/src/npymath -Inumpy/core/src/multiarray -Inumpy/core/src/umath -Inumpy/core/src/npysort -I/srv/conda/envs/notebook/include/python3.7m -c'
  gcc: _configtest.c
  success!
  removing: _configtest.c _configtest.o
  C compiler: gcc -pthread -B /srv/conda/envs/notebook/compiler_compat -Wl,--sysroot=/ -Wsign-compare -DNDEBUG -g -fwrapv -O3 -Wall -Wstrict-prototypes -fPIC
  
  compile options: '-Inumpy/core/src/private -Inumpy/core/src -Inumpy/core -Inumpy/core/src/npymath -Inumpy/core/src/multiarray -Inumpy/core/src/umath -Inumpy/core/src/npysort -I/srv/conda/envs/notebook/include/python3.7m -c'
  gcc: _configtest.c
  success!
  removing: _configtest.c _configtest.o
  C compiler: gcc -pthread -B /srv/conda/envs/notebook/compiler_compat -Wl,--sysroot=/ -Wsign-compare -DNDEBUG -g -fwrapv -O3 -Wall -Wstrict-prototypes -fPIC
  
  compile options: '-Inumpy/core/src/private -Inumpy/core/src -Inumpy/core -Inumpy/core/src/npymath -Inumpy/core/src/multiarray -Inumpy/core/src/umath -Inumpy/core/src/npysort -I/srv/conda/envs/notebook/include/python3.7m -c'
  gcc: _configtest.c
  _configtest.c:1:10: fatal error: sys/endian.h: No such file or directory
   #include <sys/endian.h>
            ^~~~~~~~~~~~~~
  compilation terminated.
  _configtest.c:1:10: fatal error: sys/endian.h: No such file or directory
   #include <sys/endian.h>
            ^~~~~~~~~~~~~~
  compilation terminated.
  failure.
  removing: _configtest.c _configtest.o
  C compiler: gcc -pthread -B /srv/conda/envs/notebook/compiler_compat -Wl,--sysroot=/ -Wsign-compare -DNDEBUG -g -fwrapv -O3 -Wall -Wstrict-prototypes -fPIC
  
  compile options: '-Inumpy/core/src/private -Inumpy/core/src -Inumpy/core -Inumpy/core/src/npymath -Inumpy/core/src/multiarray -Inumpy/core/src/umath -Inumpy/core/src/npysort -I/srv/conda/envs/notebook/include/python3.7m -c'
  gcc: _configtest.c
  success!
  removing: _configtest.c _configtest.o
  C compiler: gcc -pthread -B /srv/conda/envs/notebook/compiler_compat -Wl,--sysroot=/ -Wsign-compare -DNDEBUG -g -fwrapv -O3 -Wall -Wstrict-prototypes -fPIC
  
  compile options: '-Inumpy/core/src/private -Inumpy/core/src -Inumpy/core -Inumpy/core/src/npymath -Inumpy/core/src/multiarray -Inumpy/core/src/umath -Inumpy/core/src/npysort -I/srv/conda/envs/notebook/include/python3.7m -c'
  gcc: _configtest.c
  success!
  removing: _configtest.c _configtest.o
  C compiler: gcc -pthread -B /srv/conda/envs/notebook/compiler_compat -Wl,--sysroot=/ -Wsign-compare -DNDEBUG -g -fwrapv -O3 -Wall -Wstrict-prototypes -fPIC
  
  compile options: '-Inumpy/core/src/private -Inumpy/core/src -Inumpy/core -Inumpy/core/src/npymath -Inumpy/core/src/multiarray -Inumpy/core/src/umath -Inumpy/core/src/npysort -I/srv/conda/envs/notebook/include/python3.7m -c'
  gcc: _configtest.c
  success!
  removing: _configtest.c _configtest.o
  C compiler: gcc -pthread -B /srv/conda/envs/notebook/compiler_compat -Wl,--sysroot=/ -Wsign-compare -DNDEBUG -g -fwrapv -O3 -Wall -Wstrict-prototypes -fPIC
  
  compile options: '-Inumpy/core/src/private -Inumpy/core/src -Inumpy/core -Inumpy/core/src/npymath -Inumpy/core/src/multiarray -Inumpy/core/src/umath -Inumpy/core/src/npysort -I/srv/conda/envs/notebook/include/python3.7m -c'
  gcc: _configtest.c
  success!
  removing: _configtest.c _configtest.o
  C compiler: gcc -pthread -B /srv/conda/envs/notebook/compiler_compat -Wl,--sysroot=/ -Wsign-compare -DNDEBUG -g -fwrapv -O3 -Wall -Wstrict-prototypes -fPIC
  
  compile options: '-Inumpy/core/src/private -Inumpy/core/src -Inumpy/core -Inumpy/core/src/npymath -Inumpy/core/src/multiarray -Inumpy/core/src/umath -Inumpy/core/src/npysort -I/srv/conda/envs/notebook/include/python3.7m -c'
  gcc: _configtest.c
  _configtest.c: In function â€˜mainâ€™:
  _configtest.c:5:16: warning: variable â€˜test_arrayâ€™ set but not used [-Wunused-but-set-variable]
       static int test_array [1 - 2 * !(((long) (sizeof (npy_check_sizeof_type))) >= 0)];
                  ^~~~~~~~~~
  removing: _configtest.c _configtest.o
  C compiler: gcc -pthread -B /srv/conda/envs/notebook/compiler_compat -Wl,--sysroot=/ -Wsign-compare -DNDEBUG -g -fwrapv -O3 -Wall -Wstrict-prototypes -fPIC
  
  compile options: '-Inumpy/core/src/private -Inumpy/core/src -Inumpy/core -Inumpy/core/src/npymath -Inumpy/core/src/multiarray -Inumpy/core/src/umath -Inumpy/core/src/npysort -I/srv/conda/envs/notebook/include/python3.7m -c'
  gcc: _configtest.c
  _configtest.c: In function â€˜mainâ€™:
  _configtest.c:5:16: warning: variable â€˜test_arrayâ€™ set but not used [-Wunused-but-set-variable]
       static int test_array [1 - 2 * !(((long) (sizeof (npy_check_sizeof_type))) == 4)];
                  ^~~~~~~~~~
  removing: _configtest.c _configtest.o
  C compiler: gcc -pthread -B /srv/conda/envs/notebook/compiler_compat -Wl,--sysroot=/ -Wsign-compare -DNDEBUG -g -fwrapv -O3 -Wall -Wstrict-prototypes -fPIC
  
  compile options: '-Inumpy/core/src/private -Inumpy/core/src -Inumpy/core -Inumpy/core/src/npymath -Inumpy/core/src/multiarray -Inumpy/core/src/umath -Inumpy/core/src/npysort -I/srv/conda/envs/notebook/include/python3.7m -c'
  gcc: _configtest.c
  _configtest.c: In function â€˜mainâ€™:
  _configtest.c:5:16: warning: variable â€˜test_arrayâ€™ set but not used [-Wunused-but-set-variable]
       static int test_array [1 - 2 * !(((long) (sizeof (npy_check_sizeof_type))) >= 0)];
                  ^~~~~~~~~~
  removing: _configtest.c _configtest.o
  C compiler: gcc -pthread -B /srv/conda/envs/notebook/compiler_compat -Wl,--sysroot=/ -Wsign-compare -DNDEBUG -g -fwrapv -O3 -Wall -Wstrict-prototypes -fPIC
  
  compile options: '-Inumpy/core/src/private -Inumpy/core/src -Inumpy/core -Inumpy/core/src/npymath -Inumpy/core/src/multiarray -Inumpy/core/src/umath -Inumpy/core/src/npysort -I/srv/conda/envs/notebook/include/python3.7m -c'
  gcc: _configtest.c
  _configtest.c: In function â€˜mainâ€™:
  _configtest.c:5:16: warning: variable â€˜test_arrayâ€™ set but not used [-Wunused-but-set-variable]
       static int test_array [1 - 2 * !(((long) (sizeof (npy_check_sizeof_type))) == 8)];
                  ^~~~~~~~~~
  removing: _configtest.c _configtest.o
  C compiler: gcc -pthread -B /srv/conda/envs/notebook/compiler_compat -Wl,--sysroot=/ -Wsign-compare -DNDEBUG -g -fwrapv -O3 -Wall -Wstrict-prototypes -fPIC
  
  compile options: '-Inumpy/core/src/private -Inumpy/core/src -Inumpy/core -Inumpy/core/src/npymath -Inumpy/core/src/multiarray -Inumpy/core/src/umath -Inumpy/core/src/npysort -I/srv/conda/envs/notebook/include/python3.7m -c'
  gcc: _configtest.c
  success!
  removing: _configtest.c _configtest.o
  C compiler: gcc -pthread -B /srv/conda/envs/notebook/compiler_compat -Wl,--sysroot=/ -Wsign-compare -DNDEBUG -g -fwrapv -O3 -Wall -Wstrict-prototypes -fPIC
  
  compile options: '-Inumpy/core/src/private -Inumpy/core/src -Inumpy/core -Inumpy/core/src/npymath -Inumpy/core/src/multiarray -Inumpy/core/src/umath -Inumpy/core/src/npysort -I/srv/conda/envs/notebook/include/python3.7m -c'
  gcc: _configtest.c
  _configtest.c: In function â€˜mainâ€™:
  _configtest.c:5:16: warning: variable â€˜test_arrayâ€™ set but not used [-Wunused-but-set-variable]
       static int test_array [1 - 2 * !(((long) (sizeof (npy_check_sizeof_type))) >= 0)];
                  ^~~~~~~~~~
  removing: _configtest.c _configtest.o
  C compiler: gcc -pthread -B /srv/conda/envs/notebook/compiler_compat -Wl,--sysroot=/ -Wsign-compare -DNDEBUG -g -fwrapv -O3 -Wall -Wstrict-prototypes -fPIC
  
  compile options: '-Inumpy/core/src/private -Inumpy/core/src -Inumpy/core -Inumpy/core/src/npymath -Inumpy/core/src/multiarray -Inumpy/core/src/umath -Inumpy/core/src/npysort -I/srv/conda/envs/notebook/include/python3.7m -c'
  gcc: _configtest.c
  _configtest.c: In function â€˜mainâ€™:
  _configtest.c:5:16: warning: variable â€˜test_arrayâ€™ set but not used [-Wunused-but-set-variable]
       static int test_array [1 - 2 * !(((long) (sizeof (npy_check_sizeof_type))) == 8)];
                  ^~~~~~~~~~
  removing: _configtest.c _configtest.o
  C compiler: gcc -pthread -B /srv/conda/envs/notebook/compiler_compat -Wl,--sysroot=/ -Wsign-compare -DNDEBUG -g -fwrapv -O3 -Wall -Wstrict-prototypes -fPIC
  
  compile options: '-Inumpy/core/src/private -Inumpy/core/src -Inumpy/core -Inumpy/core/src/npymath -Inumpy/core/src/multiarray -Inumpy/core/src/umath -Inumpy/core/src/npysort -I/srv/conda/envs/notebook/include/python3.7m -c'
  gcc: _configtest.c
  _configtest.c: In function â€˜mainâ€™:
  _configtest.c:5:16: warning: variable â€˜test_arrayâ€™ set but not used [-Wunused-but-set-variable]
       static int test_array [1 - 2 * !(((long) (sizeof (npy_check_sizeof_type))) >= 0)];
                  ^~~~~~~~~~
  removing: _configtest.c _configtest.o
  C compiler: gcc -pthread -B /srv/conda/envs/notebook/compiler_compat -Wl,--sysroot=/ -Wsign-compare -DNDEBUG -g -fwrapv -O3 -Wall -Wstrict-prototypes -fPIC
  
  compile options: '-Inumpy/core/src/private -Inumpy/core/src -Inumpy/core -Inumpy/core/src/npymath -Inumpy/core/src/multiarray -Inumpy/core/src/umath -Inumpy/core/src/npysort -I/srv/conda/envs/notebook/include/python3.7m -c'
  gcc: _configtest.c
  _configtest.c: In function â€˜mainâ€™:
  _configtest.c:5:16: warning: variable â€˜test_arrayâ€™ set but not used [-Wunused-but-set-variable]
       static int test_array [1 - 2 * !(((long) (sizeof (npy_check_sizeof_type))) == 16)];
                  ^~~~~~~~~~
  removing: _configtest.c _configtest.o
  C compiler: gcc -pthread -B /srv/conda/envs/notebook/compiler_compat -Wl,--sysroot=/ -Wsign-compare -DNDEBUG -g -fwrapv -O3 -Wall -Wstrict-prototypes -fPIC
  
  compile options: '-Inumpy/core/src/private -Inumpy/core/src -Inumpy/core -Inumpy/core/src/npymath -Inumpy/core/src/multiarray -Inumpy/core/src/umath -Inumpy/core/src/npysort -I/srv/conda/envs/notebook/include/python3.7m -c'
  gcc: _configtest.c
  _configtest.c: In function â€˜mainâ€™:
  _configtest.c:7:12: error: â€˜SIZEOF_LONGDOUBLEâ€™ undeclared (first use in this function); did you mean â€˜SIZEOF_LONG_DOUBLEâ€™?
       (void) SIZEOF_LONGDOUBLE;
              ^~~~~~~~~~~~~~~~~
              SIZEOF_LONG_DOUBLE
  _configtest.c:7:12: note: each undeclared identifier is reported only once for each function it appears in
  _configtest.c: In function Ã¢Â€Â˜mainÃ¢Â€Â™:
  _configtest.c:7:12: error: Ã¢Â€Â˜SIZEOF_LONGDOUBLEÃ¢Â€Â™ undeclared (first use in this function); did you mean Ã¢Â€Â˜SIZEOF_LONG_DOUBLEÃ¢Â€Â™?
       (void) SIZEOF_LONGDOUBLE;
              ^~~~~~~~~~~~~~~~~
              SIZEOF_LONG_DOUBLE
  _configtest.c:7:12: note: each undeclared identifier is reported only once for each function it appears in
  failure.
  removing: _configtest.c _configtest.o
  C compiler: gcc -pthread -B /srv/conda/envs/notebook/compiler_compat -Wl,--sysroot=/ -Wsign-compare -DNDEBUG -g -fwrapv -O3 -Wall -Wstrict-prototypes -fPIC
  
  compile options: '-Inumpy/core/src/private -Inumpy/core/src -Inumpy/core -Inumpy/core/src/npymath -Inumpy/core/src/multiarray -Inumpy/core/src/umath -Inumpy/core/src/npysort -I/srv/conda/envs/notebook/include/python3.7m -c'
  gcc: _configtest.c
  _configtest.c: In function â€˜mainâ€™:
  _configtest.c:5:16: warning: variable â€˜test_arrayâ€™ set but not used [-Wunused-but-set-variable]
       static int test_array [1 - 2 * !(((long) (sizeof (npy_check_sizeof_type))) >= 0)];
                  ^~~~~~~~~~
  removing: _configtest.c _configtest.o
  C compiler: gcc -pthread -B /srv/conda/envs/notebook/compiler_compat -Wl,--sysroot=/ -Wsign-compare -DNDEBUG -g -fwrapv -O3 -Wall -Wstrict-prototypes -fPIC
  
  compile options: '-Inumpy/core/src/private -Inumpy/core/src -Inumpy/core -Inumpy/core/src/npymath -Inumpy/core/src/multiarray -Inumpy/core/src/umath -Inumpy/core/src/npysort -I/srv/conda/envs/notebook/include/python3.7m -c'
  gcc: _configtest.c
  _configtest.c: In function â€˜mainâ€™:
  _configtest.c:5:16: warning: variable â€˜test_arrayâ€™ set but not used [-Wunused-but-set-variable]
       static int test_array [1 - 2 * !(((long) (sizeof (npy_check_sizeof_type))) == 16)];
                  ^~~~~~~~~~
  removing: _configtest.c _configtest.o
  C compiler: gcc -pthread -B /srv/conda/envs/notebook/compiler_compat -Wl,--sysroot=/ -Wsign-compare -DNDEBUG -g -fwrapv -O3 -Wall -Wstrict-prototypes -fPIC
  
  compile options: '-Inumpy/core/src/private -Inumpy/core/src -Inumpy/core -Inumpy/core/src/npymath -Inumpy/core/src/multiarray -Inumpy/core/src/umath -Inumpy/core/src/npysort -I/srv/conda/envs/notebook/include/python3.7m -c'
  gcc: _configtest.c
  _configtest.c: In function â€˜mainâ€™:
  _configtest.c:5:16: warning: variable â€˜test_arrayâ€™ set but not used [-Wunused-but-set-variable]
       static int test_array [1 - 2 * !(((long) (sizeof (npy_check_sizeof_type))) >= 0)];
                  ^~~~~~~~~~
  removing: _configtest.c _configtest.o
  C compiler: gcc -pthread -B /srv/conda/envs/notebook/compiler_compat -Wl,--sysroot=/ -Wsign-compare -DNDEBUG -g -fwrapv -O3 -Wall -Wstrict-prototypes -fPIC
  
  compile options: '-Inumpy/core/src/private -Inumpy/core/src -Inumpy/core -Inumpy/core/src/npymath -Inumpy/core/src/multiarray -Inumpy/core/src/umath -Inumpy/core/src/npysort -I/srv/conda/envs/notebook/include/python3.7m -c'
  gcc: _configtest.c
  _configtest.c: In function â€˜mainâ€™:
  _configtest.c:5:16: warning: variable â€˜test_arrayâ€™ set but not used [-Wunused-but-set-variable]
       static int test_array [1 - 2 * !(((long) (sizeof (npy_check_sizeof_type))) == 32)];
                  ^~~~~~~~~~
  removing: _configtest.c _configtest.o
  C compiler: gcc -pthread -B /srv/conda/envs/notebook/compiler_compat -Wl,--sysroot=/ -Wsign-compare -DNDEBUG -g -fwrapv -O3 -Wall -Wstrict-prototypes -fPIC
  
  compile options: '-Inumpy/core/src/private -Inumpy/core/src -Inumpy/core -Inumpy/core/src/npymath -Inumpy/core/src/multiarray -Inumpy/core/src/umath -Inumpy/core/src/npysort -I/srv/conda/envs/notebook/include/python3.7m -c'
  gcc: _configtest.c
  _configtest.c: In function â€˜mainâ€™:
  _configtest.c:7:16: warning: variable â€˜test_arrayâ€™ set but not used [-Wunused-but-set-variable]
       static int test_array [1 - 2 * !(((long) (sizeof (npy_check_sizeof_type))) >= 0)];
                  ^~~~~~~~~~
  removing: _configtest.c _configtest.o
  C compiler: gcc -pthread -B /srv/conda/envs/notebook/compiler_compat -Wl,--sysroot=/ -Wsign-compare -DNDEBUG -g -fwrapv -O3 -Wall -Wstrict-prototypes -fPIC
  
  compile options: '-Inumpy/core/src/private -Inumpy/core/src -Inumpy/core -Inumpy/core/src/npymath -Inumpy/core/src/multiarray -Inumpy/core/src/umath -Inumpy/core/src/npysort -I/srv/conda/envs/notebook/include/python3.7m -c'
  gcc: _configtest.c
  _configtest.c: In function â€˜mainâ€™:
  _configtest.c:7:16: warning: variable â€˜test_arrayâ€™ set but not used [-Wunused-but-set-variable]
       static int test_array [1 - 2 * !(((long) (sizeof (npy_check_sizeof_type))) == 8)];
                  ^~~~~~~~~~
  removing: _configtest.c _configtest.o
  C compiler: gcc -pthread -B /srv/conda/envs/notebook/compiler_compat -Wl,--sysroot=/ -Wsign-compare -DNDEBUG -g -fwrapv -O3 -Wall -Wstrict-prototypes -fPIC
  
  compile options: '-Inumpy/core/src/private -Inumpy/core/src -Inumpy/core -Inumpy/core/src/npymath -Inumpy/core/src/multiarray -Inumpy/core/src/umath -Inumpy/core/src/npysort -I/srv/conda/envs/notebook/include/python3.7m -c'
  gcc: _configtest.c
  _configtest.c: In function â€˜mainâ€™:
  _configtest.c:7:16: warning: variable â€˜test_arrayâ€™ set but not used [-Wunused-but-set-variable]
       static int test_array [1 - 2 * !(((long) (sizeof (npy_check_sizeof_type))) >= 0)];
                  ^~~~~~~~~~
  removing: _configtest.c _configtest.o
  C compiler: gcc -pthread -B /srv/conda/envs/notebook/compiler_compat -Wl,--sysroot=/ -Wsign-compare -DNDEBUG -g -fwrapv -O3 -Wall -Wstrict-prototypes -fPIC
  
  compile options: '-Inumpy/core/src/private -Inumpy/core/src -Inumpy/core -Inumpy/core/src/npymath -Inumpy/core/src/multiarray -Inumpy/core/src/umath -Inumpy/core/src/npysort -I/srv/conda/envs/notebook/include/python3.7m -c'
  gcc: _configtest.c
  _configtest.c: In function â€˜mainâ€™:
  _configtest.c:7:16: warning: variable â€˜test_arrayâ€™ set but not used [-Wunused-but-set-variable]
       static int test_array [1 - 2 * !(((long) (sizeof (npy_check_sizeof_type))) == 8)];
                  ^~~~~~~~~~
  removing: _configtest.c _configtest.o
  C compiler: gcc -pthread -B /srv/conda/envs/notebook/compiler_compat -Wl,--sysroot=/ -Wsign-compare -DNDEBUG -g -fwrapv -O3 -Wall -Wstrict-prototypes -fPIC
  
  compile options: '-Inumpy/core/src/private -Inumpy/core/src -Inumpy/core -Inumpy/core/src/npymath -Inumpy/core/src/multiarray -Inumpy/core/src/umath -Inumpy/core/src/npysort -I/srv/conda/envs/notebook/include/python3.7m -c'
  gcc: _configtest.c
  success!
  removing: _configtest.c _configtest.o
  C compiler: gcc -pthread -B /srv/conda/envs/notebook/compiler_compat -Wl,--sysroot=/ -Wsign-compare -DNDEBUG -g -fwrapv -O3 -Wall -Wstrict-prototypes -fPIC
  
  compile options: '-Inumpy/core/src/private -Inumpy/core/src -Inumpy/core -Inumpy/core/src/npymath -Inumpy/core/src/multiarray -Inumpy/core/src/umath -Inumpy/core/src/npysort -I/srv/conda/envs/notebook/include/python3.7m -c'
  gcc: _configtest.c
  _configtest.c: In function â€˜mainâ€™:
  _configtest.c:7:16: warning: variable â€˜test_arrayâ€™ set but not used [-Wunused-but-set-variable]
       static int test_array [1 - 2 * !(((long) (sizeof (npy_check_sizeof_type))) >= 0)];
                  ^~~~~~~~~~
  removing: _configtest.c _configtest.o
  C compiler: gcc -pthread -B /srv/conda/envs/notebook/compiler_compat -Wl,--sysroot=/ -Wsign-compare -DNDEBUG -g -fwrapv -O3 -Wall -Wstrict-prototypes -fPIC
  
  compile options: '-Inumpy/core/src/private -Inumpy/core/src -Inumpy/core -Inumpy/core/src/npymath -Inumpy/core/src/multiarray -Inumpy/core/src/umath -Inumpy/core/src/npysort -I/srv/conda/envs/notebook/include/python3.7m -c'
  gcc: _configtest.c
  _configtest.c: In function â€˜mainâ€™:
  _configtest.c:7:16: warning: variable â€˜test_arrayâ€™ set but not used [-Wunused-but-set-variable]
       static int test_array [1 - 2 * !(((long) (sizeof (npy_check_sizeof_type))) == 8)];
                  ^~~~~~~~~~
  removing: _configtest.c _configtest.o
  C compiler: gcc -pthread -B /srv/conda/envs/notebook/compiler_compat -Wl,--sysroot=/ -Wsign-compare -DNDEBUG -g -fwrapv -O3 -Wall -Wstrict-prototypes -fPIC
  
  compile options: '-Inumpy/core/src/private -Inumpy/core/src -Inumpy/core -Inumpy/core/src/npymath -Inumpy/core/src/multiarray -Inumpy/core/src/umath -Inumpy/core/src/npysort -I/srv/conda/envs/notebook/include/python3.7m -c'
  gcc: _configtest.c
  _configtest.c: In function â€˜mainâ€™:
  _configtest.c:5:16: warning: variable â€˜test_arrayâ€™ set but not used [-Wunused-but-set-variable]
       static int test_array [1 - 2 * !(((long) (sizeof (npy_check_sizeof_type))) >= 0)];
                  ^~~~~~~~~~
  removing: _configtest.c _configtest.o
  C compiler: gcc -pthread -B /srv/conda/envs/notebook/compiler_compat -Wl,--sysroot=/ -Wsign-compare -DNDEBUG -g -fwrapv -O3 -Wall -Wstrict-prototypes -fPIC
  
  compile options: '-Inumpy/core/src/private -Inumpy/core/src -Inumpy/core -Inumpy/core/src/npymath -Inumpy/core/src/multiarray -Inumpy/core/src/umath -Inumpy/core/src/npysort -I/srv/conda/envs/notebook/include/python3.7m -c'
  gcc: _configtest.c
  _configtest.c: In function â€˜mainâ€™:
  _configtest.c:5:16: warning: variable â€˜test_arrayâ€™ set but not used [-Wunused-but-set-variable]
       static int test_array [1 - 2 * !(((long) (sizeof (npy_check_sizeof_type))) == 8)];
                  ^~~~~~~~~~
  removing: _configtest.c _configtest.o
  C compiler: gcc -pthread -B /srv/conda/envs/notebook/compiler_compat -Wl,--sysroot=/ -Wsign-compare -DNDEBUG -g -fwrapv -O3 -Wall -Wstrict-prototypes -fPIC
  
  compile options: '-Inumpy/core/src/private -Inumpy/core/src -Inumpy/core -Inumpy/core/src/npymath -Inumpy/core/src/multiarray -Inumpy/core/src/umath -Inumpy/core/src/npysort -I/srv/conda/envs/notebook/include/python3.7m -c'
  gcc: _configtest.c
  success!
  removing: _configtest.c _configtest.o
  C compiler: gcc -pthread -B /srv/co[0m[91mnda/envs/notebook/compiler_compat -Wl,--sysroot=/ -Wsign-compare -DNDEBUG -g -fwrapv -O3 -Wall -Wstrict-prototypes -fPIC
  
  compile options: '-Inumpy/core/src/private -Inumpy/core/src -Inumpy/core -Inumpy/core/src/npymath -Inumpy/core/src/multiarray -Inumpy/core/src/umath -Inumpy/core/src/npysort -I/srv/conda/envs/notebook/include/python3.7m -c'
  gcc: _configtest.c
  _configtest.c:1:5: warning: conflicting types for built-in function â€˜expâ€™ [-Wbuiltin-declaration-mismatch]
   int exp (void);
       ^~~
  gcc -pthread -B /srv/conda/envs/notebook/compiler_compat -Wl,--sysroot=/ _configtest.o -o _configtest
  /srv/conda/envs/notebook/compiler_compat/ld: _configtest.o: in function `main':
  /tmp/pip-install-pg0w6ihm/numpy/_configtest.c:6: undefined reference to `exp'
  collect2: error: ld returned 1 exit status
  /srv/conda/envs/notebook/compiler_compat/ld: _configtest.o: in function `main':
  /tmp/pip-install-pg0w6ihm/numpy/_configtest.c:6: undefined reference to `exp'
  collect2: error: ld returned 1 exit status
  failure.
  removing: _configtest.c _configtest.o
  C compiler: gcc -pthread -B /srv/conda/envs/notebook/compiler_compat -Wl,--sysroot=/ -Wsign-compare -DNDEBUG -g -fwrapv -O3 -Wall -Wstrict-prototypes -fPIC
  
  compile options: '-Inumpy/core/src/private -Inumpy/core/src -Inumpy/core -Inumpy/core/src/npymath -Inumpy/core/src/multiarray -Inumpy/core/src/umath -Inumpy/core/src/npysort -I/srv/conda/envs/notebook/include/python3.7m -c'
  gcc: _configtest.c
  _configtest.c:1:5: warning: conflicting types for built-in function â€˜expâ€™ [-Wbuiltin-declaration-mismatch]
   int exp (void);
       ^~~
  gcc -pthread -B /srv/conda/envs/notebook/compiler_compat -Wl,--sysroot=/ _configtest.o -lm -o _configtest
  success!
  removing: _configtest.c _configtest.o _configtest
  C compiler: gcc -pthread -B /srv/conda/envs/notebook/compiler_compat -Wl,--sysroot=/ -Wsign-compare -DNDEBUG -g -fwrapv -O3 -Wall -Wstrict-prototypes -fPIC
  
  compile options: '-Inumpy/core/src/private -Inumpy/core/src -Inumpy/core -Inumpy/core/src/npymath -Inumpy/core/src/multiarray -Inumpy/core/src/umath -Inumpy/core/src/npysort -I/srv/conda/envs/notebook/include/python3.7m -c'
  gcc: _configtest.c
  _configtest.c:1:5: warning: conflicting types for built-in function â€˜sinâ€™ [-Wbuiltin-declaration-mismatch]
   int sin (void);
       ^~~
  _configtest.c:2:5: warning: conflicting types for built-in function â€˜cosâ€™ [-Wbuiltin-declaration-mismatch]
   int cos (void);
       ^~~
  _configtest.c:3:5: warning: conflicting types for built-in function â€˜tanâ€™ [-Wbuiltin-declaration-mismatch]
   int tan (void);
       ^~~
  _configtest.c:4:5: warning: conflicting types for built-in function â€˜sinhâ€™ [-Wbuiltin-declaration-mismatch]
   int sinh (void);
       ^~~~
  _configtest.c:5:5: warning: conflicting types for built-in function â€˜coshâ€™ [-Wbuiltin-declaration-mismatch]
   int cosh (void);
       ^~~~
  _configtest.c:6:5: warning: conflicting types for built-in function â€˜tanhâ€™ [-Wbuiltin-declaration-mismatch]
   int tanh (void);
       ^~~~
  _configtest.c:7:5: warning: conflicting types for built-in function â€˜fabsâ€™ [-Wbuiltin-declaration-mismatch]
   int fabs (void);
       ^~~~
  _configtest.c:8:5: warning: conflicting types for built-in function â€˜floorâ€™ [-Wbuiltin-declaration-mismatch]
   int floor (void);
       ^~~~~
  _configtest.c:9:5: warning: conflicting types for built-in function â€˜ceilâ€™ [-Wbuiltin-declaration-mismatch]
   int ceil (void);
       ^~~~
  _configtest.c:10:5: warning: conflicting types for built-in function â€˜sqrtâ€™ [-Wbuiltin-declaration-mismatch]
   int sqrt (void);
       ^~~~
  _configtest.c:11:5: warning: conflicting types for built-in function â€˜log10â€™ [-Wbuiltin-declaration-mismatch]
   int log10 (void);
       ^~~~~
  _configtest.c:12:5: warning: conflicting types for built-in function â€˜logâ€™ [-Wbuiltin-declaration-mismatch]
   int log (void);
       ^~~
  _configtest.c:13:5: warning: conflicting types for built-in function â€˜expâ€™ [-Wbuiltin-declaration-mismatch]
   int exp (void);
       ^~~
  _configtest.c:14:5: warning: conflicting types for built-in function â€˜asinâ€™ [-Wbuiltin-declaration-mismatch]
   int asin (void);
       ^~~~
  _configtest.c:15:5: warning: conflicting types for built-in function â€˜acosâ€™ [-Wbuiltin-declaration-mismatch]
   int acos (void);
       ^~~~
  _configtest.c:16:5: warning: conflicting types for built-in function â€˜atanâ€™ [-Wbuiltin-declaration-mismatch]
   int atan (void);
       ^~~~
  _configtest.c:17:5: warning: conflicting types for built-in function â€˜fmodâ€™ [-Wbuiltin-declaration-mismatch]
   int fmod (void);
       ^~~~
  _configtest.c:18:5: warning: conflicting types for built-in function â€˜modfâ€™ [-Wbuiltin-declaration-mismatch]
   int modf (void);
       ^~~~
  _configtest.c:19:5: warning: conflicting types for built-in function â€˜frexpâ€™ [-Wbuiltin-declaration-mismatch]
   int frexp (void);
       ^~~~~
  _configtest.c:20:5: warning: conflicting types for built-in function â€˜ldexpâ€™ [-Wbuiltin-declaration-mismatch]
   int ldexp (void);
       ^~~~~
  gcc -pthread -B /srv/conda/envs/notebook/compiler_compat -Wl,--sysroot=/ _configtest.o -lm -o _configtest
  success!
  removing: _configtest.c _configtest.o _configtest
  C compiler: gcc -pthread -B /srv/conda/envs/notebook/compiler_compat -Wl,--sysroot=/ -Wsign-compare -DNDEBUG -g -fwrapv -O3 -Wall -Wstrict-prototypes -fPIC
  
  compile options: '-Inumpy/core/src/private -Inumpy/core/src -Inumpy/core -Inumpy/core/src/npymath -Inumpy/core/src/multiarray -Inumpy/core/src/umath -Inumpy/core/src/npysort -I/srv/conda/envs/notebook/include/python3.7m -c'
  gcc: _configtest.c
  success!
  removing: _configtest.c _configtest.o
  C compiler: gcc -pthread -B /srv/conda/envs/notebook/compiler_compat -Wl,--sysroot=/ -Wsign-compare -DNDEBUG -g -fwrapv -O3 -Wall -Wstrict-prototypes -fPIC
  
  compile options: '-Inumpy/core/src/private -Inumpy/core/src -Inumpy/core -Inumpy/core/src/npymath -Inumpy/core/src/multiarray -Inumpy/core/src/umath -Inumpy/core/src/npysort -I/srv/conda/envs/notebook/include/python3.7m -c'
  gcc: _configtest.c
  success!
  removing: _configtest.c _configtest.o
  C compiler: gcc -pthread -B /srv/conda/envs/notebook/compiler_compat -Wl,--sysroot=/ -Wsign-compare -DNDEBUG -g -fwrapv -O3 -Wall -Wstrict-prototypes -fPIC
  
  compile options: '-Inumpy/core/src/private -Inumpy/core/src -Inumpy/core -Inumpy/core/src/npymath -Inumpy/core/src/multiarray -Inumpy/core/src/umath -Inumpy/core/src/npysort -I/srv/conda/envs/notebook/include/python3.7m -c'
  gcc: _configtest.c
  success!
  removing: _configtest.c _configtest.o
  C compiler: gcc -pthread -B /srv/conda/envs/notebook/compiler_compat -Wl,--sysroot=/ -Wsign-compare -DNDEBUG -g -fwrapv -O3 -Wall -Wstrict-prototypes -fPIC
  
  compile options: '-Inumpy/core/src/private -Inumpy/core/src -Inumpy/core -Inumpy/core/src/npymath -Inumpy/core/src/multiarray -Inumpy/core/src/umath -Inumpy/core/src/npysort -I/srv/conda/envs/notebook/include/python3.7m -c'
  gcc: _configtest.c
  success!
  removing: _configtest.c _configtest.o
  C compiler: gcc -pthread -B /srv/conda/envs/notebook/compiler_compat -Wl,--sysroot=/ -Wsign-compare -DNDEBUG -g -fwrapv -O3 -Wall -Wstrict-prototypes -fPIC
  
  compile options: '-Inumpy/core/src/private -Inumpy/core/src -Inumpy/core -Inumpy/core/src/npymath -Inumpy/core/src/multiarray -Inumpy/core/src/umath -Inumpy/core/src/npysort -I/srv/conda/envs/notebook/include/python3.7m -c'
  gcc: _configtest.c
  success!
  removing: _configtest.c _configtest.o
  C compiler: gcc -pthread -B /srv/conda/envs/notebook/compiler_compat -Wl,--sysroot=/ -Wsign-compare -DNDEBUG -g -fwrapv -O3 -Wall -Wstrict-prototypes -fPIC
  
  compile options: '-Inumpy/core/src/private -Inumpy/core/src -Inumpy/core -Inumpy/core/src/npymath -Inumpy/core/src/multiarray -Inumpy/core/src/umath -Inumpy/core/src/npysort -I/srv/conda/envs/notebook/include/python3.7m -c'
  gcc: _configtest.c
  success!
  removing: _configtest.c _configtest.o
  C compiler: gcc -pthread -B /srv/conda/envs/notebook/compiler_compat -Wl,--sysroot=/ -Wsign-compare -DNDEBUG -g -fwrapv -O3 -Wall -Wstrict-prototypes -fPIC
  
  compile options: '-Inumpy/core/src/private -Inumpy/core/src -Inumpy/core -Inumpy/core/src/npymath -Inumpy/core/src/multiarray -Inumpy/core/src/umath -Inumpy/core/src/npysort -I/srv/conda/envs/notebook/include/python3.7m -c'
  gcc: _configtest.c
  success!
  removing: _configtest.c _configtest.o
  C compiler: gcc -pthread -B /srv/conda/envs/notebook/compiler_compat -Wl,--sysroot=/ -Wsign-compare -DNDEBUG -g -fwrapv -O3 -Wall -Wstrict-prototypes -fPIC
  
  compile options: '-Inumpy/core/src/private -Inumpy/core/src -Inumpy/core -Inumpy/core/src/npymath -Inumpy/core/src/multiarray -Inumpy/core/src/umath -Inumpy/core/src/npysort -I/srv/conda/envs/notebook/include/python3.7m -c'
  gcc: _configtest.c
  success!
  removing: _configtest.c _configtest.o
  C compiler: gcc -pthread -B /srv/conda/envs/notebook/compiler_compat -Wl,--sysroot=/ -Wsign-compare -DNDEBUG -g -fwrapv -O3 -Wall -Wstrict-prototypes -fPIC
  
  compile options: '-Inumpy/core/src/private -Inumpy/core/src -Inumpy/core -Inumpy/core/src/npymath -Inumpy/core/src/multiarray -Inumpy/core/src/umath -Inumpy/core/src/npysort -I/srv/conda/envs/notebook/include/python3.7m -c'
  gcc: _configtest.c
  success!
  removing: _configtest.c _configtest.o
  C compiler: gcc -pthread -B /srv/conda/envs/notebook/compiler_compat -Wl,--sysroot=/ -Wsign-compare -DNDEBUG -g -fwrapv -O3 -Wall -Wstrict-prototypes -fPIC
  
  compile options: '-Inumpy/core/src/private -Inumpy/core/src -Inumpy/core -Inumpy/core/src/npymath -Inumpy/core/src/multiarray -Inumpy/core/src/umath -Inumpy/core/src/npysort -I/srv/conda/envs/notebook/include/python3.7m -c'
  gcc: _configtest.c
  _configtest.c:1:5: warning: conflicting types for built-in function â€˜rintâ€™ [-Wbuiltin-declaration-mismatch]
   int rint (void);
       ^~~~
  _configtest.c:2:5: warning: conflicting types for built-in function â€˜truncâ€™ [-Wbuiltin-declaration-mismatch]
   int trunc (void);
       ^~~~~
  _configtest.c:3:5: warning: conflicting types for built-in function â€˜exp2â€™ [-Wbuiltin-declaration-mismatch]
   int exp2 (void);
       ^~~~
  _configtest.c:4:5: warning: conflicting types for built-in function â€˜log2â€™ [-Wbuiltin-declaration-mismatch]
   int log2 (void);
       ^~~~
  _configtest.c:5:5: warning: conflicting types for built-in function â€˜atan2â€™ [-Wbuiltin-declaration-mismatch]
   int atan2 (void);
       ^~~~~
  _configtest.c:6:5: warning: conflicting types for built-in function â€˜powâ€™ [-Wbuiltin-declaration-mismatch]
   int pow (void);
       ^~~
  _configtest.c:7:5: warning: conflicting types for built-in function â€˜nextafterâ€™ [-Wbuiltin-declaration-mismatch]
   int nextafter (void);
       ^~~~~~~~~
  _configtest.c:10:5: warning: conflicting types for built-in function â€˜cbrtâ€™ [-Wbuiltin-declaration-mismatch]
   int cbrt (void);
       ^~~~
  gcc -pthread -B /srv/conda/envs/notebook/compiler_compat -Wl,--sysroot=/ _configtest.o -lm -o _configtest
  success!
  removing: _configtest.c _configtest.o _configtest
  C compiler: gcc -pthread -B /srv/conda/envs/notebook/compiler_compat -Wl,--sysroot=/ -Wsign-compare -DNDEBUG -g -fwrapv -O3 -Wall -Wstrict-prototypes -fPIC
  
  compile options: '-Inumpy/core/src/private -Inumpy/core/src -Inumpy/core -Inumpy/core/src/npymath -Inumpy/core/src/multiarray -Inumpy/core/src/umath -Inumpy/core/src/npysort -I/srv/conda/envs/notebook/include/python3.7m -c'
  gcc: _configtest.c
  gcc -pthread -B /srv/conda/envs/notebook/compiler_compat -Wl,--sysroot=/ _configtest.o -o _configtest
  success!
  removing: _configtest.c _configtest.o _configtest
  C compiler: gcc -pthread -B /srv/conda/envs/notebook/compiler_compat -Wl,--sysroot=/ -Wsign-compare -DNDEBUG -g -fwrapv -O3 -Wall -Wstrict-prototypes -fPIC
  
  compile options: '-Inumpy/core/src/private -Inumpy/core/src -Inumpy/core -Inumpy/core/src/npymath -Inumpy/core/src/multiarray -Inumpy/core/src/umath -Inumpy/core/src/npysort -I/srv/conda/envs/notebook/include/python3.7m -c'
  gcc: _configtest.c
  gcc -pthread -B /srv/conda/envs/notebook/compiler_compat -Wl,--sysroot=/ _configtest.o -o _configtest
  success!
  removing: _configtest.c _configtest.o _configtest
  C compiler: gcc -pthread -B /srv/conda/envs/notebook/compiler_compat -Wl,--sysroot=/ -Wsign-compare -DNDEBUG -g -fwrapv -O3 -Wall -Wstrict-prototypes -fPIC
  
  compile options: '-Inumpy/core/src/private -Inumpy/core/src -Inumpy/core -Inumpy/core/src/npymath -Inumpy/core/src/multiarray -Inumpy/core/src/umath -Inumpy/core/src/npysort -I/srv/conda/envs/notebook/include/python3.7m -c'
  gcc: _configtest.c
  gcc -pthread -B /srv/conda/envs/notebook/compiler_compat -Wl,--sysroot=/ _configtest.o -o _configtest
  success!
  removing: _configtest.c _configtest.o _configtest
  C compiler: gcc -pthread -B /srv/conda/envs/notebook/compiler_compat -Wl,--sysroot=/ -Wsign-compare -DNDEBUG -g -fwrapv -O3 -Wall -Wstrict-prototypes -fPIC
  
  compile options: '-Inumpy/core/src/private -Inumpy/core/src -Inumpy/core -Inumpy/core/src/npymath -Inumpy/core/src/multiarray -Inumpy/core/src/umath -Inumpy/core/src/npysort -I/srv/conda/envs/notebook/include/python3.7m -c'
  gcc: _configtest.c
  _configtest.c: In function â€˜mainâ€™:
  _configtest.c:5:3: warning: statement with no effect [-Wunused-value]
     __builtin_isnan(5.);
     ^~~~~~~~~~~~~~~
  gcc -pthread -B /srv/conda/envs/notebook/compiler_compat -Wl,--sysroot=/ _configtest.o -o _configtest
  success!
  removing: _configtest.c _configtest.o _configtest
  C compiler: gcc -pthread -B /srv/conda/envs/notebook/compiler_compat -Wl,--sysroot=/ -Wsign-compare -DNDEBUG -g -fwrapv -O3 -Wall -Wstrict-prototypes -fPIC
  
  compile options: '-Inumpy/core/src/private -Inumpy/core/src -Inumpy/core -Inumpy/core/src/npymath -Inumpy/core/src/multiarray -Inumpy/core/src/umath -Inumpy/core/src/npysort -I/srv/conda/envs/notebook/include/python3.7m -c'
  gcc: _configtest.c
  _configtest.c: In function â€˜mainâ€™:
  _configtest.c:5:3: warning: statement with no effect [-Wunused-value]
     __builtin_isinf(5.);
     ^~~~~~~~~~~~~~~
  gcc -pthread -B /srv/conda/envs/notebook/compiler_compat -Wl,--sysroot=/ _configtest.o -o _configtest
  success!
  removing: _configtest.c _configtest.o _configtest
  C compiler: gcc -pthread -B /srv/conda/envs/notebook/compiler_compat -Wl,--sysroot=/ -Wsign-compare -DNDEBUG -g -fwrapv -O3 -Wall -Wstrict-prototypes -fPIC
  
  compile options: '-Inumpy/core/src/private -Inumpy/core/src -Inumpy/core -Inumpy/core/src/npymath -Inumpy/core/src/multiarray -Inumpy/core/src/umath -Inumpy/core/src/npysort -I/srv/conda/envs/notebook/include/python3.7m -c'
  gcc: _configtest.c
  _configtest.c: In function â€˜mainâ€™:
  _configtest.c:5:3: warning: statement with no effect [-Wunused-value]
     __builtin_isfinite(5.);
     ^~~~~~~~~~~~~~~~~~
  gcc -pthread -B /srv/conda/envs/notebook/compiler_compat -Wl,--sysroot=/ _configtest.o -o _configtest
  success!
  removing: _configtest.c _configtest.o _configtest
  C compiler: gcc -pthread -B /srv/conda/envs/notebook/compiler_compat -Wl,--sysroot=/ -Wsign-compare -DNDEBUG -g -fwrapv -O3 -Wall -Wstrict-prototypes -fPIC
  
  compile options: '-Inumpy/core/src/private -Inumpy/core/src -Inumpy/core -Inumpy/core/src/npymath -Inumpy/core/src/multiarray -Inumpy/core/src/umath -Inumpy/core/src/npysort -I/srv/conda/envs/notebook/include/python3.7m -c'
  gcc: _configtest.c
  _configtest.c: In function â€˜mainâ€™:
  _configtest.c:5:3: warning: statement with no effect [-Wunused-value]
     __builtin_bswap32(5u);
     ^~~~~~~~~~~~~~~~~
  gcc -pthread -B /srv/conda/envs/notebook/compiler_compat -Wl,--sysroot=/ _configtest.o -o _configtest
  success!
  removing: _configtest.c _configtest.o _configtest
  C compiler: gcc -pthread -B /srv/conda/envs/notebook/compiler_compat -Wl,--sysroot=/ -Wsign-compare -DNDEBUG -g -fwrapv -O3 -Wall -Wstrict-prototypes -fPIC
  
  compile options: '-Inumpy/core/src/private -Inumpy/core/src -Inumpy/core -Inumpy/core/src/npymath -Inumpy/core/src/multiarray -Inumpy/core/src/umath -Inumpy/core/src/npysort -I/srv/conda/envs/notebook/include/python3.7m -c'
  gcc: _configtest.c
  _configtest.c: In function â€˜mainâ€™:
  _configtest.c:5:3: warning: statement with no effect [-Wunused-value]
     __builtin_bswap64(5u);
     ^~~~~~~~~~~~~~~~~
  gcc -pthread -B /srv/conda/envs/notebook/compiler_compat -Wl,--sysroot=/ _configtest.o -o _configtest
  success!
  removing: _configtest.c _configtest.o _configtest
  C compiler: gcc -pthread -B /srv/conda/envs/notebook/compiler_compat -Wl,--sysroot=/ -Wsign-compare -DNDEBUG -g -fwrapv -O3 -Wall -Wstrict-prototypes -fPIC
  
  compile options: '-Inumpy/core/src/private -Inumpy/core/src -Inumpy/core -Inumpy/core/src/npymath -Inumpy/core/src/multiarray -Inumpy/core/src/umath -Inumpy/core/src/npysort -I/srv/conda/envs/notebook/include/python3.7m -c'
  gcc: _configtest.c
  _configtest.c: In function â€˜mainâ€™:
  _configtest.c:5:3: warning: statement with no effect [-Wunused-value]
     __builtin_expect(5, 0);
     ^~~~~~~~~~~~~~~~
  gcc -pthread -B /srv/conda/envs/notebook/compiler_compat -Wl,--sysroot=/ _configtest.o -o _configtest
  success!
  removing: _configtest.c _configtest.o _configtest
  C compiler: gcc -pthread -B /srv/conda/envs/notebook/compiler_compat -Wl,--sysroot=/ -Wsign-compare -DNDEBUG -g -fwrapv -O3 -Wall -Wstrict-prototypes -fPIC
  
  compile options: '-Inumpy/core/src/private -Inumpy/core/src -Inumpy/core -Inumpy/core/src/npymath -Inumpy/core/src/multiarray -Inumpy/core/src/umath -Inumpy/core/src/npysort -I/srv/conda/envs/notebook/include/python3.7m -c'
  gcc: _configtest.c
  gcc -pthread -B /srv/conda/envs/notebook/compiler_compat -Wl,--sysroot=/ _configtest.o -o _configtest
  success!
  removing: _configtest.c _configtest.o _configtest
  C compiler: gcc -pthread -B /srv/conda/envs/notebook/compiler_compat -Wl,--sysroot=/ -Wsign-compare -DNDEBUG -g -fwrapv -O3 -Wall -Wstrict-prototypes -fPIC
  
  compile options: '-Inumpy/core/src/private -Inumpy/core/src -Inumpy/core -Inumpy/core/src/npymath -Inumpy/core/src/multiarray -Inumpy/core/src/umath -Inumpy/core/src/npysort -I/srv/conda/envs/notebook/include/python3.7m -c'
  gcc: _configtest.c
  _configtest.c: In function â€˜mainâ€™:
  _configtest.c:7:16: warning: unused variable â€˜râ€™ [-Wunused-variable]
     volatile int r = __builtin_cpu_supports("sse");
                  ^
  gcc -pthread -B /srv/conda/envs/notebook/compiler_compat -Wl,--sysroot=/ _configtest.o -o _configtest
  success!
  removing: _configtest.c _configtest.o _configtest
  C compiler: gcc -pthread -B /srv/conda/envs/notebook/compiler_compat -Wl,--sysroot=/ -Wsign-compare -DNDEBUG -g -fwrapv -O3 -Wall -Wstrict-prototypes -fPIC
  
  compile options: '-Inumpy/core/src/private -Inumpy/core/src -Inumpy/core -Inumpy/core/src/npymath -Inumpy/core/src/multiarray -Inumpy/core/src/umath -Inumpy/core/src/npysort -I/srv/conda/envs/notebook/include/python3.7m -c'
  gcc: _configtest.c
  gcc -pthread -B /srv/conda/envs/notebook/compiler_compat -Wl,--sysroot=/ _configtest.o -o _configtest
  success!
  removing: _configtest.c _configtest.o _configtest
  C compiler: gcc -pthread -B /srv/conda/envs/notebook/compiler_compat -Wl,--sysroot=/ -Wsign-compare -DNDEBUG -g -fwrapv -O3 -Wall -Wstrict-prototypes -fPIC
  
  compile options: '-Inumpy/core/src/private -Inumpy/core/src -Inumpy/core -Inumpy/core/src/npymath -Inumpy/core/src/multiarray -Inumpy/core/src/umath -Inumpy/core/src/npysort -I/srv/conda/envs/notebook/include/python3.7m -c'
  gcc: _configtest.c
  gcc -pthread -B /srv/conda/envs/notebook/compiler_compat -Wl,--sysroot=/ _configtest.o -o _configtest
  success!
  removing: _configtest.c _configtest.o _configtest
  C compiler: gcc -pthread -B /srv/conda/envs/notebook/compiler_compat -Wl,--sysroot=/ -Wsign-compare -DNDEBUG -g -fwrapv -O3 -Wall -Wstrict-prototypes -fPIC
  
  compile options: '-Inumpy/core/src/private -Inumpy/core/src -Inumpy/core -Inumpy/core/src/npymath -Inumpy/core/src/multiarray -Inumpy/core/src/umath -Inumpy/core/src/npysort -I/srv/conda/envs/notebook/include/python3.7m -c'
  gcc: _configtest.c
  gcc -pthread -B /srv/conda/envs/notebook/compiler_compat -Wl,--sysroot=/ _configtest.o -o _configtest
  success!
  removing: _configtest.c _configtest.o _configtest
  C compiler: gcc -pthread -B /srv/conda/envs/notebook/compiler_compat -Wl,--sysroot=/ -Wsign-compare -DNDEBUG -g -fwrapv -O3 -Wall -Wstrict-prototypes -fPIC
  
  compile options: '-Inumpy/core/src/private -Inumpy/core/src -Inumpy/core -Inumpy/core/src/npymath -Inumpy/core/src/multiarray -Inumpy/core/src/umath -Inumpy/core/src/npysort -I/srv/conda/envs/notebook/include/python3.7m -c'
  gcc: _configtest.c
  gcc -pthread -B /srv/conda/envs/notebook/compiler_compat -Wl,--sysroot=/ _configtest.o -o _configtest
  success!
  removing: _configtest.c _configtest.o _configtest
  C compiler: gcc -pthread -B /srv/conda/envs/notebook/compiler_compat -Wl,--sysroot=/ -Wsign-compare -DNDEBUG -g -fwrapv -O3 -Wall -Wstrict-prototypes -fPIC
  
  compile options: '-Inumpy/core/src/private -Inumpy/core/src -Inumpy/core -Inumpy/core/src/npymath -Inumpy/core/src/multiarray -Inumpy/core/src/umath -Inumpy/core/src/npysort -I/srv/conda/envs/notebook/include/python3.7m -c'
  gcc: _configtest.c
  gcc -pthread -B /srv/conda/envs/notebook/compiler_compat -Wl,--sysroot=/ _configtest.o -o _configtest
  success!
  removing: _configtest.c _configtest.o _configtest
  C compiler: gcc -pthread -B /srv/conda/envs/notebook/compiler_compat -Wl,--sysroot=/ -Wsign-compare -DNDEBUG -g -fwrapv -O3 -Wall -Wstrict-prototypes -fPIC
  
  compile options: '-Inumpy/core/src/private -Inumpy/core/src -Inumpy/core -Inumpy/core/src/npymath -Inumpy/core/src/multiarray -Inumpy/core/src/umath -Inumpy/core/src/npysort -I/srv/conda/envs/notebook/include/python3.7m -c'
  gcc: _configtest.c
  gcc -pthread -B /srv/conda/envs/notebook/compiler_compat -Wl,--sysroot=/ _configtest.o -o _configtest
  success!
  removing: _configtest.c _configtest.o _configtest
  C compiler: gcc -pthread -B /srv/conda/envs/notebook/compiler_compat -Wl,--sysroot=/ -Wsign-compare -DNDEBUG -g -fwrapv -O3 -Wall -Wstrict-prototypes -fPIC
  
  compile options: '-Inumpy/core/src/private -Inumpy/core/src -Inumpy/core -Inumpy/core/src/npymath -Inumpy/core/src/multiarray -Inumpy/core/src/umath -Inumpy/core/src/npysort -I/srv/conda/envs/notebook/include/python3.7m -c'
  gcc: _configtest.c
  _configtest.c:3:0: warning: ignoring #pragma clang diagnostic [-Wunknown-pragmas]
   #pragma clang diagnostic error "-Wattributes"
  
  _configtest.c:8:1: warning: function declaration isnâ€™t a prototype [-Wstrict-prototypes]
   main()
   ^~~~
  success!
  removing: _configtest.c _configtest.o
  C compiler: gcc -pthread -B /srv/conda/envs/notebook/compiler_compat -Wl,--sysroot=/ -Wsign-compare -DNDEBUG -g -fwrapv -O3 -Wall -Wstrict-prototypes -fPIC
  
  compile options: '-Inumpy/core/src/private -Inumpy/core/src -Inumpy/core -Inumpy/core/src/npymath -Inumpy/core/src/multiarray -Inumpy/core/src/umath -Inumpy/core/src/npysort -I/srv/conda/envs/notebook/include/python3.7m -c'
  gcc: _configtest.c
  _configtest.c:3:0: warning: ignoring #pragma clang diagnostic [-Wunknown-pragmas]
   #pragma clang diagnostic error "-Wattributes"
  
  _configtest.c:8:1: warning: function declaration isnâ€™t a prototype [-Wstrict-prototypes]
   main()
   ^~~~
  success!
  removing: _configtest.c _configtest.o
  C compiler: gcc -pthread -B /srv/conda/envs/notebook/compiler_compat -Wl,--sysroot=/ -Wsign-compare -DNDEBUG -g -fwrapv -O3 -Wall -Wstrict-prototypes -fPIC
  
  compile options: '-Inumpy/core/src/private -Inumpy/core/src -Inumpy/core -Inumpy/core/src/npymath -Inumpy/core/src/multiarray -Inumpy/core/src/umath -Inumpy/core/src/npysort -I/srv/conda/envs/notebook/include/python3.7m -c'
  gcc: _configtest.c
  _configtest.c:3:0: warning: ignoring #pragma clang diagnostic [-Wunknown-pragmas]
   #pragma clang diagnostic error "-Wattributes"
  
  _configtest.c:8:1: warning: function declaration isnâ€™t a prototype [-Wstrict-prototypes]
   main()
   ^~~~
  success!
  removing: _configtest.c _configtest.o
  C compiler: gcc -pthread -B /srv/conda/envs/notebook/compiler_compat -Wl,--sysroot=/ -Wsign-compare -DNDEBUG -g -fwrapv -O3 -Wall -Wstrict-prototypes -fPIC
  
  compile options: '-Inumpy/core/src/private -Inumpy/core/src -Inumpy/core -Inumpy/core/src/npymath -Inumpy/core/src/multiarray -Inumpy/core/src/umath -Inumpy/core/src/npysort -I/srv/conda/envs/notebook/include/python3.7m -c'
  gcc: _configtest.c
  _configtest.c:3:0: warning: ignoring #pragma clang diagnostic [-Wunknown-pragmas]
   #pragma clang diagnostic error "-Wattributes"
  
  _configtest.c:8:1: warning: function declaration isnâ€™t a prototype [-Wstrict-prototypes]
   main()
   ^~~~
  success!
  removing: _configtest.c _configtest.o
  C compiler: gcc -pthread -B /srv/conda/envs/notebook/compiler_compat -Wl,--sysroot=/ -Wsign-compare -DNDEBUG -g -fwrapv -O3 -Wall -Wstrict-prototypes -fPIC
  
  compile options: '-Inumpy/core/src/private -Inumpy/core/src -Inumpy/core -Inumpy/core/src/npymath -Inumpy/core/src/multiarray -Inumpy/core/src/umath -Inumpy/core/src/npysort -I/srv/conda/envs/notebook/include/python3.7m -c'
  gcc: _configtest.c
  _configtest.c:3:0: warning: ignoring #pragma clang diagnostic [-Wunknown-pragmas]
   #pragma clang diagnostic error "-Wattributes"
  
  _configtest.c:8:1: warning: function declaration isnâ€™t a prototype [-Wstrict-prototypes]
   main()
   ^~~~
  success!
  removing: _configtest.c _configtest.o
  C compiler: gcc -pthread -B /srv/conda/envs/notebook/compiler_compat -Wl,--sysroot=/ -Wsign-compare -DNDEBUG -g -fwrapv -O3 -Wall -Wstrict-prototypes -fPIC
  
  compile options: '-Inumpy/core/src/private -Inumpy/core/src -Inumpy/core -Inumpy/core/src/npymath -Inumpy/core/src/multiarray -Inumpy/core/src/umath -Inumpy/core/src/npysort -I/srv/conda/envs/notebook/include/python3.7m -c'
  gcc: _configtest.c
  _configtest.c:3:0: warning: ignoring #pragma clang diagnostic [-Wunknown-pragmas]
   #pragma clang diagnostic error "-Wattributes"
  
  _configtest.c:8:1: warning: function declaration isnâ€™t a prototype [-Wstrict-prototypes]
   main()
   ^~~~
  success!
  removing: _configtest.c _configtest.o
  C compiler: gcc -pthread -B /srv/conda/envs/notebook/compiler_compat -Wl,--sysroot=/ -Wsign-compare -DNDEBUG -g -fwrapv -O3 -Wall -Wstrict-prototypes -fPIC
  
  compile options: '-Inumpy/core/src/private -Inumpy/core/src -Inumpy/core -Inumpy/core/src/npymath -Inumpy/core/src/multiarray -Inumpy/core/src/umath -Inumpy/core/src/npysort -I/srv/conda/envs/notebook/include/python3.7m -c'
  gcc: _configtest.c
  _configtest.c:3:0: warning: ignoring #pragma clang diagnostic [-Wunknown-pragmas]
   #pragma clang diagnostic error "-Wattributes"
  
  _configtest.c:5:5: warning: function declaration isnâ€™t a prototype [-Wstrict-prototypes]
   int __declspec(thread) foo;
       ^~~~~~~~~~
  _configtest.c: In function â€˜__declspecâ€™:
  _configtest.c:5:24: error: expected declaration specifiers before â€˜fooâ€™
   int __declspec(thread) foo;
                          ^~~
  _configtest.c:9:1: error: expected â€˜=â€™, â€˜,â€™, â€˜;â€™, â€˜asmâ€™ or â€˜__attribute__â€™ before â€˜{â€™ token
   {
   ^
  _configtest.c:5:5: warning: type of â€˜threadâ€™ defaults to â€˜intâ€™ [-Wimplicit-int]
   int __declspec(thread) foo;
       ^~~~~~~~~~
  _configtest.c:11:1: error: expected â€˜{â€™ at end of input
   }
   ^
  _configtest.c:11:1: warning: control reaches end of non-void function [-Wreturn-type]
   }
   ^
  _configtest.c:3:0: warning: ignoring #pragma clang diagnostic [-Wunknown-pragmas]
   #pragma clang diagnostic error "-Wattributes"
  
  _configtest.c:5:5: warning: function declaration isnÃ¢Â€Â™t a prototype [-Wstrict-prototypes]
   int __declspec(thread) foo;
       ^~~~~~~~~~
  _configtest.c: In function Ã¢Â€Â˜__declspecÃ¢Â€Â™:
  _configtest.c:5:24: error: expected declaration specifiers before Ã¢Â€Â˜fooÃ¢Â€Â™
   int __declspec(thread) foo;
                          ^~~
  _configtest.c:9:1: error: expected Ã¢Â€Â˜=Ã¢Â€Â™, Ã¢Â€Â˜,Ã¢Â€Â™, Ã¢Â€Â˜;Ã¢Â€Â™, Ã¢Â€Â˜asmÃ¢Â€Â™ or Ã¢Â€Â˜__attribute__Ã¢Â€Â™ before Ã¢Â€Â˜{Ã¢Â€Â™ token
   {
   ^
  _configtest.c:5:5: warning: type of Ã¢Â€Â˜threadÃ¢Â€Â™ defaults to Ã¢Â€Â˜intÃ¢Â€Â™ [-Wimplicit-int]
   int __declspec(thread) foo;
       ^~~~~~~~~~
  _configtest.c:11:1: error: expected Ã¢Â€Â˜{Ã¢Â€Â™ at end of input
   }
   ^
  _configtest.c:11:1: warning: control reaches end of non-void function [-Wreturn-type]
   }
   ^
  failure.
  removing: _configtest.c _configtest.o
  C compiler: gcc -pthread -B /srv/conda/envs/notebook/compiler_compat -Wl,--sysroot=/ -Wsign-compare -DNDEBUG -g -fwrapv -O3 -Wall -Wstrict-prototypes -fPIC
  
  compile options: '-Inumpy/core/src/private -Inumpy/core/src -Inumpy/core -Inumpy/core/src/npymath -Inumpy/core/src/multiarray -Inumpy/core/src/umath -Inumpy/core/src/npysort -I/srv/conda/envs/notebook/include/python3.7m -c'
  gcc: _configtest.c
  _configtest.c:1:5: warning: conflicting types for built-in function â€˜sinfâ€™ [-Wbuiltin-declaration-mismatch]
   int sinf (void);
       ^~~~
  _configtest.c:2:5: warning: conflicting types for built-in function â€˜cosfâ€™ [-Wbuiltin-declaration-mismatch]
   int cosf (void);
       ^~~~
  _configtest.c:3:5: warning: conflicting types for built-in function â€˜tanfâ€™ [-Wbuiltin-declaration-mismatch]
   int tanf (void);
       ^~~~
  _configtest.c:4:5: warning: conflicting types for built-in function â€˜sinhfâ€™ [-Wbuiltin-declaration-mismatch]
   int sinhf (void);
       ^~~~~
  _configtest.c:5:5: warning: conflicting types for built-in function â€˜coshfâ€™ [-Wbuiltin-declaration-mismatch]
   int coshf (void);
       ^~~~~
  _configtest.c:6:5: warning: conflicting types for built-in function â€˜tanhfâ€™ [-Wbuiltin-declaration-mismatch]
   int tanhf (void);
       ^~~~~
  _configtest.c:7:5: warning: conflicting types for built-in function â€˜fabsfâ€™ [-Wbuiltin-declaration-mismatch]
   int fabsf (void);
       ^~~~~
  _configtest.c:8:5: warning: conflicting types for built-in function â€˜floorfâ€™ [-Wbuiltin-declaration-mismatch]
   int floorf (void);
       ^~~~~~
  _configtest.c:9:5: warning: conflicting types for built-in function â€˜ceilfâ€™ [-Wbuiltin-declaration-mismatch]
   int ceilf (void);
       ^~~~~
  _configtest.c:10:5: warning: conflicting types for built-in function â€˜rintfâ€™ [-Wbuiltin-declaration-mismatch]
   int rintf (void);
       ^~~~~
  _configtest.c:11:5: warning: conflicting types for built-in function â€˜truncfâ€™ [-Wbuiltin-declaration-mismatch]
   int truncf (void);
       ^~~~~~
  _configtest.c:12:5: warning: conflicting types for built-in function â€˜sqrtfâ€™ [-Wbuiltin-declaration-mismatch]
   int sqrtf (void);
       ^~~~~
  _configtest.c:13:5: warning: conflicting types for built-in function â€˜log10fâ€™ [-Wbuiltin-declaration-mismatch]
   int log10f (void);
       ^~~~~~
  _configtest.c:14:5: warning: conflicting types for built-in function â€˜logfâ€™ [-Wbuiltin-declaration-mismatch]
   int logf (void);
       ^~~~
  _configtest.c:15:5: warning: conflicting types for built-in function â€˜log1pfâ€™ [-Wbuiltin-declaration-mismatch]
   int log1pf (void);
       ^~~~~~
  _configtest.c:16:5: warning: conflicting types for built-in function â€˜expfâ€™ [-Wbuiltin-declaration-mismatch]
   int expf (void);
       ^~~~
  _configtest.c:17:5: warning: conflicting types for built-in function â€˜expm1fâ€™ [-Wbuiltin-declaration-mismatch]
   int expm1f (void);
       ^~~~~~
  _configtest.c:18:5: warning: conflicting types for built-in function â€˜asinfâ€™ [-Wbuiltin-declaration-mismatch]
   int asinf (void);
       ^~~~~
  _configtest.c:19:5: warning: conflicting types for built-in function â€˜acosfâ€™ [-Wbuiltin-declaration-mismatch]
   int acosf (void);
       ^~~~~
  _configtest.c:20:5: warning: conflicting types for built-in function â€˜atanfâ€™ [-Wbuiltin-declaration-mismatch]
   int atanf (void);
       ^~~~~
  _configtest.c:21:5: warning: conflicting types for built-in function â€˜asinhfâ€™ [-Wbuiltin-declaration-mismatch]
   int asinhf (void);
       ^~~~~~
  _configtest.c:22:5: warning: conflicting types for built-in function â€˜acoshfâ€™ [-Wbuiltin-declaration-mismatch]
   int acoshf (void);
       ^~~~~~
  _configtest.c:23:5: warning: conflicting types for built-in function â€˜atanhfâ€™ [-Wbuiltin-declaration-mismatch]
   int atanhf (void);
       ^~~~~~
  _configtest.c:24:5: warning: conflicting types for built-in function â€˜hypotfâ€™ [-Wbuiltin-declaration-mismatch]
   int hypotf (void);
       ^~~~~~
  _configtest.c:25:5: warning: conflicti[0m[91mng types for built-in function â€˜atan2fâ€™ [-Wbuiltin-declaration-mismatch]
   int atan2f (void);
       ^~~~~~
  _configtest.c:26:5: warning: conflicting types for built-in function â€˜powfâ€™ [-Wbuiltin-declaration-mismatch]
   int powf (void);
       ^~~~
  _configtest.c:27:5: warning: conflicting types for built-in function â€˜fmodfâ€™ [-Wbuiltin-declaration-mismatch]
   int fmodf (void);
       ^~~~~
  _configtest.c:28:5: warning: conflicting types for built-in function â€˜modffâ€™ [-Wbuiltin-declaration-mismatch]
   int modff (void);
       ^~~~~
  _configtest.c:29:5: warning: conflicting types for built-in function â€˜frexpfâ€™ [-Wbuiltin-declaration-mismatch]
   int frexpf (void);
       ^~~~~~
  _configtest.c:30:5: warning: conflicting types for built-in function â€˜ldexpfâ€™ [-Wbuiltin-declaration-mismatch]
   int ldexpf (void);
       ^~~~~~
  _configtest.c:31:5: warning: conflicting types for built-in function â€˜exp2fâ€™ [-Wbuiltin-declaration-mismatch]
   int exp2f (void);
       ^~~~~
  _configtest.c:32:5: warning: conflicting types for built-in function â€˜log2fâ€™ [-Wbuiltin-declaration-mismatch]
   int log2f (void);
       ^~~~~
  _configtest.c:33:5: warning: conflicting types for built-in function â€˜copysignfâ€™ [-Wbuiltin-declaration-mismatch]
   int copysignf (void);
       ^~~~~~~~~
  _configtest.c:34:5: warning: conflicting types for built-in function â€˜nextafterfâ€™ [-Wbuiltin-declaration-mismatch]
   int nextafterf (void);
       ^~~~~~~~~~
  _configtest.c:35:5: warning: conflicting types for built-in function â€˜cbrtfâ€™ [-Wbuiltin-declaration-mismatch]
   int cbrtf (void);
       ^~~~~
  gcc -pthread -B /srv/conda/envs/notebook/compiler_compat -Wl,--sysroot=/ _configtest.o -lm -o _configtest
  success!
  removing: _configtest.c _configtest.o _configtest
  C compiler: gcc -pthread -B /srv/conda/envs/notebook/compiler_compat -Wl,--sysroot=/ -Wsign-compare -DNDEBUG -g -fwrapv -O3 -Wall -Wstrict-prototypes -fPIC
  
  compile options: '-Inumpy/core/src/private -Inumpy/core/src -Inumpy/core -Inumpy/core/src/npymath -Inumpy/core/src/multiarray -Inumpy/core/src/umath -Inumpy/core/src/npysort -I/srv/conda/envs/notebook/include/python3.7m -c'
  gcc: _configtest.c
  _configtest.c:1:5: warning: conflicting types for built-in function â€˜sinlâ€™ [-Wbuiltin-declaration-mismatch]
   int sinl (void);
       ^~~~
  _configtest.c:2:5: warning: conflicting types for built-in function â€˜coslâ€™ [-Wbuiltin-declaration-mismatch]
   int cosl (void);
       ^~~~
  _configtest.c:3:5: warning: conflicting types for built-in function â€˜tanlâ€™ [-Wbuiltin-declaration-mismatch]
   int tanl (void);
       ^~~~
  _configtest.c:4:5: warning: conflicting types for built-in function â€˜sinhlâ€™ [-Wbuiltin-declaration-mismatch]
   int sinhl (void);
       ^~~~~
  _configtest.c:5:5: warning: conflicting types for built-in function â€˜coshlâ€™ [-Wbuiltin-declaration-mismatch]
   int coshl (void);
       ^~~~~
  _configtest.c:6:5: warning: conflicting types for built-in function â€˜tanhlâ€™ [-Wbuiltin-declaration-mismatch]
   int tanhl (void);
       ^~~~~
  _configtest.c:7:5: warning: conflicting types for built-in function â€˜fabslâ€™ [-Wbuiltin-declaration-mismatch]
   int fabsl (void);
       ^~~~~
  _configtest.c:8:5: warning: conflicting types for built-in function â€˜floorlâ€™ [-Wbuiltin-declaration-mismatch]
   int floorl (void);
       ^~~~~~
  _configtest.c:9:5: warning: conflicting types for built-in function â€˜ceillâ€™ [-Wbuiltin-declaration-mismatch]
   int ceill (void);
       ^~~~~
  _configtest.c:10:5: warning: conflicting types for built-in function â€˜rintlâ€™ [-Wbuiltin-declaration-mismatch]
   int rintl (void);
       ^~~~~
  _configtest.c:11:5: warning: conflicting types for built-in function â€˜trunclâ€™ [-Wbuiltin-declaration-mismatch]
   int truncl (void);
       ^~~~~~
  _configtest.c:12:5: warning: conflicting types for built-in function â€˜sqrtlâ€™ [-Wbuiltin-declaration-mismatch]
   int sqrtl (void);
       ^~~~~
  _configtest.c:13:5: warning: conflicting types for built-in function â€˜log10lâ€™ [-Wbuiltin-declaration-mismatch]
   int log10l (void);
       ^~~~~~
  _configtest.c:14:5: warning: conflicting types for built-in function â€˜loglâ€™ [-Wbuiltin-declaration-mismatch]
   int logl (void);
       ^~~~
  _configtest.c:15:5: warning: conflicting types for built-in function â€˜log1plâ€™ [-Wbuiltin-declaration-mismatch]
   int log1pl (void);
       ^~~~~~
  _configtest.c:16:5: warning: conflicting types for built-in function â€˜explâ€™ [-Wbuiltin-declaration-mismatch]
   int expl (void);
       ^~~~
  _configtest.c:17:5: warning: conflicting types for built-in function â€˜expm1lâ€™ [-Wbuiltin-declaration-mismatch]
   int expm1l (void);
       ^~~~~~
  _configtest.c:18:5: warning: conflicting types for built-in function â€˜asinlâ€™ [-Wbuiltin-declaration-mismatch]
   int asinl (void);
       ^~~~~
  _configtest.c:19:5: warning: conflicting types for built-in function â€˜acoslâ€™ [-Wbuiltin-declaration-mismatch]
   int acosl (void);
       ^~~~~
  _configtest.c:20:5: warning: conflicting types for built-in function â€˜atanlâ€™ [-Wbuiltin-declaration-mismatch]
   int atanl (void);
       ^~~~~
  _configtest.c:21:5: warning: conflicting types for built-in function â€˜asinhlâ€™ [-Wbuiltin-declaration-mismatch]
   int asinhl (void);
       ^~~~~~
  _configtest.c:22:5: warning: conflicting types for built-in function â€˜acoshlâ€™ [-Wbuiltin-declaration-mismatch]
   int acoshl (void);
       ^~~~~~
  _configtest.c:23:5: warning: conflicting types for built-in function â€˜atanhlâ€™ [-Wbuiltin-declaration-mismatch]
   int atanhl (void);
       ^~~~~~
  _configtest.c:24:5: warning: conflicting types for built-in function â€˜hypotlâ€™ [-Wbuiltin-declaration-mismatch]
   int hypotl (void);
       ^~~~~~
  _configtest.c:25:5: warning: conflicting types for built-in function â€˜atan2lâ€™ [-Wbuiltin-declaration-mismatch]
   int atan2l (void);
       ^~~~~~
  _configtest.c:26:5: warning: conflicting types for built-in function â€˜powlâ€™ [-Wbuiltin-declaration-mismatch]
   int powl (void);
       ^~~~
  _configtest.c:27:5: warning: conflicting types for built-in function â€˜fmodlâ€™ [-Wbuiltin-declaration-mismatch]
   int fmodl (void);
       ^~~~~
  _configtest.c:28:5: warning: conflicting types for built-in function â€˜modflâ€™ [-Wbuiltin-declaration-mismatch]
   int modfl (void);
       ^~~~~
  _configtest.c:29:5: warning: conflicting types for built-in function â€˜frexplâ€™ [-Wbuiltin-declaration-mismatch]
   int frexpl (void);
       ^~~~~~
  _configtest.c:30:5: warning: conflicting types for built-in function â€˜ldexplâ€™ [-Wbuiltin-declaration-mismatch]
   int ldexpl (void);
       ^~~~~~
  _configtest.c:31:5: warning: conflicting types for built-in function â€˜exp2lâ€™ [-Wbuiltin-declaration-mismatch]
   int exp2l (void);
       ^~~~~
  _configtest.c:32:5: warning: conflicting types for built-in function â€˜log2lâ€™ [-Wbuiltin-declaration-mismatch]
   int log2l (void);
       ^~~~~
  _configtest.c:33:5: warning: conflicting types for built-in function â€˜copysignlâ€™ [-Wbuiltin-declaration-mismatch]
   int copysignl (void);
       ^~~~~~~~~
  _configtest.c:34:5: warning: conflicting types for built-in function â€˜nextafterlâ€™ [-Wbuiltin-declaration-mismatch]
   int nextafterl (void);
       ^~~~~~~~~~
  _configtest.c:35:5: warning: conflicting types for built-in function â€˜cbrtlâ€™ [-Wbuiltin-declaration-mismatch]
   int cbrtl (void);
       ^~~~~
  gcc -pthread -B /srv/conda/envs/notebook/compiler_compat -Wl,--sysroot=/ _configtest.o -lm -o _configtest
  success!
  removing: _configtest.c _configtest.o _configtest
  C compiler: gcc -pthread -B /srv/conda/envs/notebook/compiler_compat -Wl,--sysroot=/ -Wsign-compare -DNDEBUG -g -fwrapv -O3 -Wall -Wstrict-prototypes -fPIC
  
  compile options: '-Inumpy/core/src/private -Inumpy/core/src -Inumpy/core -Inumpy/core/src/npymath -Inumpy/core/src/multiarray -Inumpy/core/src/umath -Inumpy/core/src/npysort -I/srv/conda/envs/notebook/include/python3.7m -c'
  gcc: _configtest.c
  success!
  removing: _configtest.c _configtest.o
  C compiler: gcc -pthread -B /srv/conda/envs/notebook/compiler_compat -Wl,--sysroot=/ -Wsign-compare -DNDEBUG -g -fwrapv -O3 -Wall -Wstrict-prototypes -fPIC
  
  compile options: '-Inumpy/core/src/private -Inumpy/core/src -Inumpy/core -Inumpy/core/src/npymath -Inumpy/core/src/multiarray -Inumpy/core/src/umath -Inumpy/core/src/npysort -I/srv/conda/envs/notebook/include/python3.7m -c'
  gcc: _configtest.c
  success!
  removing: _configtest.c _configtest.o
  C compiler: gcc -pthread -B /srv/conda/envs/notebook/compiler_compat -Wl,--sysroot=/ -Wsign-compare -DNDEBUG -g -fwrapv -O3 -Wall -Wstrict-prototypes -fPIC
  
  compile options: '-Inumpy/core/src/private -Inumpy/core/src -Inumpy/core -Inumpy/core/src/npymath -Inumpy/core/src/multiarray -Inumpy/core/src/umath -Inumpy/core/src/npysort -I/srv/conda/envs/notebook/include/python3.7m -c'
  gcc: _configtest.c
  success!
  removing: _configtest.c _configtest.o
  C compiler: gcc -pthread -B /srv/conda/envs/notebook/compiler_compat -Wl,--sysroot=/ -Wsign-compare -DNDEBUG -g -fwrapv -O3 -Wall -Wstrict-prototypes -fPIC
  
  compile options: '-Inumpy/core/src/private -Inumpy/core/src -Inumpy/core -Inumpy/core/src/npymath -Inumpy/core/src/multiarray -Inumpy/core/src/umath -Inumpy/core/src/npysort -I/srv/conda/envs/notebook/include/python3.7m -c'
  gcc: _configtest.c
  success!
  removing: _configtest.c _configtest.o
  C compiler: gcc -pthread -B /srv/conda/envs/notebook/compiler_compat -Wl,--sysroot=/ -Wsign-compare -DNDEBUG -g -fwrapv -O3 -Wall -Wstrict-prototypes -fPIC
  
  compile options: '-Inumpy/core/src/private -Inumpy/core/src -Inumpy/core -Inumpy/core/src/npymath -Inumpy/core/src/multiarray -Inumpy/core/src/umath -Inumpy/core/src/npysort -I/srv/conda/envs/notebook/include/python3.7m -c'
  gcc: _configtest.c
  _configtest.c: In function â€˜mainâ€™:
  _configtest.c:8:12: error: â€˜HAVE_DECL_SIGNBITâ€™ undeclared (first use in this function); did you mean â€˜HAVE_DECL_ISNANâ€™?
       (void) HAVE_DECL_SIGNBIT;
              ^~~~~~~~~~~~~~~~~
              HAVE_DECL_ISNAN
  _configtest.c:8:12: note: each undeclared identifier is reported only once for each function it appears in
  _configtest.c: In function Ã¢Â€Â˜mainÃ¢Â€Â™:
  _configtest.c:8:12: error: Ã¢Â€Â˜HAVE_DECL_SIGNBITÃ¢Â€Â™ undeclared (first use in this function); did you mean Ã¢Â€Â˜HAVE_DECL_ISNANÃ¢Â€Â™?
       (void) HAVE_DECL_SIGNBIT;
              ^~~~~~~~~~~~~~~~~
              HAVE_DECL_ISNAN
  _configtest.c:8:12: note: each undeclared identifier is reported only once for each function it appears in
  failure.
  removing: _configtest.c _configtest.o
  C compiler: gcc -pthread -B /srv/conda/envs/notebook/compiler_compat -Wl,--sysroot=/ -Wsign-compare -DNDEBUG -g -fwrapv -O3 -Wall -Wstrict-prototypes -fPIC
  
  compile options: '-Inumpy/core/src/private -Inumpy/core/src -Inumpy/core -Inumpy/core/src/npymath -Inumpy/core/src/multiarray -Inumpy/core/src/umath -Inumpy/core/src/npysort -I/srv/conda/envs/notebook/include/python3.7m -c'
  gcc: _configtest.c
  success!
  removing: _configtest.c _configtest.o
  C compiler: gcc -pthread -B /srv/conda/envs/notebook/compiler_compat -Wl,--sysroot=/ -Wsign-compare -DNDEBUG -g -fwrapv -O3 -Wall -Wstrict-prototypes -fPIC
  
  compile options: '-Inumpy/core/src/private -Inumpy/core/src -Inumpy/core -Inumpy/core/src/npymath -Inumpy/core/src/multiarray -Inumpy/core/src/umath -Inumpy/core/src/npysort -I/srv/conda/envs/notebook/include/python3.7m -c'
  gcc: _configtest.c
  success!
  removing: _configtest.c _configtest.o
  C compiler: gcc -pthread -B /srv/conda/envs/notebook/compiler_compat -Wl,--sysroot=/ -Wsign-compare -DNDEBUG -g -fwrapv -O3 -Wall -Wstrict-prototypes -fPIC
  
  compile options: '-Inumpy/core/src/private -Inumpy/core/src -Inumpy/core -Inumpy/core/src/npymath -Inumpy/core/src/multiarray -Inumpy/core/src/umath -Inumpy/core/src/npysort -I/srv/conda/envs/notebook/include/python3.7m -c'
  gcc: _configtest.c
  success!
  removing: _configtest.c _configtest.o
  C compiler: gcc -pthread -B /srv/conda/envs/notebook/compiler_compat -Wl,--sysroot=/ -Wsign-compare -DNDEBUG -g -fwrapv -O3 -Wall -Wstrict-prototypes -fPIC
  
  compile options: '-Inumpy/core/src/private -Inumpy/core/src -Inumpy/core -Inumpy/core/src/npymath -Inumpy/core/src/multiarray -Inumpy/core/src/umath -Inumpy/core/src/npysort -I/srv/conda/envs/notebook/include/python3.7m -c'
  gcc: _configtest.c
  success!
  removing: _configtest.c _configtest.o
  C compiler: gcc -pthread -B /srv/conda/envs/notebook/compiler_compat -Wl,--sysroot=/ -Wsign-compare -DNDEBUG -g -fwrapv -O3 -Wall -Wstrict-prototypes -fPIC
  
  compile options: '-Inumpy/core/src/private -Inumpy/core/src -Inumpy/core -Inumpy/core/src/npymath -Inumpy/core/src/multiarray -Inumpy/core/src/umath -Inumpy/core/src/npysort -I/srv/conda/envs/notebook/include/python3.7m -c'
  gcc: _configtest.c
  removing: _configtest.c _configtest.o
  C compiler: gcc -pthread -B /srv/conda/envs/notebook/compiler_compat -Wl,--sysroot=/ -Wsign-compare -DNDEBUG -g -fwrapv -O3 -Wall -Wstrict-prototypes -fPIC
  
  compile options: '-Inumpy/core/src/private -Inumpy/core/src -Inumpy/core -Inumpy/core/src/npymath -Inumpy/core/src/multiarray -Inumpy/core/src/umath -Inumpy/core/src/npysort -I/srv/conda/envs/notebook/include/python3.7m -c'
  gcc: _configtest.c
  removing: _configtest.c _configtest.o
  C compiler: gcc -pthread -B /srv/conda/envs/notebook/compiler_compat -Wl,--sysroot=/ -Wsign-compare -DNDEBUG -g -fwrapv -O3 -Wall -Wstrict-prototypes -fPIC
  
  compile options: '-Inumpy/core/src/private -Inumpy/core/src -Inumpy/core -Inumpy/core/src/npymath -Inumpy/core/src/multiarray -Inumpy/core/src/umath -Inumpy/core/src/npysort -I/srv/conda/envs/notebook/include/python3.7m -c'
  gcc: _configtest.c
  removing: _configtest.c _configtest.o
  C compiler: gcc -pthread -B /srv/conda/envs/notebook/compiler_compat -Wl,--sysroot=/ -Wsign-compare -DNDEBUG -g -fwrapv -O3 -Wall -Wstrict-prototypes -fPIC
  
  compile options: '-Inumpy/core/src/private -Inumpy/core/src -Inumpy/core -Inumpy/core/src/npymath -Inumpy/core/src/multiarray -Inumpy/core/src/umath -Inumpy/core/src/npysort -I/srv/conda/envs/notebook/include/python3.7m -c'
  gcc: _configtest.c
  _configtest.c:1:5: warning: conflicting types for built-in function â€˜cabsâ€™ [-Wbuiltin-declaration-mismatch]
   int cabs (void);
       ^~~~
  _configtest.c:2:5: warning: conflicting types for built-in function â€˜cacosâ€™ [-Wbuiltin-declaration-mismatch]
   int cacos (void);
       ^~~~~
  _configtest.c:3:5: warning: conflicting types for built-in function â€˜cacoshâ€™ [-Wbuiltin-declaration-mismatch]
   int cacosh (void);
       ^~~~~~
  _configtest.c:4:5: warning: conflicting types for built-in function â€˜cargâ€™ [-Wbuiltin-declaration-mismatch]
   int carg (void);
       ^~~~
  _configtest.c:5:5: warning: conflicting types for built-in function â€˜casinâ€™ [-Wbuiltin-declaration-mismatch]
   int casin (void);
       ^~~~~
  _configtest.c:6:5: warning: conflicting types for built-in function â€˜casinhâ€™ [-Wbuiltin-declaration-mismatch]
   int casinh (void);
       ^~~~~~
  _configtest.c:7:5: warning: conflicting types for built-in function â€˜catanâ€™ [-Wbuiltin-declaration-mismatch]
   int catan (void);
       ^~~~~
  _configtest.c:8:5: warning: conflicting types for built-in function â€˜catanhâ€™ [-Wbuiltin-declaration-mismatch]
   int catanh (void);
       ^~~~~~
  _configtest.c:9:5: warning: conflicting types for built-in function â€˜ccosâ€™ [-Wbuiltin-declaration-mismatch]
   int ccos (void);
       ^~~~
  _configtest.c:10:5: warning: conflicting types for built-in function â€˜ccoshâ€™ [-Wbuiltin-declaration-mismatch]
   int ccosh (void);
       ^~~~~
  _configtest.c:11:5: warning: conflicting types for built-in function â€˜cexpâ€™ [-Wbuiltin-declaration-mismatch]
   int cexp (void);
       ^~~~
  _configtest.c:12:5: warning: conflicting types for built-in function â€˜cimagâ€™ [-Wbuiltin-declaration-mismatch]
   int cimag (void);
       ^~~~~
  _configtest.c:13:5: warning: conflicting types for built-in function â€˜clogâ€™ [-Wbuiltin-declaration-mismatch]
   int clog (void);
       ^~~~
  _configtest.c:14:5: warning: conflicting types for built-in function â€˜conjâ€™ [-Wbuiltin-declaration-mismatch]
   int conj (void);
       ^~~~
  _configtest.c:15:5: warning: conflicting types for built-in function â€˜cpowâ€™ [-Wbuiltin-declaration-mismatch]
   int cpow (void);
       ^~~~
  _configtest.c:16:5: warning: conflicting types for built-in function â€˜cprojâ€™ [-Wbuiltin-declaration-mismatch]
   int cproj (void);
       ^~~~~
  _configtest.c:17:5: warning: conflicting types for built-in function â€˜crealâ€™ [-Wbuiltin-declaration-mismatch]
   int creal (void);
       ^~~~~
  _configtest.c:18:5: warning: conflicting types for built-in function â€˜csinâ€™ [-Wbuiltin-declaration-mismatch]
   int csin (void);
       ^~~~
  _configtest.c:19:5: warning: conflicting types for built-in function â€˜csinhâ€™ [-Wbuiltin-declaration-mismatch]
   int csinh (void);
       ^~~~~
  _configtest.c:20:5: warning: conflicting types for built-in function â€˜csqrtâ€™ [-Wbuiltin-declaration-mismatch]
   int csqrt (void);
       ^~~~~
  _configtest.c:21:5: warning: conflicting types for built-in function â€˜ctanâ€™ [-Wbuiltin-declaration-mismatch]
   int ctan (void);
       ^~~~
  _configtest.c:22:5: warning: conflicting types for built-in function â€˜ctanhâ€™ [-Wbuiltin-declaration-mismatch]
   int ctanh (void);
       ^~~~~
  gcc -pthread -B /srv/conda/envs/notebook/compiler_compat -Wl,--sysroot=/ _configtest.o -lm -o _configtest
  success!
  removing: _configtest.c _configtest.o _configtest
  C compiler: gcc -pthread -B /srv/conda/envs/notebook/compiler_compat -Wl,--sysroot=/ -Wsign-compare -DNDEBUG -g -fwrapv -O3 -Wall -Wstrict-prototypes -fPIC
  
  compile options: '-Inumpy/core/src/private -Inumpy/core/src -Inumpy/core -Inumpy/core/src/npymath -Inumpy/core/src/multiarray -Inumpy/core/src/umath -Inumpy/core/src/npysort -I/srv/conda/envs/notebook/include/python3.7m -c'
  gcc: _configtest.c
  _configtest.c:1:5: warning: conflicting types for built-in function â€˜cabsfâ€™ [-Wbuiltin-declaration-mismatch]
   int cabsf (void);
       ^~~~~
  _configtest.c:2:5: warning: conflicting types for built-in function â€˜cacosfâ€™ [-Wbuiltin-declaration-mismatch]
   int cacosf (void);
       ^~~~~~
  _configtest.c:3:5: warning: conflicting types for built-in function â€˜cacoshfâ€™ [-Wbuiltin-declaration-mismatch]
   int cacoshf (void);
       ^~~~~~~
  _configtest.c:4:5: warning: conflicting types for built-in function â€˜cargfâ€™ [-Wbuiltin-declaration-mismatch]
   int cargf (void);
       ^~~~~
  _configtest.c:5:5: warning: conflicting types for built-in function â€˜casinfâ€™ [-Wbuiltin-declaration-mismatch]
   int casinf (void);
       ^~~~~~
  _configtest.c:6:5: warning: conflicting types for built-in function â€˜casinhfâ€™ [-Wbuiltin-declaration-mismatch]
   int casinhf (void);
       ^~~~~~~
  _configtest.c:7:5: warning: conflicting types for built-in function â€˜catanfâ€™ [-Wbuiltin-declaration-mismatch]
   int catanf (void);
       ^~~~~~
  _configtest.c:8:5: warning: conflicting types for built-in function â€˜catanhfâ€™ [-Wbuiltin-declaration-mismatch]
   int catanhf (void);
       ^~~~~~~
  _configtest.c:9:5: warning: conflicting types for built-in function â€˜ccosfâ€™ [-Wbuiltin-declaration-mismatch]
   int ccosf (void);
       ^~~~~
  _configtest.c:10:5: warning: conflicting types for built-in function â€˜ccoshfâ€™ [-Wbuiltin-declaration-mismatch]
   int ccoshf (void);
       ^~~~~~
  _configtest.c:11:5: warning: conflicting types for built-in function â€˜cexpfâ€™ [-Wbuiltin-declaration-mismatch]
   int cexpf (void);
       ^~~~~
  _configtest.c:12:5: warning: conflicting types for built-in function â€˜cimagfâ€™ [-Wbuiltin-declaration-mismatch]
   int cimagf (void);
       ^~~~~~
  _configtest.c:13:5: warning: conflicting types for built-in function â€˜clogfâ€™ [-Wbuiltin-declaration-mismatch]
   int clogf (void);
       ^~~~~
  _configtest.c:14:5: warning: conflicting types for built-in function â€˜conjfâ€™ [-Wbuiltin-declaration-mismatch]
   int conjf (void);
       ^~~~~
  _configtest.c:15:5: warning: conflicting types for built-in function â€˜cpowfâ€™ [-Wbuiltin-declaration-mismatch]
   int cpowf (void);
       ^~~~~
  _configtest.c:16:5: warning: conflicting types for built-in function â€˜cprojfâ€™ [-Wbuiltin-declaration-mismatch]
   int cprojf (void);
       ^~~~~~
  _configtest.c:17:5: warning: conflicting types for built-in function â€˜crealfâ€™ [-Wbuiltin-declaration-mismatch]
   int crealf (void);
       ^~~~~~
  _configtest.c:18:5: warning: conflicting types for built-in function â€˜csinfâ€™ [-Wbuiltin-declaration-mismatch]
   int csinf (void);
       ^~~~~
  _configtest.c:19:5: warning: conflicting types for built-in function â€˜csinhfâ€™ [-Wbuiltin-declaration-mismatch]
   int csinhf (void);
       ^~~~~~
  _configtest.c:20:5: warning: conflicting types for built-in function â€˜csqrtfâ€™ [-Wbuiltin-declaration-mismatch]
   int csqrtf (void);
       ^~~~~~
  _configtest.c:21:5: warning: conflicting types for built-in function â€˜ctanfâ€™ [-Wbuiltin-declaration-mismatch]
   int ctanf (void);
       ^~~~~
  _configtest.c:22:5: warning: conflicting types for built-in function â€˜ctanhfâ€™ [-Wbuiltin-declaration-mismatch]
   int ctanhf (void);
       ^~~~~~
  gcc -pthread -B /srv/conda/envs/notebook/compiler_compat -Wl,--sysroot=/ _configtest.o -lm -o _configtest
  success!
  removing: _configtest.c _configtest.o _configtest
  C compiler: gcc -pthread -B /srv/conda/envs/notebook/compiler_compat -Wl,--sysroot=/ -Wsign-compare -DNDEBUG -g -fwrapv -O3 -Wall -Wstrict-prototypes -fPIC
  
  compile options: '-Inumpy/core/src/private -Inumpy/core/src -Inumpy/core -Inumpy/core/src/npymath -Inumpy/core/src/multiarray -Inumpy/core/src/umath -Inumpy/core/src/npysort -I/srv/conda/envs/notebook/include/python3.7m -c'
  gcc: _configtest.c
  _configtest.c:1:5: warning: conflicting types for built-in function â€˜cabslâ€™ [-Wbuiltin-declaration-mismatch]
   int cabsl (void);
       ^~~~~
  _configtest.c:2:5: warning: conflicting types for built-in function â€˜cacoslâ€™ [-Wbuiltin-declaration-mismatch]
   int cacosl (void);
       ^~~~~~
  _configtest.c:3:5: warning: conflicting types for built-in function â€˜cacoshlâ€™ [-Wbuiltin-declaration-mismatch]
   int cacoshl (void);
       ^~~~~~~
  _configtest.c:4:5: warning: conflicting types for built-in function â€˜carglâ€™ [-Wbuiltin-declaration-mismatch]
   int cargl (void);
       ^~~~~
  _configtest.c:5:5: warning: conflicting types for built-in function â€˜casinlâ€™ [-Wbuiltin-declaration-mismatch]
   int casinl (void);
       ^~~~~~
  _configtest.c:6:5: warning: conflicting types for built-in function â€˜casinhlâ€™ [-Wbuiltin-declaration-mismatch]
   int casinhl (void);
       ^~~~~~~
  _configtest.c:7:5: warning: conflicting types for built-in function â€˜catanlâ€™ [-Wbuiltin-declaration-mismatch]
   int catanl (void);
       ^~~~~~
  _configtest.c:8:5: warning: conflicting types for built-in function â€˜catanhlâ€™ [-Wbuiltin-declaration-mismatch]
   int catanhl (void);
       ^~~~~~~
  _configtest.c:9:5: warning: conflicting types for built-in function â€˜ccoslâ€™ [-Wbuiltin-declaration-mismatch]
   int ccosl (void);
       ^~~~~
  _configtest.c:10:5: warning: conflicting types for built-in function â€˜ccoshlâ€™ [-Wbuiltin-declaration-mismatch]
   int ccoshl (void);
       ^~~~~~
  _configtest.c:11:5: warning: conflicting types for built-in function â€˜cexplâ€™ [-Wbuiltin-declaration-mismatch]
   int cexpl (void);
       ^~~~~
  _configtest.c:12:5: warning: conflicting types for built-in function â€˜cimaglâ€™ [-Wbuiltin-declaration-mismatch]
   int cimagl (void);
       ^~~~~~
  _configtest.c:13:5: warning: conflicting types for built-in function â€˜cloglâ€™ [-Wbuiltin-declaration-mismatch]
   int clogl (void);
       ^~~~~
  _configtest.c:14:5: warning: conflicting types for built-in function â€˜conjlâ€™ [-Wbuiltin-declaration-mismatch]
   int conjl (void);
       ^~~~~
  _configtest.c:15:5: warning: conflicting types for built-in function â€˜cpowlâ€™ [-Wbuiltin-declaration-mismatch]
   int cpowl (void);
       ^~~~~
  _configtest.c:16:5: warning: conflicting types for built-in function â€˜cprojlâ€™ [-Wbuiltin-declaration-mismatch]
   int cprojl (void);
       ^~~~~~
  _configtest.c:17:5: warning: conflicting types for built-in function â€˜creallâ€™ [-Wbuiltin-declaration-mismatch]
   int creall (void);
       ^~~~~~
  _configtest.c:18:5: warning: conflicting types for built-in function â€˜csinlâ€™ [-Wbuiltin-declaration-mismatch]
   int csinl (void);
       ^~~~~
  _configtest.c:19:5: warning: conflicting types for built-in function â€˜csinhlâ€™ [-Wbuiltin-declaration-mismatch]
   int csinhl (void);
       ^~~~~~
  _configtest.c:20:5: warning: conflicting types for built-in function â€˜csqrtlâ€™ [-Wbuiltin-declaration-mismatch]
   int csqrtl (void);
       ^~~~~~
  _configtest.c:21:5: warning: conflicting types for built-in function â€˜ctanlâ€™ [-Wbuiltin-declaration-mismatch]
   int ctanl (void);
       ^~~~~
  _configtest.c:22:5: warning: conflicting types for built-in function â€˜ctanhlâ€™ [-Wbuiltin-declaration-mismatch]
   int ctanhl (void);
       ^~~~~~
  gcc -pthread -B /srv/conda/envs/notebook/compiler_compat -Wl,--sysroot=/ _configtest.o -lm -o _configtest
  success!
  removing: _configtest.c _configtest.o _configtest
  C compiler: gcc -pthread -B /srv/conda/envs/notebook/compiler_compat -Wl,--sysroot=/ -Wsign-compare -DNDEBUG -g -fwrapv -O3 -Wall -Wstrict-prototypes -fPIC
  
  compile options: '-Inumpy/core/src/private -Inumpy/core/src -Inumpy/core -Inumpy/core/src/npymath -Inumpy/core/src/multiarray -Inumpy/core/src/umath -Inumpy/core/src/npysort -I/srv/conda/envs/notebook/include/python3.7m -c'
  gcc: _configtest.c
  _configtest.c:2:12: warning: â€˜static_funcâ€™ defined but not used [-Wunused-function]
   static int static_func (char * restrict a)
              ^~~~~~~~~~~
  success!
  removing: _configtest.c _configtest.o
  C compiler: gcc -pthread -B /srv/conda/envs/notebook/compiler_compat -Wl,--sysroot=/ -Wsign-compare -DNDEBUG -g -fwrapv -O3 -Wall -Wstrict-prototypes -fPIC
  
  compile options: '-Inumpy/core/src/private -Inumpy/core/src -Inumpy/core -Inumpy/core/src/npymath -Inumpy/core/src/multiarray -Inumpy/core/src/umath -Inumpy/core/src/npysort -I/srv/conda/envs/notebook/include/python3.7m -c'
  gcc: _configtest.c
  success!
  removing: _configtest.c _configtest.o
  C compiler: gcc -pthread -B /srv/conda/envs/notebook/compiler_compat -Wl,--sysroot=/ -Wsign-compare -DNDEBUG -g -fwrapv -O3 -Wall -Wstrict-prototypes -fPIC
  
  compile options: '-Inumpy/core/src/private -Inumpy/core/src -Inumpy/core -Inumpy/core/src/npymath -Inumpy/core/src/multiarray -Inumpy/core/src/umath -Inumpy/core/src/npysort -I/srv/conda/envs/notebook/include/python3.7m -c'
  gcc: _configtest.c
  success!
  removing: _configtest.c _configtest.o
  C compiler: gcc -pthread -B /srv/conda/envs/notebook/compiler_compat -Wl,--sysroot=/ -Wsign-compare -DNDEBUG -g -fwrapv -O3 -Wall -Wstrict-prototypes -fPIC
  
  compile options: '-Inumpy/core/src/private -Inumpy/core/src -Inumpy/core -Inumpy/core/src/npymath -Inumpy/core/src/multiarray -Inumpy/core/src/umath -Inumpy/core/src/npysort -I/srv/conda/envs/notebook/include/python3.7m -c'
  gcc: _configtest.c
  removing: _configtest.c _configtest.o
  File: build/src.linux-x86_64-3.7/numpy/core/include/numpy/config.h
  #define HAVE_ENDIAN_H 1
  #define SIZEOF_PY_INTPTR_T 8
  #define SIZEOF_OFF_T 8
  #define SIZEOF_PY_LONG_LONG 8
  #define MATHLIB m
  #define HAVE_SIN 1
  #define HAVE_COS 1
  #define HAVE_TAN 1
  #define HAVE_SINH 1
  #define HAVE_COSH 1
  #define HAVE_TANH 1
  #define HAVE_FABS 1
  #define HAVE_FLOOR 1
  #define HAVE_CEIL 1
  #define HAVE_SQRT 1
  #define HAVE_LOG10 1
  #define HAVE_LOG 1
  #define HAVE_EXP 1
  #define HAVE_ASIN 1
  #define HAVE_ACOS 1
  #define HAVE_ATAN 1
  #define HAVE_FMOD 1
  #define HAVE_MODF 1
  #define HAVE_FREXP 1
  #define HAVE_LDEXP 1
  #define HAVE_RINT 1
  #define HAVE_TRUNC 1
  #define HAVE_EXP2 1
  #define HAVE_LOG2 1
  #define HAVE_ATAN2 1
  #define HAVE_POW 1
  #define HAVE_NEXTAFTER 1
  #define HAVE_STRTOLL 1
  #define HAVE_STRTOULL 1
  #define HAVE_CBRT 1
  #define HAVE_STRTOLD_L 1
  #define HAVE_FALLOCATE 1
  #define HAVE_XMMINTRIN_H 1
  #define HAVE_EMMINTRIN_H 1
  #define HAVE_FEATURES_H 1
  #define HAVE___BUILTIN_ISNAN 1
  #define HAVE___BUILTIN_ISINF 1
  #define HAVE___BUILTIN_ISFINITE 1
  #define HAVE___BUILTIN_BSWAP32 1
  #define HAVE___BUILTIN_BSWAP64 1
  #define HAVE___BUILTIN_EXPECT 1
  #define HAVE___BUILTIN_MUL_OVERFLOW 1
  #define HAVE___BUILTIN_CPU_SUPPORTS 1
  #define HAVE__MM_LOAD_PS 1
  #define HAVE__MM_PREFETCH 1
  #define HAVE__MM_LOAD_PD 1
  #define HAVE___BUILTIN_PREFETCH 1
  #define HAVE_LINK_AVX 1
  #define HAVE_LINK_AVX2 1
  #define HAVE_ATTRIBUTE_OPTIMIZE_UNROLL_LOOPS 1
  #define HAVE_ATTRIBUTE_OPTIMIZE_OPT_3 1
  #define HAVE_ATTRIBUTE_NONNULL 1
  #define HAVE_ATTRIBUTE_TARGET_AVX 1
  #define HAVE_ATTRIBUTE_TARGET_AVX2 1
  #define HAVE___THREAD 1
  #define HAVE_SINF 1
  #define HAVE_COSF 1
  #define HAVE_TANF 1
  #define HAVE_SINHF 1
  #define HAVE_COSHF 1
  #define HAVE_TANHF 1
  #define HAVE_FABSF 1
  #define HAVE_FLOORF 1
  #define HAVE_CEILF 1
  #define HAVE_RINTF 1
  #define HAVE_TRUNCF 1
  #define HAVE_SQRTF 1
  #define HAVE_LOG10F 1
  #define HAVE_LOGF 1
  #define HAVE_LOG1PF 1
  #define HAVE_EXPF 1
  #define HAVE_EXPM1F 1
  #define HAVE_ASINF 1
  #define HAVE_ACOSF 1
  #define HAVE_ATANF 1
  #define HAVE_ASINHF 1
  #define HAVE_ACOSHF 1
  #define HAVE_ATANHF 1
  #define HAVE_HYPOTF 1
  #define HAVE_ATAN2F 1
  #define HAVE_POWF 1
  #define HAVE_FMODF 1
  #define HAVE_MODFF 1
  #define HAVE_FREXPF 1
  #define HAVE_LDEXPF 1
  #define HAVE_EXP2F 1
  #define HAVE_LOG2F 1
  #define HAVE_COPYSIGNF 1
  #define HAVE_NEXTAFTERF 1
  #define HAVE_CBRTF 1
  #define HAVE_SINL 1
  #define HAVE_COSL 1
  #define HAVE_TANL 1
  #define HAVE_SINHL 1
  #define HAVE_COSHL 1
  #define HAVE_TANHL 1
  #define HAVE_FABSL 1
  #define HAVE_FLOORL 1
  #define HAVE_CEILL 1
  #define HAVE_RINTL 1
  #define HAVE_TRUNCL 1
  #define HAVE_SQRTL 1
  #define HAVE_LOG10L 1
  #define HAVE_LOGL 1
  #define HAVE_LOG1PL 1
  #define HAVE_EXPL 1
  #define HAVE_EXPM1L 1
  #define HAVE_ASINL 1
  #define HAVE_ACOSL 1
  #define HAVE_ATANL 1
  #define HAVE_ASINHL 1
  #define HAVE_ACOSHL 1
  #define HAVE_ATANHL 1
  #define HAVE_HYPOTL 1
  #define HAVE_ATAN2L 1
  #define HAVE_POWL 1
  #define HAVE_FMODL 1
  #define HAVE_MODFL 1
  #define HAVE_FREXPL 1
  #define HAVE_LDEXPL 1
  #define HAVE_EXP2L 1
  #define HAVE_LOG2L 1
  #define HAVE_COPYSIGNL 1
  #define HAVE_NEXTAFTERL 1
  #define HAVE_CBRTL 1
  #define HAVE_DECL_SIGNBIT
  #define HAVE_COMPLEX_H 1
  #define HAVE_CABS 1
  #define HAVE_CACOS 1
  #define HAVE_CACOSH 1
  #define HAVE_CARG 1
  #define HAVE_CASIN 1
  #define HAVE_CASINH 1
  #define HAVE_CATAN 1
  #define HAVE_CATANH 1
  #define HAVE_CCOS 1
  #define HAVE_CCOSH 1
  #define HAVE_CEXP 1
  #define HAVE_CIMAG 1
  #define HAVE_CLOG 1
  #define HAVE_CONJ 1
  #define HAVE_CPOW 1
  #define HAVE_CPROJ 1
  #define HAVE_CREAL 1
  #define HAVE_CSIN 1
  #define HAVE_CSINH 1
  #define HAVE_CSQRT 1
  #define HAVE_CTAN 1
  #define HAVE_CTANH 1
  #define HAVE_CABSF 1
  #define HAVE_CACOSF 1
  #define HAVE_CACOSHF 1
  #define HAVE_CARGF 1
  #define HAVE_CASINF 1
  #define HAVE_CASINHF 1
  #define HAVE_CATANF 1
  #define HAVE_CATANHF 1
  #define HAVE_CCOSF 1
  #define HAVE_CCOSHF 1
  #define HAVE_CEXPF 1
  #define HAVE_CIMAGF 1
  #define HAVE_CLOGF 1
  #define HAVE_CONJF 1
  #define HAVE_CPOWF 1
  #define HAVE_CPROJF 1
  #define HAVE_CREALF 1
  #define HAVE_CSINF 1
  #define HAVE_CSINHF 1
  #define HAVE_CSQRTF 1
  #define HAVE_CTANF 1
  #define HAVE_CTANHF 1
  #define HAVE_CABSL 1
  #define HAVE_CACOSL 1
  #define HAVE_CACOSHL 1
  #define HAVE_CARGL 1
  #define HAVE_CASINL 1
  #define HAVE_CASINHL 1
  #define HAVE_CATANL 1
  #define HAVE_CATANHL 1
  #define HAVE_CCOSL 1
  #define HAVE_CCOSHL 1
  #define HAVE_CEXPL 1
  #define HAVE_CIMAGL 1
  #define HAVE_CLOGL 1
  #define HAVE_CONJL 1
  #define HAVE_CPOWL 1
  #define HAVE_CPROJL 1
  #define HAVE_CREALL 1
  #define HAVE_CSINL 1
  #define HAVE_CSINHL 1
  #define HAVE_CSQRTL 1
  #define HAVE_CTANL 1
  #define HAVE_CTANHL 1
  #define NPY_RESTRICT restrict
  #define NPY_RELAXED_STRIDES_CHECKING 1
  #define HAVE_LDOUBLE_INTEL_EXTENDED_16_BYTES_LE 1
  #define NPY_PY3K 1
  #ifndef __cplusplus
  /* #undef inline */
  #endif
  
  #ifndef _NPY_NPY_CONF[0m  Running setup.py clean for numpy
[91mIG_H_
  #error config.h should never be included directly, include npy_config.h instead
  #endif
  
  EOF
    adding 'build/src.linux-x86_64-3.7/numpy/core/include/numpy/config.h' to sources.
  Generating build/src.linux-x86_64-3.7/numpy/core/include/numpy/_numpyconfig.h
  C compiler: gcc -pthread -B /srv/conda/envs/notebook/compiler_compat -Wl,--sysroot=/ -Wsign-compare -DNDEBUG -g -fwrapv -O3 -Wall -Wstrict-prototypes -fPIC
  
  compile options: '-Inumpy/core/src/private -Inumpy/core/src -Inumpy/core -Inumpy/core/src/npymath -Inumpy/core/src/multiarray -Inumpy/core/src/umath -Inumpy/core/src/npysort -I/srv/conda/envs/notebook/include/python3.7m -c'
  gcc: _configtest.c
  _configtest.c:1:5: warning: conflicting types for built-in function â€˜expâ€™ [-Wbuiltin-declaration-mismatch]
   int exp (void);
       ^~~
  gcc -pthread -B /srv/conda/envs/notebook/compiler_compat -Wl,--sysroot=/ _configtest.o -o _configtest
  /srv/conda/envs/notebook/compiler_compat/ld: _configtest.o: in function `main':
  /tmp/pip-install-pg0w6ihm/numpy/_configtest.c:6: undefined reference to `exp'
  collect2: error: ld returned 1 exit status
  /srv/conda/envs/notebook/compiler_compat/ld: _configtest.o: in function `main':
  /tmp/pip-install-pg0w6ihm/numpy/_configtest.c:6: undefined reference to `exp'
  collect2: error: ld returned 1 exit status
  failure.
  removing: _configtest.c _configtest.o
  C compiler: gcc -pthread -B /srv/conda/envs/notebook/compiler_compat -Wl,--sysroot=/ -Wsign-compare -DNDEBUG -g -fwrapv -O3 -Wall -Wstrict-prototypes -fPIC
  
  compile options: '-Inumpy/core/src/private -Inumpy/core/src -Inumpy/core -Inumpy/core/src/npymath -Inumpy/core/src/multiarray -Inumpy/core/src/umath -Inumpy/core/src/npysort -I/srv/conda/envs/notebook/include/python3.7m -c'
  gcc: _configtest.c
  _configtest.c:1:5: warning: conflicting types for built-in function â€˜expâ€™ [-Wbuiltin-declaration-mismatch]
   int exp (void);
       ^~~
  gcc -pthread -B /srv/conda/envs/notebook/compiler_compat -Wl,--sysroot=/ _configtest.o -lm -o _configtest
  success!
  removing: _configtest.c _configtest.o _configtest
  C compiler: gcc -pthread -B /srv/conda/envs/notebook/compiler_compat -Wl,--sysroot=/ -Wsign-compare -DNDEBUG -g -fwrapv -O3 -Wall -Wstrict-prototypes -fPIC
  
  compile options: '-Inumpy/core/src/private -Inumpy/core/src -Inumpy/core -Inumpy/core/src/npymath -Inumpy/core/src/multiarray -Inumpy/core/src/umath -Inumpy/core/src/npysort -I/srv/conda/envs/notebook/include/python3.7m -c'
  gcc: _configtest.c
  success!
  removing: _configtest.c _configtest.o
  C compiler: gcc -pthread -B /srv/conda/envs/notebook/compiler_compat -Wl,--sysroot=/ -Wsign-compare -DNDEBUG -g -fwrapv -O3 -Wall -Wstrict-prototypes -fPIC
  
  compile options: '-Inumpy/core/src/private -Inumpy/core/src -Inumpy/core -Inumpy/core/src/npymath -Inumpy/core/src/multiarray -Inumpy/core/src/umath -Inumpy/core/src/npysort -I/srv/conda/envs/notebook/include/python3.7m -c'
  gcc: _configtest.c
  _configtest.c:3:1: warning: function declaration isnâ€™t a prototype [-Wstrict-prototypes]
   main()
   ^~~~
  success!
  removing: _configtest.c _configtest.o
  File: build/src.linux-x86_64-3.7/numpy/core/include/numpy/_numpyconfig.h
  #define NPY_HAVE_ENDIAN_H 1
  #define NPY_SIZEOF_SHORT SIZEOF_SHORT
  #define NPY_SIZEOF_INT SIZEOF_INT
  #define NPY_SIZEOF_LONG SIZEOF_LONG
  #define NPY_SIZEOF_FLOAT 4
  #define NPY_SIZEOF_COMPLEX_FLOAT 8
  #define NPY_SIZEOF_DOUBLE 8
  #define NPY_SIZEOF_COMPLEX_DOUBLE 16
  #define NPY_SIZEOF_LONGDOUBLE 16
  #define NPY_SIZEOF_COMPLEX_LONGDOUBLE 32
  #define NPY_SIZEOF_PY_INTPTR_T 8
  #define NPY_SIZEOF_OFF_T 8
  #define NPY_SIZEOF_PY_LONG_LONG 8
  #define NPY_SIZEOF_LONGLONG 8
  #define NPY_NO_SMP 0
  #define NPY_HAVE_DECL_ISNAN
  #define NPY_HAVE_DECL_ISINF
  #define NPY_HAVE_DECL_ISFINITE
  #define NPY_HAVE_DECL_SIGNBIT
  #define NPY_USE_C99_COMPLEX 1
  #define NPY_HAVE_COMPLEX_DOUBLE 1
  #define NPY_HAVE_COMPLEX_FLOAT 1
  #define NPY_HAVE_COMPLEX_LONG_DOUBLE 1
  #define NPY_RELAXED_STRIDES_CHECKING 1
  #define NPY_USE_C99_FORMATS 1
  #define NPY_VISIBILITY_HIDDEN __attribute__((visibility("hidden")))
  #define NPY_ABI_VERSION 0x01000009
  #define NPY_API_VERSION 0x0000000A
  
  #ifndef __STDC_FORMAT_MACROS
  #define __STDC_FORMAT_MACROS 1
  #endif
  
  EOF
    adding 'build/src.linux-x86_64-3.7/numpy/core/include/numpy/_numpyconfig.h' to sources.
  executing numpy/core/code_generators/generate_numpy_api.py
    adding 'build/src.linux-x86_64-3.7/numpy/core/include/numpy/__multiarray_api.h' to sources.
  numpy.core - nothing done with h_files = ['build/src.linux-x86_64-3.7/numpy/core/include/numpy/config.h', 'build/src.linux-x86_64-3.7/numpy/core/include/numpy/_numpyconfig.h', 'build/src.linux-x86_64-3.7/numpy/core/include/numpy/__multiarray_api.h']
  building extension "numpy.core.multiarray" sources
    adding 'build/src.linux-x86_64-3.7/numpy/core/include/numpy/config.h' to sources.
    adding 'build/src.linux-x86_64-3.7/numpy/core/include/numpy/_numpyconfig.h' to sources.
  executing numpy/core/code_generators/generate_numpy_api.py
    adding 'build/src.linux-x86_64-3.7/numpy/core/include/numpy/__multiarray_api.h' to sources.
  creating build/src.linux-x86_64-3.7/numpy/core/src/multiarray
  conv_template:> build/src.linux-x86_64-3.7/numpy/core/src/multiarray/arraytypes.c
  conv_template:> build/src.linux-x86_64-3.7/numpy/core/src/multiarray/einsum.c
  conv_template:> build/src.linux-x86_64-3.7/numpy/core/src/multiarray/lowlevel_strided_loops.c
  conv_template:> build/src.linux-x86_64-3.7/numpy/core/src/multiarray/nditer_templ.c
  conv_template:> build/src.linux-x86_64-3.7/numpy/core/src/multiarray/scalartypes.c
  conv_template:> build/src.linux-x86_64-3.7/numpy/core/src/private/templ_common.h
    adding 'build/src.linux-x86_64-3.7/numpy/core/src/private' to include_dirs.
  numpy.core - nothing done with h_files = ['build/src.linux-x86_64-3.7/numpy/core/src/private/templ_common.h', 'build/src.linux-x86_64-3.7/numpy/core/include/numpy/config.h', 'build/src.linux-x86_64-3.7/numpy/core/include/numpy/_numpyconfig.h', 'build/src.linux-x86_64-3.7/numpy/core/include/numpy/__multiarray_api.h']
  building extension "numpy.core.umath" sources
    adding 'build/src.linux-x86_64-3.7/numpy/core/include/numpy/config.h' to sources.
    adding 'build/src.linux-x86_64-3.7/numpy/core/include/numpy/_numpyconfig.h' to sources.
  executing numpy/core/code_generators/generate_ufunc_api.py
    adding 'build/src.linux-x86_64-3.7/numpy/core/include/numpy/__ufunc_api.h' to sources.
  creating build/src.linux-x86_64-3.7/numpy/core/src/umath
  conv_template:> build/src.linux-x86_64-3.7/numpy/core/src/umath/funcs.inc
    adding 'build/src.linux-x86_64-3.7/numpy/core/src/umath' to include_dirs.
  conv_template:> build/src.linux-x86_64-3.7/numpy/core/src/umath/simd.inc
  conv_template:> build/src.linux-x86_64-3.7/numpy/core/src/umath/loops.h
  conv_template:> build/src.linux-x86_64-3.7/numpy/core/src/umath/loops.c
  conv_template:> build/src.linux-x86_64-3.7/numpy/core/src/umath/scalarmath.c
  numpy.core - nothing done with h_files = ['build/src.linux-x86_64-3.7/numpy/core/src/umath/funcs.inc', 'build/src.linux-x86_64-3.7/numpy/core/src/umath/simd.inc', 'build/src.linux-x86_64-3.7/numpy/core/src/umath/loops.h', 'build/src.linux-x86_64-3.7/numpy/core/include/numpy/config.h', 'build/src.linux-x86_64-3.7/numpy/core/include/numpy/_numpyconfig.h', 'build/src.linux-x86_64-3.7/numpy/core/include/numpy/__ufunc_api.h']
  building extension "numpy.core.umath_tests" sources
  conv_template:> build/src.linux-x86_64-3.7/numpy/core/src/umath/umath_tests.c
  building extension "numpy.core.test_rational" sources
  conv_template:> build/src.linux-x86_64-3.7/numpy/core/src/umath/test_rational.c
  building extension "numpy.core.struct_ufunc_test" sources
  conv_template:> build/src.linux-x86_64-3.7/numpy/core/src/umath/struct_ufunc_test.c
  building extension "numpy.core.multiarray_tests" sources
  conv_template:> build/src.linux-x86_64-3.7/numpy/core/src/multiarray/multiarray_tests.c
  building extension "numpy.core.operand_flag_tests" sources
  conv_template:> build/src.linux-x86_64-3.7/numpy/core/src/umath/operand_flag_tests.c
  building extension "numpy.fft.fftpack_lite" sources
  building extension "numpy.linalg.lapack_lite" sources
  creating build/src.linux-x86_64-3.7/numpy/linalg
  ### Warning:  Using unoptimized lapack ###
    adding 'numpy/linalg/lapack_lite/python_xerbla.c' to sources.
    adding 'numpy/linalg/lapack_lite/zlapack_lite.c' to sources.
    adding 'numpy/linalg/lapack_lite/dlapack_lite.c' to sources.
    adding 'numpy/linalg/lapack_lite/blas_lite.c' to sources.
    adding 'numpy/linalg/lapack_lite/dlamch.c' to sources.
    adding 'numpy/linalg/lapack_lite/f2c_lite.c' to sources.
  building extension "numpy.linalg._umath_linalg" sources
  ### Warning:  Using unoptimized lapack ###
    adding 'numpy/linalg/lapack_lite/python_xerbla.c' to sources.
    adding 'numpy/linalg/lapack_lite/zlapack_lite.c' to sources.
    adding 'numpy/linalg/lapack_lite/dlapack_lite.c' to sources.
    adding 'numpy/linalg/lapack_lite/blas_lite.c' to sources.
    adding 'numpy/linalg/lapack_lite/dlamch.c' to sources.
    adding 'numpy/linalg/lapack_lite/f2c_lite.c' to sources.
  conv_template:> build/src.linux-x86_64-3.7/numpy/linalg/umath_linalg.c
  building extension "numpy.random.mtrand" sources
  creating build/src.linux-x86_64-3.7/numpy/random
  building data_files sources
  build_src: building npy-pkg config files
  running build_py
  creating build/lib.linux-x86_64-3.7
  creating build/lib.linux-x86_64-3.7/numpy
  copying numpy/add_newdocs.py -> build/lib.linux-x86_64-3.7/numpy
  copying numpy/__init__.py -> build/lib.linux-x86_64-3.7/numpy
  copying numpy/_globals.py -> build/lib.linux-x86_64-3.7/numpy
  copying numpy/dual.py -> build/lib.linux-x86_64-3.7/numpy
  copying numpy/setup.py -> build/lib.linux-x86_64-3.7/numpy
  copying numpy/ctypeslib.py -> build/lib.linux-x86_64-3.7/numpy
  copying numpy/matlib.py -> build/lib.linux-x86_64-3.7/numpy
  copying numpy/_distributor_init.py -> build/lib.linux-x86_64-3.7/numpy
  copying numpy/_import_tools.py -> build/lib.linux-x86_64-3.7/numpy
  copying numpy/version.py -> build/lib.linux-x86_64-3.7/numpy
  copying build/src.linux-x86_64-3.7/numpy/__config__.py -> build/lib.linux-x86_64-3.7/numpy
  creating build/lib.linux-x86_64-3.7/numpy/compat
  copying numpy/compat/__init__.py -> build/lib.linux-x86_64-3.7/numpy/compat
  copying numpy/compat/_inspect.py -> build/lib.linux-x86_64-3.7/numpy/compat
  copying numpy/compat/setup.py -> build/lib.linux-x86_64-3.7/numpy/compat
  copying numpy/compat/py3k.py -> build/lib.linux-x86_64-3.7/numpy/compat
  creating build/lib.linux-x86_64-3.7/numpy/core
  copying numpy/core/setup_common.py -> build/lib.linux-x86_64-3.7/numpy/core
  copying numpy/core/records.py -> build/lib.linux-x86_64-3.7/numpy/core
  copying numpy/core/defchararray.py -> build/lib.linux-x86_64-3.7/numpy/core
  copying numpy/core/info.py -> build/lib.linux-x86_64-3.7/numpy/core
  copying numpy/core/__init__.py -> build/lib.linux-x86_64-3.7/numpy/core
  copying numpy/core/shape_base.py -> build/lib.linux-x86_64-3.7/numpy/core
  copying numpy/core/cversions.py -> build/lib.linux-x86_64-3.7/numpy/core
  copying numpy/core/setup.py -> build/lib.linux-x86_64-3.7/numpy/core
  copying numpy/core/getlimits.py -> build/lib.linux-x86_64-3.7/numpy/core
  copying numpy/core/_internal.py -> build/lib.linux-x86_64-3.7/numpy/core
  copying numpy/core/fromnumeric.py -> build/lib.linux-x86_64-3.7/numpy/core
  copying numpy/core/_methods.py -> build/lib.linux-x86_64-3.7/numpy/core
  copying numpy/core/numerictypes.py -> build/lib.linux-x86_64-3.7/numpy/core
  copying numpy/core/arrayprint.py -> build/lib.linux-x86_64-3.7/numpy/core
  copying numpy/core/machar.py -> build/lib.linux-x86_64-3.7/numpy/core
  copying numpy/core/function_base.py -> build/lib.linux-x86_64-3.7/numpy/core
  copying numpy/core/memmap.py -> build/lib.linux-x86_64-3.7/numpy/core
  copying numpy/core/numeric.py -> build/lib.linux-x86_64-3.7/numpy/core
  copying numpy/core/einsumfunc.py -> build/lib.linux-x86_64-3.7/numpy/core
  copying numpy/core/code_generators/generate_numpy_api.py -> build/lib.linux-x86_64-3.7/numpy/core
  creating build/lib.linux-x86_64-3.7/numpy/distutils
  copying numpy/distutils/unixccompiler.py -> build/lib.linux-x86_64-3.7/numpy/distutils
  copying numpy/distutils/line_endings.py -> build/lib.linux-x86_64-3.7/numpy/distutils
  copying numpy/distutils/info.py -> build/lib.linux-x86_64-3.7/numpy/distutils
  copying numpy/distutils/__init__.py -> build/lib.linux-x86_64-3.7/numpy/distutils
  copying numpy/distutils/mingw32ccompiler.py -> build/lib.linux-x86_64-3.7/numpy/distutils
  copying numpy/distutils/log.py -> build/lib.linux-x86_64-3.7/numpy/distutils
  copying numpy/distutils/numpy_distribution.py -> build/lib.linux-x86_64-3.7/numpy/distutils
  copying numpy/distutils/npy_pkg_config.py -> build/lib.linux-x86_64-3.7/numpy/distutils
  copying numpy/distutils/environment.py -> build/lib.linux-x86_64-3.7/numpy/distutils
  copying numpy/distutils/compat.py -> build/lib.linux-x86_64-3.7/numpy/distutils
  copying numpy/distutils/from_template.py -> build/lib.linux-x86_64-3.7/numpy/distutils
  copying numpy/distutils/cpuinfo.py -> build/lib.linux-x86_64-3.7/numpy/distutils
  copying numpy/distutils/msvc9compiler.py -> build/lib.linux-x86_64-3.7/numpy/distutils
  copying numpy/distutils/core.py -> build/lib.linux-x86_64-3.7/numpy/distutils
  copying numpy/distutils/setup.py -> build/lib.linux-x86_64-3.7/numpy/distutils
  copying numpy/distutils/intelccompiler.py -> build/lib.linux-x86_64-3.7/numpy/distutils
  copying numpy/distutils/system_info.py -> build/lib.linux-x86_64-3.7/numpy/distutils
  copying numpy/distutils/pathccompiler.py -> build/lib.linux-x86_64-3.7/numpy/distutils
  copying numpy/distutils/__version__.py -> build/lib.linux-x86_64-3.7/numpy/distutils
  copying numpy/distutils/extension.py -> build/lib.linux-x86_64-3.7/numpy/distutils
  copying numpy/distutils/conv_template.py -> build/lib.linux-x86_64-3.7/numpy/distutils
  copying numpy/distutils/lib2def.py -> build/lib.linux-x86_64-3.7/numpy/distutils
  copying numpy/distutils/misc_util.py -> build/lib.linux-x86_64-3.7/numpy/distutils
  copying numpy/distutils/exec_command.py -> build/lib.linux-x86_64-3.7/numpy/distutils
  copying numpy/distutils/msvccompiler.py -> build/lib.linux-x86_64-3.7/numpy/distutils
  copying numpy/distutils/ccompiler.py -> build/lib.linux-x86_64-3.7/numpy/distutils
  copying build/src.linux-x86_64-3.7/numpy/distutils/__config__.py -> build/lib.linux-x86_64-3.7/numpy/distutils
  creating build/lib.linux-x86_64-3.7/numpy/distutils/command
  copying numpy/distutils/command/__init__.py -> build/lib.linux-x86_64-3.7/numpy/distutils/command
  copying numpy/distutils/command/install.py -> build/lib.linux-x86_64-3.7/numpy/distutils/command
  copying numpy/distutils/command/build_clib.py -> build/lib.linux-x86_64-3.7/numpy/distutils/command
  copying numpy/distutils/command/build_scripts.py -> build/lib.linux-x86_64-3.7/numpy/distutils/command
  copying numpy/distutils/command/build_py.py -> build/lib.linux-x86_64-3.7/numpy/distutils/command
  copying numpy/distutils/command/install_clib.py -> build/lib.linux-x86_64-3.7/numpy/distutils/command
  copying numpy/distutils/command/install_data.py -> build/lib.linux-x86_64-3.7/numpy/distutils/command
  copying numpy/distutils/command/install_headers.py -> build/lib.linux-x86_64-3.7/numpy/distutils/command
  copying numpy/distutils/command/autodist.py -> build/lib.linux-x86_64-3.7/numpy/distutils/command
  copying numpy/distutils/command/egg_info.py -> build/lib.linux-x86_64-3.7/numpy/distutils/command
  copying numpy/distutils/command/sdist.py -> build/lib.linux-x86_64-3.7/numpy/distutils/command
  copying numpy/distutils/command/config_compiler.py -> build/lib.linux-x86_64-3.7/numpy/distutils/command
  copying numpy/distutils/command/develop.py -> build/lib.linux-x86_64-3.7/numpy/distutils/command
  copying numpy/distutils/command/config.py -> build/lib.linux-x86_64-3.7/numpy/distutils/command
  copying numpy/distutils/command/bdist_rpm.py -> build/lib.linux-x86_64-3.7/numpy/distutils/command
  copying numpy/distutils/command/build_ext.py -> build/lib.linux-x86_64-3.7/numpy/distutils/command
  copying numpy/distutils/command/build_src.py -> build/lib.linux-x86_64-3.7/numpy/distutils/command
  copying numpy/distutils/command/build.py -> build/lib.linux-x86_64-3.7/numpy/distutils/command
  creating build/lib.linux-x86_64-3.7/numpy/distutils/fcompiler
  copying numpy/distutils/fcompiler/intel.py -> build/lib.linux-x86_64-3.7/numpy/distutils/fcompiler
  copying numpy/distutils/fcompiler/absoft.py -> build/lib.linux-x86_64-3.7/numpy/distutils/fcompiler
  copying numpy/distutils/fcompiler/__init__.py -> build/lib.linux-x86_64-3.7/numpy/distutils/fcompiler
  copying numpy/distutils/fcompiler/vast.py -> build/lib.linux-x86_64-3.7/numpy/distutils/fcompiler
  copying numpy/distutils/fcompiler/pg.py -> build/lib.linux-x86_64-3.7/numpy/distutils/fcompiler
  copying numpy/distutils/fcompiler/gnu.py -> build/lib.linux-x86_64-3.7/numpy/distutils/fcompiler
  copying numpy/distutils/fcompiler/none.py -> build/lib.linux-x86_64-3.7/numpy/distutils/fcompiler
  copying numpy/distutils/fcompiler/ibm.py -> build/lib.linux-x86_64-3.7/numpy/distutils/fcompiler
  copying numpy/distutils/fcompiler/hpux.py -> build/lib.linux-x86_64-3.7/numpy/distutils/fcompiler
  copying numpy/distutils/fcompiler/lahey.py -> build/lib.linux-x86_64-3.7/numpy/distutils/fcompiler
  copying numpy/distutils/fcompiler/nag.py -> build/lib.linux-x86_64-3.7/numpy/distutils/fcompiler
  copying numpy/distutils/fcompiler/compaq.py -> build/lib.linux-x86_64-3.7/numpy/distutils/fcompiler
  copying numpy/distutils/fcompiler/sun.py -> build/lib.linux-x86_64-3.7/numpy/distutils/fcompiler
  copying numpy/distutils/fcompiler/pathf95.py -> build/lib.linux-x86_64-3.7/numpy/distutils/fcompiler
  copying numpy/distutils/fcompiler/g95.py -> build/lib.linux-x86_64-3.7/numpy/distutils/fcompiler
  copying numpy/distutils/fcompiler/mips.py -> build/lib.linux-x86_64-3.7/numpy/distutils/fcompiler
  creating build/lib.linux-x86_64-3.7/numpy/doc
  copying numpy/doc/misc.py -> build/lib.linux-x86_64-3.7/numpy/doc
  copying numpy/doc/__init__.py -> build/lib.linux-x86_64-3.7/numpy/doc
  copying numpy/doc/broadcasting.py -> build/lib.linux-x86_64-3.7/numpy/doc
  copying numpy/doc/creation.py -> build/lib.linux-x86_64-3.7/numpy/doc
  copying numpy/doc/internals.py -> build/lib.linux-x86_64-3.7/numpy/doc
  copying numpy/doc/ufuncs.py -> build/lib.linux-x86_64-3.7/numpy/doc
  copying numpy/doc/glossary.py -> build/lib.linux-x86_64-3.7/numpy/doc
  copying numpy/doc/subclassing.py -> build/lib.linux-x86_64-3.7/numpy/doc
  copying numpy/doc/indexing.py -> build/lib.linux-x86_64-3.7/numpy/doc
  copying numpy/doc/basics.py -> build/lib.linux-x86_64-3.7/numpy/doc
  copying numpy/doc/constants.py -> build/lib.linux-x86_64-3.7/numpy/doc
  copying numpy/doc/byteswapping.py -> build/lib.linux-x86_64-3.7/numpy/doc
  copying numpy/doc/structured_arrays.py -> build/lib.linux-x86_64-3.7/numpy/doc
  creating build/lib.linux-x86_64-3.7/numpy/f2py
  copying numpy/f2py/info.py -> build/lib.linux-x86_64-3.7/numpy/f2py
  copying numpy/f2py/__init__.py -> build/lib.linux-x86_64-3.7/numpy/f2py
  copying numpy/f2py/common_rules.py -> build/lib.linux-x86_64-3.7/numpy/f2py
  copying numpy/f2py/rules.py -> build/lib.linux-x86_64-3.7/numpy/f2py
  copying numpy/f2py/f2py_testing.py -> build/lib.linux-x86_64-3.7/numpy/f2py
  copying numpy/f2py/__main__.py -> build/lib.linux-x86_64-3.7/numpy/f2py
  copying numpy/f2py/setup.py -> build/lib.linux-x86_64-3.7/numpy/f2py
  copying numpy/f2py/diagnose.py -> build/lib.linux-x86_64-3.7/numpy/f2py
  copying numpy/f2py/__version__.py -> build/lib.linux-x86_64-3.7/numpy/f2py
  copying numpy/f2py/auxfuncs.py -> build/lib.linux-x86_64-3.7/numpy/f2py
  copying numpy/f2py/cfuncs.py -> build/lib.linux-x86_64-3.7/numpy/f2py
  copying numpy/f2py/cb_rules.py -> build/lib.linux-x86_64-3.7/numpy/f2py
  copying numpy/f2py/f2py2e.py -> build/lib.linux-x86_64-3.7/numpy/f2py
  copying numpy/f2py/capi_maps.py -> build/lib.linux-x86_64-3.7/numpy/f2py
  copying numpy/f2py/f90mod_rules.py -> build/lib.linux-x86_64-3.7/numpy/f2py
  copying numpy/f2py/func2subr.py -> build/lib.linux-x86_64-3.7/numpy/f2py
  copying numpy/f2py/crackfortran.py -> build/lib.linux-x86_64-3.7/numpy/f2py
  copying numpy/f2py/use_rules.py -> build/lib.linux-x86_64-3.7/numpy/f2py
  creating build/lib.linux-x86_64-3.7/numpy/fft
  copying numpy/fft/fftpack.py -> build/lib.linux-x86_64-3.7/numpy/fft
  copying numpy/fft/info.py -> build/lib.linux-x86_64-3.7/numpy/fft
  copying numpy/fft/__init__.py -> build/lib.linux-x86_64-3.7/numpy/fft
  copying numpy/fft/helper.py -> build/lib.linux-x86_64-3.7/numpy/fft
  copying numpy/fft/setup.py -> build/lib.linux-x86_64-3.7/numpy/fft
  creating build/lib.linux-x86_64-3.7/numpy/lib
  copying numpy/lib/stride_tricks.py -> build/lib.linux-x86_64-3.7/numpy/lib
  copying numpy/lib/info.py -> build/lib.linux-x86_64-3.7/numpy/lib
  copying numpy/lib/__init__.py -> build/lib.linux-x86_64-3.7/numpy/lib
  copying numpy/lib/user_array.py -> build/lib.linux-x86_64-3.7/numpy/lib
  copying numpy/lib/recfunctions.py -> build/lib.linux-x86_64-3.7/numpy/lib
  copying numpy/lib/shape_base.py -> build/lib.linux-x86_64-3.7/numpy/lib
  copying numpy/lib/utils.py -> build/lib.linux-x86_64-3.7/numpy/lib
  copying numpy/lib/index_tricks.py -> build/lib.linux-x86_64-3.7/numpy/lib
  copying numpy/lib/type_check.py -> build/lib.linux-x86_64-3.7/numpy/lib
  copying numpy/lib/_iotools.py -> build/lib.linux-x86_64-3.7/numpy/lib
  copying numpy/lib/setup.py -> build/lib.linux-x86_64-3.7/numpy/lib
  copying numpy/lib/format.py -> build/lib.linux-x86_64-3.7/numpy/lib
  copying numpy/lib/financial.py -> build/lib.linux-x86_64-3.7/numpy/lib
  copying numpy/lib/scimath.py -> build/lib.linux-x86_64-3.7/numpy/lib
  copying numpy/lib/twodim_base.py -> build/lib.linux-x86_64-3.7/numpy/lib
  copying numpy/lib/_datasource.py -> build/lib.linux-x86_64-3.7/numpy/lib
  copying numpy/lib/polynomial.py -> build/lib.linux-x86_64-3.7/numpy/lib
  copying numpy/lib/arraypad.py -> build/lib.linux-x86_64-3.7/numpy/lib
  copying numpy/lib/ufunclike.py -> build/lib.linux-x86_64-3.7/numpy/lib
  copying numpy/lib/arrayterator.py -> build/lib.linux-x86_64-3.7/numpy/lib
  copying numpy/lib/npyio.py -> build/lib.linux-x86_64-3.7/numpy/lib
  copying numpy/lib/nanfunctions.py -> build/lib.linux-x86_64-3.7/numpy/lib
  copying numpy/lib/function_base.py -> build/lib.linux-x86_64-3.7/numpy/lib
  copying numpy/lib/arraysetops.py -> build/lib.linux-x86_64-3.7/numpy/lib
  copying numpy/lib/_version.py -> build/lib.linux-x86_64-3.7/numpy/lib
  creating build/lib.linux-x86_64-3.7/numpy/linalg
  copying numpy/linalg/info.py -> build/lib.linux-x86_64-3.7/numpy/linalg
  copying numpy/linalg/__init__.py -> build/lib.linux-x86_64-3.7/numpy/linalg
  copying numpy/linalg/setup.py -> build/lib.linux-x86_64-3.7/numpy/linalg
  copying numpy/linalg/linalg.py -> build/lib.linux-x86_64-3.7/numpy/linalg
  creating build/lib.linux-x86_64-3.7/numpy/ma
  copying numpy/ma/__init__.py -> build/lib.linux-x86_64-3.7/numpy/ma
  copying numpy/ma/timer_comparison.py -> build/lib.linux-x86_64-3.7/numpy/ma
  copying numpy/ma/core.py -> build/lib.linux-x86_64-3.7/numpy/ma
  copying numpy/ma/bench.py -> build/lib.linux-x86_64-3.7/numpy/ma
  copying numpy/ma/setup.py -> build/lib.linux-x86_64-3.7/numpy/ma
  copying numpy/ma/extras.py -> build/lib.linux-x86_64-3.7/numpy/ma
  copying numpy/ma/mrecords.py -> build/lib.linux-x86_64-3.7/numpy/ma
  copying numpy/ma/testutils.py -> build/lib.linux-x86_64-3.7/numpy/ma
  copying numpy/ma/version.py -> build/lib.linux-x86_64-3.7/numpy/ma
  creating build/lib.linux-x86_64-3.7/numpy/matrixlib
  copying numpy/matrixlib/__init__.py -> build/lib.linux-x86_64-3.7/numpy/matrixlib
  copying numpy/matrixlib/setup.py -> build/lib.linux-x86_64-3.7/numpy/matrixlib
  copying numpy/matrixlib/defmatrix.py -> build/lib.linux-x86_64-3.7/numpy/matrixlib
  creating build/lib.linux-x86_64-3.7/numpy/polynomial
  copying numpy/polynomial/__init__.py -> build/lib.linux-x86_64-3.7/numpy/polynomial
  copying numpy/polynomial/polyutils.py -> build/lib.linux-x86_64-3.7/numpy/polynomial
  copying numpy/polynomial/_polybase.py -> build/lib.linux-x86_64-3.7/numpy/polynomial
  copying numpy/polynomial/laguerre.py -> build/lib.linux-x86_64-3.7/numpy/polynomial
  copying numpy/polynomial/hermite.py -> build/lib.linux-x86_64-3.7/numpy/polynomial
  copying numpy/polynomial/legendre.py -> build/lib.linux-x86_64-3.7/numpy/polynomial
  copying numpy/polynomial/setup.py -> build/lib.linux-x86_64-3.7/numpy/polynomial
  copying numpy/polynomial/chebyshev.py -> build/lib.linux-x86_64-3.7/numpy/polynomial
  copying numpy/polynomial/polynomial.py -> build/lib.linux-x86_64-3.7/numpy/polynomial
  copying numpy/polynomial/hermite_e.py -> build/lib.linux-x86_64-3.7/numpy/polynomial
  creating build/lib.linux-x86_64-3.7/numpy/random
  copying numpy/random/info.py -> build/lib.linux-x86_64-3.7/numpy/random
  copying numpy/random/__init__.py -> build/lib.linux-x86_64-3.7/numpy/random
  copying numpy/random/setup.py -> build/lib.linux-x86_64-3.7/numpy/random
  creating build/lib.linux-x86_64-3.7/numpy/testing
  copying numpy/testing/__init__.py -> build/lib.linux-x86_64-3.7/numpy/testing
  copying numpy/testing/print_coercion_tables.py -> build/lib.linux-x86_64-3.7/numpy/testing
  copying numpy/testing/utils.py -> build/lib.linux-x86_64-3.7/numpy/testing
  copying numpy/testing/setup.py -> build/lib.linux-x86_64-3.7/numpy/testing
  copying numpy/testing/noseclasses.py -> build/lib.linux-x86_64-3.7/numpy/testing
  copying numpy/testing/nosetester.py -> build/lib.linux-x86_64-3.7/numpy/testing
  copying numpy/testing/decorators.py -> build/lib.linux-x86_64-3.7/numpy/testing
  running build_clib
  customize UnixCCompiler
  customize UnixCCompiler using build_clib
  building 'npymath' library
  compiling C sources
  C compiler: gcc -pthread -B /srv/conda/envs/notebook/compiler_compat -Wl,--sysroot=/ -Wsign-compare -DNDEBUG -g -fwrapv -O3 -Wall -Wstrict-prototypes -fPIC
  
  creating build/temp.linux-x86_64-3.7
  creating build/temp.linux-x86_64-3.7/build
  creating build/temp.linux-x86_64-3.7/build/src.linux-x86_64-3.7
  creating build/temp.linux-x86_64-3.7/build/src.linux-x86_64-3.7/numpy
  creating build/temp.linux-x86_64-3.7/build/src.linux-x86_64-3.7/numpy/core
  creating build/temp.linux-x86_64-3.7/build/src.linux-x86_64-3.7/numpy/core/src
  creating build/temp.linux-x86_64-3.7/build/src.linux-x86_64-3.7/numpy/core/src/npymath
  creating build/temp.linux-x86_64-3.7/numpy
  creating build/temp.linux-x86_64-3.7/numpy/core
  creating build/temp.linux-x86_64-3.7/numpy/core/src
  creating build/temp.linux-x86_64-3.7/numpy/core/src/npymath
  compile options: '-Inumpy/core/include -Ibuild/src.linux-x86_64-3.7/numpy/core/include/numpy -Inumpy/core/src/private -Inumpy/core/src -Inumpy/core -Inumpy/core/src/npymath -Inumpy/core/src/multiarray -Inumpy/core/src/umath -Inumpy/core/src/npysort -I/srv/conda/envs/notebook/include/python3.7m -Ibuild/src.linux-x86_64-3.7/numpy/core/src/private -Ibuild/src.linux-x86_64-3.7/numpy/core/src/private -Ibuild/src.linux-x86_64-3.7/numpy/core/src/private -c'
  gcc: build/src.linux-x86_64-3.7/numpy/core/src/npymath/npy_math.c
  gcc: build/src.linux-x86_64-3.7/numpy/core/src/npymath/ieee754.c
  gcc: build/src.linux-x86_64-3.7/numpy/core/src/npymath/npy_math_complex.c
  gcc: numpy/core/src/npymath/halffloat.c
  ar: adding 4 object files to build/temp.linux-x86_64-3.7/libnpymath.a
  building 'npysort' library
  compiling C sources
  C compiler: gcc -pthread -B /srv/conda/envs/notebook/compiler_compat -Wl,--sysroot=/ -Wsign-compare -DNDEBUG -g -fwrapv -O3 -Wall -Wstrict-prototypes -fPIC
  
  creating build/temp.linux-x86_64-3.7/build/src.linux-x86_64-3.7/numpy/core/src/npysort
  compile options: '-Ibuild/src.linux-x86_64-3.7/numpy/core/src/private -Inumpy/core/include -Ibuild/src.linux-x86_64-3.7/numpy/core/include/numpy -Inumpy/core/src/private -Inumpy/core/src -Inumpy/core -Inumpy/core/src/npymath -Inumpy/core/src/multiarray -Inumpy/core/src/umath -Inumpy/core/src/npysort -I/srv/conda/envs/notebook/include/python3.7m -Ibuild/src.linux-x86_64-3.7/numpy/core/src/private -Ibuild/src.linux-x86_64-3.7/numpy/core/src/private -Ibuild/src.linux-x86_64-3.7/numpy/core/src/private -c'
  gcc: build/src.linux-x86_64-3.7/numpy/core/src/npysort/quicksort.c
  gcc: build/src.linux-x86_64-3.7/numpy/core/src/npysort/mergesort.c
  gcc: build/src.linux-x86_64-3.7/numpy/core/src/npysort/heapsort.c
  gcc: build/src.linux-x86_64-3.7/numpy/core/src/npysort/selection.c
  In file included from numpy/core/src/npysort/selection.c.src:22:0:
  numpy/core/src/private/npy_partition.h.src: In function â€˜get_partition_funcâ€™:
  numpy/core/src/private/npy_partition.h.src:98:19: warning: comparison between signed and unsigned integer expressions [-Wsign-compare]
       for (i = 0; i < sizeof(_part_map)/sizeof(_part_map[0]); i++) {
                     ^
  numpy/core/src/private/npy_partition.h.src:99:18: warning: comparison between signed and unsigned integer expressions [-Wsign-compare]
           if (type == _part_map[i].typenum) {
                    ^~
  numpy/core/src/private/npy_partition.h.src: In function â€˜get_argpartition_funcâ€™:
  numpy/core/src/private/npy_partition.h.src:114:19: warning: comparison between signed and unsigned integer expressions [-Wsign-compare]
       for (i = 0; i < sizeof(_part_map)/sizeof(_part_map[0]); i++) {
                     ^
  numpy/core/src/private/npy_partition.h.src:115:18: warning: comparison between signed and unsigned integer expressions [-Wsign-compare]
           if (type == _part_map[i].typenum) {
                    ^~
  gcc: build/src.linux-x86_64-3.7/numpy/core/src/npysort/binsearch.c
  In file included from numpy/core/src/npysort/binsearch.c.src:6:0:
  numpy/core/src/private/npy_binsearch.h.src: In function â€˜get_binsearch_funcâ€™:
  numpy/core/src/private/npy_binsearch.h.src:120:45: warning: comparison between signed and unsigned integer expressions [-Wsign-compare]
           if (_@arg@binsearch_map[mid_idx].typenum < type) {
                                               ^
  numpy/core/src/private/npy_binsearch.h.src:128:64: warning: comparison between signed and unsigned integer expressions [-Wsign-compare]
       if (min_idx < num_funcs && _@arg@binsearch_map[min_idx].typenum == type) {
                                                                  ^~
  In file included from numpy/core/src/npysort/binsearch.c.src:6:0:
  numpy/core/src/private/npy_binsearch.h.src: In function â€˜get_argbinsearch_funcâ€™:
  numpy/core/src/private/npy_binsearch.h.src:120:48: warning: comparison between signed and unsigned integer expressions [-Wsign-compare]
           if (_@arg@binsearch_map[mid_idx].typenum < type) {
                                                  ^
  numpy/core/src/private/npy_binsearch.h.src:128:67: warning: comparison between signed and unsigned integer expressions [-Wsign-compare]
       if (min_idx < num_funcs && _@arg@binsearch_map[min_idx].typenum == type) {
                                                                     ^~
  ar: adding 5 object files to build/temp.linux-x86_64-3.7/libnpysort.a
  running build_ext
  customize UnixCCompiler
  customize UnixCCompiler using build_ext
  building 'numpy.core._dummy' extension
  compiling C sources
  C compiler: gcc -pthread -B /srv/conda/envs/notebook/compiler_compat -Wl,--sysroot=/ -Wsign-compare -DNDEBUG -g -fwrapv -O3 -Wall -Wstrict-prototypes -fPIC
  
  compile options: '-DHAVE_NPY_CONFIG_H=1 -D_FILE_OFFSET_BITS=64 -D_LARGEFILE_SOURCE=1 -D_LARGEFILE64_SOURCE=1 -Inumpy/core/include -Ibuild/src.linux-x86_64-3.7/numpy/core/include/numpy -Inumpy/core/src/private -Inumpy/core/src -Inumpy/core -Inumpy/core/src/npymath -Inumpy/core/src/multiarray -Inumpy/core/src/umath -Inumpy/core/src/npysort -I/srv/conda/envs/notebook/include/python3.7m -Ibuild/src.linux-x86_64-3.7/numpy/core/src/private -Ibuild/src.linux-x86_64-3.7/numpy/core/src/private -Ibuild/src.linux-x86_64-3.7/numpy/core/src/private -c'
  gcc: numpy/core/src/dummymodule.c
  gcc -pthread -shared -B /srv/conda/envs/notebook/compiler_compat -L/srv/conda/envs/notebook/lib -Wl,-rpath=/srv/conda/envs/notebook/lib -Wl,--no-as-needed -Wl,--sysroot=/ build/temp.linux-x86_64-3.7/numpy/core/src/dummymodule.o -Lbuild/temp.linux-x86_64-3.7 -lm -o build/lib.linux-x86_64-3.7/numpy/core/_dummy.cp[0m[91mython-37m-x86_64-linux-gnu.so
  building 'numpy.core.multiarray' extension
  compiling C sources
  C compiler: gcc -pthread -B /srv/conda/envs/notebook/compiler_compat -Wl,--sysroot=/ -Wsign-compare -DNDEBUG -g -fwrapv -O3 -Wall -Wstrict-prototypes -fPIC
  
  creating build/temp.linux-x86_64-3.7/numpy/core/src/multiarray
  creating build/temp.linux-x86_64-3.7/build/src.linux-x86_64-3.7/numpy/core/src/multiarray
  creating build/temp.linux-x86_64-3.7/numpy/core/src/private
  compile options: '-DHAVE_NPY_CONFIG_H=1 -D_FILE_OFFSET_BITS=64 -D_LARGEFILE_SOURCE=1 -D_LARGEFILE64_SOURCE=1 -Ibuild/src.linux-x86_64-3.7/numpy/core/src/private -Inumpy/core/include -Ibuild/src.linux-x86_64-3.7/numpy/core/include/numpy -Inumpy/core/src/private -Inumpy/core/src -Inumpy/core -Inumpy/core/src/npymath -Inumpy/core/src/multiarray -Inumpy/core/src/umath -Inumpy/core/src/npysort -I/srv/conda/envs/notebook/include/python3.7m -Ibuild/src.linux-x86_64-3.7/numpy/core/src/private -Ibuild/src.linux-x86_64-3.7/numpy/core/src/private -Ibuild/src.linux-x86_64-3.7/numpy/core/src/private -c'
  gcc: numpy/core/src/multiarray/alloc.c
  gcc: numpy/core/src/multiarray/arrayobject.c
  gcc: build/src.linux-x86_64-3.7/numpy/core/src/multiarray/arraytypes.c
  numpy/core/src/multiarray/arraytypes.c.src: In function â€˜VOID_setitemâ€™:
  numpy/core/src/multiarray/arraytypes.c.src:856:9: warning: â€˜PyObject_AsReadBufferâ€™ is deprecated [-Wdeprecated-declarations]
           res = PyObject_AsReadBuffer(op, &buffer, &buflen);
           ^~~
  In file included from /srv/conda/envs/notebook/include/python3.7m/Python.h:147:0,
                   from numpy/core/src/multiarray/arraytypes.c.src:3:
  /srv/conda/envs/notebook/include/python3.7m/abstract.h:489:17: note: declared here
   PyAPI_FUNC(int) PyObject_AsReadBuffer(PyObject *obj,
                   ^~~~~~~~~~~~~~~~~~~~~
  gcc: numpy/core/src/multiarray/array_assign.c
  gcc: numpy/core/src/multiarray/array_assign_scalar.c
  numpy/core/src/multiarray/array_assign_scalar.c: In function â€˜PyArray_AssignRawScalarâ€™:
  numpy/core/src/multiarray/array_assign_scalar.c:236:34: warning: comparison between signed and unsigned integer expressions [-Wsign-compare]
           if (sizeof(scalarbuffer) >= PyArray_DESCR(dst)->elsize) {
                                    ^~
  gcc: numpy/core/src/multiarray/array_assign_array.c
  gcc: numpy/core/src/multiarray/buffer.c
  gcc: numpy/core/src/multiarray/calculation.c
  gcc: numpy/core/src/multiarray/compiled_base.c
  gcc: numpy/core/src/multiarray/common.c
  numpy/core/src/multiarray/common.c: In function â€˜_IsAlignedâ€™:
  numpy/core/src/multiarray/common.c:667:19: warning: comparison between signed and unsigned integer expressions [-Wsign-compare]
       for (i = 0; i < PyArray_NDIM(ap); i++) {
                     ^
  numpy/core/src/multiarray/common.c: In function â€˜_IsWriteableâ€™:
  numpy/core/src/multiarray/common.c:724:5: warning: â€˜PyObject_AsWriteBufferâ€™ is deprecated [-Wdeprecated-declarations]
       if (PyObject_AsWriteBuffer(base, &dummy, &n) < 0) {
       ^~
  In file included from /srv/conda/envs/notebook/include/python3.7m/Python.h:147:0,
                   from numpy/core/src/multiarray/common.c:2:
  /srv/conda/envs/notebook/include/python3.7m/abstract.h:500:17: note: declared here
   PyAPI_FUNC(int) PyObject_AsWriteBuffer(PyObject *obj,
                   ^~~~~~~~~~~~~~~~~~~~~~
  gcc: numpy/core/src/multiarray/convert.c
  gcc: numpy/core/src/multiarray/convert_datatype.c
  gcc: numpy/core/src/multiarray/conversion_utils.c
  gcc: numpy/core/src/multiarray/ctors.c
  numpy/core/src/multiarray/ctors.c: In function â€˜PyArray_FromInterfaceâ€™:
  numpy/core/src/multiarray/ctors.c:2319:9: warning: â€˜PyObject_AsWriteBufferâ€™ is deprecated [-Wdeprecated-declarations]
           res = PyObject_AsWriteBuffer(base, (void **)&data, &buffer_len);
           ^~~
  In file included from /srv/conda/envs/notebook/include/python3.7m/Python.h:147:0,
                   from numpy/core/src/multiarray/ctors.c:2:
  /srv/conda/envs/notebook/include/python3.7m/abstract.h:500:17: note: declared here
   PyAPI_FUNC(int) PyObject_AsWriteBuffer(PyObject *obj,
                   ^~~~~~~~~~~~~~~~~~~~~~
  numpy/core/src/multiarray/ctors.c:2322:13: warning: â€˜PyObject_AsReadBufferâ€™ is deprecated [-Wdeprecated-declarations]
               res = PyObject_AsReadBuffer(
               ^~~
  In file included from /srv/conda/envs/notebook/include/python3.7m/Python.h:147:0,
                   from numpy/core/src/multiarray/ctors.c:2:
  /srv/conda/envs/notebook/include/python3.7m/abstract.h:489:17: note: declared here
   PyAPI_FUNC(int) PyObject_AsReadBuffer(PyObject *obj,
                   ^~~~~~~~~~~~~~~~~~~~~
  numpy/core/src/multiarray/ctors.c: In function â€˜PyArray_FromBufferâ€™:
  numpy/core/src/multiarray/ctors.c:3503:5: warning: â€˜PyObject_AsWriteBufferâ€™ is deprecated [-Wdeprecated-declarations]
       if (PyObject_AsWriteBuffer(buf, (void *)&data, &ts) == -1) {
       ^~
  In file included from /srv/conda/envs/notebook/include/python3.7m/Python.h:147:0,
                   from numpy/core/src/multiarray/ctors.c:2:
  /srv/conda/envs/notebook/include/python3.7m/abstract.h:500:17: note: declared here
   PyAPI_FUNC(int) PyObject_AsWriteBuffer(PyObject *obj,
                   ^~~~~~~~~~~~~~~~~~~~~~
  numpy/core/src/multiarray/ctors.c:3506:9: warning: â€˜PyObject_AsReadBufferâ€™ is deprecated [-Wdeprecated-declarations]
           if (PyObject_AsReadBuffer(buf, (void *)&data, &ts) == -1) {
           ^~
  In file included from /srv/conda/envs/notebook/include/python3.7m/Python.h:147:0,
                   from numpy/core/src/multiarray/ctors.c:2:
  /srv/conda/envs/notebook/include/python3.7m/abstract.h:489:17: note: declared here
   PyAPI_FUNC(int) PyObject_AsReadBuffer(PyObject *obj,
                   ^~~~~~~~~~~~~~~~~~~~~
  gcc: numpy/core/src/multiarray/datetime.c
  numpy/core/src/multiarray/datetime.c: In function â€˜parse_datetime_extended_unit_from_stringâ€™:
  numpy/core/src/multiarray/datetime.c:781:24: warning: comparison between signed and unsigned integer expressions [-Wsign-compare]
       if (out_meta->base == -1) {
                          ^~
  numpy/core/src/multiarray/datetime.c: In function â€˜get_datetime_units_factorâ€™:
  numpy/core/src/multiarray/datetime.c:1076:23: warning: comparison between signed and unsigned integer expressions [-Wsign-compare]
       while (littlebase > unit) {
                         ^
  numpy/core/src/multiarray/datetime.c: In function â€˜convert_datetime_metadata_tuple_to_datetime_metadataâ€™:
  numpy/core/src/multiarray/datetime.c:1847:24: warning: comparison between signed and unsigned integer expressions [-Wsign-compare]
       if (out_meta->base == -1) {
                          ^~
  numpy/core/src/multiarray/datetime.c: In function â€˜convert_pyobject_to_datetimeâ€™:
  numpy/core/src/multiarray/datetime.c:2395:24: warning: comparison between signed and unsigned integer expressions [-Wsign-compare]
           if (meta->base == -1) {
                          ^~
  numpy/core/src/multiarray/datetime.c:2411:24: warning: comparison between signed and unsigned integer expressions [-Wsign-compare]
           if (meta->base == -1 || meta->base == NPY_FR_GENERIC) {
                          ^~
  numpy/core/src/multiarray/datetime.c:2424:24: warning: comparison between signed and unsigned integer expressions [-Wsign-compare]
           if (meta->base == -1) {
                          ^~
  numpy/core/src/multiarray/datetime.c:2463:24: warning: comparison between signed and unsigned integer expressions [-Wsign-compare]
           if (meta->base == -1) {
                          ^~
  numpy/core/src/multiarray/datetime.c:2495:28: warning: comparison between signed and unsigned integer expressions [-Wsign-compare]
               if (meta->base == -1) {
                              ^~
  numpy/core/src/multiarray/datetime.c:2522:24: warning: comparison between signed and unsigned integer expressions [-Wsign-compare]
           if (meta->base == -1) {
                          ^~
  numpy/core/src/multiarray/datetime.c: In function â€˜convert_pyobject_to_timedeltaâ€™:
  numpy/core/src/multiarray/datetime.c:2598:28: warning: comparison between signed and unsigned integer expressions [-Wsign-compare]
               if (meta->base == -1) {
                              ^~
  numpy/core/src/multiarray/datetime.c:2609:24: warning: comparison between signed and unsigned integer expressions [-Wsign-compare]
           if (meta->base == -1) {
                          ^~
  numpy/core/src/multiarray/datetime.c:2622:24: warning: comparison between signed and unsigned integer expressions [-Wsign-compare]
           if (meta->base == -1) {
                          ^~
  numpy/core/src/multiarray/datetime.c:2661:24: warning: comparison between signed and unsigned integer expressions [-Wsign-compare]
           if (meta->base == -1) {
                          ^~
  numpy/core/src/multiarray/datetime.c:2730:24: warning: comparison between signed and unsigned integer expressions [-Wsign-compare]
           if (meta->base == -1) {
                          ^~
  numpy/core/src/multiarray/datetime.c:2784:24: warning: comparison between signed and unsigned integer expressions [-Wsign-compare]
           if (meta->base == -1) {
                          ^~
  numpy/core/src/multiarray/datetime.c: In function â€˜convert_pyobjects_to_datetimesâ€™:
  numpy/core/src/multiarray/datetime.c:3118:26: warning: comparison between signed and unsigned integer expressions [-Wsign-compare]
       if (inout_meta->base == -1) {
                            ^~
  gcc: numpy/core/src/multiarray/datetime_strings.c
  numpy/core/src/multiarray/datetime_strings.c: In function â€˜parse_iso_8601_datetimeâ€™:
  numpy/core/src/multiarray/datetime_strings.c:310:18: warning: comparison between signed and unsigned integer expressions [-Wsign-compare]
           if (unit != -1 && !can_cast_datetime64_units(bestunit, unit,
                    ^~
  numpy/core/src/multiarray/datetime_strings.c:350:18: warning: comparison between signed and unsigned integer expressions [-Wsign-compare]
           if (unit != -1 && !can_cast_datetime64_units(bestunit, unit,
                    ^~
  numpy/core/src/multiarray/datetime_strings.c:733:14: warning: comparison between signed and unsigned integer expressions [-Wsign-compare]
       if (unit != -1 && !can_cast_datetime64_units(bestunit, unit,
                ^~
  numpy/core/src/multiarray/datetime_strings.c: In function â€˜get_datetime_iso_8601_strlenâ€™:
  numpy/core/src/multiarray/datetime_strings.c:764:14: warning: comparison between signed and unsigned integer expressions [-Wsign-compare]
       if (base == -1) {
                ^~
  numpy/core/src/multiarray/datetime_strings.c: In function â€˜make_iso_8601_datetimeâ€™:
  numpy/core/src/multiarray/datetime_strings.c:930:14: warning: comparison between signed and unsigned integer expressions [-Wsign-compare]
       if (base == -1) {
                ^~
  numpy/core/src/multiarray/datetime_strings.c: In function â€˜array_datetime_as_stringâ€™:
  numpy/core/src/multiarray/datetime_strings.c:1415:22: warning: comparison between signed and unsigned integer expressions [-Wsign-compare]
               if (unit == -1) {
                        ^~
  numpy/core/src/multiarray/datetime_strings.c:1422:18: warning: comparison between signed and unsigned integer expressions [-Wsign-compare]
           if (unit != -1 && !can_cast_datetime64_units(meta->base, unit, casting)) {
                    ^~
  gcc: numpy/core/src/multiarray/datetime_busday.c
  gcc: numpy/core/src/multiarray/datetime_busdaycal.c
  gcc: numpy/core/src/multiarray/descriptor.c
  gcc: numpy/core/src/multiarray/dtype_transfer.c
  gcc: build/src.linux-x86_64-3.7/numpy/core/src/multiarray/einsum.c
  gcc: numpy/core/src/multiarray/flagsobject.c
  gcc: numpy/core/src/multiarray/getset.c
  numpy/core/src/multiarray/getset.c: In function â€˜array_strides_setâ€™:
  numpy/core/src/multiarray/getset.c:134:5: warning: â€˜PyObject_AsReadBufferâ€™ is deprecated [-Wdeprecated-declarations]
       if (PyArray_BASE(new) && PyObject_AsReadBuffer(PyArray_BASE(new),
       ^~
  In file included from /srv/conda/envs/notebook/include/python3.7m/Python.h:147:0,
                   from numpy/core/src/multiarray/getset.c:4:
  /srv/conda/envs/notebook/include/python3.7m/abstract.h:489:17: note: declared here
   PyAPI_FUNC(int) PyObject_AsReadBuffer(PyObject *obj,
                   ^~~~~~~~~~~~~~~~~~~~~
  numpy/core/src/multiarray/getset.c: In function â€˜array_data_setâ€™:
  numpy/core/src/multiarray/getset.c:344:5: warning: â€˜PyObject_AsWriteBufferâ€™ is deprecated [-Wdeprecated-declarations]
       if (PyObject_AsWriteBuffer(op, &buf, &buf_len) < 0) {
       ^~
  In file included from /srv/conda/envs/notebook/include/python3.7m/Python.h:147:0,
                   from numpy/core/src/multiarray/getset.c:4:
  /srv/conda/envs/notebook/include/python3.7m/abstract.h:500:17: note: declared here
   PyAPI_FUNC(int) PyObject_AsWriteBuffer(PyObject *obj,
                   ^~~~~~~~~~~~~~~~~~~~~~
  numpy/core/src/multiarray/getset.c:346:9: warning: â€˜PyObject_AsReadBufferâ€™ is deprecated [-Wdeprecated-declarations]
           if (PyObject_AsReadBuffer(op, (const void **)&buf, &buf_len) < 0) {
           ^~
  In file included from /srv/conda/envs/notebook/include/python3.7m/Python.h:147:0,
                   from numpy/core/src/multiarray/getset.c:4:
  /srv/conda/envs/notebook/include/python3.7m/abstract.h:489:17: note: declared here
   PyAPI_FUNC(int) PyObject_AsReadBuffer(PyObject *obj,
                   ^~~~~~~~~~~~~~~~~~~~~
  gcc: numpy/core/src/multiarray/hashdescr.c
  gcc: numpy/core/src/multiarray/item_selection.c
  In file included from numpy/core/src/multiarray/item_selection.c:24:0:
  numpy/core/src/private/npy_partition.h.src: In function â€˜get_partition_funcâ€™:
  numpy/core/src/private/npy_partition.h.src:98:19: warning: comparison between signed and unsigned integer expressions [-Wsign-compare]
       for (i = 0; i < sizeof(_part_map)/sizeof(_part_map[0]); i++) {
                     ^
  numpy/core/src/private/npy_partition.h.src:99:18: warning: comparison between signed and unsigned integer expressions [-Wsign-compare]
           if (type == _part_map[i].typenum) {
                    ^~
  numpy/core/src/private/npy_partition.h.src: In function â€˜get_argpartition_funcâ€™:
  numpy/core/src/private/npy_partition.h.src:114:19: warning: comparison between signed and unsigned integer expressions [-Wsign-compare]
       for (i = 0; i < sizeof(_part_map)/sizeof(_part_map[0]); i++) {
                     ^
  numpy/core/src/private/npy_partition.h.src:115:18: warning: comparison between signed and unsigned integer expressions [-Wsign-compare]
           if (type == _part_map[i].typenum) {
                    ^~
  In file included from numpy/core/src/multiarray/item_selection.c:25:0:
  numpy/core/src/private/npy_binsearch.h.src: In function â€˜get_binsearch_funcâ€™:
  numpy/core/src/private/npy_binsearch.h.src:120:45: warning: comparison between signed and unsigned integer expressions [-Wsign-compare]
           if (_@arg@binsearch_map[mid_idx].typenum < type) {
                                               ^
  numpy/core/src/private/npy_binsearch.h.src:128:64: warning: comparison between signed and unsigned integer expressions [-Wsign-compare]
       if (min_idx < num_funcs && _@arg@binsearch_map[min_idx].typenum == type) {
                                                                  ^~
  In file included from numpy/core/src/multiarray/item_selection.c:25:0:
  numpy/core/src/private/npy_binsearch.h.src: In function â€˜get_argbinsearch_funcâ€™:
  numpy/core/src/private/npy_binsearch.h.src:120:48: warning: comparison between signed and unsigned integer expressions [-Wsign-compare]
           if (_@arg@binsearch_map[mid_idx].typenum < type) {
                                                  ^
  numpy/core/src/private/npy_binsearch.h.src:128:67: warning: comparison between signed and unsigned integer expressions [-Wsign-compare]
       if (min_idx < num_funcs && _@arg@binsearch_map[min_idx].typenum == type) {
                                                                     ^~
  gcc: numpy/core/src/multiarray/iterators.c
  gcc: build/src.linux-x86_64-3.7/numpy/core/src/multiarray/lowlevel_strided_loops.c
  gcc: numpy/core/src/multiarray/mapping.c
  gcc: numpy/core/src/multiarray/methods.c
  gcc: numpy/core/src/multiarray/multiarraymodule.c
  gcc: build/src.linux-x86_64-3.7/numpy/core/src/multiarray/nditer_templ.c
  gcc: numpy/core/src/multiarray/nditer_api.c
  gcc: numpy/core/src/multiarray/nditer_constr.c
  gcc: numpy/core/src/multiarray/nditer_pywrap.c
  gcc: numpy/core/src/multiarray/number.c
  gcc: numpy/core/src/multiarray/numpymemoryview.c
  gcc: numpy/core/src/multiarray/numpyos.c
  numpy/core/src/multiarray/numpyos.c:18:10: fatal error: xlocale.h: No such file or directory
   #include <xlocale.h>
            ^~~~~~~~~~~
  compilation terminated.
  numpy/core/src/multiarray/numpyos.c:18:10: fatal error: xlocale.h: No such file or directory
   #include <xlocale.h>
            ^~~~~~~~~~~
  compilation terminated.
  error: Command "gcc -pthread -B /srv/conda/envs/notebook/compiler_compat -Wl,--sysroot=/ -Wsign-compare -DNDEBUG -g -fwrapv -O3 -Wall -Wstrict-prototypes -fPIC -DHAVE_NPY_CONFIG_H=1 -D_FILE_OFFSET_BITS=64 -D_LARGEFILE_SOURCE=1 -D_LARGEFILE64_SOURCE=1 -Ibuild/src.linux-x86_64-3.7/numpy/core/src/private -Inumpy/core/include -Ibuild/src.linux-x86_64-3.7/numpy/core/include/numpy -Inumpy/core/src/private -Inumpy/core/src -Inumpy/core -Inumpy/core/src/npymath -Inumpy/core/src/multiarray -Inumpy/core/src/umath -Inumpy/core/src/npysort -I/srv/conda/envs/notebook/include/python3.7m -Ibuild/src.linux-x86_64-3.7/numpy/core/src/private -Ibuild/src.linux-x86_64-3.7/numpy/core/src/private -Ibuild/src.linux-x86_64-3.7/numpy/core/src/private -c numpy/core/src/multiarray/numpyos.c -o build/temp.linux-x86_64-3.7/numpy/core/src/multiarray/numpyos.o" failed with exit status 1
  ----------------------------------------
  ERROR: Failed building wheel for numpy
[0m[91m  ERROR: Command errored out with exit status 1:
   command: /srv/conda/envs/notebook/bin/python -u -c 'import sys, setuptools, tokenize; sys.argv[0] = '"'"'/tmp/pip-install-pg0w6ihm/numpy/setup.py'"'"'; __file__='"'"'/tmp/pip-install-pg0w6ihm/numpy/setup.py'"'"';f=getattr(tokenize, '"'"'open'"'"', open)(__file__);code=f.read().replace('"'"'\r\n'"'"', '"'"'\n'"'"');f.close();exec(compile(code, __file__, '"'"'exec'"'"'))' clean --all
       cwd: /tmp/pip-install-pg0w6ihm/numpy
  Complete output (10 lines):
  Running from numpy source directory.
  
  `setup.py clean` is not supported, use one of the following instead:
  
    - `git clean -xdf` (cleans all files)
    - `git clean -Xdf` (cleans all versioned files, doesn't touch
                        files that aren't checked into the git repo)
  
  Add `--force` to your command to use it anyway if you must (unsupported).
  
  ----------------------------------------
[0m[91m  ERROR: Failed cleaning build dir for numpy
[0m  Building wheel for pandas (setup.py): started
  Building wheel for pandas (setup.py): finished with status 'error'
[91m  ERROR: Command errored out with exit status 1:
   command: /srv/conda/envs/notebook/bin/python -u -c 'import sys, setuptools, tokenize; sys.argv[0] = '"'"'/tmp/pip-install-pg0w6ihm/pandas/setup.py'"'"'; __file__='"'"'/tmp/pip-install-pg0w6ihm/pandas/setup.py'"'"';f=getattr(tokenize, '"'"'open'"'"', open)(__file__);code=f.read().replace('"'"'\r\n'"'"', '"'"'\n'"'"');f.close();exec(compile(code, __file__, '"'"'exec'"'"'))' bdist_wheel -d /tmp/pip-wheel-ourvmmio
       cwd: /tmp/pip-install-pg0w6ihm/pandas/
  Complete output (838 lines):
  running bdist_wheel
  running build
  running build_py
  creating build
  creating build/lib.linux-x86_64-3.7
  creating build/lib.linux-x86_64-3.7/pandas
  copying pandas/info.py -> build/lib.linux-x86_64-3.7/pandas
  copying pandas/__init__.py -> build/lib.linux-x86_64-3.7/pandas
  copying pandas/_version.py -> build/lib.linux-x86_64-3.7/pandas
  creating build/lib.linux-x86_64-3.7/pandas/api
  copying pandas/api/__init__.py -> build/lib.linux-x86_64-3.7/pandas/api
  creating build/lib.linux-x86_64-3.7/pandas/api/tests
  copying pandas/api/tests/__init__.py -> build/lib.linux-x86_64-3.7/pandas/api/tests
  copying pandas/api/tests/test_api.py -> build/lib.linux-x86_64-3.7/pandas/api/tests
  creating build/lib.linux-x86_64-3.7/pandas/api/types
  copying pandas/api/types/__init__.py -> build/lib.linux-x86_64-3.7/pandas/api/types
  creating build/lib.linux-x86_64-3.7/pandas/compat
  copying pandas/compat/__init__.py -> build/lib.linux-x86_64-3.7/pandas/compat
  copying pandas/compat/pickle_compat.py -> build/lib.linux-x86_64-3.7/pandas/compat
  copying pandas/compat/chainmap_impl.py -> build/lib.linux-x86_64-3.7/pandas/compat
  copying pandas/compat/chainmap.py -> build/lib.linux-x86_64-3.7/pandas/compat
  copying pandas/compat/openpyxl_compat.py -> build/lib.linux-x86_64-3.7/pandas/compat
  creating build/lib.linux-x86_64-3.7/pandas/compat/numpy
  copying pandas/compat/numpy/__init__.py -> build/lib.linux-x86_64-3.7/pandas/compat/numpy
  copying pandas/compat/numpy/function.py -> build/lib.linux-x86_64-3.7/pandas/compat/numpy
  creating build/lib.linux-x86_64-3.7/pandas/computation
  copying pandas/computation/ops.py -> build/lib.linux-x86_64-3.7/pandas/computation
  copying pandas/computation/__init__.py -> build/lib.linux-x86_64-3.7/pandas/computation
  copying pandas/computation/expr.py -> build/lib.linux-x86_64-3.7/pandas/computation
  copying pandas/computation/align.py -> build/lib.linux-x86_64-3.7/pandas/computation
  copying pandas/computation/common.py -> build/lib.linux-x86_64-3.7/pandas/computation
  copying pandas/computation/api.py -> build/lib.linux-x86_64-3.7/pandas/computation
  copying pandas/computation/scope.py -> build/lib.linux-x86_64-3.7/pandas/computation
  copying pandas/computation/expressions.py -> build/lib.linux-x86_64-3.7/pandas/computation
  copying pandas/computation/pytables.py -> build/lib.linux-x86_64-3.7/pandas/computation
  copying pandas/computation/engines.py -> build/lib.linux-x86_64-3.7/pandas/computation
  copying pandas/computation/eval.py -> build/lib.linux-x86_64-3.7/pandas/computation
  creating build/lib.linux-x86_64-3.7/pandas/computation/tests
  copying pandas/computation/tests/test_compat.py -> build/lib.linux-x86_64-3.7/pandas/computation/tests
  copying pandas/computation/tests/__init__.py -> build/lib.linux-x86_64-3.7/pandas/computation/tests
  copying pandas/computation/tests/test_eval.py -> build/lib.linux-x86_64-3.7/pandas/computation/tests
  creating build/lib.linux-x86_64-3.7/pandas/core
  copying pandas/core/ops.py -> build/lib.linux-x86_64-3.7/pandas/core
  copying pandas/core/__init__.py -> build/lib.linux-x86_64-3.7/pandas/core
  copying pandas/core/nanops.py -> build/lib.linux-x86_64-3.7/pandas/core
  copying pandas/core/algorithms.py -> build/lib.linux-x86_64-3.7/pandas/core
  copying pandas/core/missing.py -> build/lib.linux-x86_64-3.7/pandas/core
  copying pandas/core/common.py -> build/lib.linux-x86_64-3.7/pandas/core
  copying pandas/core/panel4d.py -> build/lib.linux-x86_64-3.7/pandas/core
  copying pandas/core/panelnd.py -> build/lib.linux-x86_64-3.7/pandas/core
  copying pandas/core/frame.py -> build/lib.linux-x86_64-3.7/pandas/core
  copying pandas/core/base.py -> build/lib.linux-x86_64-3.7/pandas/core
  copying pandas/core/api.py -> build/lib.linux-x86_64-3.7/pandas/core
  copying pandas/core/datetools.py -> build/lib.linux-x86_64-3.7/pandas/core
  copying pandas/core/config_init.py -> build/lib.linux-x86_64-3.7/pandas/core
  copying pandas/core/internals.py -> build/lib.linux-x86_64-3.7/pandas/core
  copying pandas/core/sparse.py -> build/lib.linux-x86_64-3.7/pandas/core
  copying pandas/core/index.py -> build/lib.linux-x86_64-3.7/pandas/core
  copying pandas/core/categorical.py -> build/lib.linux-x86_64-3.7/pandas/core
  copying pandas/core/reshape.py -> build/lib.linux-x86_64-3.7/pandas/core
  copying pandas/core/indexing.py -> build/lib.linux-x86_64-3.7/pandas/core
  copying pandas/core/config.py -> build/lib.linux-x86_64-3.7/pandas/core
  copying pandas/core/panel.py -> build/lib.linux-x86_64-3.7/pandas/core
  copying pandas/core/groupby.py -> build/lib.linux-x86_64-3.7/pandas/core
  copying pandas/core/series.py -> build/lib.linux-x86_64-3.7/pandas/core
  copying pandas/core/window.py -> build/lib.linux-x86_64-3.7/pandas/core
  copying pandas/core/generic.py -> build/lib.linux-x86_64-3.7/pandas/core
  copying pandas/core/strings.py -> build/lib.linux-x86_64-3.7/pandas/core
  creating build/lib.linux-x86_64-3.7/pandas/indexes
  copying pandas/indexes/__init__.py -> build/lib.linux-x86_64-3.7/pandas/indexes
  copying pandas/indexes/multi.py -> build/lib.linux-x86_64-3.7/pandas/indexes
  copying pandas/indexes/base.py -> build/lib.linux-x86_64-3.7/pandas/indexes
  copying pandas/indexes/api.py -> build/lib.linux-x86_64-3.7/pandas/indexes
  copying pandas/indexes/category.py -> build/lib.linux-x86_64-3.7/pandas/indexes
  copying pandas/indexes/numeric.py -> build/lib.linux-x86_64-3.7/pandas/indexes
  copying pandas/indexes/range.py -> build/lib.linux-x86_64-3.7/pandas/indexes
  creating build/lib.linux-x86_64-3.7/pandas/io
  copying pandas/io/data.py -> build/lib.linux-x86_64-3.7/pandas/io
  copying pandas/io/__init__.py -> build/lib.linux-x86_64-3.7/pandas/io
  copying pandas/io/auth.py -> build/lib.linux-x86_64-3.7/pandas/io
  copying pandas/io/clipboard.py -> build/lib.linux-x86_64-3.7/pandas/io
  copying pandas/io/parsers.py -> build/lib.linux-x86_64-3.7/pandas/io
  copying pandas/io/pickle.py -> build/lib.linux-x86_64-3.7/pandas/io
  copying pandas/io/html.py -> build/lib.linux-x86_64-3.7/pandas/io
  copying pandas/io/common.py -> build/lib.linux-x86_64-3.7/pandas/io
  copying pandas/io/api.py -> build/lib.linux-x86_64-3.7/pandas/io
  copying pandas/io/excel.py -> build/lib.linux-x86_64-3.7/pandas/io
  copying pandas/io/stata.py -> build/lib.linux-x86_64-3.7/pandas/io
  copying pandas/io/json.py -> build/lib.linux-x86_64-3.7/pandas/io
  copying pandas/io/packers.py -> build/lib.linux-x86_64-3.7/pandas/io
  copying pandas/io/gbq.py -> build/lib.linux-x86_64-3.7/pandas/io
  copying pandas/io/ga.py -> build/lib.linux-x86_64-3.7/pandas/io
  copying pandas/io/wb.py -> build/lib.linux-x86_64-3.7/pandas/io
  copying pandas/io/s3.py -> build/lib.linux-x86_64-3.7/pandas/io
  copying pandas/io/date_converters.py -> build/lib.linux-x86_64-3.7/pandas/io
  copying pandas/io/pytables.py -> build/lib.linux-x86_64-3.7/pandas/io
  copying pandas/io/sql.py -> build/lib.linux-x86_64-3.7/pandas/io
  creating build/lib.linux-x86_64-3.7/pandas/io/sas
  copying pandas/io/sas/__init__.py -> build/lib.linux-x86_64-3.7/pandas/io/sas
  copying pandas/io/sas/sasreader.py -> build/lib.linux-x86_64-3.7/pandas/io/sas
  copying pandas/io/sas/sas7bdat.py -> build/lib.linux-x86_64-3.7/pandas/io/sas
  copying pandas/io/sas/sas_xport.py -> build/lib.linux-x86_64-3.7/pandas/io/sas
  copying pandas/io/sas/sas_constants.py -> build/lib.linux-x86_64-3.7/pandas/io/sas
  creating build/lib.linux-x86_64-3.7/pandas/formats
  copying pandas/formats/__init__.py -> build/lib.linux-x86_64-3.7/pandas/formats
  copying pandas/formats/printing.py -> build/lib.linux-x86_64-3.7/pandas/formats
  copying pandas/formats/format.py -> build/lib.linux-x86_64-3.7/pandas/formats
  copying pandas/formats/style.py -> build/lib.linux-x86_64-3.7/pandas/formats
  creating build/lib.linux-x86_64-3.7/pandas/rpy
  copying pandas/rpy/__init__.py -> build/lib.linux-x86_64-3.7/pandas/rpy
  copying pandas/rpy/vars.py -> build/lib.linux-x86_64-3.7/pandas/rpy
  copying pandas/rpy/common.py -> build/lib.linux-x86_64-3.7/pandas/rpy
  copying pandas/rpy/base.py -> build/lib.linux-x86_64-3.7/pandas/rpy
  copying pandas/rpy/mass.py -> build/lib.linux-x86_64-3.7/pandas/rpy
  creating build/lib.linux-x86_64-3.7/pandas/sparse
  copying pandas/sparse/__init__.py -> build/lib.linux-x86_64-3.7/pandas/sparse
  copying pandas/sparse/frame.py -> build/lib.linux-x86_64-3.7/pandas/sparse
  copying pandas/sparse/list.py -> build/lib.linux-x86_64-3.7/pandas/sparse
  copying pandas/sparse/api.py -> build/lib.linux-x86_64-3.7/pandas/sparse
  copying pandas/sparse/scipy_sparse.py -> build/lib.linux-x86_64-3.7/pandas/sparse
  copying pandas/sparse/array.py -> build/lib.linux-x86_64-3.7/pandas/sparse
  copying pandas/sparse/series.py -> build/lib.linux-x86_64-3.7/pandas/sparse
  creating build/lib.linux-x86_64-3.7/pandas/sparse/tests
  copying pandas/sparse/tests/test_array.py -> build/lib.linux-x86_64-3.7/pandas/sparse/tests
  copying pandas/sparse/tests/__init__.py -> build/lib.linux-x86_64-3.7/pandas/sparse/tests
  copying pandas/sparse/tests/test_libsparse.py -> build/lib.linux-x86_64-3.7/pandas/sparse/tests
  copying pandas/sparse/tests/test_list.py -> build/lib.linux-x86_64-3.7/pandas/sparse/tests
  copying pandas/sparse/tests/test_combine_concat.py -> build/lib.linux-x86_64-3.7/pandas/sparse/tests
  copying pandas/sparse/tests/test_indexing.py -> build/lib.linux-x86_64-3.7/pandas/sparse/tests
  copying pandas/sparse/tests/test_format.py -> build/lib.linux-x86_64-3.7/pandas/sparse/tests
  copying pandas/sparse/tests/test_arithmetics.py -> build/lib.linux-x86_64-3.7/pandas/sparse/tests
  copying pandas/sparse/tests/test_pivot.py -> build/lib.linux-x86_64-3.7/pandas/sparse/tests
  copying pandas/sparse/tests/test_groupby.py -> build/lib.linux-x86_64-3.7/pandas/sparse/tests
  copying pandas/sparse/tests/test_series.py -> build/lib.linux-x86_64-3.7/pandas/sparse/tests
  copying pandas/sparse/tests/test_frame.py -> build/lib.linux-x86_64-3.7/pandas/sparse/tests
  creating build/lib.linux-x86_64-3.7/pandas/stats
  copying pandas/stats/misc.py -> build/lib.linux-x86_64-3.7/pandas/stats
  copying pandas/stats/plm.py -> build/lib.linux-x86_64-3.7/pandas/stats
  copying pandas/stats/__init__.py -> build/lib.linux-x86_64-3.7/pandas/stats
  copying pandas/stats/interface.py -> build/lib.linux-x86_64-3.7/pandas/stats
  copying pandas/stats/common.py -> build/lib.linux-x86_64-3.7/pandas/stats
  copying pandas/stats/api.py -> build/lib.linux-x86_64-3.7/pandas/stats
  copying pandas/stats/fama_macbeth.py -> build/lib.linux-x86_64-3.7/pandas/stats
  copying pandas/stats/var.py -> build/lib.linux-x86_64-3.7/pandas/stats
  copying pandas/stats/math.py -> build/lib.linux-x86_64-3.7/pandas/stats
  copying pandas/stats/moments.py -> build/lib.linux-x86_64-3.7/pandas/stats
  copying pandas/stats/ols.py -> build/lib.linux-x86_64-3.7/pandas/stats
  creating build/lib.linux-x86_64-3.7/pandas/util
  copying pandas/util/__init__.py -> build/lib.linux-x86_64-3.7/pandas/util
  copying pandas/util/print_versions.py -> build/lib.linux-x86_64-3.7/pandas/util
  copying pandas/util/terminal.py -> build/lib.linux-x86_64-3.7/pandas/util
  copying pandas/util/doctools.py -> build/lib.linux-x86_64-3.7/pandas/util
  copying pandas/util/testing.py -> build/lib.linux-x86_64-3.7/pandas/util
  copying pandas/util/nosetester.py -> build/lib.linux-x86_64-3.7/pandas/util
  copying pandas/util/decorators.py -> build/lib.linux-x86_64-3.7/pandas/util
  copying pandas/util/depr_module.py -> build/lib.linux-x86_64-3.7/pandas/util
  copying pandas/util/validators.py -> build/lib.linux-x86_64-3.7/pandas/util
  creating build/lib.linux-x86_64-3.7/pandas/tests
  copying pandas/tests/test_testing.py -> build/lib.linux-x86_64-3.7/pandas/tests
  copying pandas/tests/test_compat.py -> build/lib.linux-x86_64-3.7/pandas/tests
  copying pandas/tests/test_panel4d.py -> build/lib.linux-x86_64-3.7/pandas/tests
  copying pandas/tests/__init__.py -> build/lib.linux-x86_64-3.7/pandas/tests
  copying pandas/tests/test_multilevel.py -> build/lib.linux-x86_64-3.7/pandas/tests
  copying pandas/tests/test_generic.py -> build/lib.linux-x86_64-3.7/pandas/tests
  copying pandas/tests/test_strings.py -> build/lib.linux-x86_64-3.7/pandas/tests
  copying pandas/tests/test_panel.py -> build/lib.linux-x86_64-3.7/pandas/tests
  copying pandas/tests/test_join.py -> build/lib.linux-x86_64-3.7/pandas/tests
  copying pandas/tests/test_util.py -> build/lib.linux-x86_64-3.7/pandas/tests
  copying pandas/tests/test_expressions.py -> build/lib.linux-x86_64-3.7/pandas/tests
  copying pandas/tests/test_nanops.py -> build/lib.linux-x86_64-3.7/pandas/tests
  copying pandas/tests/test_categorical.py -> build/lib.linux-x86_64-3.7/pandas/tests
  copying pandas/tests/test_internals.py -> build/lib.linux-x86_64-3.7/pandas/tests
  copying pandas/tests/test_reshape.py -> build/lib.linux-x86_64-3.7/pandas/tests
  copying pandas/tests/test_take.py -> build/lib.linux-x86_64-3.7/pandas/tests
  copying pandas/tests/test_window.py -> build/lib.linux-x86_64-3.7/pandas/tests
  copying pandas/tests/test_algos.py -> build/lib.linux-x86_64-3.7/pandas/tests
  copying pandas/tests/test_panelnd.py -> build/lib.linux-x86_64-3.7/pandas/tests
  copying pandas/tests/test_config.py -> build/lib.linux-x86_64-3.7/pandas/tests
  copying pandas/tests/test_groupby.py -> build/lib.linux-x86_64-3.7/pandas/tests
  copying pandas/tests/test_stats.py -> build/lib.linux-x86_64-3.7/pandas/tests
  copying pandas/tests/test_lib.py -> build/lib.linux-x86_64-3.7/pandas/tests
  copying pandas/tests/test_base.py -> build/lib.linux-x86_64-3.7/pandas/tests
  copying pandas/tests/test_common.py -> build/lib.linux-x86_64-3.7/pandas/tests
  creating build/lib.linux-x86_64-3.7/pandas/tests/frame
  copying pandas/tests/frame/__init__.py -> build/lib.linux-x86_64-3.7/pandas/tests/frame
  copying pandas/tests/frame/test_combine_concat.py -> build/lib.linux-x86_64-3.7/pandas/tests/frame
  copying pandas/tests/frame/test_repr_info.py -> build/lib.linux-x86_64-3.7/pandas/tests/frame
  copying pandas/tests/frame/test_indexing.py -> build/lib.linux-x86_64-3.7/pandas/tests/frame
  copying pandas/tests/frame/test_quantile.py -> build/lib.linux-x86_64-3.7/pandas/tests/frame
  copying pandas/tests/frame/common.py -> build/lib.linux-x86_64-3.7/pandas/tests/frame
  copying pandas/tests/frame/test_missing.py -> build/lib.linux-x86_64-3.7/pandas/tests/frame
  copying pandas/tests/frame/test_axis_select_reindex.py -> build/lib.linux-x86_64-3.7/pandas/tests/frame
  copying pandas/tests/frame/test_dtypes.py -> build/lib.linux-x86_64-3.7/pandas/tests/frame
  copying pandas/tests/frame/test_mutate_columns.py -> build/lib.linux-x86_64-3.7/pandas/tests/frame
  copying pandas/tests/frame/test_operators.py -> build/lib.linux-x86_64-3.7/pandas/tests/frame
  copying pandas/tests/frame/test_reshape.py -> build/lib.linux-x86_64-3.7/pandas/tests/frame
  copying pandas/tests/frame/test_nonunique_indexes.py -> build/lib.linux-x86_64-3.7/pandas/tests/frame
  copying pandas/tests/frame/test_subclass.py -> build/lib.linux-x86_64-3.7/pandas/tests/frame
  copying pandas/tests/frame/test_constructors.py -> build/lib.linux-x86_64-3.7/pandas/tests/frame
  copying pandas/tests/frame/test_to_csv.py -> build/lib.linux-x86_64-3.7/pandas/tests/frame
  copying pandas/tests/frame/test_query_eval.py -> build/lib.linux-x86_64-3.7/pandas/tests/frame
  copying pandas/tests/frame/test_convert_to.py -> build/lib.linux-x86_64-3.7/pandas/tests/frame
  copying pandas/tests/frame/test_timeseries.py -> build/lib.linux-x86_64-3.7/pandas/tests/frame
  copying pandas/tests/frame/test_replace.py -> build/lib.linux-x86_64-3.7/pandas/tests/frame
  copying pandas/tests/frame/test_block_internals.py -> build/lib.linux-x86_64-3.7/pandas/tests/frame
  copying pandas/tests/frame/test_analytics.py -> build/lib.linux-x86_64-3.7/pandas/tests/frame
  copying pandas/tests/frame/test_misc_api.py -> build/lib.linux-x86_64-3.7/pandas/tests/frame
  copying pandas/tests/frame/test_sorting.py -> build/lib.linux-x86_64-3.7/pandas/tests/frame
  copying pandas/tests/frame/test_apply.py -> build/lib.linux-x86_64-3.7/pandas/tests/frame
  copying pandas/tests/frame/test_asof.py -> build/lib.linux-x86_64-3.7/pandas/tests/frame
  copying pandas/tests/frame/test_alter_axes.py -> build/lib.linux-x86_64-3.7/pandas/tests/frame
  creating build/lib.linux-x86_64-3.7/pandas/tests/indexes
  copying pandas/tests/indexes/test_datetimelike.py -> build/lib.linux-x86_64-3.7/pandas/tests/indexes
  copying pandas/tests/indexes/__init__.py -> build/lib.linux-x86_64-3.7/pandas/tests/indexes
  copying pandas/tests/indexes/common.py -> build/lib.linux-x86_64-3.7/pandas/tests/indexes
  copying pandas/tests/indexes/test_numeric.py -> build/lib.linux-x86_64-3.7/pandas/tests/indexes
  copying pandas/tests/indexes/test_multi.py -> build/lib.linux-x86_64-3.7/pandas/tests/indexes
  copying pandas/tests/indexes/test_range.py -> build/lib.linux-x86_64-3.7/pandas/tests/indexes
  copying pandas/tests/indexes/test_category.py -> build/lib.linux-x86_64-3.7/pandas/tests/indexes
  copying pandas/tests/indexes/test_base.py -> build/lib.linux-x86_64-3.7/pandas/tests/indexes
  creating build/lib.linux-x86_64-3.7/pandas/tests/series
  copying pandas/tests/series/__init__.py -> build/lib.linux-x86_64-3.7/pandas/tests/series
  copying pandas/tests/series/test_combine_concat.py -> build/lib.linux-x86_64-3.7/pandas/tests/series
  copying pandas/tests/series/test_indexing.py -> build/lib.linux-x86_64-3.7/pandas/tests/series
  copying pandas/tests/series/test_quantile.py -> build/lib.linux-x86_64-3.7/pandas/tests/series
  copying pandas/tests/series/common.py -> build/lib.linux-x86_64-3.7/pandas/tests/series
  copying pandas/tests/series/test_io.py -> build/lib.linux-x86_64-3.7/pandas/tests/series
  copying pandas/tests/series/test_repr.py -> build/lib.linux-x86_64-3.7/pandas/tests/series
  copying pandas/tests/series/test_missing.py -> build/lib.linux-x86_64-3.7/pandas/tests/series
  copying pandas/tests/series/test_dtypes.py -> build/lib.linux-x86_64-3.7/pandas/tests/series
  copying pandas/tests/series/test_datetime_values.py -> build/lib.linux-x86_64-3.7/pandas/tests/series
  copying pandas/tests/series/test_operators.py -> build/lib.linux-x86_64-3.7/pandas/tests/series
  copying pandas/tests/series/test_internals.py -> build/lib.linux-x86_64-3.7/pandas/tests/series
  copying pandas/tests/series/test_subclass.py -> build/lib.linux-x86_64-3.7/pandas/tests/series
  copying pandas/tests/series/test_constructors.py -> build/lib.linux-x86_64-3.7/pandas/tests/series
  copying pandas/tests/series/test_timeseries.py -> build/lib.linux-x86_64-3.7/pandas/tests/series
  copying pandas/tests/series/test_replace.py -> build/lib.linux-x86_64-3.7/pandas/tests/series
  copying pandas/tests/series/test_analytics.py -> build/lib.linux-x86_64-3.7/pandas/tests/series
  copying pandas/tests/series/test_misc_api.py -> build/lib.linux-x86_64-3.7/pandas/tests/series
  copying pandas/tests/series/test_sorting.py -> build/lib.linux-x86_64-3.7/pandas/tests/series
  copying pandas/tests/series/test_apply.py -> build/lib.linux-x86_64-3.7/pandas/tests/series
  copying pandas/tests/series/test_asof.py -> build/lib.linux-x86_64-3.7/pandas/tests/series
  copying pandas/tests/series/test_alter_axes.py -> build/lib.linux-x86_64-3.7/pandas/tests/series
  creating build/lib.linux-x86_64-3.7/pandas/tests/formats
  copying pandas/tests/formats/__init__.py -> build/lib.linux-x86_64-3.7/pandas/tests/formats
  copying pandas/tests/formats/test_style.py -> build/lib.linux-x86_64-3.7/pandas/tests/formats
  copying pandas/tests/formats/test_format.py -> build/lib.linux-x86_64-3.7/pandas/tests/formats
  copying pandas/tests/formats/test_printing.py -> build/lib.linux-x86_64-3.7/pandas/tests/formats
  creating build/lib.linux-x86_64-3.7/pandas/tests/types
  copying pandas/tests/types/__init__.py -> build/lib.linux-x86_64-3.7/pandas/tests/types
  copying pandas/tests/types/test_generic.py -> build/lib.linux-x86_64-3.7/pandas/tests/types
  copying pandas/tests/types/test_io.py -> build/lib.linux-x86_64-3.7/pandas/tests/types
  copying pandas/tests/types/test_missing.py -> build/lib.linux-x86_64-3.7/pandas/tests/types
  copying pandas/tests/types/test_dtypes.py -> build/lib.linux-x86_64-3.7/pandas/tests/types
  copying pandas/tests/types/test_inference.py -> build/lib.linux-x86_64-3.7/pandas/tests/types
  copying pandas/tests/types/test_concat.py -> build/lib.linux-x86_64-3.7/pandas/tests/types
  copying pandas/tests/types/test_common.py -> build/lib.linux-x86_64-3.7/pandas/tests/types
  copying pandas/tests/types/test_cast.py -> build/lib.linux-x86_64-3.7/pandas/tests/types
  creating build/lib.linux-x86_64-3.7/pandas/tests/test_msgpack
  copying pandas/tests/test_msgpack/test_pack.py -> build/lib.linux-x86_64-3.7/pandas/tests/test_msgpack
  copying pandas/tests/test_msgpack/test_limits.py -> build/lib.linux-x86_64-3.7/pandas/tests/test_msgpack
  copying pandas/tests/test_msgpack/__init__.py -> build/lib.linux-x86_64-3.7/pandas/tests/test_msgpack
  copying pandas/tests/test_msgpack/test_obj.py -> build/lib.linux-x86_64-3.7/pandas/tests/test_msgpack
  copying pandas/tests/test_msgpack/test_seq.py -> build/lib.linux-x86_64-3.7/pandas/tests/test_msgpack
  copying pandas/tests/test_msgpack/test_extension.py -> build/lib.linux-x86_64-3.7/pandas/tests/test_msgpack
  copying pandas/tests/test_msgpack/test_read_size.py -> build/lib.linux-x86_64-3.7/pandas/tests/test_msgpack
  copying pandas/tests/test_msgpack/test_case.py -> build/lib.linux-x86_64-3.7/pandas/tests/test_msgpack
  copying pandas/tests/test_msgpack/test_format.py -> build/lib.linux-x86_64-3.7/pandas/tests/test_msgpack
  copying pandas/tests/test_msgpack/test_sequnpack.py -> build/lib.linux-x86_64-3.7/pandas/tests/test_msgpack
  copying pandas/tests/test_msgpack/test_except.py -> build/lib.linux-x86_64-3.7/pandas/tests/test_msgpack
  copying pandas/tests/test_msgpack/test_subtype.py -> build/lib.linux-x86_64-3.7/pandas/tests/test_msgpack
  copying pandas/tests/test_msgpack/test_newspec.py -> build/lib.linux-x86_64-3.7/pandas/tests/test_msgpack
  copying pandas/tests/test_msgpack/test_unpack_raw.py -> build/lib.linux-x86_64-3.7/pandas/tests/test_msgpack
  copying pandas/tests/test_msgpack/test_buffer.py -> build/lib.linux-x86_64-3.7/pandas/tests/test_msgpack
  copying pandas/tests/test_msgpack/test_unpack.py -> build/lib.linux-x86_64-3.7/pandas/tests/test_msgpack
  creating build/lib.linux-x86_64-3.7/pandas/tests/plotting
  copying pandas/tests/plotting/test_datetimelike.py -> build/lib.linux-x86_64-3.7/pandas/tests/plotting
  copying pandas/tests/plotting/__init__.py -> build/lib.linux-x86_64-3.7/pandas/tests/plotting
  copying pandas/tests/plotting/test_boxplot_method.py -> build/lib.linux-x86_64-3.7/pandas/tests/plotting
  copying pandas/tests/plotting/common.py -> build/lib.linux-x86_64-3.7/pandas/tests/plotting
  copying pandas/tests/plotting/test_misc.py -> build/lib.linux-x86_64-3.7/pandas/tests/plotting
  copying pandas/tests/plotting/test_groupby.py -> build/lib.linux-x86_64-3.7/pandas/tests/plotting
  copying pandas/tests/plotting/test_series.py -> build/lib.linux-x86_64-3.7/pandas/tests/plotting
  copying pandas/tests/plotting/test_hist_method.py -> build/lib.linux-x86_64-3.7/pandas/tests/plotting
  copying pandas/tests/plotting/test_frame.py -> build/lib.linux-x86_64-3.7/pandas/tests/plotting
  creating build/lib.linux-x86_64-3.7/pandas/tools
  copying pandas/tools/__init__.py -> build/lib.linux-x86_64-3.7/pandas/tools
  copying pandas/tools/plotting.py -> build/lib.linux-x86_64-3.7/pandas/tools
  copying pandas/tools/tile.py -> build/lib.linux-x86_64-3.7/pandas/tools
  copying pandas/tools/util.py -> build/lib.linux-x86_64-3.7/pandas/tools
  copying pandas/tools/merge.py -> build/lib.linux-x86_64-3.7/pandas/tools
  copying pandas/tools/pivot.py -> build/lib.linux-x86_64-3.7/pandas/tools
  copying pandas/tools/hashing.py -> build/lib.linux-x86_64-3.7/pandas/tools
  creating build/lib.linux-x86_64-3.7/pandas/tools/tests
  copying pandas/tools/tests/__init__.py -> build/lib.linux-x86_64-3.7/pandas/tools/tests
  copying pandas/tools/tests/test_join.py -> build/lib.linux-x86_64-3.7/pandas/tools/tests
  copying pandas/tools/tests/test_hashing.py -> build/lib.linux-x86_64-3.7/pandas/tools/tests
  copying pandas/tools/tests/test_util.py -> build/lib.linux-x86_64-3.7/pandas/tools/tests
  copying pandas/tools/tests/test_merge.py -> build/lib.linux-x86_64-3.7/pandas/tools/tests
  copying pandas/tools/tests/test_tile.py -> build/lib.linux-x86_64-3.7/pandas/tools/tests
  copying pandas/tools/tests/test_merge_ordered.py -> build/lib.linux-x86_64-3.7/pandas/tools/tests
  copying pandas/tools/tests/test_pivot.py -> build/lib.linux-x86_64-3.7/pandas/tools/tests
  copying pandas/tools/tests/test_concat.py -> build/lib.linux-x86_64-3.7/pandas/tools/tests
  copying pandas/tools/tests/test_merge_asof.py -> build/lib.linux-x86_64-3.7/pandas/tools/tests
  creating build/lib.linux-x86_64-3.7/pandas/tseries
  copying pandas/tseries/holiday.py -> build/lib.linux-x86_64-3.7/pandas/tseries
  copying pandas/tseries/__init__.py -> build/lib.linux-x86_64-3.7/pandas/tseries
  copying pandas/tseries/plotting.py -> build/lib.linux-x86_64-3.7/pandas/tseries
  copying pandas/tseries/interval.py -> build/lib.linux-x86_64-3.7/pandas/tseries
  copying pandas/tseries/common.py -> build/lib.linux-x86_64-3.7/pandas/tseries
  copying pandas/tseries/tdi.py -> build/lib.linux-x86_64-3.7/pandas/tseries
  copying pandas/tseries/util.py -> build/lib.linux-x86_64-3.7/pandas/tseries
  copying pandas/tseries/base.py -> build/lib.linux-x86_64-3.7/pandas/tseries
  copying pandas/tseries/api.py -> build/lib.linux-x86_64-3.7/pandas/tseries
  copying pandas/tseries/resample.py -> build/lib.linux-x86_64-3.7/pandas/tseries
  copying pandas/tseries/index.py -> build/lib.linux-x86_64-3.7/pandas/tseries
  copying pandas/tseries/period.py -> build/lib.linux-x86_64-3.7/pandas/tseries
  copying pandas/tseries/tools.py -> build/lib.linux-x86_64-3.7/pandas/tseries
  copying pandas/tseries/converter.py -> build/lib.linux-x86_64-3.7/pandas/tseries
  copying pandas/tseries/offsets.py -> build/lib.linux-x86_64-3.7/pandas/tseries
  copying pandas/tseries/frequencies.py -> build/lib.linux-x86_64-3.7/pandas/tseries
  copying pandas/tseries/timedeltas.py -> build/lib.linux-x86_64-3.7/pandas/tseries
  creating build/lib.linux-x86_64-3.7/pandas/tseries/tests
  copying pandas/tseries/tests/test_frequencies.py -> build/lib.linux-x86_64-3.7/pandas/tseries/tests
  copying pandas/tseries/tests/__init__.py -> build/lib.linux-x86_64-3.7/pandas/tseries/tests
  copying pandas/tseries/tests/test_daterange.py -> build/lib.linux-x86_64-3.7/pandas/tseries/tests
  copying pandas/tseries/tests/test_tslib.py -> build/lib.linux-x86_64-3.7/pandas/tseries/tests
  copying pandas/tseries/tests/test_period.py -> build/lib.linux-x86_64-3.7/pandas/tseries/tests
  copying pandas/tseries/tests/test_converter.py -> build/lib.linux-x86_64-3.7/pandas/tseries/tests
  copying pandas/tseries/tests/test_util.py -> build/lib.linux-x86_64-3.7/pandas/tseries/tests
  copying pandas/tseries/tests/test_timeseries_legacy.py -> build/lib.linux-x86_64-3.7/pandas/tseries/tests
  copying pandas/tseries/tests/test_timeseries.py -> build/lib.linux-x86_64-3.7/pandas/tseries/tests
  copying pandas/tseries/tests/test_timedeltas.py -> build/lib.linux-x86_64-3.7/pandas/tseries/tests
  copying pandas/tseries/tests/test_holiday.py -> build/lib.linux-x86_64-3.7/pandas/tseries/tests
  copying pandas/tseries/tests/test_timezones.py -> build/lib.linux-x86_64-3.7/pandas/tseries/tests
  copying pandas/tseries/tests/test_bin_groupby.py -> build/lib.linux-x86_64-3.7/pandas/tseries/tests
  copying pandas/tseries/tests/test_resample.py -> build/lib.linux-x86_64-3.7/pandas/tseries/tests
  copying pandas/tseries/tests/test_offsets.py -> build/lib.linux-x86_64-3.7/pandas/tseries/tests
  copying pandas/tseries/tests/test_base.py -> build/lib.linux-x86_64-3.7/pandas/tseries/tests
  creating build/lib.linux-x86_64-3.7/pandas/types
  copying pandas/types/__init__.py -> build/lib.linux-x86_64-3.7/pandas/types
  copying pandas/types/missing.py -> build/lib.linux-x86_64-3.7/pandas/types
  copying pandas/types/common.py -> build/lib.linux-x86_64-3.7/pandas/types
  copying pandas/types/concat.py -> build/lib.linux-x86_64-3.7/pandas/types
  copying pandas/types/api.py -> build/lib.linux-x86_64-3.7/pandas/types
  copying pandas/types/generic.py -> build/lib.linux-x86_64-3.7/pandas/types
  copying pandas/types/cast.py -> build/lib.linux-x86_64-3.7/pandas/types
  copying pandas/types/inference.py -> build/lib.linux-x86_64-3.7/pandas/types
  copying pandas/types/dtypes.py -> build/lib.linux-x86_64-3.7/pandas/types
  creating build/lib.linux-x86_64-3.7/pandas/io/tests
  copying pandas/io/tests/test_packers.py -> build/lib.linux-x86_64-3.7/pandas/io/tests
  copying pandas/io/tests/__init__.py -> build/lib.linux-x86_64-3.7/pandas/io/tests
  copying pandas/io/tests/test_html.py -> build/lib.linux-x86_64-3.7/pandas/io/tests
  copying pandas/io/tests/test_clipboard.py -> build/lib.linux-x86_64-3.7/pandas/io/tests
  copying pandas/io/tests/test_excel.py -> build/lib.linux-x86_64-3.7/pandas/io/tests
  copying pandas/io/tests/test_ga.py -> build/lib.linux-x86_64-3.7/pandas/io/tests
  copying pandas/io/tests/test_date_converters.py -> build/lib.linux-x86_64-3.7/pandas/io/tests
  copying pandas/io/tests/test_stata.py -> build/lib.linux-x86_64-3.7/pandas/io/tests
  copying pandas/io/tests/generate_legacy_storage_files.py -> build/lib.linux-x86_64-3.7/pandas/io/tests
  copying pandas/io/tests/test_pickle.py -> build/lib.linux-x86_64-3.7/pandas/io/tests
  copying pandas/io/tests/test_gbq.py -> build/lib.linux-x86_64-3.7/pandas/io/tests
  copying pandas/io/tests/test_pytables.py -> build/lib.linux-x86_64-3.7/pandas/io/tests
  copying pandas/io/tests/test_s3.py -> build/lib.linux-x86_64-3.7/pandas/io/tests
  copying pandas/io/tests/test_sql.py -> build/lib.linux-x86_64-3.7/pandas/io/tests
  copying pandas/io/tests/test_common.py -> build/lib.linux-x86_64-3.7/pandas/io/tests
  creating build/lib.linux-x86_64-3.7/pandas/io/tests/json
  copying pandas/io/tests/json/__init__.py -> build/lib.linux-x86_64-3.7/pandas/io/tests/json
  copying pandas/io/tests/json/test_ujson.py -> build/lib.linux-x86_64-3.7/pandas/io/tests/json
  copying pandas/io/tests/json/test_json_norm.py -> build/lib.linux-x86_64-3.7/pandas/io/tests/json
  copying pandas/io/tests/json/test_pandas.py -> build/lib.linux-x86_64-3.7/pandas/io/tests/json
  creating build/lib.linux-x86_64-3.7/pandas/io/tests/parser
  copying pandas/io/tests/parser/__init__.py -> build/lib.linux-x86_64-3.7/pandas/io/tests/parser
  copying pandas/io/tests/parser/quoting.py -> build/lib.linux-x86_64-3.7/pandas/io/tests/parser
  copying pandas/io/tests/parser/usecols.py -> build/lib.linux-x86_64-3.7/pandas/io/tests/parser
  copying pandas/io/tests/parser/parse_dates.py -> build/lib.linux-x86_64-3.7/pandas/io/tests/parser
  copying pandas/io/tests/parser/comment.py -> build/lib.linux-x86_64-3.7/pandas/io/tests/parser
  copying pandas/io/tests/parser/common.py -> build/lib.linux-x86_64-3.7/pandas/io/tests/parser
  copying pandas/io/tests/parser/test_parsers.py -> build/lib.linux-x86_64-3.7/pandas/io/tests/parser
  copying pandas/io/tests/parser/test_network.py -> build/lib.linux-x86_64-3.7/pandas/io/tests/parser
  copying pandas/io/tests/parser/test_unsupported.py -> build/lib.linux-x86_64-3.7/pandas/io/tests/parser
  copying pandas/io/tests/parser/test_textreader.py -> build/lib.linux-x86_64-3.7/pandas/io/tests/parser
  copying pandas/io/tests/parser/header.py -> build/lib.linux-x86_64-3.7/pandas/io/tests/parser
  copying pandas/io/tests/parser/c_parser_only.py -> build/lib.linux-x86_64-3.7/pandas/io/tests/parser
  copying pandas/io/tests/parser/multithread.py -> build/lib.linux-x86_64-3.7/pandas/io/tests/parser
  copying pandas/io/tests/parser/compression.py -> build/lib.linux-x86_64-3.7/pandas/io/tests/parser
  copying pandas/io/tests/parser/skiprows.py -> build/lib.linux-x86_64-3.7/pandas/i[0m[91mo/tests/parser
  copying pandas/io/tests/parser/converters.py -> build/lib.linux-x86_64-3.7/pandas/io/tests/parser
  copying pandas/io/tests/parser/test_read_fwf.py -> build/lib.linux-x86_64-3.7/pandas/io/tests/parser
  copying pandas/io/tests/parser/index_col.py -> build/lib.linux-x86_64-3.7/pandas/io/tests/parser
  copying pandas/io/tests/parser/na_values.py -> build/lib.linux-x86_64-3.7/pandas/io/tests/parser
  copying pandas/io/tests/parser/python_parser_only.py -> build/lib.linux-x86_64-3.7/pandas/io/tests/parser
  package init file 'pandas/io/tests/sas/__init__.py' not found (or not a regular file)
  creating build/lib.linux-x86_64-3.7/pandas/io/tests/sas
  copying pandas/io/tests/sas/test_xport.py -> build/lib.linux-x86_64-3.7/pandas/io/tests/sas
  copying pandas/io/tests/sas/test_sas7bdat.py -> build/lib.linux-x86_64-3.7/pandas/io/tests/sas
  creating build/lib.linux-x86_64-3.7/pandas/stats/tests
  copying pandas/stats/tests/__init__.py -> build/lib.linux-x86_64-3.7/pandas/stats/tests
  copying pandas/stats/tests/common.py -> build/lib.linux-x86_64-3.7/pandas/stats/tests
  copying pandas/stats/tests/test_math.py -> build/lib.linux-x86_64-3.7/pandas/stats/tests
  copying pandas/stats/tests/test_fama_macbeth.py -> build/lib.linux-x86_64-3.7/pandas/stats/tests
  copying pandas/stats/tests/test_var.py -> build/lib.linux-x86_64-3.7/pandas/stats/tests
  copying pandas/stats/tests/test_ols.py -> build/lib.linux-x86_64-3.7/pandas/stats/tests
  creating build/lib.linux-x86_64-3.7/pandas/msgpack
  copying pandas/msgpack/__init__.py -> build/lib.linux-x86_64-3.7/pandas/msgpack
  copying pandas/msgpack/exceptions.py -> build/lib.linux-x86_64-3.7/pandas/msgpack
  copying pandas/msgpack/_version.py -> build/lib.linux-x86_64-3.7/pandas/msgpack
  creating build/lib.linux-x86_64-3.7/pandas/util/clipboard
  copying pandas/util/clipboard/__init__.py -> build/lib.linux-x86_64-3.7/pandas/util/clipboard
  copying pandas/util/clipboard/windows.py -> build/lib.linux-x86_64-3.7/pandas/util/clipboard
  copying pandas/util/clipboard/clipboards.py -> build/lib.linux-x86_64-3.7/pandas/util/clipboard
  copying pandas/util/clipboard/exceptions.py -> build/lib.linux-x86_64-3.7/pandas/util/clipboard
  creating build/lib.linux-x86_64-3.7/pandas/io/tests/data
  creating build/lib.linux-x86_64-3.7/pandas/io/tests/data/legacy_hdf
  copying pandas/io/tests/data/legacy_hdf/legacy_0.10.h5 -> build/lib.linux-x86_64-3.7/pandas/io/tests/data/legacy_hdf
  copying pandas/io/tests/data/legacy_hdf/pytables_native2.h5 -> build/lib.linux-x86_64-3.7/pandas/io/tests/data/legacy_hdf
  copying pandas/io/tests/data/legacy_hdf/datetimetz_object.h5 -> build/lib.linux-x86_64-3.7/pandas/io/tests/data/legacy_hdf
  copying pandas/io/tests/data/legacy_hdf/legacy_table.h5 -> build/lib.linux-x86_64-3.7/pandas/io/tests/data/legacy_hdf
  copying pandas/io/tests/data/legacy_hdf/pytables_native.h5 -> build/lib.linux-x86_64-3.7/pandas/io/tests/data/legacy_hdf
  copying pandas/io/tests/data/legacy_hdf/legacy.h5 -> build/lib.linux-x86_64-3.7/pandas/io/tests/data/legacy_hdf
  copying pandas/io/tests/data/legacy_hdf/legacy_table_0.11.h5 -> build/lib.linux-x86_64-3.7/pandas/io/tests/data/legacy_hdf
  creating build/lib.linux-x86_64-3.7/pandas/io/tests/data/legacy_pickle
  creating build/lib.linux-x86_64-3.7/pandas/io/tests/data/legacy_pickle/0.14.0
  copying pandas/io/tests/data/legacy_pickle/0.14.0/0.14.0_x86_64_linux_2.7.8.pickle -> build/lib.linux-x86_64-3.7/pandas/io/tests/data/legacy_pickle/0.14.0
  copying pandas/io/tests/data/legacy_pickle/0.14.0/0.14.0_x86_64_darwin_2.7.6.pickle -> build/lib.linux-x86_64-3.7/pandas/io/tests/data/legacy_pickle/0.14.0
  creating build/lib.linux-x86_64-3.7/pandas/io/tests/data/legacy_pickle/0.15.2
  copying pandas/io/tests/data/legacy_pickle/0.15.2/0.15.2_x86_64_darwin_2.7.9.pickle -> build/lib.linux-x86_64-3.7/pandas/io/tests/data/legacy_pickle/0.15.2
  creating build/lib.linux-x86_64-3.7/pandas/io/tests/data/legacy_pickle/0.15.0
  copying pandas/io/tests/data/legacy_pickle/0.15.0/0.15.0_x86_64_darwin_2.7.12.pickle -> build/lib.linux-x86_64-3.7/pandas/io/tests/data/legacy_pickle/0.15.0
  copying pandas/io/tests/data/legacy_pickle/0.15.0/0.15.0_x86_64_linux_2.7.8.pickle -> build/lib.linux-x86_64-3.7/pandas/io/tests/data/legacy_pickle/0.15.0
  creating build/lib.linux-x86_64-3.7/pandas/io/tests/data/legacy_pickle/0.12.0
  copying pandas/io/tests/data/legacy_pickle/0.12.0/0.12.0_x86_64_linux_2.7.3.pickle -> build/lib.linux-x86_64-3.7/pandas/io/tests/data/legacy_pickle/0.12.0
  copying pandas/io/tests/data/legacy_pickle/0.12.0/0.12.0_AMD64_windows_2.7.3.pickle -> build/lib.linux-x86_64-3.7/pandas/io/tests/data/legacy_pickle/0.12.0
  creating build/lib.linux-x86_64-3.7/pandas/io/tests/data/legacy_pickle/0.16.2
  copying pandas/io/tests/data/legacy_pickle/0.16.2/0.16.2_AMD64_windows_3.4.3.pickle -> build/lib.linux-x86_64-3.7/pandas/io/tests/data/legacy_pickle/0.16.2
  copying pandas/io/tests/data/legacy_pickle/0.16.2/0.16.2_x86_64_linux_2.7.10.pickle -> build/lib.linux-x86_64-3.7/pandas/io/tests/data/legacy_pickle/0.16.2
  copying pandas/io/tests/data/legacy_pickle/0.16.2/0.16.2_x86_64_darwin_2.7.9.pickle -> build/lib.linux-x86_64-3.7/pandas/io/tests/data/legacy_pickle/0.16.2
  copying pandas/io/tests/data/legacy_pickle/0.16.2/0.16.2_x86_64_linux_3.4.3.pickle -> build/lib.linux-x86_64-3.7/pandas/io/tests/data/legacy_pickle/0.16.2
  copying pandas/io/tests/data/legacy_pickle/0.16.2/0.16.2_x86_64_darwin_3.4.3.pickle -> build/lib.linux-x86_64-3.7/pandas/io/tests/data/legacy_pickle/0.16.2
  copying pandas/io/tests/data/legacy_pickle/0.16.2/0.16.2_x86_64_darwin_2.7.10.pickle -> build/lib.linux-x86_64-3.7/pandas/io/tests/data/legacy_pickle/0.16.2
  copying pandas/io/tests/data/legacy_pickle/0.16.2/0.16.2_AMD64_windows_2.7.10.pickle -> build/lib.linux-x86_64-3.7/pandas/io/tests/data/legacy_pickle/0.16.2
  creating build/lib.linux-x86_64-3.7/pandas/io/tests/data/legacy_pickle/0.14.1
  copying pandas/io/tests/data/legacy_pickle/0.14.1/0.14.1_x86_64_linux_2.7.8.pickle -> build/lib.linux-x86_64-3.7/pandas/io/tests/data/legacy_pickle/0.14.1
  copying pandas/io/tests/data/legacy_pickle/0.14.1/0.14.1_x86_64_darwin_2.7.12.pickle -> build/lib.linux-x86_64-3.7/pandas/io/tests/data/legacy_pickle/0.14.1
  creating build/lib.linux-x86_64-3.7/pandas/io/tests/data/legacy_pickle/0.10.1
  copying pandas/io/tests/data/legacy_pickle/0.10.1/AMD64_windows_2.7.3.pickle -> build/lib.linux-x86_64-3.7/pandas/io/tests/data/legacy_pickle/0.10.1
  copying pandas/io/tests/data/legacy_pickle/0.10.1/x86_64_linux_2.7.3.pickle -> build/lib.linux-x86_64-3.7/pandas/io/tests/data/legacy_pickle/0.10.1
  creating build/lib.linux-x86_64-3.7/pandas/io/tests/data/legacy_pickle/0.18.0
  copying pandas/io/tests/data/legacy_pickle/0.18.0/0.18.0_AMD64_windows_2.7.11.pickle -> build/lib.linux-x86_64-3.7/pandas/io/tests/data/legacy_pickle/0.18.0
  copying pandas/io/tests/data/legacy_pickle/0.18.0/0.18.0_AMD64_windows_3.5.1.pickle -> build/lib.linux-x86_64-3.7/pandas/io/tests/data/legacy_pickle/0.18.0
  copying pandas/io/tests/data/legacy_pickle/0.18.0/0.18.0_x86_64_darwin_3.5.1.pickle -> build/lib.linux-x86_64-3.7/pandas/io/tests/data/legacy_pickle/0.18.0
  copying pandas/io/tests/data/legacy_pickle/0.18.0/0.18.0_x86_64_darwin_2.7.11.pickle -> build/lib.linux-x86_64-3.7/pandas/io/tests/data/legacy_pickle/0.18.0
  creating build/lib.linux-x86_64-3.7/pandas/io/tests/data/legacy_pickle/0.13.0
  copying pandas/io/tests/data/legacy_pickle/0.13.0/0.13.0_x86_64_darwin_2.7.6.pickle -> build/lib.linux-x86_64-3.7/pandas/io/tests/data/legacy_pickle/0.13.0
  copying pandas/io/tests/data/legacy_pickle/0.13.0/0.13.0_x86_64_linux_3.3.0.pickle -> build/lib.linux-x86_64-3.7/pandas/io/tests/data/legacy_pickle/0.13.0
  copying pandas/io/tests/data/legacy_pickle/0.13.0/0.13.0_x86_64_linux_2.7.8.pickle -> build/lib.linux-x86_64-3.7/pandas/io/tests/data/legacy_pickle/0.13.0
  copying pandas/io/tests/data/legacy_pickle/0.13.0/0.13.0_x86_64_linux_2.7.3.pickle -> build/lib.linux-x86_64-3.7/pandas/io/tests/data/legacy_pickle/0.13.0
  copying pandas/io/tests/data/legacy_pickle/0.13.0/0.13.0_i686_linux_2.6.5.pickle -> build/lib.linux-x86_64-3.7/pandas/io/tests/data/legacy_pickle/0.13.0
  copying pandas/io/tests/data/legacy_pickle/0.13.0/0.13.0_AMD64_windows_2.7.3.pickle -> build/lib.linux-x86_64-3.7/pandas/io/tests/data/legacy_pickle/0.13.0
  copying pandas/io/tests/data/legacy_pickle/0.13.0/0.13.0_x86_64_darwin_2.7.5.pickle -> build/lib.linux-x86_64-3.7/pandas/io/tests/data/legacy_pickle/0.13.0
  copying pandas/io/tests/data/legacy_pickle/0.13.0/0.13.0_i686_linux_3.2.3.pickle -> build/lib.linux-x86_64-3.7/pandas/io/tests/data/legacy_pickle/0.13.0
  copying pandas/io/tests/data/legacy_pickle/0.13.0/0.13.0_i686_linux_2.7.3.pickle -> build/lib.linux-x86_64-3.7/pandas/io/tests/data/legacy_pickle/0.13.0
  creating build/lib.linux-x86_64-3.7/pandas/io/tests/data/legacy_pickle/0.17.0
  copying pandas/io/tests/data/legacy_pickle/0.17.0/0.17.0_x86_64_darwin_2.7.11.pickle -> build/lib.linux-x86_64-3.7/pandas/io/tests/data/legacy_pickle/0.17.0
  copying pandas/io/tests/data/legacy_pickle/0.17.0/0.17.0_x86_64_darwin_3.4.4.pickle -> build/lib.linux-x86_64-3.7/pandas/io/tests/data/legacy_pickle/0.17.0
  copying pandas/io/tests/data/legacy_pickle/0.17.0/0.17.0_x86_64_linux_3.4.4.pickle -> build/lib.linux-x86_64-3.7/pandas/io/tests/data/legacy_pickle/0.17.0
  copying pandas/io/tests/data/legacy_pickle/0.17.0/0.17.0_x86_64_linux_2.7.11.pickle -> build/lib.linux-x86_64-3.7/pandas/io/tests/data/legacy_pickle/0.17.0
  copying pandas/io/tests/data/legacy_pickle/0.17.0/0.17.0_AMD64_windows_2.7.11.pickle -> build/lib.linux-x86_64-3.7/pandas/io/tests/data/legacy_pickle/0.17.0
  copying pandas/io/tests/data/legacy_pickle/0.17.0/0.17.1_AMD64_windows_2.7.11.pickle -> build/lib.linux-x86_64-3.7/pandas/io/tests/data/legacy_pickle/0.17.0
  copying pandas/io/tests/data/legacy_pickle/0.17.0/0.17.0_AMD64_windows_3.4.4.pickle -> build/lib.linux-x86_64-3.7/pandas/io/tests/data/legacy_pickle/0.17.0
  creating build/lib.linux-x86_64-3.7/pandas/io/tests/data/legacy_pickle/0.17.1
  copying pandas/io/tests/data/legacy_pickle/0.17.1/0.17.1_x86_64_darwin_2.7.11.pickle -> build/lib.linux-x86_64-3.7/pandas/io/tests/data/legacy_pickle/0.17.1
  copying pandas/io/tests/data/legacy_pickle/0.17.1/0.17.1_AMD64_windows_2.7.11.pickle -> build/lib.linux-x86_64-3.7/pandas/io/tests/data/legacy_pickle/0.17.1
  creating build/lib.linux-x86_64-3.7/pandas/io/tests/data/legacy_pickle/0.11.0
  copying pandas/io/tests/data/legacy_pickle/0.11.0/x86_64_linux_3.3.0.pickle -> build/lib.linux-x86_64-3.7/pandas/io/tests/data/legacy_pickle/0.11.0
  copying pandas/io/tests/data/legacy_pickle/0.11.0/x86_64_linux_2.7.3.pickle -> build/lib.linux-x86_64-3.7/pandas/io/tests/data/legacy_pickle/0.11.0
  copying pandas/io/tests/data/legacy_pickle/0.11.0/0.11.0_x86_64_linux_3.3.0.pickle -> build/lib.linux-x86_64-3.7/pandas/io/tests/data/legacy_pickle/0.11.0
  creating build/lib.linux-x86_64-3.7/pandas/io/tests/data/legacy_pickle/0.16.0
  copying pandas/io/tests/data/legacy_pickle/0.16.0/0.16.0_x86_64_darwin_2.7.9.pickle -> build/lib.linux-x86_64-3.7/pandas/io/tests/data/legacy_pickle/0.16.0
  creating build/lib.linux-x86_64-3.7/pandas/io/tests/data/legacy_pickle/0.18.1
  copying pandas/io/tests/data/legacy_pickle/0.18.1/0.18.1_x86_64_darwin_3.5.2.pickle -> build/lib.linux-x86_64-3.7/pandas/io/tests/data/legacy_pickle/0.18.1
  copying pandas/io/tests/data/legacy_pickle/0.18.1/0.18.1_x86_64_darwin_2.7.12.pickle -> build/lib.linux-x86_64-3.7/pandas/io/tests/data/legacy_pickle/0.18.1
  creating build/lib.linux-x86_64-3.7/pandas/io/tests/data/legacy_msgpack
  creating build/lib.linux-x86_64-3.7/pandas/io/tests/data/legacy_msgpack/0.16.2
  copying pandas/io/tests/data/legacy_msgpack/0.16.2/0.16.2_x86_64_darwin_2.7.9.msgpack -> build/lib.linux-x86_64-3.7/pandas/io/tests/data/legacy_msgpack/0.16.2
  copying pandas/io/tests/data/legacy_msgpack/0.16.2/0.16.2_AMD64_windows_2.7.10.msgpack -> build/lib.linux-x86_64-3.7/pandas/io/tests/data/legacy_msgpack/0.16.2
  copying pandas/io/tests/data/legacy_msgpack/0.16.2/0.16.2_x86_64_linux_3.4.3.msgpack -> build/lib.linux-x86_64-3.7/pandas/io/tests/data/legacy_msgpack/0.16.2
  copying pandas/io/tests/data/legacy_msgpack/0.16.2/0.16.2_AMD64_windows_3.4.3.msgpack -> build/lib.linux-x86_64-3.7/pandas/io/tests/data/legacy_msgpack/0.16.2
  copying pandas/io/tests/data/legacy_msgpack/0.16.2/0.16.2_x86_64_darwin_2.7.10.msgpack -> build/lib.linux-x86_64-3.7/pandas/io/tests/data/legacy_msgpack/0.16.2
  copying pandas/io/tests/data/legacy_msgpack/0.16.2/0.16.2_x86_64_darwin_3.4.3.msgpack -> build/lib.linux-x86_64-3.7/pandas/io/tests/data/legacy_msgpack/0.16.2
  copying pandas/io/tests/data/legacy_msgpack/0.16.2/0.16.2_x86_64_linux_2.7.10.msgpack -> build/lib.linux-x86_64-3.7/pandas/io/tests/data/legacy_msgpack/0.16.2
  creating build/lib.linux-x86_64-3.7/pandas/io/tests/data/legacy_msgpack/0.18.0
  copying pandas/io/tests/data/legacy_msgpack/0.18.0/0.18.0_AMD64_windows_2.7.11.msgpack -> build/lib.linux-x86_64-3.7/pandas/io/tests/data/legacy_msgpack/0.18.0
  copying pandas/io/tests/data/legacy_msgpack/0.18.0/0.18.0_x86_64_darwin_3.5.1.msgpack -> build/lib.linux-x86_64-3.7/pandas/io/tests/data/legacy_msgpack/0.18.0
  copying pandas/io/tests/data/legacy_msgpack/0.18.0/0.18.0_AMD64_windows_3.5.1.msgpack -> build/lib.linux-x86_64-3.7/pandas/io/tests/data/legacy_msgpack/0.18.0
  copying pandas/io/tests/data/legacy_msgpack/0.18.0/0.18.0_x86_64_darwin_2.7.11.msgpack -> build/lib.linux-x86_64-3.7/pandas/io/tests/data/legacy_msgpack/0.18.0
  creating build/lib.linux-x86_64-3.7/pandas/io/tests/data/legacy_msgpack/0.17.0
  copying pandas/io/tests/data/legacy_msgpack/0.17.0/0.17.0_AMD64_windows_3.4.4.msgpack -> build/lib.linux-x86_64-3.7/pandas/io/tests/data/legacy_msgpack/0.17.0
  copying pandas/io/tests/data/legacy_msgpack/0.17.0/0.17.0_x86_64_linux_3.4.4.msgpack -> build/lib.linux-x86_64-3.7/pandas/io/tests/data/legacy_msgpack/0.17.0
  copying pandas/io/tests/data/legacy_msgpack/0.17.0/0.17.1_AMD64_windows_3.5.1.msgpack -> build/lib.linux-x86_64-3.7/pandas/io/tests/data/legacy_msgpack/0.17.0
  copying pandas/io/tests/data/legacy_msgpack/0.17.0/0.17.0_AMD64_windows_2.7.11.msgpack -> build/lib.linux-x86_64-3.7/pandas/io/tests/data/legacy_msgpack/0.17.0
  copying pandas/io/tests/data/legacy_msgpack/0.17.0/0.17.0_x86_64_darwin_3.4.4.msgpack -> build/lib.linux-x86_64-3.7/pandas/io/tests/data/legacy_msgpack/0.17.0
  copying pandas/io/tests/data/legacy_msgpack/0.17.0/0.17.0_x86_64_darwin_2.7.11.msgpack -> build/lib.linux-x86_64-3.7/pandas/io/tests/data/legacy_msgpack/0.17.0
  copying pandas/io/tests/data/legacy_msgpack/0.17.0/0.17.1_AMD64_windows_2.7.11.msgpack -> build/lib.linux-x86_64-3.7/pandas/io/tests/data/legacy_msgpack/0.17.0
  copying pandas/io/tests/data/legacy_msgpack/0.17.0/0.17.0_x86_64_linux_2.7.11.msgpack -> build/lib.linux-x86_64-3.7/pandas/io/tests/data/legacy_msgpack/0.17.0
  creating build/lib.linux-x86_64-3.7/pandas/io/tests/data/legacy_msgpack/0.17.1
  copying pandas/io/tests/data/legacy_msgpack/0.17.1/0.17.1_x86_64_darwin_2.7.11.msgpack -> build/lib.linux-x86_64-3.7/pandas/io/tests/data/legacy_msgpack/0.17.1
  copying pandas/io/tests/data/legacy_msgpack/0.17.1/0.17.1_x86_64_linux_3.4.4.msgpack -> build/lib.linux-x86_64-3.7/pandas/io/tests/data/legacy_msgpack/0.17.1
  copying pandas/io/tests/data/legacy_msgpack/0.17.1/0.17.1_AMD64_windows_3.5.1.msgpack -> build/lib.linux-x86_64-3.7/pandas/io/tests/data/legacy_msgpack/0.17.1
  copying pandas/io/tests/data/legacy_msgpack/0.17.1/0.17.1_x86_64_darwin_3.5.1.msgpack -> build/lib.linux-x86_64-3.7/pandas/io/tests/data/legacy_msgpack/0.17.1
  copying pandas/io/tests/data/legacy_msgpack/0.17.1/0.17.1_x86_64_linux_2.7.11.msgpack -> build/lib.linux-x86_64-3.7/pandas/io/tests/data/legacy_msgpack/0.17.1
  copying pandas/io/tests/data/legacy_msgpack/0.17.1/0.17.1_AMD64_windows_2.7.11.msgpack -> build/lib.linux-x86_64-3.7/pandas/io/tests/data/legacy_msgpack/0.17.1
  creating build/lib.linux-x86_64-3.7/pandas/io/tests/data/legacy_msgpack/0.16.0
  copying pandas/io/tests/data/legacy_msgpack/0.16.0/0.16.0_x86_64_darwin_2.7.9.msgpack -> build/lib.linux-x86_64-3.7/pandas/io/tests/data/legacy_msgpack/0.16.0
  creating build/lib.linux-x86_64-3.7/pandas/io/tests/data/legacy_msgpack/0.18.1
  copying pandas/io/tests/data/legacy_msgpack/0.18.1/0.18.1_x86_64_darwin_3.5.2.msgpack -> build/lib.linux-x86_64-3.7/pandas/io/tests/data/legacy_msgpack/0.18.1
  copying pandas/io/tests/data/legacy_msgpack/0.18.1/0.18.1_x86_64_darwin_2.7.12.msgpack -> build/lib.linux-x86_64-3.7/pandas/io/tests/data/legacy_msgpack/0.18.1
  copying pandas/io/tests/data/test1.csv -> build/lib.linux-x86_64-3.7/pandas/io/tests/data
  copying pandas/io/tests/data/banklist.csv -> build/lib.linux-x86_64-3.7/pandas/io/tests/data
  copying pandas/io/tests/data/stata6.csv -> build/lib.linux-x86_64-3.7/pandas/io/tests/data
  copying pandas/io/tests/data/test_mmap.csv -> build/lib.linux-x86_64-3.7/pandas/io/tests/data
  copying pandas/io/tests/data/iris.csv -> build/lib.linux-x86_64-3.7/pandas/io/tests/data
  copying pandas/io/tests/data/stata3.csv -> build/lib.linux-x86_64-3.7/pandas/io/tests/data
  copying pandas/io/tests/data/tips.csv -> build/lib.linux-x86_64-3.7/pandas/io/tests/data
  copying pandas/io/tests/data/stata5.csv -> build/lib.linux-x86_64-3.7/pandas/io/tests/data
  copying pandas/io/tests/data/stata4_117.dta -> build/lib.linux-x86_64-3.7/pandas/io/tests/data
  copying pandas/io/tests/data/stata3_117.dta -> build/lib.linux-x86_64-3.7/pandas/io/tests/data
  copying pandas/io/tests/data/stata4_115.dta -> build/lib.linux-x86_64-3.7/pandas/io/tests/data
  copying pandas/io/tests/data/stata5_113.dta -> build/lib.linux-x86_64-3.7/pandas/io/tests/data
  copying pandas/io/tests/data/stata8_115.dta -> build/lib.linux-x86_64-3.7/pandas/io/tests/data
  copying pandas/io/tests/data/stata5_117.dta -> build/lib.linux-x86_64-3.7/pandas/io/tests/data
  copying pandas/io/tests/data/stata3_114.dta -> build/lib.linux-x86_64-3.7/pandas/io/tests/data
  copying pandas/io/tests/data/stata7_117.dta -> build/lib.linux-x86_64-3.7/pandas/io/tests/data
  copying pandas/io/tests/data/stata8_113.dta -> build/lib.linux-x86_64-3.7/pandas/io/tests/data
  copying pandas/io/tests/data/stata1_encoding.dta -> build/lib.linux-x86_64-3.7/pandas/io/tests/data
  copying pandas/io/tests/data/S4_EDUC1.dta -> build/lib.linux-x86_64-3.7/pandas/io/tests/data
  copying pandas/io/tests/data/stata6_113.dta -> build/lib.linux-x86_64-3.7/pandas/io/tests/data
  copying pandas/io/tests/data/stata6_114.dta -> build/lib.linux-x86_64-3.7/pandas/io/tests/data
  copying pandas/io/tests/data/stata1_114.dta -> build/lib.linux-x86_64-3.7/pandas/io/tests/data
  copying pandas/io/tests/data/stata6_117.dta -> build/lib.linux-x86_64-3.7/pandas/io/tests/data
  copying pandas/io/tests/data/stata6_115.dta -> build/lib.linux-x86_64-3.7/pandas/io/tests/data
  copying pandas/io/tests/data/stata3_115.dta -> build/lib.linux-x86_64-3.7/pandas/io/tests/data
  copying pandas/io/tests/data/stata9_117.dta -> build/lib.linux-x86_64-3.7/pandas/io/tests/data
  copying pandas/io/tests/data/stata2_114.dta -> build/lib.linux-x86_64-3.7/pandas/io/tests/data
  copying pandas/io/tests/data/stata10_115.dta -> build/lib.linux-x86_64-3.7/pandas/io/tests/data
  copying pandas/io/tests/data/stata2_117.dta -> build/lib.linux-x86_64-3.7/pandas/io/tests/data
  copying pandas/io/tests/data/stata11_115.dta -> build/lib.linux-x86_64-3.7/pandas/io/tests/data
  copying pandas/io/tests/data/stata12_117.dta -> build/lib.linux-x86_64-3.7/pandas/io/tests/data
  copying pandas/io/tests/data/stata14_118.dta -> build/lib.linux-x86_64-3.7/pandas/io/tests/data
  copying pandas/io/tests/data/stata1_117.dta -> build/lib.linux-x86_64-3.7/pandas/io/tests/data
  copying pandas/io/tests/data/stata2_115.dta -> build/lib.linux-x86_64-3.7/pandas/io/tests/data
  copying pandas/io/tests/data/stata15.dta -> build/lib.linux-x86_64-3.7/pandas/io/tests/data
  copying pandas/io/tests/data/stata7_111.dta -> build/lib.linux-x86_64-3.7/pandas/io/tests/data
  copying pandas/io/tests/data/stata9_115.dta -> build/lib.linux-x86_64-3.7/pandas/io/tests/data
  copying pandas/io/tests/data/stata5_115.dta -> build/lib.linux-x86_64-3.7/pandas/io/tests/data
  copying pandas/io/tests/data/stata5_114.dta -> build/lib.linux-x86_64-3.7/pandas/io/tests/data
  copying pandas/io/tests/data/stata4_113.dta -> build/lib.linux-x86_64-3.7/pandas/io/tests/data
  copying pandas/io/tests/data/stata2_113.dta -> build/lib.linux-x86_64-3.7/pandas/io/tests/data
  copying pandas/io/tests/data/stata11_117.dta -> build/lib.linux-x86_64-3.7/pandas/io/tests/data
  copying pandas/io/tests/data/stata10_117.dta -> build/lib.linux-x86_64-3.7/pandas/io/tests/data
  copying pandas/io/tests/data/stata4_114.dta -> build/lib.linux-x86_64-3.7/pandas/io/tests/data
  copying pandas/io/tests/data/stata8_117.dta -> build/lib.linux-x86_64-3.7/pandas/io/tests/data
  copying pandas/io/tests/data/stata7_115.dta -> build/lib.linux-x86_64-3.7/pandas/io/tests/data
  copying pandas/io/tests/data/stata3_113.dta -> build/lib.linux-x86_64-3.7/pandas/io/tests/data
  copying pandas/io/tests/data/categorical_0_15_2.pickle -> build/lib.linux-x86_64-3.7/pandas/io/tests/data
  copying pandas/io/tests/data/categorical_0_14_1.pickle -> build/lib.linux-x86_64-3.7/pandas/io/tests/data
  copying pandas/io/tests/data/gbq_fake_job.txt -> build/lib.linux-x86_64-3.7/pandas/io/tests/data
  copying pandas/io/tests/data/times_1904.xls -> build/lib.linux-x86_64-3.7/pandas/io/tests/data
  copying pandas/io/tests/data/blank.xls -> build/lib.linux-x86_64-3.7/pandas/io/tests/data
  copying pandas/io/tests/data/times_1900.xls -> build/lib.linux-x86_64-3.7/pandas/io/tests/data
  copying pandas/io/tests/data/test_converters.xls -> build/lib.linux-x86_64-3.7/pandas/io/tests/data
  copying pandas/io/tests/data/test_squeeze.xls -> build/lib.linux-x86_64-3.7/pandas/io/tests/data
  copying pandas/io/tests/data/test1.xls -> build/lib.linux-x86_64-3.7/pandas/io/tests/data
  copying pandas/io/tests/data/test3.xls -> build/lib.linux-x86_64-3.7/pandas/io/tests/data
  copying pandas/io/tests/data/test4.xls -> build/lib.linux-x86_64-3.7/pandas/io/tests/data
  copying pandas/io/tests/data/testmultiindex.xls -> build/lib.linux-x86_64-3.7/pandas/io/tests/data
  copying pandas/io/tests/data/test2.xls -> build/lib.linux-x86_64-3.7/pandas/io/tests/data
  copying pandas/io/tests/data/testskiprows.xls -> build/lib.linux-x86_64-3.7/pandas/io/tests/data
  copying pandas/io/tests/data/test_types.xls -> build/lib.linux-x86_64-3.7/pandas/io/tests/data
  copying pandas/io/tests/data/test_index_name_pre17.xls -> build/lib.linux-x86_64-3.7/pandas/io/tests/data
  copying pandas/io/tests/data/blank_with_header.xls -> build/lib.linux-x86_64-3.7/pandas/io/tests/data
  copying pandas/io/tests/data/test5.xls -> build/lib.linux-x86_64-3.7/pandas/io/tests/data
  copying pandas/io/tests/data/testdateoverflow.xls -> build/lib.linux-x86_64-3.7/pandas/io/tests/data
  copying pandas/io/tests/data/test_multisheet.xls -> build/lib.linux-x86_64-3.7/pandas/io/tests/data
  copying pandas/io/tests/data/test3.xlsx -> build/lib.linux-x86_64-3.7/pandas/io/tests/data
  copying pandas/io/tests/data/blank.xlsx -> build/lib.linux-x86_64-3.7/pandas/io/tests/data
  copying pandas/io/tests/data/testskiprows.xlsx -> build/lib.linux-x86_64-3.7/pandas/io/tests/data
  copying pandas/io/tests/data/testmultiindex.xlsx -> build/lib.linux-x86_64-3.7/pandas/io/tests/data
  copying pandas/io/tests/data/test1.xlsx -> build/lib.linux-x86_64-3.7/pandas/io/tests/data
  copying pandas/io/tests/data/test_types.xlsx -> build/lib.linux-x86_64-3.7/pandas/io/tests/data
  copying pandas/io/tests/data/test_converters.xlsx -> build/lib.linux-x86_64-3.7/pandas/io/tests/data
  copying pandas/io/tests/data/test2.xlsx -> build/lib.linux-x86_64-3.7/pandas/io/tests/data
  copying pandas/io/tests/data/test5.xlsx -> build/lib.linux-x86_64-3.7/pandas/io/tests/data
  copying pandas/io/tests/data/test_index_name_pre17.xlsx -> build/lib.linux-x86_64-3.7/pandas/io/tests/data
  copying pandas/io/tests/data/test_multisheet.xlsx -> build/lib.linux-x86_64-3.7/pandas/io/tests/data
  copying pandas/io/tests/data/blank_with_header.xlsx -> build/lib.linux-x86_64-3.7/pandas/io/tests/data
  copying pandas/io/tests/data/test_squeeze.xlsx -> build/lib.linux-x86_64-3.7/pandas/io/tests/data
  copying pandas/io/tests/data/test4.xlsx -> build/lib.linux-x86_64-3.7/pandas/io/tests/data
  copying pandas/io/tests/data/testdateoverflow.xlsx -> build/lib.linux-x86_64-3.7/pandas/io/tests/data
  copying pandas/io/tests/data/times_1904.xlsx -> build/lib.linux-x86_64-3.7/pandas/io/tests/data
  copying pandas/io/tests/data/times_1900.xlsx -> build/lib.linux-x86_64-3.7/pandas/io/tests/data
  copying pandas/io/tests/data/test_types.xlsm -> build/lib.linux-x86_64-3.7/pandas/io/tests/data
  copying pandas/io/tests/data/test1.xlsm -> build/lib.linux-x86_64-3.7/pandas/io/tests/data
  copying pandas/io/tests/data/test_converters.xlsm -> build/lib.linux-x86_64-3.7/pandas/io/tests/data
  copying pandas/io/tests/data/test_squeeze.xlsm -> build/lib.linux-x86_64-3.7/pandas/io/tests/data
  copying pandas/io/tests/data/test2.xlsm -> build/lib.linux-x86_64-3.7/pandas/io/tests/data
  copying pandas/io/tests/data/test3.xlsm -> build/lib.linux-x86_64-3.7/pandas/io/tests/data
  copying pandas/io/tests/data/test_index_name_pre17.xlsm -> build/lib.linux-x86_64-3.7/pandas/io/tests/data
  copying pandas/io/tests/data/times_1904.xlsm -> build/lib.linux-x86_64-3.7/pandas/io/tests/data
  copying pandas/io/tests/data/test4.xlsm -> build/lib.linux-x86_64-3.7/pandas/io/tests/data
  copying pandas/io/tests/data/testdateoverflow.xlsm -> build/lib.linux-x86_64-3.7/pandas/io/tests/data
  copying pandas/io/tests/data/testmultiindex.xlsm -> build/lib.linux-x86_64-3.7/pandas/io/tests/data
  copying pandas/io/tests/data/test_multisheet.xlsm -> build/lib.linux-x86_64-3.7/pandas/io/tests/data
  copying pandas/io/tests/data/testskiprows.xlsm -> build/lib.linux-x86_64-3.7/pandas/io/tests/data
  copying pandas/io/tests/data/times_1900.xlsm -> build/lib.linux-x86_64-3.7/pandas/io/tests/data
  copying pandas/io/tests/data/blank_with_header.xlsm -> build/lib.linux-x86_64-3.7/pandas/io/tests/data
  copying pandas/io/tests/data/blank.xlsm -> build/lib.linux-x86_64-3.7/pandas/io/tests/data
  copying pandas/io/tests/data/test5.xlsm -> build/lib.linux-x86_64-3.7/pandas/io/tests/data
  creating build/lib.linux-x86_64-3.7/pandas/io/tests/parser/data
  copying pandas/io/tests/parser/data/salaries.csv -> build/lib.linux-x86_64-3.7/pandas/io/tests/parser/data
  copying pandas/io/tests/parser/data/sauron.SHIFT_JIS.csv -> build/lib.linux-x86_64-3.7/pandas/io/tests/parser/data
  copying pandas/io/tests/parser/data/test1.csv -> build/lib.linux-x86_64-3.7/pandas/io/tests/parser/data
  copying pandas/io/tests/parser/data/test_mmap.csv -> build/lib.linux-x86_64-3.7/pandas/io/tests/parser/data
  copying pandas/io/tests/parser/data/iris.csv -> build/lib.linux-x86_64-3.7/pandas/io/tests/parser/data
  copying pandas/io/tests/parser/data/test2.csv -> build/lib.linux-x86_64-3.7/pandas/io/tests/parser/data
  copying pandas/io/tests/parser/data/unicode_series.csv -> build/lib.linux-x86_64-3.7/pandas/io/tests/parser/data
  copying pandas/io/tests/parser/data/tips.csv -> build/lib.linux-x86_64-3.7/pandas/io/tests/parser/data
  copying pandas/io/tests/parser/data/test1.csv.gz -> build/lib.linux-x86_64-3.7/pandas/io/tests/parser/data
  copying pandas/io/tests/parser/data/salaries.csv.gz -> build/lib.linux-x86_64-3.7/pandas/io/tests/parser/data
  copying pandas/io/tests/parser/data/test1.csv.bz2 -> build/lib.linux-x86_64-3.7/pandas/io/tests/parser/data
  copying pandas/io/tests/parser/data/salaries.csv.bz2 -> build/lib.linux-x86_64-3.7/pandas/io/tests/parser/data
  copying pandas/io/tests/parser/data/utf16_ex.txt -> build/lib.linux-x86_64-3.7/pandas/io/tests/parser/data
  creating build/lib.linux-x86_64-3.7/pandas/io/tests/sas/data
  copying pandas/io/tests/sas/data/test_sas7bdat_1.csv -> build/lib.linux-x86_64-3.7/pandas/io/tests/sas/data
  copying pandas/io/tests/sas/data/DRXFCD_G.csv -> build/lib.linux-x86_64-3.7/pandas/io/tests/sas/data
  copying pandas/io/tests/sas/data/test_sas7bdat_2.csv -> build/lib.linux-x86_64-3.7/pandas/io/tests/sas/data
  copying pandas/io/tests/sas/data/paxraw_d_short.csv -> build/lib.linux-x86_64-3.7/pandas/io/tests/sas/data
  copying pandas/io/tests/sas/data/airline.csv -> build/lib.linux-x86_64-3.7/pandas/io/tests/sas/data
  copying pandas/io/tests/sas/data/test_12659.csv -> build/lib.linux-x86_64-3.7/pandas/io/tests/sas/data
  copying pandas/io/tests/sas/data/productsales.csv -> build/lib.linux-x86_64-3.7/pandas/io/tests/sas/data
  copying pandas/io/tests/sas/data/SSHSV1_A.csv -> build/lib.linux-x86_64-3.7/pandas/io/tests/sas/data
  copying pandas/io/tests/sas/data/DEMO_G.csv -> build/lib.linux-x86_64-3.7/pandas/io/tests/sas/data
  copying pandas/io/tests/sas/data/SSHSV1_A.xpt -> build/lib.linux-x86_64-3.7/pandas/io/tests/sas/data
  copying pandas/io/tests/sas/data/paxraw_d_short.xpt -> build/lib.linux-x86_64-3.7/pandas/io/tests/sas/data
  copying pandas/io/tests/sas/data/DEMO_G.xpt -> build/lib.linux-x86_64-3.7/pandas/io/tests/sas/data
  copying pandas/io/tests/sas/data/DRXFCD_G.xpt -> build/lib.linux-x86_64-3.7/pandas/io/tests/sas/data
  copying pandas/io/tests/sas/data/test16.sas7bdat -> build/lib.linux-x86_64-3.7/pandas/io/tests/sas/data
  copying pandas/io/tests/sas/data/test10.sas7bdat -> build/lib.linux-x86_64-3.7/pandas/io/tests/sas/data
  copying pandas/io/tests/sas/data/test13.sas7bdat -> build/lib.linux-x86_64-3.7/pandas/io/tests/sas/data
  copying pandas/io/tests/sas/data/test15.sas7bdat -> build/lib.linux-x86_64-3.7/pandas/io/tests/sas/data
  copying pandas/io/tests/sas/data/test7.sas7bdat -> build/lib.linux-x86_64-3.7/pandas/io/tests/sas/data
  copying pandas/io/tests/sas/data/productsales.sas7bdat -> build/lib.linux-x86_64-3.7/pandas/io/tests/sas/data
  copying pandas/io/tests/sas/data/test_12659.sas7bdat -> build/lib.linux-x86_64-3.7/pandas/io/tests/sas/data
  copying pandas/io/tests/sas/data/test3.sas7bdat -> build/lib.linux-x86_64-3.7/pandas/io/tests/sas/data
  copying pandas/io/tests/sas/data/test5.sas7bdat -> build/lib.linux-x86_64-3.7/pandas/io/tests/sas/data
  copying pandas/io/tests/sas/data/test4.sas7bdat -> build/lib.linux-x86_64-3.7/pandas/io/tests/sas/data
  copying pandas/io/tests/sas/data/test1.sas7bdat -> build/lib.linux-x86_64-3.7/pandas/io/tests/sas/data
  copying pandas/io/tests/sas/data/test8.sas7bdat -> build/lib.linux-x86_64-3.7/pandas/io/tests/sas/data
  copying pandas/io/tests/sas/data/test9.sas7bdat -> build/lib.linux-x86_64-3.7/pandas/io/tests/sas/data
  copying pandas/io/tests/sas/data/airline.sas7bdat -> build/lib.linux-x86_64-3.7/pandas/io/tests/sas/data
  copying pandas/io/tests/sas/data/test11.sas7bdat -> build/lib.linux-x86_64-3.7/pandas/io/tests/sas/data
  copying pandas/io/tests/sas/data/test6.sas7bdat -> build/lib.linux-x86_64-3.7/pandas/io/tests/sas/data
  copying pandas/io/tests/sas/data/test12.sas7bdat -> build/lib.linux-x86_64-3.7/pandas/io/tests/sas/data
  copying pandas/io/tests/sas/data/test2.sas7bdat -> build/lib.linux-x86_64-3.7/pandas/io/tests/sas/data
  copying pandas/io/tests/sas/data/test14.sas7bdat -> build/lib.linux-x86_64-3.7/pandas/io/tests/sas/data
  copying pandas/io/tests/data/valid_markup.html -> build/lib.linux-x86_64-3.7/pandas/io/tests/data
  copying pandas/io/tests/data/computer_sales_page.html -> build/lib.linux-x86_64-3.7/pandas/io/tests/data
  copying pandas/io/tests/data/nyse_wsj.html -> build/lib.linux-x86_64-3.7/pandas/io/tests/data
  copying pandas/io/tests/data/wikipedia_states.html -> build/lib.linux-x86_64-3.7/pandas/io/tests/data
  copying pandas/io/tests/data/banklist.html -> build/lib.linux-x86_64-3.7/pandas/io/tests/data
  copying pandas/io/tests/data/spam.html -> build/lib.linux-x86_64-3.7/pandas/io/tests/data
  copying pandas/io/tests/data/macau.html -> build/lib.linux-x86_64-3.7/pandas/io/tests/data
  creating build/lib.linux-x86_64-3.7/pandas/io/tests/data/html_encoding
  copying pandas/io/tests/data/html_encoding/letz_latin1.html -> build/lib.linux-x86_64-3.7/pandas/io/tests/data/html_encoding
  copying pandas/io/tests/data/html_encoding/chinese_utf-8.html -> build/lib.linux-x86_64-3.7/pandas/io/tests/data/html_encoding
  copying pandas/io/tests/data/html_encoding/chinese_utf-32.html -> build/lib.linux-x86_64-3.7/pandas/io/tests/data/html_encoding
  copying pandas/io/tests/data/html_encoding/chinese_utf-16.html -> build/lib.linux-x86_64-3.7/pandas/io/tests/data/html_encodin[0m[91mg
  creating build/lib.linux-x86_64-3.7/pandas/io/tests/json/data
  copying pandas/io/tests/json/data/tsframe_iso_v012.json -> build/lib.linux-x86_64-3.7/pandas/io/tests/json/data
  copying pandas/io/tests/json/data/tsframe_v012.json -> build/lib.linux-x86_64-3.7/pandas/io/tests/json/data
  creating build/lib.linux-x86_64-3.7/pandas/tests/data
  copying pandas/tests/data/iris.csv -> build/lib.linux-x86_64-3.7/pandas/tests/data
  copying pandas/tests/data/tips.csv -> build/lib.linux-x86_64-3.7/pandas/tests/data
  creating build/lib.linux-x86_64-3.7/pandas/tests/indexes/data
  copying pandas/tests/indexes/data/s1-0.12.0.pickle -> build/lib.linux-x86_64-3.7/pandas/tests/indexes/data
  copying pandas/tests/indexes/data/multiindex_v1.pickle -> build/lib.linux-x86_64-3.7/pandas/tests/indexes/data
  copying pandas/tests/indexes/data/s2-0.12.0.pickle -> build/lib.linux-x86_64-3.7/pandas/tests/indexes/data
  copying pandas/tests/indexes/data/mindex_073.pickle -> build/lib.linux-x86_64-3.7/pandas/tests/indexes/data
  creating build/lib.linux-x86_64-3.7/pandas/tests/formats/data
  copying pandas/tests/formats/data/unicode_series.csv -> build/lib.linux-x86_64-3.7/pandas/tests/formats/data
  creating build/lib.linux-x86_64-3.7/pandas/tools/tests/data
  copying pandas/tools/tests/data/quotes2.csv -> build/lib.linux-x86_64-3.7/pandas/tools/tests/data
  copying pandas/tools/tests/data/trades.csv -> build/lib.linux-x86_64-3.7/pandas/tools/tests/data
  copying pandas/tools/tests/data/asof2.csv -> build/lib.linux-x86_64-3.7/pandas/tools/tests/data
  copying pandas/tools/tests/data/trades2.csv -> build/lib.linux-x86_64-3.7/pandas/tools/tests/data
  copying pandas/tools/tests/data/cut_data.csv -> build/lib.linux-x86_64-3.7/pandas/tools/tests/data
  copying pandas/tools/tests/data/asof.csv -> build/lib.linux-x86_64-3.7/pandas/tools/tests/data
  copying pandas/tools/tests/data/tolerance.csv -> build/lib.linux-x86_64-3.7/pandas/tools/tests/data
  copying pandas/tools/tests/data/allow_exact_matches.csv -> build/lib.linux-x86_64-3.7/pandas/tools/tests/data
  copying pandas/tools/tests/data/quotes.csv -> build/lib.linux-x86_64-3.7/pandas/tools/tests/data
  copying pandas/tools/tests/data/allow_exact_matches_and_tolerance.csv -> build/lib.linux-x86_64-3.7/pandas/tools/tests/data
  creating build/lib.linux-x86_64-3.7/pandas/tseries/tests/data
  copying pandas/tseries/tests/data/cday-0.14.1.pickle -> build/lib.linux-x86_64-3.7/pandas/tseries/tests/data
  copying pandas/tseries/tests/data/daterange_073.pickle -> build/lib.linux-x86_64-3.7/pandas/tseries/tests/data
  copying pandas/tseries/tests/data/frame.pickle -> build/lib.linux-x86_64-3.7/pandas/tseries/tests/data
  copying pandas/tseries/tests/data/series_daterange0.pickle -> build/lib.linux-x86_64-3.7/pandas/tseries/tests/data
  copying pandas/tseries/tests/data/series.pickle -> build/lib.linux-x86_64-3.7/pandas/tseries/tests/data
  copying pandas/tseries/tests/data/dateoffset_0_15_2.pickle -> build/lib.linux-x86_64-3.7/pandas/tseries/tests/data
  package init file 'pandas/io/tests/sas/__init__.py' not found (or not a regular file)
  UPDATING build/lib.linux-x86_64-3.7/pandas/_version.py
  set build/lib.linux-x86_64-3.7/pandas/_version.py to '0.19.2'
  running build_ext
  building 'pandas.lib' extension
  creating build/temp.linux-x86_64-3.7
  creating build/temp.linux-x86_64-3.7/pandas
  gcc -pthread -B /srv/conda/envs/notebook/compiler_compat -Wl,--sysroot=/ -Wsign-compare -DNDEBUG -g -fwrapv -O3 -Wall -Wstrict-prototypes -fPIC -Ipandas/src/klib -Ipandas/src -I/tmp/pip-install-pg0w6ihm/pandas/.eggs/numpy-1.19.0-py3.7-linux-x86_64.egg/numpy/core/include -I/srv/conda/envs/notebook/include/python3.7m -c pandas/lib.c -o build/temp.linux-x86_64-3.7/pandas/lib.o -Wno-unused-function
  In file included from /tmp/pip-install-pg0w6ihm/pandas/.eggs/numpy-1.19.0-py3.7-linux-x86_64.egg/numpy/core/include/numpy/ndarraytypes.h:1822:0,
                   from /tmp/pip-install-pg0w6ihm/pandas/.eggs/numpy-1.19.0-py3.7-linux-x86_64.egg/numpy/core/include/numpy/ndarrayobject.h:12,
                   from /tmp/pip-install-pg0w6ihm/pandas/.eggs/numpy-1.19.0-py3.7-linux-x86_64.egg/numpy/core/include/numpy/arrayobject.h:4,
                   from pandas/lib.c:274:
  /tmp/pip-install-pg0w6ihm/pandas/.eggs/numpy-1.19.0-py3.7-linux-x86_64.egg/numpy/core/include/numpy/npy_1_7_deprecated_api.h:17:2: warning: #warning "Using deprecated NumPy API, disable it with " "#define NPY_NO_DEPRECATED_API NPY_1_7_API_VERSION" [-Wcpp]
   #warning "Using deprecated NumPy API, disable it with " \
    ^~~~~~~
  In file included from pandas/lib.c:280:0:
  pandas/src/numpy_helper.h: In function â€˜transfer_object_columnâ€™:
  pandas/src/numpy_helper.h:152:19: warning: comparison between signed and unsigned integer expressions [-Wsign-compare]
       for (i = 0; i < length; ++i)
                     ^
  In file included from /srv/conda/envs/notebook/include/python3.7m/Python.h:120:0,
                   from pandas/lib.c:4:
  pandas/lib.c: In function â€˜__pyx_f_6pandas_3lib_slice_get_indices_exâ€™:
  /srv/conda/envs/notebook/include/python3.7m/sliceobject.h:49:20: warning: passing argument 1 of â€˜PySlice_Unpackâ€™ from incompatible pointer type [-Wincompatible-pointer-types]
       PySlice_Unpack((slice), (start), (stop), (step)) < 0 ?                  \
                      ^
  pandas/lib.c:28309:15: note: in expansion of macro â€˜PySlice_GetIndicesExâ€™
     __pyx_t_4 = PySlice_GetIndicesEx(((PySliceObject *)__pyx_v_slc), __pyx_v_objlen, (&__pyx_v_start), (&__pyx_v_stop), (&__pyx_v_step), (&__pyx_v_length)); if (unlikely(__pyx_t_4 == -1)) __PYX_ERR(0, 1723, __pyx_L1_error)
                 ^~~~~~~~~~~~~~~~~~~~
  /srv/conda/envs/notebook/include/python3.7m/sliceobject.h:53:17: note: expected â€˜PyObject * {aka struct _object *}â€™ but argument is of type â€˜PySliceObject * {aka struct <anonymous> *}â€™
   PyAPI_FUNC(int) PySlice_Unpack(PyObject *slice,
                   ^~~~~~~~~~~~~~
  pandas/lib.c: In function â€˜__pyx_f_6pandas_3lib_slice_lenâ€™:
  /srv/conda/envs/notebook/include/python3.7m/sliceobject.h:49:20: warning: passing argument 1 of â€˜PySlice_Unpackâ€™ from incompatible pointer type [-Wincompatible-pointer-types]
       PySlice_Unpack((slice), (start), (stop), (step)) < 0 ?                  \
                      ^
  pandas/lib.c:28532:15: note: in expansion of macro â€˜PySlice_GetIndicesExâ€™
     __pyx_t_4 = PySlice_GetIndicesEx(((PySliceObject *)__pyx_v_slc), __pyx_v_objlen, (&__pyx_v_start), (&__pyx_v_stop), (&__pyx_v_step), (&__pyx_v_length)); if (unlikely(__pyx_t_4 == -1)) __PYX_ERR(0, 1747, __pyx_L1_error)
                 ^~~~~~~~~~~~~~~~~~~~
  /srv/conda/envs/notebook/include/python3.7m/sliceobject.h:53:17: note: expected â€˜PyObject * {aka struct _object *}â€™ but argument is of type â€˜PySliceObject * {aka struct <anonymous> *}â€™
   PyAPI_FUNC(int) PySlice_Unpack(PyObject *slice,
                   ^~~~~~~~~~~~~~
  pandas/lib.c: In function â€˜__Pyx__ExceptionSaveâ€™:
  pandas/lib.c:91809:21: error: â€˜PyThreadState {aka struct _ts}â€™ has no member named â€˜exc_typeâ€™; did you mean â€˜curexc_typeâ€™?
       *type = tstate->exc_type;
                       ^~~~~~~~
                       curexc_type
  pandas/lib.c:91810:22: error: â€˜PyThreadState {aka struct _ts}â€™ has no member named â€˜exc_valueâ€™; did you mean â€˜curexc_valueâ€™?
       *value = tstate->exc_value;
                        ^~~~~~~~~
                        curexc_value
  pandas/lib.c:91811:19: error: â€˜PyThreadState {aka struct _ts}â€™ has no member named â€˜exc_tracebackâ€™; did you mean â€˜curexc_tracebackâ€™?
       *tb = tstate->exc_traceback;
                     ^~~~~~~~~~~~~
                     curexc_traceback
  pandas/lib.c: In function â€˜__Pyx__ExceptionResetâ€™:
  pandas/lib.c:91818:24: error: â€˜PyThreadState {aka struct _ts}â€™ has no member named â€˜exc_typeâ€™; did you mean â€˜curexc_typeâ€™?
       tmp_type = tstate->exc_type;
                          ^~~~~~~~
                          curexc_type
  pandas/lib.c:91819:25: error: â€˜PyThreadState {aka struct _ts}â€™ has no member named â€˜exc_valueâ€™; did you mean â€˜curexc_valueâ€™?
       tmp_value = tstate->exc_value;
                           ^~~~~~~~~
                           curexc_value
  pandas/lib.c:91820:22: error: â€˜PyThreadState {aka struct _ts}â€™ has no member named â€˜exc_tracebackâ€™; did you mean â€˜curexc_tracebackâ€™?
       tmp_tb = tstate->exc_traceback;
                        ^~~~~~~~~~~~~
                        curexc_traceback
  pandas/lib.c:91821:13: error: â€˜PyThreadState {aka struct _ts}â€™ has no member named â€˜exc_typeâ€™; did you mean â€˜curexc_typeâ€™?
       tstate->exc_type = type;
               ^~~~~~~~
               curexc_type
  pandas/lib.c:91822:13: error: â€˜PyThreadState {aka struct _ts}â€™ has no member named â€˜exc_valueâ€™; did you mean â€˜curexc_valueâ€™?
       tstate->exc_value = value;
               ^~~~~~~~~
               curexc_value
  pandas/lib.c:91823:13: error: â€˜PyThreadState {aka struct _ts}â€™ has no member named â€˜exc_tracebackâ€™; did you mean â€˜curexc_tracebackâ€™?
       tstate->exc_traceback = tb;
               ^~~~~~~~~~~~~
               curexc_traceback
  pandas/lib.c: In function â€˜__Pyx__GetExceptionâ€™:
  pandas/lib.c:92129:24: error: â€˜PyThreadState {aka struct _ts}â€™ has no member named â€˜exc_typeâ€™; did you mean â€˜curexc_typeâ€™?
       tmp_type = tstate->exc_type;
                          ^~~~~~~~
                          curexc_type
  pandas/lib.c:92130:25: error: â€˜PyThreadState {aka struct _ts}â€™ has no member named â€˜exc_valueâ€™; did you mean â€˜curexc_valueâ€™?
       tmp_value = tstate->exc_value;
                           ^~~~~~~~~
                           curexc_value
  pandas/lib.c:92131:22: error: â€˜PyThreadState {aka struct _ts}â€™ has no member named â€˜exc_tracebackâ€™; did you mean â€˜curexc_tracebackâ€™?
       tmp_tb = tstate->exc_traceback;
                        ^~~~~~~~~~~~~
                        curexc_traceback
  pandas/lib.c:92132:13: error: â€˜PyThreadState {aka struct _ts}â€™ has no member named â€˜exc_typeâ€™; did you mean â€˜curexc_typeâ€™?
       tstate->exc_type = local_type;
               ^~~~~~~~
               curexc_type
  pandas/lib.c:92133:13: error: â€˜PyThreadState {aka struct _ts}â€™ has no member named â€˜exc_valueâ€™; did you mean â€˜curexc_valueâ€™?
       tstate->exc_value = local_value;
               ^~~~~~~~~
               curexc_value
  pandas/lib.c:92134:13: error: â€˜PyThreadState {aka struct _ts}â€™ has no member named â€˜exc_tracebackâ€™; did you mean â€˜curexc_tracebackâ€™?
       tstate->exc_traceback = local_tb;
               ^~~~~~~~~~~~~
               curexc_traceback
  pandas/lib.c: In function â€˜__Pyx__ExceptionSwapâ€™:
  pandas/lib.c:92975:24: error: â€˜PyThreadState {aka struct _ts}â€™ has no member named â€˜exc_typeâ€™; did you mean â€˜curexc_typeâ€™?
       tmp_type = tstate->exc_type;
                          ^~~~~~~~
                          curexc_type
  pandas/lib.c:92976:25: error: â€˜PyThreadState {aka struct _ts}â€™ has no member named â€˜exc_valueâ€™; did you mean â€˜curexc_valueâ€™?
       tmp_value = tstate->exc_value;
                           ^~~~~~~~~
                           curexc_value
  pandas/lib.c:92977:22: error: â€˜PyThreadState {aka struct _ts}â€™ has no member named â€˜exc_tracebackâ€™; did you mean â€˜curexc_tracebackâ€™?
       tmp_tb = tstate->exc_traceback;
                        ^~~~~~~~~~~~~
                        curexc_traceback
  pandas/lib.c:92978:13: error: â€˜PyThreadState {aka struct _ts}â€™ has no member named â€˜exc_typeâ€™; did you mean â€˜curexc_typeâ€™?
       tstate->exc_type = *type;
               ^~~~~~~~
               curexc_type
  pandas/lib.c:92979:13: error: â€˜PyThreadState {aka struct _ts}â€™ has no member named â€˜exc_valueâ€™; did you mean â€˜curexc_valueâ€™?
       tstate->exc_value = *value;
               ^~~~~~~~~
               curexc_value
  pandas/lib.c:92980:13: error: â€˜PyThreadState {aka struct _ts}â€™ has no member named â€˜exc_tracebackâ€™; did you mean â€˜curexc_tracebackâ€™?
       tstate->exc_traceback = *tb;
               ^~~~~~~~~~~~~
               curexc_traceback
  error: command 'gcc' failed with exit status 1
  ----------------------------------------
[0m[91m  ERROR: Failed building wheel for pandas
[0m  Running setup.py clean for pandas
  Building wheel for pandocfilters (setup.py): started
  Building wheel for pandocfilters (setup.py): finished with status 'done'
  Created wheel for pandocfilters: filename=pandocfilters-1.4.1-py3-none-any.whl size=7859 sha256=b06b704a174ffb7a93311e9efbe4cbab166c11e2d2c0022e3e30b4109d29d367
  Stored in directory: /tmp/pip-ephem-wheel-cache-ziv6ww6e/wheels/4c/dc/1b/08c207faa739942a3c046147c4db8d9df989f0788094501487
  Building wheel for pyzmq (setup.py): started
Traceback (most recent call last):
  File "/usr/local/bin/jupyter-repo2docker", line 8, in <module>
    sys.exit(main())
  File "/usr/local/lib/python3.8/dist-packages/repo2docker/__main__.py", line 348, in main
    r2d.start()
  File "/usr/local/lib/python3.8/dist-packages/repo2docker/app.py", line 743, in start
    self.build()
  File "/usr/local/lib/python3.8/dist-packages/repo2docker/app.py", line 717, in build
    for l in picked_buildpack.build(
  File "/usr/local/lib/python3.8/dist-packages/repo2docker/buildpacks/base.py", line 671, in build
    for line in client.build(**build_kwargs):
  File "/usr/local/lib/python3.8/dist-packages/docker/api/client.py", line 339, in _stream_helper
    for chunk in json_stream(self._stream_helper(response, False)):
  File "/usr/local/lib/python3.8/dist-packages/docker/utils/json_stream.py", line 66, in split_buffer
    for data in stream_as_text(stream):
  File "/usr/local/lib/python3.8/dist-packages/docker/utils/json_stream.py", line 22, in stream_as_text
    for data in stream:
  File "/usr/local/lib/python3.8/dist-packages/docker/api/client.py", line 345, in _stream_helper
    data = reader.read(1)
  File "/usr/lib/python3/dist-packages/urllib3/response.py", line 507, in read
    data = self._fp.read(amt) if not fp_closed else b""
  File "/usr/lib/python3.8/http/client.py", line 454, in read
    n = self.readinto(b)
  File "/usr/lib/python3.8/http/client.py", line 488, in readinto
    return self._readinto_chunked(b)
  File "/usr/lib/python3.8/http/client.py", line 583, in _readinto_chunked
    chunk_left = self._get_chunk_left()
  File "/usr/lib/python3.8/http/client.py", line 551, in _get_chunk_left
    chunk_left = self._read_next_chunk_size()
  File "/usr/lib/python3.8/http/client.py", line 511, in _read_next_chunk_size
    line = self.fp.readline(_MAXLINE + 1)
  File "/usr/lib/python3.8/socket.py", line 669, in readinto
    return self._sock.recv_into(b)
KeyboardInterrupt
