Picked Local content provider.
Using local repo /tmp/r2d-test-2020-07-06T08.03r23pfisn/github.com/eddy-ojb/holoviews-contrib.
Using CondaBuildPack builder
Step 1/51 : FROM buildpack-deps:bionic
 ---> 5d109dc6d8a0
Step 2/51 : ENV DEBIAN_FRONTEND=noninteractive
 ---> Using cache
 ---> 84875aa039ff
Step 3/51 : RUN apt-get -qq update &&     apt-get -qq install --yes --no-install-recommends locales > /dev/null &&     apt-get -qq purge &&     apt-get -qq clean &&     rm -rf /var/lib/apt/lists/*
 ---> Using cache
 ---> 2c6f3445209c
Step 4/51 : RUN echo "en_US.UTF-8 UTF-8" > /etc/locale.gen &&     locale-gen
 ---> Using cache
 ---> 5ac40a1069ef
Step 5/51 : ENV LC_ALL en_US.UTF-8
 ---> Using cache
 ---> 0569ecd6efb3
Step 6/51 : ENV LANG en_US.UTF-8
 ---> Using cache
 ---> bd3372a8f400
Step 7/51 : ENV LANGUAGE en_US.UTF-8
 ---> Using cache
 ---> ab87a637d837
Step 8/51 : ENV SHELL /bin/bash
 ---> Using cache
 ---> 50ed7363eaf5
Step 9/51 : ARG NB_USER
 ---> Using cache
 ---> 0b8893bd6422
Step 10/51 : ARG NB_UID
 ---> Using cache
 ---> b9e6fa4ea16e
Step 11/51 : ENV USER ${NB_USER}
 ---> Using cache
 ---> b142a4c01942
Step 12/51 : ENV HOME /home/${NB_USER}
 ---> Using cache
 ---> e11d5723ab90
Step 13/51 : RUN groupadd         --gid ${NB_UID}         ${NB_USER} &&     useradd         --comment "Default user"         --create-home         --gid ${NB_UID}         --no-log-init         --shell /bin/bash         --uid ${NB_UID}         ${NB_USER}
 ---> Using cache
 ---> e20a5903ae77
Step 14/51 : RUN wget --quiet -O - https://deb.nodesource.com/gpgkey/nodesource.gpg.key |  apt-key add - &&     DISTRO="bionic" &&     echo "deb https://deb.nodesource.com/node_10.x $DISTRO main" >> /etc/apt/sources.list.d/nodesource.list &&     echo "deb-src https://deb.nodesource.com/node_10.x $DISTRO main" >> /etc/apt/sources.list.d/nodesource.list
 ---> Using cache
 ---> 730bb79c819d
Step 15/51 : RUN apt-get -qq update &&     apt-get -qq install --yes --no-install-recommends        less        nodejs        unzip        > /dev/null &&     apt-get -qq purge &&     apt-get -qq clean &&     rm -rf /var/lib/apt/lists/*
 ---> Using cache
 ---> 2be5b9d2edc7
Step 16/51 : EXPOSE 8888
 ---> Using cache
 ---> 7fcdbaf0fe40
Step 17/51 : ENV APP_BASE /srv
 ---> Using cache
 ---> ee51ea8ec11a
Step 18/51 : ENV NPM_DIR ${APP_BASE}/npm
 ---> Using cache
 ---> f34fdbe18446
Step 19/51 : ENV NPM_CONFIG_GLOBALCONFIG ${NPM_DIR}/npmrc
 ---> Using cache
 ---> 833e25d9d235
Step 20/51 : ENV CONDA_DIR ${APP_BASE}/conda
 ---> Using cache
 ---> 8ee468f15616
Step 21/51 : ENV NB_PYTHON_PREFIX ${CONDA_DIR}/envs/notebook
 ---> Using cache
 ---> 971c9391c0ab
Step 22/51 : ENV KERNEL_PYTHON_PREFIX ${NB_PYTHON_PREFIX}
 ---> Using cache
 ---> 7fa50abe8e21
Step 23/51 : ENV PATH ${NB_PYTHON_PREFIX}/bin:${CONDA_DIR}/bin:${NPM_DIR}/bin:${PATH}
 ---> Using cache
 ---> eaa621b5d97f
Step 24/51 : COPY build_script_files/-2fusr-2flocal-2flib-2fpython3-2e8-2fdist-2dpackages-2frepo2docker-2fbuildpacks-2fconda-2factivate-2dconda-2esh-1be18e /etc/profile.d/activate-conda.sh
 ---> Using cache
 ---> 9ffab983afa0
Step 25/51 : COPY build_script_files/-2fusr-2flocal-2flib-2fpython3-2e8-2fdist-2dpackages-2frepo2docker-2fbuildpacks-2fconda-2fenvironment-2efrozen-2eyml-561ec2 /tmp/environment.yml
 ---> Using cache
 ---> efabdd65522a
Step 26/51 : COPY build_script_files/-2fusr-2flocal-2flib-2fpython3-2e8-2fdist-2dpackages-2frepo2docker-2fbuildpacks-2fconda-2finstall-2dminiconda-2ebash-813f10 /tmp/install-miniconda.bash
 ---> Using cache
 ---> c96ce2cba310
Step 27/51 : RUN mkdir -p ${NPM_DIR} && chown -R ${NB_USER}:${NB_USER} ${NPM_DIR}
 ---> Using cache
 ---> f36915cec7d7
Step 28/51 : USER ${NB_USER}
 ---> Using cache
 ---> 95cf0c2e3ff9
Step 29/51 : RUN npm config --global set prefix ${NPM_DIR}
 ---> Using cache
 ---> ec91eebd59f8
Step 30/51 : USER root
 ---> Using cache
 ---> 495ddef063ca
Step 31/51 : RUN bash /tmp/install-miniconda.bash && rm /tmp/install-miniconda.bash /tmp/environment.yml
 ---> Using cache
 ---> 07277daca591
Step 32/51 : ARG REPO_DIR=${HOME}
 ---> Using cache
 ---> 0093a1911519
Step 33/51 : ENV REPO_DIR ${REPO_DIR}
 ---> Using cache
 ---> eb4002f3c1c4
Step 34/51 : WORKDIR ${REPO_DIR}
 ---> Using cache
 ---> 2d38af0a19af
Step 35/51 : ENV PATH ${HOME}/.local/bin:${REPO_DIR}/.local/bin:${PATH}
 ---> Using cache
 ---> b15cc0fcdf93
Step 36/51 : ENV CONDA_DEFAULT_ENV ${KERNEL_PYTHON_PREFIX}
 ---> Using cache
 ---> 3a503a4f9541
Step 37/51 : COPY src/environment.yml ${REPO_DIR}/environment.yml
 ---> b0e1e4108dc2
Step 38/51 : USER root
 ---> Running in 1d0d55173180
Removing intermediate container 1d0d55173180
 ---> d557f0ecab8a
Step 39/51 : RUN chown -R ${NB_USER}:${NB_USER} ${REPO_DIR}
 ---> Running in 858d2433392a
Removing intermediate container 858d2433392a
 ---> 268830e38ad5
Step 40/51 : USER ${NB_USER}
 ---> Running in 2619048c88ed
Removing intermediate container 2619048c88ed
 ---> fc548cb5d28c
Step 41/51 : RUN conda env update -p ${NB_PYTHON_PREFIX} -f "environment.yml" && conda clean --all -f -y && conda list -p ${NB_PYTHON_PREFIX}
 ---> Running in 143d287f84b7
Warning: you have pip-installed dependencies in your environment file, but you do not list pip itself as one of your conda dependencies.  Conda may not use the correct pip to install your packages, and they may end up in the wrong place.  Please add an explicit pip dependency.  I'm adding one for you, but still nagging you.
Collecting package metadata (repodata.json): ...working... done
Solving environment: ...working... done

Downloading and Extracting Packages

cffi-1.14.0          | 225 KB    |            |   0% 
cffi-1.14.0          | 225 KB    | 7          |   7% 
cffi-1.14.0          | 225 KB    | ########## | 100% 

ca-certificates-2020 | 125 KB    |            |   0% 
ca-certificates-2020 | 125 KB    | ########## | 100% 

pickleshare-0.7.5    | 13 KB     |            |   0% 
pickleshare-0.7.5    | 13 KB     | ########## | 100% 

pandocfilters-1.4.2  | 9 KB      |            |   0% 
pandocfilters-1.4.2  | 9 KB      | ########## | 100% 

cryptography-2.9.2   | 556 KB    |            |   0% 
cryptography-2.9.2   | 556 KB    | ########## | 100% 

jpeg-9b              | 214 KB    |            |   0% 
jpeg-9b              | 214 KB    | ########## | 100% 

ipython-7.16.1       | 1002 KB   |            |   0% 
ipython-7.16.1       | 1002 KB   | ########## | 100% 

prompt-toolkit-3.0.5 | 245 KB    |            |   0% 
prompt-toolkit-3.0.5 | 245 KB    | ########## | 100% 

qt-5.9.7             | 68.5 MB   |            |   0% 
qt-5.9.7             | 68.5 MB   | 6          |   7% 
qt-5.9.7             | 68.5 MB   | #2         |  13% 
qt-5.9.7             | 68.5 MB   | #8         |  18% 
qt-5.9.7             | 68.5 MB   | ##4        |  24% 
qt-5.9.7             | 68.5 MB   | ##9        |  30% 
qt-5.9.7             | 68.5 MB   | ###9       |  40% 
qt-5.9.7             | 68.5 MB   | ####6      |  46% 
qt-5.9.7             | 68.5 MB   | #####4     |  55% 
qt-5.9.7             | 68.5 MB   | ######1    |  62% 
qt-5.9.7             | 68.5 MB   | ######8    |  68% 
qt-5.9.7             | 68.5 MB   | #######4   |  75% 
qt-5.9.7             | 68.5 MB   | ########4  |  84% 
qt-5.9.7             | 68.5 MB   | #########1 |  92% 
qt-5.9.7             | 68.5 MB   | #########8 |  99% 
qt-5.9.7             | 68.5 MB   | ########## | 100% 

jupyterhub-base-1.1. | 1.8 MB    |            |   0% 
jupyterhub-base-1.1. | 1.8 MB    |            |   1% 
jupyterhub-base-1.1. | 1.8 MB    | #6         |  17% 
jupyterhub-base-1.1. | 1.8 MB    | ####7      |  47% 
jupyterhub-base-1.1. | 1.8 MB    | ########## | 100% 

gst-plugins-base-1.1 | 4.8 MB    |            |   0% 
gst-plugins-base-1.1 | 4.8 MB    | ###3       |  34% 
gst-plugins-base-1.1 | 4.8 MB    | ########## | 100% 

zstd-1.4.4           | 447 KB    |            |   0% 
zstd-1.4.4           | 447 KB    | ########## | 100% 

json5-0.8.5          | 24 KB     |            |   0% 
json5-0.8.5          | 24 KB     | ########## | 100% 

notebook-6.0.3       | 4.0 MB    |            |   0% 
notebook-6.0.3       | 4.0 MB    | ####5      |  46% 
notebook-6.0.3       | 4.0 MB    | ########## | 100% 

pyct-0.4.6           | 23 KB     |            |   0% 
pyct-0.4.6           | 23 KB     | ######9    |  69% 
pyct-0.4.6           | 23 KB     | ########## | 100% 

alembic-1.3.3        | 108 KB    |            |   0% 
alembic-1.3.3        | 108 KB    | ########## | 100% 

bleach-3.1.0         | 110 KB    |            |   0% 
bleach-3.1.0         | 110 KB    | #4         |  15% 
bleach-3.1.0         | 110 KB    | ########## | 100% 

idna-2.10            | 50 KB     |            |   0% 
idna-2.10            | 50 KB     | ########## | 100% 

pygments-2.6.1       | 654 KB    |            |   0% 
pygments-2.6.1       | 654 KB    | ########## | 100% 

importlib-metadata-1 | 52 KB     |            |   0% 
importlib-metadata-1 | 52 KB     | ########## | 100% 

tornado-6.0.4        | 603 KB    |            |   0% 
tornado-6.0.4        | 603 KB    | ########## | 100% 

mkl-2020.1           | 129.0 MB  |            |   0% 
mkl-2020.1           | 129.0 MB  | 2          |   3% 
mkl-2020.1           | 129.0 MB  | 6          |   7% 
mkl-2020.1           | 129.0 MB  | #1         |  11% 
mkl-2020.1           | 129.0 MB  | #4         |  14% 
mkl-2020.1           | 129.0 MB  | #7         |  18% 
mkl-2020.1           | 129.0 MB  | ##         |  20% 
mkl-2020.1           | 129.0 MB  | ##6        |  26% 
mkl-2020.1           | 129.0 MB  | ###1       |  32% 
mkl-2020.1           | 129.0 MB  | ###5       |  36% 
mkl-2020.1           | 129.0 MB  | ###9       |  40% 
mkl-2020.1           | 129.0 MB  | ####3      |  44% 
mkl-2020.1           | 129.0 MB  | ####7      |  47% 
mkl-2020.1           | 129.0 MB  | #####1     |  51% 
mkl-2020.1           | 129.0 MB  | #####4     |  55% 
mkl-2020.1           | 129.0 MB  | #####8     |  59% 
mkl-2020.1           | 129.0 MB  | ######4    |  64% 
mkl-2020.1           | 129.0 MB  | ######9    |  70% 
mkl-2020.1           | 129.0 MB  | #######4   |  74% 
mkl-2020.1           | 129.0 MB  | #######8   |  78% 
mkl-2020.1           | 129.0 MB  | ########1  |  82% 
mkl-2020.1           | 129.0 MB  | ########5  |  85% 
mkl-2020.1           | 129.0 MB  | ########8  |  89% 
mkl-2020.1           | 129.0 MB  | #########2 |  92% 
mkl-2020.1           | 129.0 MB  | #########6 |  96% 
mkl-2020.1           | 129.0 MB  | ########## | 100% 

pyqt-5.9.2           | 4.5 MB    |            |   0% 
pyqt-5.9.2           | 4.5 MB    | ###9       |  40% 
pyqt-5.9.2           | 4.5 MB    | ########## | 100% 

cycler-0.10.0        | 14 KB     |            |   0% 
cycler-0.10.0        | 14 KB     | ########## | 100% 

dbus-1.13.16         | 501 KB    |            |   0% 
dbus-1.13.16         | 501 KB    | ########## | 100% 

pillow-7.1.2         | 605 KB    |            |   0% 
pillow-7.1.2         | 605 KB    | ########## | 100% 

pyjwt-1.7.1          | 17 KB     |            |   0% 
pyjwt-1.7.1          | 17 KB     | ########## | 100% 

sqlalchemy-1.3.18    | 1.5 MB    |            |   0% 
sqlalchemy-1.3.18    | 1.5 MB    | ########## | 100% 

openssl-1.1.1g       | 2.5 MB    |            |   0% 
openssl-1.1.1g       | 2.5 MB    | ########## | 100% 

brotlipy-0.7.0       | 322 KB    |            |   0% 
brotlipy-0.7.0       | 322 KB    | ########## | 100% 

wcwidth-0.1.8        | 19 KB     |            |   0% 
wcwidth-0.1.8        | 19 KB     | ########## | 100% 

python-3.8.3         | 49.1 MB   |            |   0% 
python-3.8.3         | 49.1 MB   | 3          |   4% 
python-3.8.3         | 49.1 MB   | #4         |  15% 
python-3.8.3         | 49.1 MB   | ###        |  31% 
python-3.8.3         | 49.1 MB   | ####7      |  47% 
python-3.8.3         | 49.1 MB   | ######     |  61% 
python-3.8.3         | 49.1 MB   | #######1   |  71% 
python-3.8.3         | 49.1 MB   | ########1  |  82% 
python-3.8.3         | 49.1 MB   | #########2 |  92% 
python-3.8.3         | 49.1 MB   | ########## | 100% 

pyyaml-5.3.1         | 185 KB    |            |   0% 
pyyaml-5.3.1         | 185 KB    | ########## | 100% 

numpy-base-1.18.5    | 4.1 MB    |            |   0% 
numpy-base-1.18.5    | 4.1 MB    | #####2     |  52% 
numpy-base-1.18.5    | 4.1 MB    | ########## | 100% 

async_generator-1.10 | 18 KB     |            |   0% 
async_generator-1.10 | 18 KB     | ########## | 100% 

mpld3-0.3            | 123 KB    |            |   0% 
mpld3-0.3            | 123 KB    | #3         |  13% 
mpld3-0.3            | 123 KB    | ########## | 100% 

pysocks-1.7.1        | 28 KB     |            |   0% 
pysocks-1.7.1        | 28 KB     | ########## | 100% 

pyparsing-2.4.7      | 65 KB     |            |   0% 
pyparsing-2.4.7      | 65 KB     | ########## | 100% 

pyzmq-19.0.1         | 472 KB    |            |   0% 
pyzmq-19.0.1         | 472 KB    | ########## | 100% 

sqlite-3.32.3        | 1.1 MB    |            |   0% 
sqlite-3.32.3        | 1.1 MB    | ########## | 100% 

ruamel.yaml-0.16.10  | 184 KB    |            |   0% 
ruamel.yaml-0.16.10  | 184 KB    | 8          |   9% 
ruamel.yaml-0.16.10  | 184 KB    | ######9    |  69% 
ruamel.yaml-0.16.10  | 184 KB    | ########## | 100% 

gstreamer-1.14.0     | 3.1 MB    |            |   0% 
gstreamer-1.14.0     | 3.1 MB    | #####2     |  53% 
gstreamer-1.14.0     | 3.1 MB    | ########## | 100% 

xz-5.2.5             | 341 KB    |            |   0% 
xz-5.2.5             | 341 KB    | ########## | 100% 

pyviz_comms-0.7.5    | 15 KB     |            |   0% 
pyviz_comms-0.7.5    | 15 KB     | ########## | 100% 

jaraco.itertools-5.0 | 14 KB     |            |   0% 
jaraco.itertools-5.0 | 14 KB     | ########## | 100% 

entrypoints-0.3      | 10 KB     |            |   0% 
entrypoints-0.3      | 10 KB     | ########## | 100% 

libxml2-2.9.10       | 1.2 MB    |            |   0% 
libxml2-2.9.10       | 1.2 MB    | ########## | 100% 

pandas-1.0.5         | 8.1 MB    |            |   0% 
pandas-1.0.5         | 8.1 MB    |            |   0% 
pandas-1.0.5         | 8.1 MB    | #9         |  19% 
pandas-1.0.5         | 8.1 MB    | ####3      |  44% 
pandas-1.0.5         | 8.1 MB    | #######1   |  71% 
pandas-1.0.5         | 8.1 MB    | #########7 |  98% 
pandas-1.0.5         | 8.1 MB    | ########## | 100% 

jedi-0.16.0          | 762 KB    |            |   0% 
jedi-0.16.0          | 762 KB    | 2          |   2% 
jedi-0.16.0          | 762 KB    | ########## | 100% 

pip-20.1.1           | 1.7 MB    |            |   0% 
pip-20.1.1           | 1.7 MB    | ########## | 100% 

libtiff-4.1.0        | 449 KB    |            |   0% 
libtiff-4.1.0        | 449 KB    | ########## | 100% 

pycparser-2.20       | 92 KB     |            |   0% 
pycparser-2.20       | 92 KB     | ########## | 100% 

readline-8.0         | 356 KB    |            |   0% 
readline-8.0         | 356 KB    | ########## | 100% 

python-editor-1.0.4  | 9 KB      |            |   0% 
python-editor-1.0.4  | 9 KB      | ########## | 100% 

prompt_toolkit-3.0.3 | 231 KB    |            |   0% 
prompt_toolkit-3.0.3 | 231 KB    | ########## | 100% 

pytz-2020.1          | 184 KB    |            |   0% 
pytz-2020.1          | 184 KB    | ########## | 100% 

packaging-20.4       | 36 KB     |            |   0% 
packaging-20.4       | 36 KB     | ########## | 100% 

markupsafe-1.1.1     | 33 KB     |            |   0% 
markupsafe-1.1.1     | 33 KB     | ########## | 100% 

libedit-3.1.20191231 | 167 KB    |            |   0% 
libedit-3.1.20191231 | 167 KB    | ########## | 100% 

oauthlib-3.0.1       | 82 KB     |            |   0% 
oauthlib-3.0.1       | 82 KB     | ########## | 100% 

mkl_fft-1.1.0        | 150 KB    |            |   0% 
mkl_fft-1.1.0        | 150 KB    | ########## | 100% 

pexpect-4.8.0        | 81 KB     |            |   0% 
pexpect-4.8.0        | 81 KB     | ########## | 100% 

webencodings-0.5.1   | 12 KB     |            |   0% 
webencodings-0.5.1   | 12 KB     | ########## | 100% 

nose-1.3.7           | 217 KB    |            |   0% 
nose-1.3.7           | 217 KB    | 7          |   7% 
nose-1.3.7           | 217 KB    | ########## | 100% 

libgfortran-ng-7.3.0 | 1006 KB   |            |   0% 
libgfortran-ng-7.3.0 | 1006 KB   | ########## | 100% 

glib-2.65.0          | 2.9 MB    |            |   0% 
glib-2.65.0          | 2.9 MB    | #######4   |  74% 
glib-2.65.0          | 2.9 MB    | ########## | 100% 

matplotlib-3.2.2     | 21 KB     |            |   0% 
matplotlib-3.2.2     | 21 KB     | ########## | 100% 

pyrsistent-0.16.0    | 95 KB     |            |   0% 
pyrsistent-0.16.0    | 95 KB     | ########## | 100% 

icu-58.2             | 10.5 MB   |            |   0% 
icu-58.2             | 10.5 MB   | #6         |  17% 
icu-58.2             | 10.5 MB   | #######2   |  73% 
icu-58.2             | 10.5 MB   | ########## | 100% 

setuptools-47.3.1    | 515 KB    |            |   0% 
setuptools-47.3.1    | 515 KB    | ########## | 100% 

libxcb-1.14          | 505 KB    |            |   0% 
libxcb-1.14          | 505 KB    | ########## | 100% 

ipywidgets-7.5.1     | 101 KB    |            |   0% 
ipywidgets-7.5.1     | 101 KB    | ########## | 100% 

ptyprocess-0.6.0     | 15 KB     |            |   0% 
ptyprocess-0.6.0     | 15 KB     | ########## | 100% 

jupyterlab-1.2.6     | 4.8 MB    |            |   0% 
jupyterlab-1.2.6     | 4.8 MB    | ######7    |  68% 
jupyterlab-1.2.6     | 4.8 MB    | ########## | 100% 

terminado-0.8.3      | 26 KB     |            |   0% 
terminado-0.8.3      | 26 KB     | ########## | 100% 

send2trash-1.5.0     | 12 KB     |            |   0% 
send2trash-1.5.0     | 12 KB     | ########## | 100% 

matplotlib-base-3.2. | 5.4 MB    |            |   0% 
matplotlib-base-3.2. | 5.4 MB    | ####7      |  48% 
matplotlib-base-3.2. | 5.4 MB    | ########## | 100% 

prometheus_client-0. | 38 KB     |            |   0% 
prometheus_client-0. | 38 KB     | ########## | 100% 

more-itertools-8.2.0 | 35 KB     |            |   0% 
more-itertools-8.2.0 | 35 KB     | ########## | 100% 

six-1.15.0           | 13 KB     |            |   0% 
six-1.15.0           | 13 KB     | ########## | 100% 

jinja2-2.11.2        | 103 KB    |            |   0% 
jinja2-2.11.2        | 103 KB    | ########## | 100% 

defusedxml-0.6.0     | 22 KB     |            |   0% 
defusedxml-0.6.0     | 22 KB     | ########## | 100% 

markdown-3.1.1       | 116 KB    |            |   0% 
markdown-3.1.1       | 116 KB    | ########## | 100% 

pamela-1.0.0         | 9 KB      |            |   0% 
pamela-1.0.0         | 9 KB      | ########## | 100% 

ipykernel-5.3.0      | 178 KB    |            |   0% 
ipykernel-5.3.0      | 178 KB    | ########## | 100% 

nbformat-5.0.4       | 98 KB     |            |   0% 
nbformat-5.0.4       | 98 KB     | ########## | 100% 

mako-1.1.0           | 57 KB     |            |   0% 
mako-1.1.0           | 57 KB     | ########## | 100% 

blas-1.0             | 6 KB      |            |   0% 
blas-1.0             | 6 KB      | ########## | 100% 

inflect-4.1.0        | 59 KB     |            |   0% 
inflect-4.1.0        | 59 KB     | ##6        |  27% 
inflect-4.1.0        | 59 KB     | ########## | 100% 

holoviews-1.13.3     | 3.2 MB    |            |   0% 
holoviews-1.13.3     | 3.2 MB    | ######1    |  62% 
holoviews-1.13.3     | 3.2 MB    | ########## | 100% 

requests-2.24.0      | 56 KB     |            |   0% 
requests-2.24.0      | 56 KB     | ########## | 100% 

jupyterhub-singleuse | 4 KB      |            |   0% 
jupyterhub-singleuse | 4 KB      | ########## | 100% 

tqdm-4.47.0          | 62 KB     |            |   0% 
tqdm-4.47.0          | 62 KB     | ########## | 100% 

widgetsnbextension-3 | 866 KB    |            |   0% 
widgetsnbextension-3 | 866 KB    | ########## | 100% 

jupyter_client-6.1.3 | 82 KB     |            |   0% 
jupyter_client-6.1.3 | 82 KB     | ########## | 100% 

kiwisolver-1.2.0     | 84 KB     |            |   0% 
kiwisolver-1.2.0     | 84 KB     | ########## | 100% 

jupyterlab_server-1. | 23 KB     |            |   0% 
jupyterlab_server-1. | 23 KB     | ########## | 100% 

panel-0.9.7          | 757 KB    |            |   0% 
panel-0.9.7          | 757 KB    | 2          |   2% 
panel-0.9.7          | 757 KB    | ########## | 100% 

lz4-c-1.9.2          | 191 KB    |            |   0% 
lz4-c-1.9.2          | 191 KB    | ########## | 100% 

blinker-1.4          | 13 KB     |            |   0% 
blinker-1.4          | 13 KB     | ########## | 100% 

sip-4.19.13          | 277 KB    |            |   0% 
sip-4.19.13          | 277 KB    | ########## | 100% 

intel-openmp-2020.1  | 780 KB    |            |   0% 
intel-openmp-2020.1  | 780 KB    | ########## | 100% 

backcall-0.1.0       | 13 KB     |            |   0% 
backcall-0.1.0       | 13 KB     | ########## | 100% 

mkl_random-1.1.1     | 341 KB    |            |   0% 
mkl_random-1.1.1     | 341 KB    | ########## | 100% 

olefile-0.46         | 33 KB     |            |   0% 
olefile-0.46         | 33 KB     | ########## | 100% 

expat-2.2.9          | 156 KB    |            |   0% 
expat-2.2.9          | 156 KB    | ########## | 100% 

certifi-2020.6.20    | 156 KB    |            |   0% 
certifi-2020.6.20    | 156 KB    | ########## | 100% 

pycurl-7.43.0.3      | 74 KB     |            |   0% 
pycurl-7.43.0.3      | 74 KB     | ##1        |  22% 
pycurl-7.43.0.3      | 74 KB     | ########## | 100% 

seaborn-0.10.1       | 163 KB    |            |   0% 
seaborn-0.10.1       | 163 KB    | ########## | 100% 

nbconvert-5.6.1      | 456 KB    |            |   0% 
nbconvert-5.6.1      | 456 KB    | ########## | 100% 

testpath-0.4.4       | 85 KB     |            |   0% 
testpath-0.4.4       | 85 KB     | ########## | 100% 

libffi-3.3           | 50 KB     |            |   0% 
libffi-3.3           | 50 KB     | ########## | 100% 

mistune-0.8.4        | 55 KB     |            |   0% 
mistune-0.8.4        | 55 KB     | ########## | 100% 

ncurses-6.2          | 817 KB    |            |   0% 
ncurses-6.2          | 817 KB    | ########## | 100% 

chardet-3.0.4        | 174 KB    |            |   0% 
chardet-3.0.4        | 174 KB    | ########## | 100% 

jupyter_telemetry-0. | 11 KB     |            |   0% 
jupyter_telemetry-0. | 11 KB     | ########## | 100% 

certipy-0.1.3        | 17 KB     |            |   0% 
certipy-0.1.3        | 17 KB     | ########## | 100% 

bokeh-2.1.1          | 5.4 MB    |            |   0% 
bokeh-2.1.1          | 5.4 MB    |            |   0% 
bokeh-2.1.1          | 5.4 MB    | 8          |   9% 
bokeh-2.1.1          | 5.4 MB    | ##2        |  22% 
bokeh-2.1.1          | 5.4 MB    | ####8      |  48% 
bokeh-2.1.1          | 5.4 MB    | ########3  |  83% 
bokeh-2.1.1          | 5.4 MB    | ########## | 100% 

yaml-0.2.5           | 75 KB     |            |   0% 
yaml-0.2.5           | 75 KB     | ########## | 100% 

pyopenssl-19.1.0     | 88 KB     |            |   0% 
pyopenssl-19.1.0     | 88 KB     | ########## | 100% 

importlib_metadata-1 | 11 KB     |            |   0% 
importlib_metadata-1 | 11 KB     | ########## | 100% 

python-dateutil-2.8. | 220 KB    |            |   0% 
python-dateutil-2.8. | 220 KB    | ########## | 100% 

jsonschema-3.2.0     | 96 KB     |            |   0% 
jsonschema-3.2.0     | 96 KB     | ########## | 100% 

freetype-2.10.2      | 608 KB    |            |   0% 
freetype-2.10.2      | 608 KB    | ########## | 100% 

attrs-19.3.0         | 35 KB     |            |   0% 
attrs-19.3.0         | 35 KB     | ########## | 100% 

pcre-8.44            | 212 KB    |            |   0% 
pcre-8.44            | 212 KB    | ########## | 100% 

jupyter_core-4.6.3   | 71 KB     |            |   0% 
jupyter_core-4.6.3   | 71 KB     | ########## | 100% 

ipython_genutils-0.2 | 21 KB     |            |   0% 
ipython_genutils-0.2 | 21 KB     | ########## | 100% 

scipy-1.5.0          | 14.5 MB   |            |   0% 
scipy-1.5.0          | 14.5 MB   | #1         |  11% 
scipy-1.5.0          | 14.5 MB   | ####1      |  42% 
scipy-1.5.0          | 14.5 MB   | ########6  |  86% 
scipy-1.5.0          | 14.5 MB   | ########## | 100% 

fontconfig-2.13.0    | 227 KB    |            |   0% 
fontconfig-2.13.0    | 227 KB    | ########## | 100% 

libpng-1.6.37        | 278 KB    |            |   0% 
libpng-1.6.37        | 278 KB    | ########## | 100% 

typing_extensions-3. | 27 KB     |            |   0% 
typing_extensions-3. | 27 KB     | ########## | 100% 

python-json-logger-0 | 8 KB      |            |   0% 
python-json-logger-0 | 8 KB      | ########## | 100% 

mkl-service-2.3.0    | 62 KB     |            |   0% 
mkl-service-2.3.0    | 62 KB     | ########## | 100% 

wheel-0.34.2         | 51 KB     |            |   0% 
wheel-0.34.2         | 51 KB     | ########## | 100% 

param-1.9.3          | 66 KB     |            |   0% 
param-1.9.3          | 66 KB     | ##4        |  24% 
param-1.9.3          | 66 KB     | ########## | 100% 

ruamel.yaml.clib-0.2 | 156 KB    |            |   0% 
ruamel.yaml.clib-0.2 | 156 KB    | #          |  10% 
ruamel.yaml.clib-0.2 | 156 KB    | ########## | 100% 

parso-0.6.0          | 66 KB     |            |   0% 
parso-0.6.0          | 66 KB     | ########## | 100% 

traitlets-4.3.3      | 138 KB    |            |   0% 
traitlets-4.3.3      | 138 KB    | ########## | 100% 

urllib3-1.25.9       | 103 KB    |            |   0% 
urllib3-1.25.9       | 103 KB    | ########## | 100% 

decorator-4.4.1      | 11 KB     |            |   0% 
decorator-4.4.1      | 11 KB     | ########## | 100% 

nteract_on_jupyter-2 | 28.0 MB   |            |   0% 
nteract_on_jupyter-2 | 28.0 MB   | 5          |   5% 
nteract_on_jupyter-2 | 28.0 MB   | #6         |  16% 
nteract_on_jupyter-2 | 28.0 MB   | ###6       |  36% 
nteract_on_jupyter-2 | 28.0 MB   | ######     |  61% 
nteract_on_jupyter-2 | 28.0 MB   | #######6   |  77% 
nteract_on_jupyter-2 | 28.0 MB   | #########9 | 100% 
nteract_on_jupyter-2 | 28.0 MB   | ########## | 100% 

zipp-2.1.0           | 9 KB      |            |   0% 
zipp-2.1.0           | 9 KB      | ########## | 100% 

numpy-1.18.5         | 5 KB      |            |   0% 
numpy-1.18.5         | 5 KB      | ########## | 100% 

libuuid-1.0.3        | 15 KB     |            |   0% 
libuuid-1.0.3        | 15 KB     | ########## | 100% 
Preparing transaction: ...working... done
Verifying transaction: ...working... done
Executing transaction: ...working... b'Uninstalling jupyter-js-widgets jupyter-js-widgets/extension\nRemoving: /srv/conda/envs/notebook/share/jupyter/nbextensions/jupyter-js-widgets\n'
done
[91m

==> WARNING: A newer version of conda exists. <==
  current version: 4.7.12
  latest version: 4.8.3

Please update conda by running

    $ conda update -n base -c defaults conda


Pip subprocess error:
  ERROR: Command errored out with exit status 1:
   command: /srv/conda/envs/notebook/bin/python -u -c 'import sys, setuptools, tokenize; sys.argv[0] = '"'"'/tmp/pip-install-84g972qq/cyordereddict/setup.py'"'"'; __file__='"'"'/tmp/pip-install-84g972qq/cyordereddict/setup.py'"'"';f=getattr(tokenize, '"'"'open'"'"', open)(__file__);code=f.read().replace('"'"'\r\n'"'"', '"'"'\n'"'"');f.close();exec(compile(code, __file__, '"'"'exec'"'"'))' bdist_wheel -d /tmp/pip-wheel-f2wvr1wk
       cwd: /tmp/pip-install-84g972qq/cyordereddict/
  Complete output (120 lines):
  running bdist_wheel
  running build
  running build_py
  creating build
  creating build/lib.linux-x86_64-3.8
  creating build/lib.linux-x86_64-3.8/cyordereddict
  copying python3/cyordereddict/__init__.py -> build/lib.linux-x86_64-3.8/cyordereddict
  copying python3/cyordereddict/_version.py -> build/lib.linux-x86_64-3.8/cyordereddict
  creating build/lib.linux-x86_64-3.8/cyordereddict/benchmark
  copying python3/cyordereddict/benchmark/__init__.py -> build/lib.linux-x86_64-3.8/cyordereddict/benchmark
  copying python3/cyordereddict/benchmark/benchmark.py -> build/lib.linux-x86_64-3.8/cyordereddict/benchmark
  copying python3/cyordereddict/benchmark/magic_timeit.py -> build/lib.linux-x86_64-3.8/cyordereddict/benchmark
  creating build/lib.linux-x86_64-3.8/cyordereddict/test
  copying python3/cyordereddict/test/__init__.py -> build/lib.linux-x86_64-3.8/cyordereddict/test
  copying python3/cyordereddict/test/test_cyordereddict.py -> build/lib.linux-x86_64-3.8/cyordereddict/test
  copying python3/cyordereddict/test/_mapping_tests.py -> build/lib.linux-x86_64-3.8/cyordereddict/test
  copying python3/cyordereddict/test/test_ordereddict.py -> build/lib.linux-x86_64-3.8/cyordereddict/test
  running build_ext
  building 'cyordereddict._cyordereddict' extension
  creating build/temp.linux-x86_64-3.8
  creating build/temp.linux-x86_64-3.8/python3
  creating build/temp.linux-x86_64-3.8/python3/cyordereddict
  gcc -pthread -B /srv/conda/envs/notebook/compiler_compat -Wl,--sysroot=/ -Wsign-compare -DNDEBUG -g -fwrapv -O3 -Wall -Wstrict-prototypes -fPIC -I/srv/conda/envs/notebook/include/python3.8 -c python3/cyordereddict/_cyordereddict.c -o build/temp.linux-x86_64-3.8/python3/cyordereddict/_cyordereddict.o
  python3/cyordereddict/_cyordereddict.c: In function â€˜PyInit__cyordereddictâ€™:
  python3/cyordereddict/_cyordereddict.c:6690:3: warning: â€˜tp_printâ€™ is deprecated [-Wdeprecated-declarations]
     __pyx_type_13cyordereddict_14_cyordereddict__Link.tp_print = 0;
     ^~~~~~~~~~~~~~~~~~~~~~~~~~~~~~~~~~~~~~~~~~~~~~~~~
  In file included from /srv/conda/envs/notebook/include/python3.8/object.h:746:0,
                   from /srv/conda/envs/notebook/include/python3.8/pytime.h:6,
                   from /srv/conda/envs/notebook/include/python3.8/Python.h:85,
                   from python3/cyordereddict/_cyordereddict.c:12:
  /srv/conda/envs/notebook/include/python3.8/cpython/object.h:260:30: note: declared here
       Py_DEPRECATED(3.8) int (*tp_print)(PyObject *, FILE *, int);
                                ^~~~~~~~
  python3/cyordereddict/_cyordereddict.c:6696:3: warning: â€˜tp_printâ€™ is deprecated [-Wdeprecated-declarations]
     __pyx_type_13cyordereddict_14_cyordereddict_OrderedDict.tp_print = 0;
     ^~~~~~~~~~~~~~~~~~~~~~~~~~~~~~~~~~~~~~~~~~~~~~~~~~~~~~~
  In file included from /srv/conda/envs/notebook/include/python3.8/object.h:746:0,
                   from /srv/conda/envs/notebook/include/python3.8/pytime.h:6,
                   from /srv/conda/envs/notebook/include/python3.8/Python.h:85,
                   from python3/cyordereddict/_cyordereddict.c:12:
  /srv/conda/envs/notebook/include/python3.8/cpython/object.h:260:30: note: declared here
       Py_DEPRECATED(3.8) int (*tp_print)(PyObject *, FILE *, int);
                                ^~~~~~~~
  python3/cyordereddict/_cyordereddict.c:6750:3: warning: â€˜tp_printâ€™ is deprecated [-Wdeprecated-declarations]
     __pyx_type_13cyordereddict_14_cyordereddict___pyx_scope_struct____reversed__.tp_print = 0;
     ^~~~~~~~~~~~~~~~~~~~~~~~~~~~~~~~~~~~~~~~~~~~~~~~~~~~~~~~~~~~~~~~~~~~~~~~~~~~
  In file included from /srv/conda/envs/notebook/include/python3.8/object.h:746:0,
                   from /srv/conda/envs/notebook/include/python3.8/pytime.h:6,
                   from /srv/conda/envs/notebook/include/python3.8/Python.h:85,
                   from python3/cyordereddict/_cyordereddict.c:12:
  /srv/conda/envs/notebook/include/python3.8/cpython/object.h:260:30: note: declared here
       Py_DEPRECATED(3.8) int (*tp_print)(PyObject *, FILE *, int);
                                ^~~~~~~~
  python3/cyordereddict/_cyordereddict.c:6753:3: warning: â€˜tp_printâ€™ is deprecated [-Wdeprecated-declarations]
     __pyx_type_13cyordereddict_14_cyordereddict___pyx_scope_struct_1___reversed__.tp_print = 0;
     ^~~~~~~~~~~~~~~~~~~~~~~~~~~~~~~~~~~~~~~~~~~~~~~~~~~~~~~~~~~~~~~~~~~~~~~~~~~~~
  In file included from /srv/conda/envs/notebook/include/python3.8/object.h:746:0,
                   from /srv/conda/envs/notebook/include/python3.8/pytime.h:6,
                   from /srv/conda/envs/notebook/include/python3.8/Python.h:85,
                   from python3/cyordereddict/_cyordereddict.c:12:
  /srv/conda/envs/notebook/include/python3.8/cpython/object.h:260:30: note: declared here
       Py_DEPRECATED(3.8) int (*tp_print)(PyObject *, FILE *, int);
                                ^~~~~~~~
  python3/cyordereddict/_cyordereddict.c:6756:3: warning: â€˜tp_printâ€™ is deprecated [-Wdeprecated-declarations]
     __pyx_type_13cyordereddict_14_cyordereddict___pyx_scope_struct_2___reversed__.tp_print = 0;
     ^~~~~~~~~~~~~~~~~~~~~~~~~~~~~~~~~~~~~~~~~~~~~~~~~~~~~~~~~~~~~~~~~~~~~~~~~~~~~
  In file included from /srv/conda/envs/notebook/include/python3.8/object.h:746:0,
                   from /srv/conda/envs/notebook/include/python3.8/pytime.h:6,
                   from /srv/conda/envs/notebook/include/python3.8/Python.h:85,
                   from python3/cyordereddict/_cyordereddict.c:12:
  /srv/conda/envs/notebook/include/python3.8/cpython/object.h:260:30: note: declared here
       Py_DEPRECATED(3.8) int (*tp_print)(PyObject *, FILE *, int);
                                ^~~~~~~~
  python3/cyordereddict/_cyordereddict.c:6759:3: warning: â€˜tp_printâ€™ is deprecated [-Wdeprecated-declarations]
     __pyx_type_13cyordereddict_14_cyordereddict___pyx_scope_struct_3___iter__.tp_print = 0;
     ^~~~~~~~~~~~~~~~~~~~~~~~~~~~~~~~~~~~~~~~~~~~~~~~~~~~~~~~~~~~~~~~~~~~~~~~~
  In file included from /srv/conda/envs/notebook/include/python3.8/object.h:746:0,
                   from /srv/conda/envs/notebook/include/python3.8/pytime.h:6,
                   from /srv/conda/envs/notebook/include/python3.8/Python.h:85,
                   from python3/cyordereddict/_cyordereddict.c:12:
  /srv/conda/envs/notebook/include/python3.8/cpython/object.h:260:30: note: declared here
       Py_DEPRECATED(3.8) int (*tp_print)(PyObject *, FILE *, int);
                                ^~~~~~~~
  python3/cyordereddict/_cyordereddict.c:6762:3: warning: â€˜tp_printâ€™ is deprecated [-Wdeprecated-declarations]
     __pyx_type_13cyordereddict_14_cyordereddict___pyx_scope_struct_4___reversed__.tp_print = 0;
     ^~~~~~~~~~~~~~~~~~~~~~~~~~~~~~~~~~~~~~~~~~~~~~~~~~~~~~~~~~~~~~~~~~~~~~~~~~~~~
  In file included from /srv/conda/envs/notebook/include/python3.8/object.h:746:0,
                   from /srv/conda/envs/notebook/include/python3.8/pytime.h:6,
                   from /srv/conda/envs/notebook/include/python3.8/Python.h:85,
                   from python3/cyordereddict/_cyordereddict.c:12:
  /srv/conda/envs/notebook/include/python3.8/cpython/object.h:260:30: note: declared here
       Py_DEPRECATED(3.8) int (*tp_print)(PyObject *, FILE *, int);
                                ^~~~~~~~
  python3/cyordereddict/_cyordereddict.c: In function â€˜__Pyx_ExceptionSwapâ€™:
  python3/cyordereddict/_cyordereddict.c:7481:24: error: â€˜PyThreadState {aka struct _ts}â€™ has no member named â€˜exc_typeâ€™; did you mean â€˜curexc_typeâ€™?
       tmp_type = tstate->exc_type;
                          ^~~~~~~~
                          curexc_type
  python3/cyordereddict/_cyordereddict.c:7482:25: error: â€˜PyThreadState {aka struct _ts}â€™ has no member named â€˜exc_valueâ€™; did you mean â€˜curexc_valueâ€™?
       tmp_value = tstate->exc_value;
                           ^~~~~~~~~
                           curexc_value
  python3/cyordereddict/_cyordereddict.c:7483:22: error: â€˜PyThreadState {aka struct _ts}â€™ has no member named â€˜exc_tracebackâ€™; did you mean â€˜curexc_tracebackâ€™?
       tmp_tb = tstate->exc_traceback;
                        ^~~~~~~~~~~~~
                        curexc_traceback
  python3/cyordereddict/_cyordereddict.c:7484:13: error: â€˜PyThreadState {aka struct _ts}â€™ has no member named â€˜exc_typeâ€™; did you mean â€˜curexc_typeâ€™?
       tstate->exc_type = *type;
               ^~~~~~~~
               curexc_type
  python3/cyordereddict/_cyordereddict.c:7485:13: error: â€˜PyThreadState {aka struct _ts}â€™ has no member named â€˜exc_valueâ€™; did you mean â€˜curexc_valueâ€™?
       tstate->exc_value = *value;
               ^~~~~~~~~
               curexc_value
  python3/cyordereddict/_cyordereddict.c:7486:13: error: â€˜PyThreadState {aka struct _ts}â€™ has no member named â€˜exc_tracebackâ€™; did you mean â€˜curexc_tracebackâ€™?
       tstate->exc_traceback = *tb;
               ^~~~~~~~~~~~~
               curexc_traceback
  error: command 'gcc' failed with exit status 1
  ----------------------------------------
  ERROR: Failed building wheel for cyordereddict
    ERROR: Command errored out with exit status 1:
     command: /srv/conda/envs/notebook/bin/python -u -c 'import sys, setuptools, tokenize; sys.argv[0] = '"'"'/tmp/pip-install-84g972qq/cyordereddict/setup.py'"'"'; __file__='"'"'/tmp/pip-install-84g972qq/cyordereddict/setup.py'"'"';f=getattr(tokenize, '"'"'open'"'"', open)(__file__);code=f.read().replace('"'"'\r\n'"'"', '"'"'\n'"'"');f.close();exec(compile(code, __file__, '"'"'exec'"'"'))' install --record /tmp/pip-record-iqvom60h/install-record.txt --single-version-externally-managed --compile --install-headers /srv/conda/envs/notebook/include/python3.8/cyordereddict
         cwd: /tmp/pip-install-84g972qq/cyordereddict/
    Complete output (120 lines):
    running install
    running build
    running build_py
    creating build
    creating build/lib.linux-x86_64-3.8
    creating build/lib.linux-x86_64-3.8/cyordereddict
    copying python3/cyordereddict/__init__.py -> build/lib.linux-x86_64-3.8/cyordereddict
    copying python3/cyordereddict/_version.py -> build/lib.linux-x86_64-3.8/cyordereddict
    creating build/lib.linux-x86_64-3.8/cyordereddict/benchmark
    copying python3/cyordereddict/benchmark/__init__.py -> build/lib.linux-x86_64-3.8/cyordereddict/benchmark
    copying python3/cyordereddict/benchmark/benchmark.py -> build/lib.linux-x86_64-3.8/cyordereddict/benchmark
    copying python3/cyordereddict/benchmark/magic_timeit.py -> build/lib.linux-x86_64-3.8/cyordereddict/benchmark
    creating build/lib.linux-x86_64-3.8/cyordereddict/test
    copying python3/cyordereddict/test/__init__.py -> build/lib.linux-x86_64-3.8/cyordereddict/test
    copying python3/cyordereddict/test/test_cyordereddict.py -> build/lib.linux-x86_64-3.8/cyordereddict/test
    copying python3/cyordereddict/test/_mapping_tests.py -> build/lib.linux-x86_64-3.8/cyordereddict/test
    copying python3/cyordereddict/test/test_ordereddict.py -> build/lib.linux-x86_64-3.8/cyordereddict/test
    running build_ext
    building 'cyordereddict._cyordereddict' extension
    creating build/temp.linux-x86_64-3.8
    creating build/temp.linux-x86_64-3.8/python3
    creating build/temp.linux-x86_64-3.8/python3/cyordereddict
    gcc -pthread -B /srv/conda/envs/notebook/compiler_compat -Wl,--sysroot=/ -Wsign-compare -DNDEBUG -g -fwrapv -O3 -Wall -Wstrict-prototypes -fPIC -I/srv/conda/envs/notebook/include/python3.8 -c python3/cyordereddict/_cyordereddict.c -o build/temp.linux-x86_64-3.8/python3/cyordereddict/_cyordereddict.o
    python3/cyordereddict/_cyordereddict.c: In function â€˜PyInit__cyordereddictâ€™:
    python3/cyordereddict/_cyordereddict.c:6690:3: warning: â€˜tp_printâ€™ is deprecated [-Wdeprecated-declarations]
       __pyx_type_13cyordereddict_14_cyordereddict__Link.tp_print = 0;
       ^~~~~~~~~~~~~~~~~~~~~~~~~~~~~~~~~~~~~~~~~~~~~~~~~
    In file included from /srv/conda/envs/notebook/include/python3.8/object.h:746:0,
                     from /srv/conda/envs/notebook/include/python3.8/pytime.h:6,
                     from /srv/conda/envs/notebook/include/python3.8/Python.h:85,
                     from python3/cyordereddict/_cyordereddict.c:12:
    /srv/conda/envs/notebook/include/python3.8/cpython/object.h:260:30: note: declared here
         Py_DEPRECATED(3.8) int (*tp_print)(PyObject *, FILE *, int);
                                  ^~~~~~~~
    python3/cyordereddict/_cyordereddict.c:6696:3: warning: â€˜tp_printâ€™ is deprecated [-Wdeprecated-declarations]
       __pyx_type_13cyordereddict_14_cyordereddict_OrderedDict.tp_print = 0;
       ^~~~~~~~~~~~~~~~~~~~~~~~~~~~~~~~~~~~~~~~~~~~~~~~~~~~~~~
    In file included from /srv/conda/envs/notebook/include/python3.8/object.h:746:0,
                     from /srv/conda/envs/notebook/include/python3.8/pytime.h:6,
                     from /srv/conda/envs/notebook/include/python3.8/Python.h:85,
                     from python3/cyordereddict/_cyordereddict.c:12:
    /srv/conda/envs/notebook/include/python3.8/cpython/object.h:260:30: note: declared here
         Py_DEPRECATED(3.8) int (*tp_print)(PyObject *, FILE *, int);
                                  ^~~~~~~~
    python3/cyordereddict/_cyordereddict.c:6750:3: warning: â€˜tp_printâ€™ is deprecated [-Wdeprecated-declarations]
       __pyx_type_13cyordereddict_14_cyordereddict___pyx_scope_struct____reversed__.tp_print = 0;
       ^~~~~~~~~~~~~~~~~~~~~~~~~~~~~~~~~~~~~~~~~~~~~~~~~~~~~~~~~~~~~~~~~~~~~~~~~~~~
    In file included from /srv/conda/envs/notebook/include/python3.8/object.h:746:0,
                     from /srv/conda/envs/notebook/include/python3.8/pytime.h:6,
                     from /srv/conda/envs/notebook/include/python3.8/Python.h:85,
                     from python3/cyordereddict/_cyordereddict.c:12:
    /srv/conda/envs/notebook/include/python3.8/cpython/object.h:260:30: note: declared here
         Py_DEPRECATED(3.8) int (*tp_print)(PyObject *, FILE *, int);
                                  ^~~~~~~~
    python3/cyordereddict/_cyordereddict.c:6753:3: warning: â€˜tp_printâ€™ is deprecated [-Wdeprecated-declarations]
       __pyx_type_13cyordereddict_14_cyordereddict___pyx_scope_struct_1___reversed__.tp_print = 0;
       ^~~~~~~~~~~~~~~~~~~~~~~~~~~~~~~~~~~~~~~~~~~~~~~~~~~~~~~~~~~~~~~~~~~~~~~~~~~~~
    In file included from /srv/conda/envs/notebook/include/python3.8/object.h:746:0,
                     from /srv/conda/envs/notebook/include/python3.8/pytime.h:6,
                     from /srv/conda/envs/notebook/include/python3.8/Python.h:85,
                     from python3/cyordereddict/_cyordereddict.c:12:
    /srv/conda/envs/notebook/include/python3.8/cpython/object.h:260:30: note: declared here
         Py_DEPRECATED(3.8) int (*tp_print)(PyObject *, FILE *, int);
                                  ^~~~~~~~
    python3/cyordereddict/_cyordereddict.c:6756:3: warning: â€˜tp_printâ€™ is deprecated [-Wdeprecated-declarations]
       __pyx_type_13cyordereddict_14_cyordereddict___pyx_scope_struct_2___reversed__.tp_print = 0;
       ^~~~~~~~~~~~~~~~~~~~~~~~~~~~~~~~~~~~~~~~~~~~~~~~~~~~~~~~~~~~~~~~~~~~~~~~~~~~~
    In file included from /srv/conda/envs/notebook/include/python3.8/object.h:746:0,
                     from /srv/conda/envs/notebook/include/python3.8/pytime.h:6,
                     from /srv/conda/envs/notebook/include/python3.8/Python.h:85,
                     from python3/cyordereddict/_cyordereddict.c:12:
    /srv/conda/envs/notebook/include/python3.8/cpython/object.h:260:30: note: declared here
         Py_DEPRECATED(3.8) int (*tp_print)(PyObject *, FILE *, int);
                                  ^~~~~~~~
    python3/cyordereddict/_cyordereddict.c:6759:3: warning: â€˜tp_printâ€™ is deprecated [-Wdeprecated-declarations]
       __pyx_type_13cyordereddict_14_cyordereddict___pyx_scope_struct_3___iter__.tp_print = 0;
       ^~~~~~~~~~~~~~~~~~~~~~~~~~~~~~~~~~~~~~~~~~~~~~~~~~~~~~~~~~~~~~~~~~~~~~~~~
    In file included from /srv/conda/envs/notebook/include/python3.8/object.h:746:0,
                     from /srv/conda/envs/notebook/include/python3.8/pytime.h:6,
                     from /srv/conda/envs/notebook/include/python3.8/Python.h:85,
                     from python3/cyordereddict/_cyordereddict.c:12:
    /srv/conda/envs/notebook/include/python3.8/cpython/object.h:260:30: note: declared here
         Py_DEPRECATED(3.8) int (*tp_print)(PyObject *, FILE *, int);
                                  ^~~~~~~~
    python3/cyordereddict/_cyordereddict.c:6762:3: warning: â€˜tp_printâ€™ is deprecated [-Wdeprecated-declarations]
       __pyx_type_13cyordereddict_14_cyordereddict___pyx_scope_struct_4___reversed__.tp_print = 0;
       ^~~~~~~~~~~~~~~~~~~~~~~~~~~~~~~~~~~~~~~~~~~~~~~~~~~~~~~~~~~~~~~~~~~~~~~~~~~~~
    In file included from /srv/conda/envs/notebook/include/python3.8/object.h:746:0,
                     from /srv/conda/envs/notebook/include/python3.8/pytime.h:6,
                     from /srv/conda/envs/notebook/include/python3.8/Python.h:85,
                     from python3/cyordereddict/_cyordereddict.c:12:
    /srv/conda/envs/notebook/include/python3.8/cpython/object.h:260:30: note: declared here
         Py_DEPRECATED(3.8) int (*tp_print)(PyObject *, FILE *, int);
                                  ^~~~~~~~
    python3/cyordereddict/_cyordereddict.c: In function â€˜__Pyx_ExceptionSwapâ€™:
    python3/cyordereddict/_cyordereddict.c:7481:24: error: â€˜PyThreadState {aka struct _ts}â€™ has no member named â€˜exc_typeâ€™; did you mean â€˜curexc_typeâ€™?
         tmp_type = tstate->exc_type;
                            ^~~~~~~~
                            curexc_type
    python3/cyordereddict/_cyordereddict.c:7482:25: error: â€˜PyThreadState {aka struct _ts}â€™ has no member named â€˜exc_valueâ€™; did you mean â€˜curexc_valueâ€™?
         tmp_value = tstate->exc_value;
                             ^~~~~~~~~
                             curexc_value
    python3/cyordereddict/_cyordereddict.c:7483:22: error: â€˜PyThreadState {aka struct _ts}â€™ has no member named â€˜exc_tracebackâ€™; did you mean â€˜curexc_tracebackâ€™?
         tmp_tb = tstate->exc_traceback;
                          ^~~~~~~~~~~~~
                          curexc_traceback
    python3/cyordereddict/_cyordereddict.c:7484:13: error: â€˜PyThreadState {aka struct _ts}â€™ has no member named â€˜exc_typeâ€™; did you mean â€˜curexc_typeâ€™?
         tstate->exc_type = *type;
                 ^~~~~~~~
                 curexc_type
    python3/cyordereddict/_cyordereddict.c:7485:13: error: â€˜PyThreadState {aka struct _ts}â€™ has no member named â€˜exc_valueâ€™; did you mean â€˜curexc_valueâ€™?
         tstate->exc_value = *value;
                 ^~~~~~~~~
                 curexc_value
    python3/cyordereddict/_cyordereddict.c:7486:13: error: â€˜PyThreadState {aka struct _ts}â€™ has no member named â€˜exc_tracebackâ€™; did you mean â€˜curexc_tracebackâ€™?
         tstate->exc_traceback = *tb;
                 ^~~~~~~~~~~~~
                 curexc_traceback
    error: command 'gcc' failed with exit status 1
    ----------------------------------------
ERROR: Command errored out with exit status 1: /srv/conda/envs/notebook/bin/python -u -c 'import sys, setuptools, tokenize; sys.argv[0] = '"'"'/tmp/pip-install-84g972qq/cyordereddict/setup.py'"'"'; __file__='"'"'/tmp/pip-install-84g972qq/cyordereddict/setup.py'"'"';f=getattr(tokenize, '"'"'open'"'"', open)(__file__);code=f.read().replace('"'"'\r\n'"'"', '"'"'\n'"'"');f.close();exec(compile(code, __file__, '"'"'exec'"'"'))' install --record /tmp/pip-record-iqvom60h/install-record.txt --single-version-externally-managed --compile --install-headers /srv/conda/envs/notebook/include/python3.8/cyordereddict Check the logs for full command output.
[0m[91m

CondaEnvException: Pip failed

[0mRan pip subprocess with arguments:
['/srv/conda/envs/notebook/bin/python', '-m', 'pip', 'install', '-U', '-r', '/home/vildeeide/condaenv.uhfj9vsj.requirements.txt']
Pip subprocess output:
Collecting cyordereddict
  Downloading cyordereddict-1.0.0.tar.gz (138 kB)
Building wheels for collected packages: cyordereddict
  Building wheel for cyordereddict (setup.py): started
  Building wheel for cyordereddict (setup.py): finished with status 'error'
  Running setup.py clean for cyordereddict
Failed to build cyordereddict
Installing collected packages: cyordereddict
    Running setup.py install for cyordereddict: started
    Running setup.py install for cyordereddict: finished with status 'error'

Removing intermediate container 143d287f84b7
The command '/bin/sh -c conda env update -p ${NB_PYTHON_PREFIX} -f "environment.yml" && conda clean --all -f -y && conda list -p ${NB_PYTHON_PREFIX}' returned a non-zero code: 1Traceback (most recent call last):
  File "/usr/local/lib/python3.8/dist-packages/repo2docker_checker/checker.py", line 318, in test_one_repo
    image, checkout_path = build_repo(
  File "/usr/local/lib/python3.8/dist-packages/repo2docker_checker/checker.py", line 128, in build_repo
    run(
  File "/usr/lib/python3.8/subprocess.py", line 512, in run
    raise CalledProcessError(retcode, process.args,
subprocess.CalledProcessError: Command '['jupyter-repo2docker', '--no-run', '--no-clean', '--image-name', 'r2d-test-github.com-eddy-ojb-holoviews-contrib:aedbd29', '/tmp/r2d-test-2020-07-06T08.03r23pfisn/github.com/eddy-ojb/holoviews-contrib']' returned non-zero exit status 1.
